[0.061s] Invoking command in '/home/aula-robotica/ros_ws/build/andino_slam': CMAKE_PREFIX_PATH=/opt/ros/humble /usr/bin/cmake /home/aula-robotica/ros_ws/src/andino/andino_slam -DCMAKE_INSTALL_PREFIX=/home/aula-robotica/ros_ws/install/andino_slam
[1.514s] -- The C compiler identification is GNU 11.4.0
[1.900s] -- The CXX compiler identification is GNU 11.4.0
[1.918s] -- Detecting C compiler ABI info
[2.275s] -- Detecting C compiler ABI info - done
[2.275s] -- Check for working C compiler: /usr/bin/cc - skipped
[2.275s] -- Detecting C compile features
[2.275s] -- Detecting C compile features - done
[2.276s] -- Detecting CXX compiler ABI info
[3.130s] -- Detecting CXX compiler ABI info - done
[3.180s] -- Check for working CXX compiler: /usr/bin/c++ - skipped
[3.180s] -- Detecting CXX compile features
[3.180s] -- Detecting CXX compile features - done
[3.442s] -- Found ament_cmake: 1.3.11 (/opt/ros/humble/share/ament_cmake/cmake)
[3.732s] -- Found Python3: /usr/bin/python3 (found version "3.10.12") found components: Interpreter 
[4.062s] -- Configuring done
[4.062s] -- Generating done
[4.076s] -- Build files have been written to: /home/aula-robotica/ros_ws/build/andino_slam
[4.090s] Invoked command in '/home/aula-robotica/ros_ws/build/andino_slam' returned '0': CMAKE_PREFIX_PATH=/opt/ros/humble /usr/bin/cmake /home/aula-robotica/ros_ws/src/andino/andino_slam -DCMAKE_INSTALL_PREFIX=/home/aula-robotica/ros_ws/install/andino_slam
[4.090s] Invoking command in '/home/aula-robotica/ros_ws/build/andino_slam': CMAKE_PREFIX_PATH=/opt/ros/humble /usr/bin/cmake --build /home/aula-robotica/ros_ws/build/andino_slam -- -j4 -l4
[4.182s] Invoked command in '/home/aula-robotica/ros_ws/build/andino_slam' returned '0': CMAKE_PREFIX_PATH=/opt/ros/humble /usr/bin/cmake --build /home/aula-robotica/ros_ws/build/andino_slam -- -j4 -l4
[4.185s] Invoking command in '/home/aula-robotica/ros_ws/build/andino_slam': CMAKE_PREFIX_PATH=/opt/ros/humble /usr/bin/cmake --install /home/aula-robotica/ros_ws/build/andino_slam
[4.205s] -- Install configuration: ""
[4.206s] -- Installing: /home/aula-robotica/ros_ws/install/andino_slam/share/andino_slam//config
[4.206s] -- Installing: /home/aula-robotica/ros_ws/install/andino_slam/share/andino_slam//config/slam_toolbox_online_async.yaml
[4.207s] -- Installing: /home/aula-robotica/ros_ws/install/andino_slam/share/andino_slam//launch
[4.207s] -- Installing: /home/aula-robotica/ros_ws/install/andino_slam/share/andino_slam//launch/rviz.launch.py
[4.208s] -- Installing: /home/aula-robotica/ros_ws/install/andino_slam/share/andino_slam//launch/slam_toolbox_online_async.launch.py
[4.209s] -- Installing: /home/aula-robotica/ros_ws/install/andino_slam/share/andino_slam//rviz
[4.209s] -- Installing: /home/aula-robotica/ros_ws/install/andino_slam/share/andino_slam//rviz/andino_slam.rviz
[4.210s] -- Installing: /home/aula-robotica/ros_ws/install/andino_slam/share/ament_index/resource_index/package_run_dependencies/andino_slam
[4.210s] -- Installing: /home/aula-robotica/ros_ws/install/andino_slam/share/ament_index/resource_index/parent_prefix_path/andino_slam
[4.210s] -- Installing: /home/aula-robotica/ros_ws/install/andino_slam/share/andino_slam/environment/ament_prefix_path.sh
[4.211s] -- Installing: /home/aula-robotica/ros_ws/install/andino_slam/share/andino_slam/environment/ament_prefix_path.dsv
[4.211s] -- Installing: /home/aula-robotica/ros_ws/install/andino_slam/share/andino_slam/environment/path.sh
[4.211s] -- Installing: /home/aula-robotica/ros_ws/install/andino_slam/share/andino_slam/environment/path.dsv
[4.214s] -- Installing: /home/aula-robotica/ros_ws/install/andino_slam/share/andino_slam/local_setup.bash
[4.214s] -- Installing: /home/aula-robotica/ros_ws/install/andino_slam/share/andino_slam/local_setup.sh
[4.214s] -- Installing: /home/aula-robotica/ros_ws/install/andino_slam/share/andino_slam/local_setup.zsh
[4.214s] -- Installing: /home/aula-robotica/ros_ws/install/andino_slam/share/andino_slam/local_setup.dsv
[4.215s] -- Installing: /home/aula-robotica/ros_ws/install/andino_slam/share/andino_slam/package.dsv
[4.215s] -- Installing: /home/aula-robotica/ros_ws/install/andino_slam/share/ament_index/resource_index/packages/andino_slam
[4.215s] -- Installing: /home/aula-robotica/ros_ws/install/andino_slam/share/andino_slam/cmake/andino_slamConfig.cmake
[4.215s] -- Installing: /home/aula-robotica/ros_ws/install/andino_slam/share/andino_slam/cmake/andino_slamConfig-version.cmake
[4.215s] -- Installing: /home/aula-robotica/ros_ws/install/andino_slam/share/andino_slam/package.xml
[4.218s] Invoked command in '/home/aula-robotica/ros_ws/build/andino_slam' returned '0': CMAKE_PREFIX_PATH=/opt/ros/humble /usr/bin/cmake --install /home/aula-robotica/ros_ws/build/andino_slam
