[0.049s] Invoking command in '/home/aula-robotica/ros_ws/build/andino_hardware': CMAKE_PREFIX_PATH=${CMAKE_PREFIX_PATH}:/opt/ros/humble /usr/bin/cmake --build /home/aula-robotica/ros_ws/build/andino_hardware -- -j4 -l4
[0.251s] Invoked command in '/home/aula-robotica/ros_ws/build/andino_hardware' returned '0': CMAKE_PREFIX_PATH=${CMAKE_PREFIX_PATH}:/opt/ros/humble /usr/bin/cmake --build /home/aula-robotica/ros_ws/build/andino_hardware -- -j4 -l4
[0.262s] Invoking command in '/home/aula-robotica/ros_ws/build/andino_hardware': CMAKE_PREFIX_PATH=${CMAKE_PREFIX_PATH}:/opt/ros/humble /usr/bin/cmake --install /home/aula-robotica/ros_ws/build/andino_hardware
[0.273s] -- Install configuration: ""
[0.277s] -- Up-to-date: /home/aula-robotica/ros_ws/install/andino_hardware/share/andino_hardware//printing_model
[0.277s] -- Up-to-date: /home/aula-robotica/ros_ws/install/andino_hardware/share/andino_hardware//printing_model/raspi_cam_mount
[0.277s] -- Up-to-date: /home/aula-robotica/ros_ws/install/andino_hardware/share/andino_hardware//printing_model/raspi_cam_mount/raspi_camera_mount_front.stl
[0.277s] -- Up-to-date: /home/aula-robotica/ros_ws/install/andino_hardware/share/andino_hardware//printing_model/raspi_cam_mount/raspi_camera_mount_hinge.stl
[0.277s] -- Up-to-date: /home/aula-robotica/ros_ws/install/andino_hardware/share/andino_hardware//printing_model/raspi_cam_mount/raspi_camera_mount_back.stl
[0.277s] -- Up-to-date: /home/aula-robotica/ros_ws/install/andino_hardware/share/andino_hardware//printing_model/chassis
[0.278s] -- Up-to-date: /home/aula-robotica/ros_ws/install/andino_hardware/share/andino_hardware//printing_model/chassis/RobotChassis.PDF
[0.278s] -- Up-to-date: /home/aula-robotica/ros_ws/install/andino_hardware/share/andino_hardware//printing_model/chassis/RobotChassis.STL
[0.278s] -- Up-to-date: /home/aula-robotica/ros_ws/install/andino_hardware/share/ament_index/resource_index/package_run_dependencies/andino_hardware
[0.279s] -- Up-to-date: /home/aula-robotica/ros_ws/install/andino_hardware/share/ament_index/resource_index/parent_prefix_path/andino_hardware
[0.279s] -- Up-to-date: /home/aula-robotica/ros_ws/install/andino_hardware/share/andino_hardware/environment/ament_prefix_path.sh
[0.279s] -- Up-to-date: /home/aula-robotica/ros_ws/install/andino_hardware/share/andino_hardware/environment/ament_prefix_path.dsv
[0.279s] -- Up-to-date: /home/aula-robotica/ros_ws/install/andino_hardware/share/andino_hardware/environment/path.sh
[0.285s] -- Up-to-date: /home/aula-robotica/ros_ws/install/andino_hardware/share/andino_hardware/environment/path.dsv
[0.285s] -- Up-to-date: /home/aula-robotica/ros_ws/install/andino_hardware/share/andino_hardware/local_setup.bash
[0.286s] -- Up-to-date: /home/aula-robotica/ros_ws/install/andino_hardware/share/andino_hardware/local_setup.sh
[0.286s] -- Up-to-date: /home/aula-robotica/ros_ws/install/andino_hardware/share/andino_hardware/local_setup.zsh
[0.287s] -- Up-to-date: /home/aula-robotica/ros_ws/install/andino_hardware/share/andino_hardware/local_setup.dsv
[0.287s] -- Up-to-date: /home/aula-robotica/ros_ws/install/andino_hardware/share/andino_hardware/package.dsv
[0.287s] -- Up-to-date: /home/aula-robotica/ros_ws/install/andino_hardware/share/ament_index/resource_index/packages/andino_hardware
[0.287s] -- Up-to-date: /home/aula-robotica/ros_ws/install/andino_hardware/share/andino_hardware/cmake/andino_hardwareConfig.cmake
[0.287s] -- Up-to-date: /home/aula-robotica/ros_ws/install/andino_hardware/share/andino_hardware/cmake/andino_hardwareConfig-version.cmake
[0.287s] -- Up-to-date: /home/aula-robotica/ros_ws/install/andino_hardware/share/andino_hardware/package.xml
[0.365s] Invoked command in '/home/aula-robotica/ros_ws/build/andino_hardware' returned '0': CMAKE_PREFIX_PATH=${CMAKE_PREFIX_PATH}:/opt/ros/humble /usr/bin/cmake --install /home/aula-robotica/ros_ws/build/andino_hardware
