[0.133s] Invoking command in '/home/aula-robotica/ros_ws/build/andino_apps': AMENT_PREFIX_PATH=/home/aula-robotica/ros_ws/install/andino_gz_classic:/home/aula-robotica/ros_ws/install/andino_control:/home/aula-robotica/ros_ws/install/andino_description:/home/aula-robotica/ros_ws/install/andino_base:${AMENT_PREFIX_PATH} CMAKE_PREFIX_PATH=/home/aula-robotica/ros_ws/install/andino_gz_classic:/home/aula-robotica/ros_ws/install/andino_control:/home/aula-robotica/ros_ws/install/andino_description:/home/aula-robotica/ros_ws/install/andino_base:/opt/ros/humble GAZEBO_RESOURCE_PATH=/home/aula-robotica/ros_ws/install/andino_gz_classic/share/andino_gz_classic/worlds:${GAZEBO_RESOURCE_PATH} LD_LIBRARY_PATH=/home/aula-robotica/ros_ws/install/andino_base/lib:/usr/lib/x86_64-linux-gnu/gazebo-11/plugins:/opt/ros/humble/opt/rviz_ogre_vendor/lib:/opt/ros/humble/lib/x86_64-linux-gnu:/opt/ros/humble/lib:/usr/share/gazebo/../../lib/x86_64-linux-gnu/gazebo-11/plugins PATH=/home/aula-robotica/ros_ws/install/andino_base/bin:${PATH} /usr/bin/cmake /home/aula-robotica/ros_ws/src/andino/andino_apps -DCMAKE_INSTALL_PREFIX=/home/aula-robotica/ros_ws/install/andino_apps
[0.411s] -- The C compiler identification is GNU 11.4.0
[0.547s] -- The CXX compiler identification is GNU 11.4.0
[0.750s] -- Detecting C compiler ABI info
[1.166s] -- Detecting C compiler ABI info - done
[1.172s] -- Check for working C compiler: /usr/bin/cc - skipped
[1.174s] -- Detecting C compile features
[1.176s] -- Detecting C compile features - done
[1.183s] -- Detecting CXX compiler ABI info
[1.630s] -- Detecting CXX compiler ABI info - done
[1.643s] -- Check for working CXX compiler: /usr/bin/c++ - skipped
[1.643s] -- Detecting CXX compile features
[1.643s] -- Detecting CXX compile features - done
[1.933s] -- Found ament_cmake: 1.3.11 (/opt/ros/humble/share/ament_cmake/cmake)
[2.388s] -- Found Python3: /usr/bin/python3 (found version "3.10.12") found components: Interpreter 
[2.943s] -- Configuring done
[2.954s] -- Generating done
[2.961s] -- Build files have been written to: /home/aula-robotica/ros_ws/build/andino_apps
[3.016s] Invoked command in '/home/aula-robotica/ros_ws/build/andino_apps' returned '0': AMENT_PREFIX_PATH=/home/aula-robotica/ros_ws/install/andino_gz_classic:/home/aula-robotica/ros_ws/install/andino_control:/home/aula-robotica/ros_ws/install/andino_description:/home/aula-robotica/ros_ws/install/andino_base:${AMENT_PREFIX_PATH} CMAKE_PREFIX_PATH=/home/aula-robotica/ros_ws/install/andino_gz_classic:/home/aula-robotica/ros_ws/install/andino_control:/home/aula-robotica/ros_ws/install/andino_description:/home/aula-robotica/ros_ws/install/andino_base:/opt/ros/humble GAZEBO_RESOURCE_PATH=/home/aula-robotica/ros_ws/install/andino_gz_classic/share/andino_gz_classic/worlds:${GAZEBO_RESOURCE_PATH} LD_LIBRARY_PATH=/home/aula-robotica/ros_ws/install/andino_base/lib:/usr/lib/x86_64-linux-gnu/gazebo-11/plugins:/opt/ros/humble/opt/rviz_ogre_vendor/lib:/opt/ros/humble/lib/x86_64-linux-gnu:/opt/ros/humble/lib:/usr/share/gazebo/../../lib/x86_64-linux-gnu/gazebo-11/plugins PATH=/home/aula-robotica/ros_ws/install/andino_base/bin:${PATH} /usr/bin/cmake /home/aula-robotica/ros_ws/src/andino/andino_apps -DCMAKE_INSTALL_PREFIX=/home/aula-robotica/ros_ws/install/andino_apps
[3.017s] Invoking command in '/home/aula-robotica/ros_ws/build/andino_apps': AMENT_PREFIX_PATH=/home/aula-robotica/ros_ws/install/andino_gz_classic:/home/aula-robotica/ros_ws/install/andino_control:/home/aula-robotica/ros_ws/install/andino_description:/home/aula-robotica/ros_ws/install/andino_base:${AMENT_PREFIX_PATH} CMAKE_PREFIX_PATH=/home/aula-robotica/ros_ws/install/andino_gz_classic:/home/aula-robotica/ros_ws/install/andino_control:/home/aula-robotica/ros_ws/install/andino_description:/home/aula-robotica/ros_ws/install/andino_base:/opt/ros/humble GAZEBO_RESOURCE_PATH=/home/aula-robotica/ros_ws/install/andino_gz_classic/share/andino_gz_classic/worlds:${GAZEBO_RESOURCE_PATH} LD_LIBRARY_PATH=/home/aula-robotica/ros_ws/install/andino_base/lib:/usr/lib/x86_64-linux-gnu/gazebo-11/plugins:/opt/ros/humble/opt/rviz_ogre_vendor/lib:/opt/ros/humble/lib/x86_64-linux-gnu:/opt/ros/humble/lib:/usr/share/gazebo/../../lib/x86_64-linux-gnu/gazebo-11/plugins PATH=/home/aula-robotica/ros_ws/install/andino_base/bin:${PATH} /usr/bin/cmake --build /home/aula-robotica/ros_ws/build/andino_apps -- -j4 -l4
[3.056s] Invoked command in '/home/aula-robotica/ros_ws/build/andino_apps' returned '0': AMENT_PREFIX_PATH=/home/aula-robotica/ros_ws/install/andino_gz_classic:/home/aula-robotica/ros_ws/install/andino_control:/home/aula-robotica/ros_ws/install/andino_description:/home/aula-robotica/ros_ws/install/andino_base:${AMENT_PREFIX_PATH} CMAKE_PREFIX_PATH=/home/aula-robotica/ros_ws/install/andino_gz_classic:/home/aula-robotica/ros_ws/install/andino_control:/home/aula-robotica/ros_ws/install/andino_description:/home/aula-robotica/ros_ws/install/andino_base:/opt/ros/humble GAZEBO_RESOURCE_PATH=/home/aula-robotica/ros_ws/install/andino_gz_classic/share/andino_gz_classic/worlds:${GAZEBO_RESOURCE_PATH} LD_LIBRARY_PATH=/home/aula-robotica/ros_ws/install/andino_base/lib:/usr/lib/x86_64-linux-gnu/gazebo-11/plugins:/opt/ros/humble/opt/rviz_ogre_vendor/lib:/opt/ros/humble/lib/x86_64-linux-gnu:/opt/ros/humble/lib:/usr/share/gazebo/../../lib/x86_64-linux-gnu/gazebo-11/plugins PATH=/home/aula-robotica/ros_ws/install/andino_base/bin:${PATH} /usr/bin/cmake --build /home/aula-robotica/ros_ws/build/andino_apps -- -j4 -l4
[3.057s] Invoking command in '/home/aula-robotica/ros_ws/build/andino_apps': AMENT_PREFIX_PATH=/home/aula-robotica/ros_ws/install/andino_gz_classic:/home/aula-robotica/ros_ws/install/andino_control:/home/aula-robotica/ros_ws/install/andino_description:/home/aula-robotica/ros_ws/install/andino_base:${AMENT_PREFIX_PATH} CMAKE_PREFIX_PATH=/home/aula-robotica/ros_ws/install/andino_gz_classic:/home/aula-robotica/ros_ws/install/andino_control:/home/aula-robotica/ros_ws/install/andino_description:/home/aula-robotica/ros_ws/install/andino_base:/opt/ros/humble GAZEBO_RESOURCE_PATH=/home/aula-robotica/ros_ws/install/andino_gz_classic/share/andino_gz_classic/worlds:${GAZEBO_RESOURCE_PATH} LD_LIBRARY_PATH=/home/aula-robotica/ros_ws/install/andino_base/lib:/usr/lib/x86_64-linux-gnu/gazebo-11/plugins:/opt/ros/humble/opt/rviz_ogre_vendor/lib:/opt/ros/humble/lib/x86_64-linux-gnu:/opt/ros/humble/lib:/usr/share/gazebo/../../lib/x86_64-linux-gnu/gazebo-11/plugins PATH=/home/aula-robotica/ros_ws/install/andino_base/bin:${PATH} /usr/bin/cmake --install /home/aula-robotica/ros_ws/build/andino_apps
[3.068s] -- Install configuration: ""
[3.068s] -- Installing: /home/aula-robotica/ros_ws/install/andino_apps/share/andino_apps//launch
[3.073s] -- Installing: /home/aula-robotica/ros_ws/install/andino_apps/share/andino_apps//launch/andino_simulation_navigation.launch.py
[3.109s] -- Installing: /home/aula-robotica/ros_ws/install/andino_apps/share/ament_index/resource_index/package_run_dependencies/andino_apps
[3.142s] -- Installing: /home/aula-robotica/ros_ws/install/andino_apps/share/ament_index/resource_index/parent_prefix_path/andino_apps
[3.143s] -- Installing: /home/aula-robotica/ros_ws/install/andino_apps/share/andino_apps/environment/ament_prefix_path.sh
[3.143s] -- Installing: /home/aula-robotica/ros_ws/install/andino_apps/share/andino_apps/environment/ament_prefix_path.dsv
[3.143s] -- Installing: /home/aula-robotica/ros_ws/install/andino_apps/share/andino_apps/environment/path.sh
[3.143s] -- Installing: /home/aula-robotica/ros_ws/install/andino_apps/share/andino_apps/environment/path.dsv
[3.143s] -- Installing: /home/aula-robotica/ros_ws/install/andino_apps/share/andino_apps/local_setup.bash
[3.144s] -- Installing: /home/aula-robotica/ros_ws/install/andino_apps/share/andino_apps/local_setup.sh
[3.144s] -- Installing: /home/aula-robotica/ros_ws/install/andino_apps/share/andino_apps/local_setup.zsh
[3.144s] -- Installing: /home/aula-robotica/ros_ws/install/andino_apps/share/andino_apps/local_setup.dsv
[3.144s] -- Installing: /home/aula-robotica/ros_ws/install/andino_apps/share/andino_apps/package.dsv
[3.145s] -- Installing: /home/aula-robotica/ros_ws/install/andino_apps/share/ament_index/resource_index/packages/andino_apps
[3.145s] -- Installing: /home/aula-robotica/ros_ws/install/andino_apps/share/andino_apps/cmake/andino_appsConfig.cmake
[3.145s] -- Installing: /home/aula-robotica/ros_ws/install/andino_apps/share/andino_apps/cmake/andino_appsConfig-version.cmake
[3.151s] -- Installing: /home/aula-robotica/ros_ws/install/andino_apps/share/andino_apps/package.xml
[3.158s] Invoked command in '/home/aula-robotica/ros_ws/build/andino_apps' returned '0': AMENT_PREFIX_PATH=/home/aula-robotica/ros_ws/install/andino_gz_classic:/home/aula-robotica/ros_ws/install/andino_control:/home/aula-robotica/ros_ws/install/andino_description:/home/aula-robotica/ros_ws/install/andino_base:${AMENT_PREFIX_PATH} CMAKE_PREFIX_PATH=/home/aula-robotica/ros_ws/install/andino_gz_classic:/home/aula-robotica/ros_ws/install/andino_control:/home/aula-robotica/ros_ws/install/andino_description:/home/aula-robotica/ros_ws/install/andino_base:/opt/ros/humble GAZEBO_RESOURCE_PATH=/home/aula-robotica/ros_ws/install/andino_gz_classic/share/andino_gz_classic/worlds:${GAZEBO_RESOURCE_PATH} LD_LIBRARY_PATH=/home/aula-robotica/ros_ws/install/andino_base/lib:/usr/lib/x86_64-linux-gnu/gazebo-11/plugins:/opt/ros/humble/opt/rviz_ogre_vendor/lib:/opt/ros/humble/lib/x86_64-linux-gnu:/opt/ros/humble/lib:/usr/share/gazebo/../../lib/x86_64-linux-gnu/gazebo-11/plugins PATH=/home/aula-robotica/ros_ws/install/andino_base/bin:${PATH} /usr/bin/cmake --install /home/aula-robotica/ros_ws/build/andino_apps
