-- The C compiler identification is GNU 11.4.0
-- The CXX compiler identification is GNU 11.4.0
-- Detecting C compiler ABI info
-- Detecting C compiler ABI info - done
-- Check for working C compiler: /usr/bin/cc - skipped
-- Detecting C compile features
-- Detecting C compile features - done
-- Detecting CXX compiler ABI info
-- Detecting CXX compiler ABI info - done
-- Check for working CXX compiler: /usr/bin/c++ - skipped
-- Detecting CXX compile features
-- Detecting CXX compile features - done
-- Found ament_cmake: 1.3.11 (/opt/ros/humble/share/ament_cmake/cmake)
-- Found Python3: /usr/bin/python3 (found version "3.10.12") found components: Interpreter 
-- Found rclcpp: 16.0.12 (/opt/ros/humble/share/rclcpp/cmake)
-- Found rosidl_generator_c: 3.1.6 (/opt/ros/humble/share/rosidl_generator_c/cmake)
-- Found rosidl_adapter: 3.1.6 (/opt/ros/humble/share/rosidl_adapter/cmake)
-- Found rosidl_generator_cpp: 3.1.6 (/opt/ros/humble/share/rosidl_generator_cpp/cmake)
-- Using all available rosidl_typesupport_c: rosidl_typesupport_fastrtps_c;rosidl_typesupport_introspection_c
-- Using all available rosidl_typesupport_cpp: rosidl_typesupport_fastrtps_cpp;rosidl_typesupport_introspection_cpp
-- Found rmw_implementation_cmake: 6.1.2 (/opt/ros/humble/share/rmw_implementation_cmake/cmake)
-- Found rmw_fastrtps_cpp: 6.2.7 (/opt/ros/humble/share/rmw_fastrtps_cpp/cmake)
-- Found OpenSSL: /usr/lib/x86_64-linux-gnu/libcrypto.so (found version "3.0.2")  
-- Found FastRTPS: /opt/ros/humble/include  
-- Using RMW implementation 'rmw_fastrtps_cpp' as default
-- Looking for pthread.h
-- Looking for pthread.h - found
-- Performing Test CMAKE_HAVE_LIBC_PTHREAD
-- Performing Test CMAKE_HAVE_LIBC_PTHREAD - Success
-- Found Threads: TRUE  
-- Found keyboard_msgs: 1.0.0 (/home/aula-robotica/ros_ws/install/keyboard_msgs/share/keyboard_msgs/cmake)
-- Found geometry_msgs: 4.8.0 (/opt/ros/humble/share/geometry_msgs/cmake)
-- Found nav_msgs: 4.8.0 (/opt/ros/humble/share/nav_msgs/cmake)
-- Found sensor_msgs: 4.8.0 (/opt/ros/humble/share/sensor_msgs/cmake)
-- Found turtlesim: 1.4.2 (/opt/ros/humble/share/turtlesim/cmake)
-- Found tf2: 0.25.12 (/opt/ros/humble/share/tf2/cmake)
-- Found rosidl_default_generators: 1.2.0 (/opt/ros/humble/share/rosidl_default_generators/cmake)
-- Found ament_cmake_ros: 0.10.0 (/opt/ros/humble/share/ament_cmake_ros/cmake)
-- Using all available rosidl_typesupport_c: rosidl_typesupport_fastrtps_c;rosidl_typesupport_introspection_c
-- Using all available rosidl_typesupport_cpp: rosidl_typesupport_fastrtps_cpp;rosidl_typesupport_introspection_cpp
-- Found PythonInterp: /usr/bin/python3 (found suitable version "3.10.12", minimum required is "3.6") 
-- Found python_cmake_module: 0.10.0 (/opt/ros/humble/share/python_cmake_module/cmake)
-- Found PythonLibs: /usr/lib/x86_64-linux-gnu/libpython3.10.so (found suitable version "3.10.12", minimum required is "3.5") 
-- Using PYTHON_EXECUTABLE: /usr/bin/python3
-- Using PYTHON_INCLUDE_DIRS: /usr/include/python3.10
-- Using PYTHON_LIBRARIES: /usr/lib/x86_64-linux-gnu/libpython3.10.so
-- Found PythonExtra: .so  
-- Found ament_lint_auto: 0.12.12 (/opt/ros/humble/share/ament_lint_auto/cmake)
-- Found gtest sources under '/opt/ros/humble/src/gtest_vendor': C++ tests using 'Google Test' will be built
-- Configuring done
-- Generating done
-- Build files have been written to: /home/aula-robotica/ros_ws/build/turtle_controller
[  1%] [34m[1mGenerating C++ code for ROS interfaces[0m
[  1%] Built target turtle_controller__cpp
[  3%] [32mBuilding CXX object gtest/CMakeFiles/gtest_main.dir/src/gtest_main.cc.o[0m
[  4%] [32m[1mLinking CXX static library libgtest_main.a[0m
[  4%] Built target gtest_main
[  6%] [32mBuilding CXX object gtest/CMakeFiles/gtest.dir/src/gtest-all.cc.o[0m
[  8%] [32m[1mLinking CXX static library libgtest.a[0m
[  8%] Built target gtest
[  9%] [34m[1mGenerating C++ type support dispatch for ROS interfaces[0m
[ 11%] [32mBuilding CXX object CMakeFiles/turtle_controller__rosidl_typesupport_cpp.dir/rosidl_typesupport_cpp/turtle_controller/msg/robot_status__type_support.cpp.o[0m
[ 12%] [32mBuilding CXX object CMakeFiles/turtle_controller__rosidl_typesupport_cpp.dir/rosidl_typesupport_cpp/turtle_controller/msg/robot_cmd__type_support.cpp.o[0m
[ 14%] [32mBuilding CXX object CMakeFiles/turtle_controller__rosidl_typesupport_cpp.dir/rosidl_typesupport_cpp/turtle_controller/msg/directional_distance__type_support.cpp.o[0m
[ 16%] [32m[1mLinking CXX shared library libturtle_controller__rosidl_typesupport_cpp.so[0m
[ 16%] Built target turtle_controller__rosidl_typesupport_cpp
[ 17%] [34m[1mGenerating C++ type support for eProsima Fast-RTPS[0m
[ 19%] [32mBuilding CXX object CMakeFiles/turtle_controller__rosidl_typesupport_fastrtps_cpp.dir/rosidl_typesupport_fastrtps_cpp/turtle_controller/msg/detail/dds_fastrtps/robot_status__type_support.cpp.o[0m
[ 20%] [32mBuilding CXX object CMakeFiles/turtle_controller__rosidl_typesupport_fastrtps_cpp.dir/rosidl_typesupport_fastrtps_cpp/turtle_controller/msg/detail/dds_fastrtps/robot_cmd__type_support.cpp.o[0m
[ 22%] [32mBuilding CXX object CMakeFiles/turtle_controller__rosidl_typesupport_fastrtps_cpp.dir/rosidl_typesupport_fastrtps_cpp/turtle_controller/msg/detail/dds_fastrtps/directional_distance__type_support.cpp.o[0m
[ 24%] [32m[1mLinking CXX shared library libturtle_controller__rosidl_typesupport_fastrtps_cpp.so[0m
[ 24%] Built target turtle_controller__rosidl_typesupport_fastrtps_cpp
[ 25%] [34m[1mGenerating C++ introspection for ROS interfaces[0m
[ 27%] [32mBuilding CXX object CMakeFiles/turtle_controller__rosidl_typesupport_introspection_cpp.dir/rosidl_typesupport_introspection_cpp/turtle_controller/msg/detail/robot_status__type_support.cpp.o[0m
[ 29%] [32mBuilding CXX object CMakeFiles/turtle_controller__rosidl_typesupport_introspection_cpp.dir/rosidl_typesupport_introspection_cpp/turtle_controller/msg/detail/robot_cmd__type_support.cpp.o[0m
[ 30%] [32mBuilding CXX object CMakeFiles/turtle_controller__rosidl_typesupport_introspection_cpp.dir/rosidl_typesupport_introspection_cpp/turtle_controller/msg/detail/directional_distance__type_support.cpp.o[0m
[ 32%] [32m[1mLinking CXX shared library libturtle_controller__rosidl_typesupport_introspection_cpp.so[0m
[ 32%] Built target turtle_controller__rosidl_typesupport_introspection_cpp
[ 33%] [32mBuilding CXX object CMakeFiles/controller_server_lib.dir/src/controller_server.cpp.o[0m
[ 35%] [32m[1mLinking CXX shared library libcontroller_server_lib.so[0m
[ 35%] Built target controller_server_lib
[ 37%] [32mBuilding CXX object CMakeFiles/keyboard_parser_lib.dir/src/keyboard_parser.cpp.o[0m
[ 38%] [32m[1mLinking CXX shared library libkeyboard_parser_lib.so[0m
[ 38%] Built target keyboard_parser_lib
[ 40%] [32mBuilding CXX object CMakeFiles/controller_server.dir/src/server_node.cpp.o[0m
[ 41%] [32m[1mLinking CXX executable controller_server[0m
[ 41%] Built target controller_server
[ 43%] [32mBuilding CXX object CMakeFiles/turtle_controller_test.dir/test/main.cpp.o[0m
[ 45%] [32mBuilding CXX object CMakeFiles/turtle_controller_test.dir/test/test_controller.cpp.o[0m
[ 46%] [32m[1mLinking CXX executable turtle_controller_test[0m
[ 46%] Built target turtle_controller_test
[ 48%] [32mBuilding CXX object CMakeFiles/keyboard_parser.dir/src/keyboard_parser_node.cpp.o[0m
[ 50%] [32m[1mLinking CXX executable keyboard_parser[0m
[ 50%] Built target keyboard_parser
[ 50%] Built target ament_cmake_python_copy_turtle_controller
[ 51%] [34m[1mGenerating C code for ROS interfaces[0m
[ 53%] [32mBuilding C object CMakeFiles/turtle_controller__rosidl_generator_c.dir/rosidl_generator_c/turtle_controller/msg/detail/robot_status__functions.c.o[0m
[ 54%] [32mBuilding C object CMakeFiles/turtle_controller__rosidl_generator_c.dir/rosidl_generator_c/turtle_controller/msg/detail/directional_distance__functions.c.o[0m
[ 56%] [32mBuilding C object CMakeFiles/turtle_controller__rosidl_generator_c.dir/rosidl_generator_c/turtle_controller/msg/detail/robot_cmd__functions.c.o[0m
[ 58%] [32m[1mLinking C shared library libturtle_controller__rosidl_generator_c.so[0m
[ 58%] Built target turtle_controller__rosidl_generator_c
running egg_info
creating turtle_controller.egg-info
writing turtle_controller.egg-info/PKG-INFO
writing dependency_links to turtle_controller.egg-info/dependency_links.txt
writing top-level names to turtle_controller.egg-info/top_level.txt
writing manifest file 'turtle_controller.egg-info/SOURCES.txt'
reading manifest file 'turtle_controller.egg-info/SOURCES.txt'
writing manifest file 'turtle_controller.egg-info/SOURCES.txt'
[ 58%] Built target ament_cmake_python_build_turtle_controller_egg
[ 59%] [34m[1mGenerating C type support dispatch for ROS interfaces[0m
[ 61%] [32mBuilding CXX object CMakeFiles/turtle_controller__rosidl_typesupport_c.dir/rosidl_typesupport_c/turtle_controller/msg/robot_status__type_support.cpp.o[0m
[ 62%] [32mBuilding CXX object CMakeFiles/turtle_controller__rosidl_typesupport_c.dir/rosidl_typesupport_c/turtle_controller/msg/robot_cmd__type_support.cpp.o[0m
[ 64%] [32mBuilding CXX object CMakeFiles/turtle_controller__rosidl_typesupport_c.dir/rosidl_typesupport_c/turtle_controller/msg/directional_distance__type_support.cpp.o[0m
[ 66%] [32m[1mLinking CXX shared library libturtle_controller__rosidl_typesupport_c.so[0m
[ 66%] Built target turtle_controller__rosidl_typesupport_c
[ 67%] [34m[1mGenerating C introspection for ROS interfaces[0m
[ 69%] [32mBuilding C object CMakeFiles/turtle_controller__rosidl_typesupport_introspection_c.dir/rosidl_typesupport_introspection_c/turtle_controller/msg/detail/robot_status__type_support.c.o[0m
[ 70%] [32mBuilding C object CMakeFiles/turtle_controller__rosidl_typesupport_introspection_c.dir/rosidl_typesupport_introspection_c/turtle_controller/msg/detail/directional_distance__type_support.c.o[0m
[ 72%] [32mBuilding C object CMakeFiles/turtle_controller__rosidl_typesupport_introspection_c.dir/rosidl_typesupport_introspection_c/turtle_controller/msg/detail/robot_cmd__type_support.c.o[0m
[ 74%] [32m[1mLinking C shared library libturtle_controller__rosidl_typesupport_introspection_c.so[0m
[ 74%] Built target turtle_controller__rosidl_typesupport_introspection_c
[ 75%] [34m[1mGenerating C type support for eProsima Fast-RTPS[0m
[ 77%] [32mBuilding CXX object CMakeFiles/turtle_controller__rosidl_typesupport_fastrtps_c.dir/rosidl_typesupport_fastrtps_c/turtle_controller/msg/detail/robot_status__type_support_c.cpp.o[0m
[ 79%] [32mBuilding CXX object CMakeFiles/turtle_controller__rosidl_typesupport_fastrtps_c.dir/rosidl_typesupport_fastrtps_c/turtle_controller/msg/detail/directional_distance__type_support_c.cpp.o[0m
[ 80%] [32mBuilding CXX object CMakeFiles/turtle_controller__rosidl_typesupport_fastrtps_c.dir/rosidl_typesupport_fastrtps_c/turtle_controller/msg/detail/robot_cmd__type_support_c.cpp.o[0m
[ 82%] [32m[1mLinking CXX shared library libturtle_controller__rosidl_typesupport_fastrtps_c.so[0m
[ 82%] Built target turtle_controller__rosidl_typesupport_fastrtps_c
[ 82%] Built target turtle_controller
[ 83%] [34m[1mGenerating Python code for ROS interfaces[0m
[ 83%] Built target turtle_controller__py
[ 85%] [32mBuilding C object CMakeFiles/turtle_controller__rosidl_generator_py.dir/rosidl_generator_py/turtle_controller/msg/_robot_status_s.c.o[0m
[ 87%] [32mBuilding C object CMakeFiles/turtle_controller__rosidl_generator_py.dir/rosidl_generator_py/turtle_controller/msg/_directional_distance_s.c.o[0m
[ 88%] [32mBuilding C object CMakeFiles/turtle_controller__rosidl_generator_py.dir/rosidl_generator_py/turtle_controller/msg/_robot_cmd_s.c.o[0m
[ 90%] [32m[1mLinking C shared library rosidl_generator_py/turtle_controller/libturtle_controller__rosidl_generator_py.so[0m
[ 90%] Built target turtle_controller__rosidl_generator_py
[ 91%] [32mBuilding C object CMakeFiles/turtle_controller__rosidl_typesupport_fastrtps_c__pyext.dir/rosidl_generator_py/turtle_controller/_turtle_controller_s.ep.rosidl_typesupport_fastrtps_c.c.o[0m
[ 93%] [32m[1mLinking C shared library rosidl_generator_py/turtle_controller/turtle_controller_s__rosidl_typesupport_fastrtps_c.cpython-310-x86_64-linux-gnu.so[0m
[ 93%] Built target turtle_controller__rosidl_typesupport_fastrtps_c__pyext
[ 95%] [32mBuilding C object CMakeFiles/turtle_controller__rosidl_typesupport_c__pyext.dir/rosidl_generator_py/turtle_controller/_turtle_controller_s.ep.rosidl_typesupport_c.c.o[0m
[ 96%] [32m[1mLinking C shared library rosidl_generator_py/turtle_controller/turtle_controller_s__rosidl_typesupport_c.cpython-310-x86_64-linux-gnu.so[0m
[ 96%] Built target turtle_controller__rosidl_typesupport_c__pyext
[ 98%] [32mBuilding C object CMakeFiles/turtle_controller__rosidl_typesupport_introspection_c__pyext.dir/rosidl_generator_py/turtle_controller/_turtle_controller_s.ep.rosidl_typesupport_introspection_c.c.o[0m
[100%] [32m[1mLinking C shared library rosidl_generator_py/turtle_controller/turtle_controller_s__rosidl_typesupport_introspection_c.cpython-310-x86_64-linux-gnu.so[0m
[100%] Built target turtle_controller__rosidl_typesupport_introspection_c__pyext
-- Install configuration: ""
-- Installing: /home/aula-robotica/ros_ws/install/turtle_controller/share/ament_index/resource_index/rosidl_interfaces/turtle_controller
-- Installing: /home/aula-robotica/ros_ws/install/turtle_controller/include/turtle_controller/turtle_controller
-- Installing: /home/aula-robotica/ros_ws/install/turtle_controller/include/turtle_controller/turtle_controller/msg
-- Installing: /home/aula-robotica/ros_ws/install/turtle_controller/include/turtle_controller/turtle_controller/msg/directional_distance.h
-- Installing: /home/aula-robotica/ros_ws/install/turtle_controller/include/turtle_controller/turtle_controller/msg/robot_cmd.h
-- Installing: /home/aula-robotica/ros_ws/install/turtle_controller/include/turtle_controller/turtle_controller/msg/detail
-- Installing: /home/aula-robotica/ros_ws/install/turtle_controller/include/turtle_controller/turtle_controller/msg/detail/robot_cmd__struct.h
-- Installing: /home/aula-robotica/ros_ws/install/turtle_controller/include/turtle_controller/turtle_controller/msg/detail/robot_cmd__type_support.h
-- Installing: /home/aula-robotica/ros_ws/install/turtle_controller/include/turtle_controller/turtle_controller/msg/detail/directional_distance__type_support.h
-- Installing: /home/aula-robotica/ros_ws/install/turtle_controller/include/turtle_controller/turtle_controller/msg/detail/directional_distance__struct.h
-- Installing: /home/aula-robotica/ros_ws/install/turtle_controller/include/turtle_controller/turtle_controller/msg/detail/robot_status__struct.h
-- Installing: /home/aula-robotica/ros_ws/install/turtle_controller/include/turtle_controller/turtle_controller/msg/detail/directional_distance__functions.h
-- Installing: /home/aula-robotica/ros_ws/install/turtle_controller/include/turtle_controller/turtle_controller/msg/detail/robot_status__functions.c
-- Installing: /home/aula-robotica/ros_ws/install/turtle_controller/include/turtle_controller/turtle_controller/msg/detail/robot_status__type_support.h
-- Installing: /home/aula-robotica/ros_ws/install/turtle_controller/include/turtle_controller/turtle_controller/msg/detail/directional_distance__functions.c
-- Installing: /home/aula-robotica/ros_ws/install/turtle_controller/include/turtle_controller/turtle_controller/msg/detail/robot_status__functions.h
-- Installing: /home/aula-robotica/ros_ws/install/turtle_controller/include/turtle_controller/turtle_controller/msg/detail/robot_cmd__functions.c
-- Installing: /home/aula-robotica/ros_ws/install/turtle_controller/include/turtle_controller/turtle_controller/msg/detail/robot_cmd__functions.h
-- Installing: /home/aula-robotica/ros_ws/install/turtle_controller/include/turtle_controller/turtle_controller/msg/rosidl_generator_c__visibility_control.h
-- Installing: /home/aula-robotica/ros_ws/install/turtle_controller/include/turtle_controller/turtle_controller/msg/robot_status.h
-- Installing: /home/aula-robotica/ros_ws/install/turtle_controller/share/turtle_controller/environment/library_path.sh
-- Installing: /home/aula-robotica/ros_ws/install/turtle_controller/share/turtle_controller/environment/library_path.dsv
-- Installing: /home/aula-robotica/ros_ws/install/turtle_controller/lib/libturtle_controller__rosidl_generator_c.so
-- Set runtime path of "/home/aula-robotica/ros_ws/install/turtle_controller/lib/libturtle_controller__rosidl_generator_c.so" to ""
-- Up-to-date: /home/aula-robotica/ros_ws/install/turtle_controller/include/turtle_controller/turtle_controller
-- Up-to-date: /home/aula-robotica/ros_ws/install/turtle_controller/include/turtle_controller/turtle_controller/msg
-- Up-to-date: /home/aula-robotica/ros_ws/install/turtle_controller/include/turtle_controller/turtle_controller/msg/detail
-- Installing: /home/aula-robotica/ros_ws/install/turtle_controller/include/turtle_controller/turtle_controller/msg/detail/robot_cmd__rosidl_typesupport_fastrtps_c.h
-- Installing: /home/aula-robotica/ros_ws/install/turtle_controller/include/turtle_controller/turtle_controller/msg/detail/robot_status__rosidl_typesupport_fastrtps_c.h
-- Installing: /home/aula-robotica/ros_ws/install/turtle_controller/include/turtle_controller/turtle_controller/msg/detail/directional_distance__rosidl_typesupport_fastrtps_c.h
-- Installing: /home/aula-robotica/ros_ws/install/turtle_controller/include/turtle_controller/turtle_controller/msg/rosidl_typesupport_fastrtps_c__visibility_control.h
-- Installing: /home/aula-robotica/ros_ws/install/turtle_controller/lib/libturtle_controller__rosidl_typesupport_fastrtps_c.so
-- Set runtime path of "/home/aula-robotica/ros_ws/install/turtle_controller/lib/libturtle_controller__rosidl_typesupport_fastrtps_c.so" to ""
-- Up-to-date: /home/aula-robotica/ros_ws/install/turtle_controller/include/turtle_controller/turtle_controller
-- Up-to-date: /home/aula-robotica/ros_ws/install/turtle_controller/include/turtle_controller/turtle_controller/msg
-- Installing: /home/aula-robotica/ros_ws/install/turtle_controller/include/turtle_controller/turtle_controller/msg/rosidl_generator_cpp__visibility_control.hpp
-- Installing: /home/aula-robotica/ros_ws/install/turtle_controller/include/turtle_controller/turtle_controller/msg/directional_distance.hpp
-- Up-to-date: /home/aula-robotica/ros_ws/install/turtle_controller/include/turtle_controller/turtle_controller/msg/detail
-- Installing: /home/aula-robotica/ros_ws/install/turtle_controller/include/turtle_controller/turtle_controller/msg/detail/directional_distance__struct.hpp
-- Installing: /home/aula-robotica/ros_ws/install/turtle_controller/include/turtle_controller/turtle_controller/msg/detail/directional_distance__type_support.hpp
-- Installing: /home/aula-robotica/ros_ws/install/turtle_controller/include/turtle_controller/turtle_controller/msg/detail/robot_status__builder.hpp
-- Installing: /home/aula-robotica/ros_ws/install/turtle_controller/include/turtle_controller/turtle_controller/msg/detail/robot_status__type_support.hpp
-- Installing: /home/aula-robotica/ros_ws/install/turtle_controller/include/turtle_controller/turtle_controller/msg/detail/robot_status__struct.hpp
-- Installing: /home/aula-robotica/ros_ws/install/turtle_controller/include/turtle_controller/turtle_controller/msg/detail/robot_cmd__struct.hpp
-- Installing: /home/aula-robotica/ros_ws/install/turtle_controller/include/turtle_controller/turtle_controller/msg/detail/directional_distance__traits.hpp
-- Installing: /home/aula-robotica/ros_ws/install/turtle_controller/include/turtle_controller/turtle_controller/msg/detail/robot_cmd__traits.hpp
-- Installing: /home/aula-robotica/ros_ws/install/turtle_controller/include/turtle_controller/turtle_controller/msg/detail/robot_cmd__type_support.hpp
-- Installing: /home/aula-robotica/ros_ws/install/turtle_controller/include/turtle_controller/turtle_controller/msg/detail/robot_status__traits.hpp
-- Installing: /home/aula-robotica/ros_ws/install/turtle_controller/include/turtle_controller/turtle_controller/msg/detail/robot_cmd__builder.hpp
-- Installing: /home/aula-robotica/ros_ws/install/turtle_controller/include/turtle_controller/turtle_controller/msg/detail/directional_distance__builder.hpp
-- Installing: /home/aula-robotica/ros_ws/install/turtle_controller/include/turtle_controller/turtle_controller/msg/robot_status.hpp
-- Installing: /home/aula-robotica/ros_ws/install/turtle_controller/include/turtle_controller/turtle_controller/msg/robot_cmd.hpp
-- Up-to-date: /home/aula-robotica/ros_ws/install/turtle_controller/include/turtle_controller/turtle_controller
-- Up-to-date: /home/aula-robotica/ros_ws/install/turtle_controller/include/turtle_controller/turtle_controller/msg
-- Installing: /home/aula-robotica/ros_ws/install/turtle_controller/include/turtle_controller/turtle_controller/msg/rosidl_typesupport_fastrtps_cpp__visibility_control.h
-- Up-to-date: /home/aula-robotica/ros_ws/install/turtle_controller/include/turtle_controller/turtle_controller/msg/detail
-- Installing: /home/aula-robotica/ros_ws/install/turtle_controller/include/turtle_controller/turtle_controller/msg/detail/robot_cmd__rosidl_typesupport_fastrtps_cpp.hpp
-- Installing: /home/aula-robotica/ros_ws/install/turtle_controller/include/turtle_controller/turtle_controller/msg/detail/directional_distance__rosidl_typesupport_fastrtps_cpp.hpp
-- Installing: /home/aula-robotica/ros_ws/install/turtle_controller/include/turtle_controller/turtle_controller/msg/detail/robot_status__rosidl_typesupport_fastrtps_cpp.hpp
-- Installing: /home/aula-robotica/ros_ws/install/turtle_controller/include/turtle_controller/turtle_controller/msg/detail/dds_fastrtps
-- Installing: /home/aula-robotica/ros_ws/install/turtle_controller/lib/libturtle_controller__rosidl_typesupport_fastrtps_cpp.so
-- Set runtime path of "/home/aula-robotica/ros_ws/install/turtle_controller/lib/libturtle_controller__rosidl_typesupport_fastrtps_cpp.so" to ""
-- Up-to-date: /home/aula-robotica/ros_ws/install/turtle_controller/include/turtle_controller/turtle_controller
-- Up-to-date: /home/aula-robotica/ros_ws/install/turtle_controller/include/turtle_controller/turtle_controller/msg
-- Installing: /home/aula-robotica/ros_ws/install/turtle_controller/include/turtle_controller/turtle_controller/msg/rosidl_typesupport_introspection_c__visibility_control.h
-- Up-to-date: /home/aula-robotica/ros_ws/install/turtle_controller/include/turtle_controller/turtle_controller/msg/detail
-- Installing: /home/aula-robotica/ros_ws/install/turtle_controller/include/turtle_controller/turtle_controller/msg/detail/robot_status__rosidl_typesupport_introspection_c.h
-- Installing: /home/aula-robotica/ros_ws/install/turtle_controller/include/turtle_controller/turtle_controller/msg/detail/directional_distance__rosidl_typesupport_introspection_c.h
-- Installing: /home/aula-robotica/ros_ws/install/turtle_controller/include/turtle_controller/turtle_controller/msg/detail/robot_cmd__rosidl_typesupport_introspection_c.h
-- Installing: /home/aula-robotica/ros_ws/install/turtle_controller/include/turtle_controller/turtle_controller/msg/detail/directional_distance__type_support.c
-- Installing: /home/aula-robotica/ros_ws/install/turtle_controller/include/turtle_controller/turtle_controller/msg/detail/robot_cmd__type_support.c
-- Installing: /home/aula-robotica/ros_ws/install/turtle_controller/include/turtle_controller/turtle_controller/msg/detail/robot_status__type_support.c
-- Installing: /home/aula-robotica/ros_ws/install/turtle_controller/lib/libturtle_controller__rosidl_typesupport_introspection_c.so
-- Set runtime path of "/home/aula-robotica/ros_ws/install/turtle_controller/lib/libturtle_controller__rosidl_typesupport_introspection_c.so" to ""
-- Installing: /home/aula-robotica/ros_ws/install/turtle_controller/lib/libturtle_controller__rosidl_typesupport_c.so
-- Set runtime path of "/home/aula-robotica/ros_ws/install/turtle_controller/lib/libturtle_controller__rosidl_typesupport_c.so" to ""
-- Up-to-date: /home/aula-robotica/ros_ws/install/turtle_controller/include/turtle_controller/turtle_controller
-- Up-to-date: /home/aula-robotica/ros_ws/install/turtle_controller/include/turtle_controller/turtle_controller/msg
-- Up-to-date: /home/aula-robotica/ros_ws/install/turtle_controller/include/turtle_controller/turtle_controller/msg/detail
-- Installing: /home/aula-robotica/ros_ws/install/turtle_controller/include/turtle_controller/turtle_controller/msg/detail/robot_status__type_support.cpp
-- Installing: /home/aula-robotica/ros_ws/install/turtle_controller/include/turtle_controller/turtle_controller/msg/detail/directional_distance__rosidl_typesupport_introspection_cpp.hpp
-- Installing: /home/aula-robotica/ros_ws/install/turtle_controller/include/turtle_controller/turtle_controller/msg/detail/robot_cmd__type_support.cpp
-- Installing: /home/aula-robotica/ros_ws/install/turtle_controller/include/turtle_controller/turtle_controller/msg/detail/robot_cmd__rosidl_typesupport_introspection_cpp.hpp
-- Installing: /home/aula-robotica/ros_ws/install/turtle_controller/include/turtle_controller/turtle_controller/msg/detail/directional_distance__type_support.cpp
-- Installing: /home/aula-robotica/ros_ws/install/turtle_controller/include/turtle_controller/turtle_controller/msg/detail/robot_status__rosidl_typesupport_introspection_cpp.hpp
-- Installing: /home/aula-robotica/ros_ws/install/turtle_controller/lib/libturtle_controller__rosidl_typesupport_introspection_cpp.so
-- Set runtime path of "/home/aula-robotica/ros_ws/install/turtle_controller/lib/libturtle_controller__rosidl_typesupport_introspection_cpp.so" to ""
-- Installing: /home/aula-robotica/ros_ws/install/turtle_controller/lib/libturtle_controller__rosidl_typesupport_cpp.so
-- Set runtime path of "/home/aula-robotica/ros_ws/install/turtle_controller/lib/libturtle_controller__rosidl_typesupport_cpp.so" to ""
-- Installing: /home/aula-robotica/ros_ws/install/turtle_controller/share/turtle_controller/environment/pythonpath.sh
-- Installing: /home/aula-robotica/ros_ws/install/turtle_controller/share/turtle_controller/environment/pythonpath.dsv
-- Installing: /home/aula-robotica/ros_ws/install/turtle_controller/local/lib/python3.10/dist-packages/turtle_controller-0.0.0-py3.10.egg-info
-- Installing: /home/aula-robotica/ros_ws/install/turtle_controller/local/lib/python3.10/dist-packages/turtle_controller-0.0.0-py3.10.egg-info/PKG-INFO
-- Installing: /home/aula-robotica/ros_ws/install/turtle_controller/local/lib/python3.10/dist-packages/turtle_controller-0.0.0-py3.10.egg-info/dependency_links.txt
-- Installing: /home/aula-robotica/ros_ws/install/turtle_controller/local/lib/python3.10/dist-packages/turtle_controller-0.0.0-py3.10.egg-info/top_level.txt
-- Installing: /home/aula-robotica/ros_ws/install/turtle_controller/local/lib/python3.10/dist-packages/turtle_controller-0.0.0-py3.10.egg-info/SOURCES.txt
-- Installing: /home/aula-robotica/ros_ws/install/turtle_controller/local/lib/python3.10/dist-packages/turtle_controller
-- Installing: /home/aula-robotica/ros_ws/install/turtle_controller/local/lib/python3.10/dist-packages/turtle_controller/_turtle_controller_s.ep.rosidl_typesupport_c.c
-- Installing: /home/aula-robotica/ros_ws/install/turtle_controller/local/lib/python3.10/dist-packages/turtle_controller/_turtle_controller_s.ep.rosidl_typesupport_introspection_c.c
-- Installing: /home/aula-robotica/ros_ws/install/turtle_controller/local/lib/python3.10/dist-packages/turtle_controller/__init__.py
-- Installing: /home/aula-robotica/ros_ws/install/turtle_controller/local/lib/python3.10/dist-packages/turtle_controller/turtle_controller_s__rosidl_typesupport_introspection_c.cpython-310-x86_64-linux-gnu.so
-- Installing: /home/aula-robotica/ros_ws/install/turtle_controller/local/lib/python3.10/dist-packages/turtle_controller/turtle_controller_s__rosidl_typesupport_fastrtps_c.cpython-310-x86_64-linux-gnu.so
-- Installing: /home/aula-robotica/ros_ws/install/turtle_controller/local/lib/python3.10/dist-packages/turtle_controller/libturtle_controller__rosidl_generator_py.so
-- Installing: /home/aula-robotica/ros_ws/install/turtle_controller/local/lib/python3.10/dist-packages/turtle_controller/msg
-- Installing: /home/aula-robotica/ros_ws/install/turtle_controller/local/lib/python3.10/dist-packages/turtle_controller/msg/_robot_status_s.c
-- Installing: /home/aula-robotica/ros_ws/install/turtle_controller/local/lib/python3.10/dist-packages/turtle_controller/msg/_robot_cmd_s.c
-- Installing: /home/aula-robotica/ros_ws/install/turtle_controller/local/lib/python3.10/dist-packages/turtle_controller/msg/_directional_distance_s.c
-- Installing: /home/aula-robotica/ros_ws/install/turtle_controller/local/lib/python3.10/dist-packages/turtle_controller/msg/_robot_cmd.py
-- Installing: /home/aula-robotica/ros_ws/install/turtle_controller/local/lib/python3.10/dist-packages/turtle_controller/msg/__init__.py
-- Installing: /home/aula-robotica/ros_ws/install/turtle_controller/local/lib/python3.10/dist-packages/turtle_controller/msg/_directional_distance.py
-- Installing: /home/aula-robotica/ros_ws/install/turtle_controller/local/lib/python3.10/dist-packages/turtle_controller/msg/_robot_status.py
-- Installing: /home/aula-robotica/ros_ws/install/turtle_controller/local/lib/python3.10/dist-packages/turtle_controller/turtle_controller_s__rosidl_typesupport_c.cpython-310-x86_64-linux-gnu.so
-- Installing: /home/aula-robotica/ros_ws/install/turtle_controller/local/lib/python3.10/dist-packages/turtle_controller/_turtle_controller_s.ep.rosidl_typesupport_fastrtps_c.c
Listing '/home/aula-robotica/ros_ws/install/turtle_controller/local/lib/python3.10/dist-packages/turtle_controller'...
Compiling '/home/aula-robotica/ros_ws/install/turtle_controller/local/lib/python3.10/dist-packages/turtle_controller/__init__.py'...
Listing '/home/aula-robotica/ros_ws/install/turtle_controller/local/lib/python3.10/dist-packages/turtle_controller/msg'...
Compiling '/home/aula-robotica/ros_ws/install/turtle_controller/local/lib/python3.10/dist-packages/turtle_controller/msg/__init__.py'...
Compiling '/home/aula-robotica/ros_ws/install/turtle_controller/local/lib/python3.10/dist-packages/turtle_controller/msg/_directional_distance.py'...
Compiling '/home/aula-robotica/ros_ws/install/turtle_controller/local/lib/python3.10/dist-packages/turtle_controller/msg/_robot_cmd.py'...
Compiling '/home/aula-robotica/ros_ws/install/turtle_controller/local/lib/python3.10/dist-packages/turtle_controller/msg/_robot_status.py'...
-- Installing: /home/aula-robotica/ros_ws/install/turtle_controller/local/lib/python3.10/dist-packages/turtle_controller/turtle_controller_s__rosidl_typesupport_fastrtps_c.cpython-310-x86_64-linux-gnu.so
-- Set runtime path of "/home/aula-robotica/ros_ws/install/turtle_controller/local/lib/python3.10/dist-packages/turtle_controller/turtle_controller_s__rosidl_typesupport_fastrtps_c.cpython-310-x86_64-linux-gnu.so" to ""
-- Installing: /home/aula-robotica/ros_ws/install/turtle_controller/local/lib/python3.10/dist-packages/turtle_controller/turtle_controller_s__rosidl_typesupport_introspection_c.cpython-310-x86_64-linux-gnu.so
-- Set runtime path of "/home/aula-robotica/ros_ws/install/turtle_controller/local/lib/python3.10/dist-packages/turtle_controller/turtle_controller_s__rosidl_typesupport_introspection_c.cpython-310-x86_64-linux-gnu.so" to ""
-- Installing: /home/aula-robotica/ros_ws/install/turtle_controller/local/lib/python3.10/dist-packages/turtle_controller/turtle_controller_s__rosidl_typesupport_c.cpython-310-x86_64-linux-gnu.so
-- Set runtime path of "/home/aula-robotica/ros_ws/install/turtle_controller/local/lib/python3.10/dist-packages/turtle_controller/turtle_controller_s__rosidl_typesupport_c.cpython-310-x86_64-linux-gnu.so" to ""
-- Installing: /home/aula-robotica/ros_ws/install/turtle_controller/lib/libturtle_controller__rosidl_generator_py.so
-- Set runtime path of "/home/aula-robotica/ros_ws/install/turtle_controller/lib/libturtle_controller__rosidl_generator_py.so" to ""
-- Installing: /home/aula-robotica/ros_ws/install/turtle_controller/share/turtle_controller/msg/RobotStatus.idl
-- Installing: /home/aula-robotica/ros_ws/install/turtle_controller/share/turtle_controller/msg/RobotCmd.idl
-- Installing: /home/aula-robotica/ros_ws/install/turtle_controller/share/turtle_controller/msg/DirectionalDistance.idl
-- Installing: /home/aula-robotica/ros_ws/install/turtle_controller/share/turtle_controller/msg/RobotStatus.msg
-- Installing: /home/aula-robotica/ros_ws/install/turtle_controller/share/turtle_controller/msg/RobotCmd.msg
-- Installing: /home/aula-robotica/ros_ws/install/turtle_controller/share/turtle_controller/msg/DirectionalDistance.msg
-- Up-to-date: /home/aula-robotica/ros_ws/install/turtle_controller/include/turtle_controller
-- Installing: /home/aula-robotica/ros_ws/install/turtle_controller/include/turtle_controller/controller_server.hpp
-- Installing: /home/aula-robotica/ros_ws/install/turtle_controller/include/turtle_controller/keyboard_parser.hpp
-- Installing: /home/aula-robotica/ros_ws/install/turtle_controller/lib/turtle_controller/controller_server
-- Set runtime path of "/home/aula-robotica/ros_ws/install/turtle_controller/lib/turtle_controller/controller_server" to ""
-- Installing: /home/aula-robotica/ros_ws/install/turtle_controller/lib/turtle_controller/keyboard_parser
-- Set runtime path of "/home/aula-robotica/ros_ws/install/turtle_controller/lib/turtle_controller/keyboard_parser" to ""
-- Installing: /home/aula-robotica/ros_ws/install/turtle_controller/lib/libcontroller_server_lib.so
-- Set runtime path of "/home/aula-robotica/ros_ws/install/turtle_controller/lib/libcontroller_server_lib.so" to ""
-- Installing: /home/aula-robotica/ros_ws/install/turtle_controller/lib/libkeyboard_parser_lib.so
-- Set runtime path of "/home/aula-robotica/ros_ws/install/turtle_controller/lib/libkeyboard_parser_lib.so" to ""
-- Installing: /home/aula-robotica/ros_ws/install/turtle_controller/lib/turtle_controller/controller_base.py
-- Installing: /home/aula-robotica/ros_ws/install/turtle_controller/lib/turtle_controller/controller_scape.py
-- Installing: /home/aula-robotica/ros_ws/install/turtle_controller/share/turtle_controller//launch
-- Installing: /home/aula-robotica/ros_ws/install/turtle_controller/share/turtle_controller//launch/keyboard_control_launch.py
-- Installing: /home/aula-robotica/ros_ws/install/turtle_controller/share/turtle_controller//launch/square_scape_launch.py
-- Installing: /home/aula-robotica/ros_ws/install/turtle_controller/share/turtle_controller//worlds
-- Installing: /home/aula-robotica/ros_ws/install/turtle_controller/share/turtle_controller//worlds/square_pass.world
-- Installing: /home/aula-robotica/ros_ws/install/turtle_controller/lib/turtle_controller/turtle_controller_test
-- Set runtime path of "/home/aula-robotica/ros_ws/install/turtle_controller/lib/turtle_controller/turtle_controller_test" to ""
-- Installing: /home/aula-robotica/ros_ws/install/turtle_controller/share/ament_index/resource_index/package_run_dependencies/turtle_controller
-- Installing: /home/aula-robotica/ros_ws/install/turtle_controller/share/ament_index/resource_index/parent_prefix_path/turtle_controller
-- Installing: /home/aula-robotica/ros_ws/install/turtle_controller/share/turtle_controller/environment/ament_prefix_path.sh
-- Installing: /home/aula-robotica/ros_ws/install/turtle_controller/share/turtle_controller/environment/ament_prefix_path.dsv
-- Installing: /home/aula-robotica/ros_ws/install/turtle_controller/share/turtle_controller/environment/path.sh
-- Installing: /home/aula-robotica/ros_ws/install/turtle_controller/share/turtle_controller/environment/path.dsv
-- Installing: /home/aula-robotica/ros_ws/install/turtle_controller/share/turtle_controller/local_setup.bash
-- Installing: /home/aula-robotica/ros_ws/install/turtle_controller/share/turtle_controller/local_setup.sh
-- Installing: /home/aula-robotica/ros_ws/install/turtle_controller/share/turtle_controller/local_setup.zsh
-- Installing: /home/aula-robotica/ros_ws/install/turtle_controller/share/turtle_controller/local_setup.dsv
-- Installing: /home/aula-robotica/ros_ws/install/turtle_controller/share/turtle_controller/package.dsv
-- Installing: /home/aula-robotica/ros_ws/install/turtle_controller/share/ament_index/resource_index/packages/turtle_controller
-- Installing: /home/aula-robotica/ros_ws/install/turtle_controller/share/turtle_controller/cmake/export_turtle_controller__rosidl_generator_cExport.cmake
-- Installing: /home/aula-robotica/ros_ws/install/turtle_controller/share/turtle_controller/cmake/export_turtle_controller__rosidl_generator_cExport-noconfig.cmake
-- Installing: /home/aula-robotica/ros_ws/install/turtle_controller/share/turtle_controller/cmake/export_turtle_controller__rosidl_typesupport_fastrtps_cExport.cmake
-- Installing: /home/aula-robotica/ros_ws/install/turtle_controller/share/turtle_controller/cmake/export_turtle_controller__rosidl_typesupport_fastrtps_cExport-noconfig.cmake
-- Installing: /home/aula-robotica/ros_ws/install/turtle_controller/share/turtle_controller/cmake/export_turtle_controller__rosidl_generator_cppExport.cmake
-- Installing: /home/aula-robotica/ros_ws/install/turtle_controller/share/turtle_controller/cmake/export_turtle_controller__rosidl_typesupport_fastrtps_cppExport.cmake
-- Installing: /home/aula-robotica/ros_ws/install/turtle_controller/share/turtle_controller/cmake/export_turtle_controller__rosidl_typesupport_fastrtps_cppExport-noconfig.cmake
-- Installing: /home/aula-robotica/ros_ws/install/turtle_controller/share/turtle_controller/cmake/turtle_controller__rosidl_typesupport_introspection_cExport.cmake
-- Installing: /home/aula-robotica/ros_ws/install/turtle_controller/share/turtle_controller/cmake/turtle_controller__rosidl_typesupport_introspection_cExport-noconfig.cmake
-- Installing: /home/aula-robotica/ros_ws/install/turtle_controller/share/turtle_controller/cmake/turtle_controller__rosidl_typesupport_cExport.cmake
-- Installing: /home/aula-robotica/ros_ws/install/turtle_controller/share/turtle_controller/cmake/turtle_controller__rosidl_typesupport_cExport-noconfig.cmake
-- Installing: /home/aula-robotica/ros_ws/install/turtle_controller/share/turtle_controller/cmake/turtle_controller__rosidl_typesupport_introspection_cppExport.cmake
-- Installing: /home/aula-robotica/ros_ws/install/turtle_controller/share/turtle_controller/cmake/turtle_controller__rosidl_typesupport_introspection_cppExport-noconfig.cmake
-- Installing: /home/aula-robotica/ros_ws/install/turtle_controller/share/turtle_controller/cmake/turtle_controller__rosidl_typesupport_cppExport.cmake
-- Installing: /home/aula-robotica/ros_ws/install/turtle_controller/share/turtle_controller/cmake/turtle_controller__rosidl_typesupport_cppExport-noconfig.cmake
-- Installing: /home/aula-robotica/ros_ws/install/turtle_controller/share/turtle_controller/cmake/export_turtle_controller__rosidl_generator_pyExport.cmake
-- Installing: /home/aula-robotica/ros_ws/install/turtle_controller/share/turtle_controller/cmake/export_turtle_controller__rosidl_generator_pyExport-noconfig.cmake
-- Installing: /home/aula-robotica/ros_ws/install/turtle_controller/share/turtle_controller/cmake/export_targetsExport.cmake
-- Installing: /home/aula-robotica/ros_ws/install/turtle_controller/share/turtle_controller/cmake/export_targetsExport-noconfig.cmake
-- Installing: /home/aula-robotica/ros_ws/install/turtle_controller/share/turtle_controller/cmake/rosidl_cmake-extras.cmake
-- Installing: /home/aula-robotica/ros_ws/install/turtle_controller/share/turtle_controller/cmake/ament_cmake_export_include_directories-extras.cmake
-- Installing: /home/aula-robotica/ros_ws/install/turtle_controller/share/turtle_controller/cmake/ament_cmake_export_libraries-extras.cmake
-- Installing: /home/aula-robotica/ros_ws/install/turtle_controller/share/turtle_controller/cmake/ament_cmake_export_targets-extras.cmake
-- Installing: /home/aula-robotica/ros_ws/install/turtle_controller/share/turtle_controller/cmake/rosidl_cmake_export_typesupport_targets-extras.cmake
-- Installing: /home/aula-robotica/ros_ws/install/turtle_controller/share/turtle_controller/cmake/ament_cmake_export_dependencies-extras.cmake
-- Installing: /home/aula-robotica/ros_ws/install/turtle_controller/share/turtle_controller/cmake/rosidl_cmake_export_typesupport_libraries-extras.cmake
-- Installing: /home/aula-robotica/ros_ws/install/turtle_controller/share/turtle_controller/cmake/turtle_controllerConfig.cmake
-- Installing: /home/aula-robotica/ros_ws/install/turtle_controller/share/turtle_controller/cmake/turtle_controllerConfig-version.cmake
-- Installing: /home/aula-robotica/ros_ws/install/turtle_controller/share/turtle_controller/package.xml
