[0.175s] Invoking command in '/home/aula-robotica/ros_ws/build/turtle_controller': AMENT_PREFIX_PATH=/home/aula-robotica/ros_ws/install/keyboard_msgs:${AMENT_PREFIX_PATH} CMAKE_PREFIX_PATH=/home/aula-robotica/ros_ws/install/keyboard_msgs:/opt/ros/humble LD_LIBRARY_PATH=/home/aula-robotica/ros_ws/install/keyboard_msgs/lib:/usr/lib/x86_64-linux-gnu/gazebo-11/plugins:/opt/ros/humble/opt/rviz_ogre_vendor/lib:/opt/ros/humble/lib/x86_64-linux-gnu:/opt/ros/humble/lib:/usr/share/gazebo/../../lib/x86_64-linux-gnu/gazebo-11/plugins PYTHONPATH=/home/aula-robotica/ros_ws/install/keyboard_msgs/local/lib/python3.10/dist-packages:${PYTHONPATH} /usr/bin/cmake /home/aula-robotica/ros_ws/src/turtle_controller -DCMAKE_INSTALL_PREFIX=/home/aula-robotica/ros_ws/install/turtle_controller
[0.373s] -- The C compiler identification is GNU 11.4.0
[0.452s] -- The CXX compiler identification is GNU 11.4.0
[0.473s] -- Detecting C compiler ABI info
[0.776s] -- Detecting C compiler ABI info - done
[0.793s] -- Check for working C compiler: /usr/bin/cc - skipped
[0.796s] -- Detecting C compile features
[0.799s] -- Detecting C compile features - done
[0.820s] -- Detecting CXX compiler ABI info
[1.156s] -- Detecting CXX compiler ABI info - done
[1.156s] -- Check for working CXX compiler: /usr/bin/c++ - skipped
[1.157s] -- Detecting CXX compile features
[1.157s] -- Detecting CXX compile features - done
[1.157s] -- Found ament_cmake: 1.3.11 (/opt/ros/humble/share/ament_cmake/cmake)
[1.356s] -- Found Python3: /usr/bin/python3 (found version "3.10.12") found components: Interpreter 
[1.608s] -- Found rclcpp: 16.0.12 (/opt/ros/humble/share/rclcpp/cmake)
[1.608s] -- Found rosidl_generator_c: 3.1.6 (/opt/ros/humble/share/rosidl_generator_c/cmake)
[1.622s] -- Found rosidl_adapter: 3.1.6 (/opt/ros/humble/share/rosidl_adapter/cmake)
[1.658s] -- Found rosidl_generator_cpp: 3.1.6 (/opt/ros/humble/share/rosidl_generator_cpp/cmake)
[1.658s] -- Using all available rosidl_typesupport_c: rosidl_typesupport_fastrtps_c;rosidl_typesupport_introspection_c
[1.671s] -- Using all available rosidl_typesupport_cpp: rosidl_typesupport_fastrtps_cpp;rosidl_typesupport_introspection_cpp
[1.731s] -- Found rmw_implementation_cmake: 6.1.2 (/opt/ros/humble/share/rmw_implementation_cmake/cmake)
[1.747s] -- Found rmw_fastrtps_cpp: 6.2.7 (/opt/ros/humble/share/rmw_fastrtps_cpp/cmake)
[2.025s] -- Found OpenSSL: /usr/lib/x86_64-linux-gnu/libcrypto.so (found version "3.0.2")  
[2.075s] -- Found FastRTPS: /opt/ros/humble/include  
[2.149s] -- Using RMW implementation 'rmw_fastrtps_cpp' as default
[2.184s] -- Looking for pthread.h
[2.553s] -- Looking for pthread.h - found
[2.554s] -- Performing Test CMAKE_HAVE_LIBC_PTHREAD
[2.779s] -- Performing Test CMAKE_HAVE_LIBC_PTHREAD - Success
[2.781s] -- Found Threads: TRUE  
[2.887s] -- Found keyboard_msgs: 1.0.0 (/home/aula-robotica/ros_ws/install/keyboard_msgs/share/keyboard_msgs/cmake)
[2.967s] -- Found geometry_msgs: 4.8.0 (/opt/ros/humble/share/geometry_msgs/cmake)
[3.020s] -- Found nav_msgs: 4.8.0 (/opt/ros/humble/share/nav_msgs/cmake)
[3.082s] -- Found sensor_msgs: 4.8.0 (/opt/ros/humble/share/sensor_msgs/cmake)
[3.134s] -- Found turtlesim: 1.4.2 (/opt/ros/humble/share/turtlesim/cmake)
[3.408s] -- Found tf2: 0.25.12 (/opt/ros/humble/share/tf2/cmake)
[3.448s] -- Found rosidl_default_generators: 1.2.0 (/opt/ros/humble/share/rosidl_default_generators/cmake)
[4.788s] -- Found ament_cmake_ros: 0.10.0 (/opt/ros/humble/share/ament_cmake_ros/cmake)
[5.697s] -- Using all available rosidl_typesupport_c: rosidl_typesupport_fastrtps_c;rosidl_typesupport_introspection_c
[6.389s] -- Using all available rosidl_typesupport_cpp: rosidl_typesupport_fastrtps_cpp;rosidl_typesupport_introspection_cpp
[7.095s] -- Found PythonInterp: /usr/bin/python3 (found suitable version "3.10.12", minimum required is "3.6") 
[7.294s] -- Found python_cmake_module: 0.10.0 (/opt/ros/humble/share/python_cmake_module/cmake)
[8.402s] -- Found PythonLibs: /usr/lib/x86_64-linux-gnu/libpython3.10.so (found suitable version "3.10.12", minimum required is "3.5") 
[8.402s] -- Using PYTHON_EXECUTABLE: /usr/bin/python3
[8.403s] -- Using PYTHON_INCLUDE_DIRS: /usr/include/python3.10
[8.403s] -- Using PYTHON_LIBRARIES: /usr/lib/x86_64-linux-gnu/libpython3.10.so
[8.481s] -- Found PythonExtra: .so  
[9.048s] -- Found ament_lint_auto: 0.12.12 (/opt/ros/humble/share/ament_lint_auto/cmake)
[9.147s] -- Found gtest sources under '/opt/ros/humble/src/gtest_vendor': C++ tests using 'Google Test' will be built
[9.283s] -- Configuring done
[9.526s] -- Generating done
[9.584s] -- Build files have been written to: /home/aula-robotica/ros_ws/build/turtle_controller
[10.314s] Invoked command in '/home/aula-robotica/ros_ws/build/turtle_controller' returned '0': AMENT_PREFIX_PATH=/home/aula-robotica/ros_ws/install/keyboard_msgs:${AMENT_PREFIX_PATH} CMAKE_PREFIX_PATH=/home/aula-robotica/ros_ws/install/keyboard_msgs:/opt/ros/humble LD_LIBRARY_PATH=/home/aula-robotica/ros_ws/install/keyboard_msgs/lib:/usr/lib/x86_64-linux-gnu/gazebo-11/plugins:/opt/ros/humble/opt/rviz_ogre_vendor/lib:/opt/ros/humble/lib/x86_64-linux-gnu:/opt/ros/humble/lib:/usr/share/gazebo/../../lib/x86_64-linux-gnu/gazebo-11/plugins PYTHONPATH=/home/aula-robotica/ros_ws/install/keyboard_msgs/local/lib/python3.10/dist-packages:${PYTHONPATH} /usr/bin/cmake /home/aula-robotica/ros_ws/src/turtle_controller -DCMAKE_INSTALL_PREFIX=/home/aula-robotica/ros_ws/install/turtle_controller
[10.321s] Invoking command in '/home/aula-robotica/ros_ws/build/turtle_controller': AMENT_PREFIX_PATH=/home/aula-robotica/ros_ws/install/keyboard_msgs:${AMENT_PREFIX_PATH} CMAKE_PREFIX_PATH=/home/aula-robotica/ros_ws/install/keyboard_msgs:/opt/ros/humble LD_LIBRARY_PATH=/home/aula-robotica/ros_ws/install/keyboard_msgs/lib:/usr/lib/x86_64-linux-gnu/gazebo-11/plugins:/opt/ros/humble/opt/rviz_ogre_vendor/lib:/opt/ros/humble/lib/x86_64-linux-gnu:/opt/ros/humble/lib:/usr/share/gazebo/../../lib/x86_64-linux-gnu/gazebo-11/plugins PYTHONPATH=/home/aula-robotica/ros_ws/install/keyboard_msgs/local/lib/python3.10/dist-packages:${PYTHONPATH} /usr/bin/cmake --build /home/aula-robotica/ros_ws/build/turtle_controller -- -j4 -l4
[10.533s] [  1%] [34m[1mGenerating C++ code for ROS interfaces[0m
[12.711s] [  1%] Built target turtle_controller__cpp
[12.757s] [  3%] [32mBuilding CXX object gtest/CMakeFiles/gtest_main.dir/src/gtest_main.cc.o[0m
[14.586s] [  4%] [32m[1mLinking CXX static library libgtest_main.a[0m
[14.781s] [  4%] Built target gtest_main
[14.854s] [  6%] [32mBuilding CXX object gtest/CMakeFiles/gtest.dir/src/gtest-all.cc.o[0m
[19.169s] [  8%] [32m[1mLinking CXX static library libgtest.a[0m
[19.259s] [  8%] Built target gtest
[19.275s] [  9%] [34m[1mGenerating C++ type support dispatch for ROS interfaces[0m
[20.174s] [ 11%] [32mBuilding CXX object CMakeFiles/turtle_controller__rosidl_typesupport_cpp.dir/rosidl_typesupport_cpp/turtle_controller/msg/robot_status__type_support.cpp.o[0m
[20.447s] [ 12%] [32mBuilding CXX object CMakeFiles/turtle_controller__rosidl_typesupport_cpp.dir/rosidl_typesupport_cpp/turtle_controller/msg/robot_cmd__type_support.cpp.o[0m
[20.750s] [ 14%] [32mBuilding CXX object CMakeFiles/turtle_controller__rosidl_typesupport_cpp.dir/rosidl_typesupport_cpp/turtle_controller/msg/directional_distance__type_support.cpp.o[0m
[21.130s] [ 16%] [32m[1mLinking CXX shared library libturtle_controller__rosidl_typesupport_cpp.so[0m
[21.192s] [ 16%] Built target turtle_controller__rosidl_typesupport_cpp
[21.228s] [ 17%] [34m[1mGenerating C++ type support for eProsima Fast-RTPS[0m
[21.660s] [ 19%] [32mBuilding CXX object CMakeFiles/turtle_controller__rosidl_typesupport_fastrtps_cpp.dir/rosidl_typesupport_fastrtps_cpp/turtle_controller/msg/detail/dds_fastrtps/robot_status__type_support.cpp.o[0m
[22.075s] [ 20%] [32mBuilding CXX object CMakeFiles/turtle_controller__rosidl_typesupport_fastrtps_cpp.dir/rosidl_typesupport_fastrtps_cpp/turtle_controller/msg/detail/dds_fastrtps/robot_cmd__type_support.cpp.o[0m
[22.776s] [ 22%] [32mBuilding CXX object CMakeFiles/turtle_controller__rosidl_typesupport_fastrtps_cpp.dir/rosidl_typesupport_fastrtps_cpp/turtle_controller/msg/detail/dds_fastrtps/directional_distance__type_support.cpp.o[0m
[23.132s] [ 24%] [32m[1mLinking CXX shared library libturtle_controller__rosidl_typesupport_fastrtps_cpp.so[0m
[23.206s] [ 24%] Built target turtle_controller__rosidl_typesupport_fastrtps_cpp
[23.225s] [ 25%] [34m[1mGenerating C++ introspection for ROS interfaces[0m
[23.494s] [ 27%] [32mBuilding CXX object CMakeFiles/turtle_controller__rosidl_typesupport_introspection_cpp.dir/rosidl_typesupport_introspection_cpp/turtle_controller/msg/detail/robot_status__type_support.cpp.o[0m
[23.865s] [ 29%] [32mBuilding CXX object CMakeFiles/turtle_controller__rosidl_typesupport_introspection_cpp.dir/rosidl_typesupport_introspection_cpp/turtle_controller/msg/detail/robot_cmd__type_support.cpp.o[0m
[24.276s] [ 30%] [32mBuilding CXX object CMakeFiles/turtle_controller__rosidl_typesupport_introspection_cpp.dir/rosidl_typesupport_introspection_cpp/turtle_controller/msg/detail/directional_distance__type_support.cpp.o[0m
[24.682s] [ 32%] [32m[1mLinking CXX shared library libturtle_controller__rosidl_typesupport_introspection_cpp.so[0m
[24.880s] [ 32%] Built target turtle_controller__rosidl_typesupport_introspection_cpp
[24.931s] [ 33%] [32mBuilding CXX object CMakeFiles/controller_server_lib.dir/src/controller_server.cpp.o[0m
[39.453s] [ 35%] [32m[1mLinking CXX shared library libcontroller_server_lib.so[0m
[42.882s] [ 35%] Built target controller_server_lib
[42.935s] [ 37%] [32mBuilding CXX object CMakeFiles/keyboard_parser_lib.dir/src/keyboard_parser.cpp.o[0m
[53.540s] [ 38%] [32m[1mLinking CXX shared library libkeyboard_parser_lib.so[0m
[54.116s] [ 38%] Built target keyboard_parser_lib
[54.144s] [ 40%] [32mBuilding CXX object CMakeFiles/controller_server.dir/src/server_node.cpp.o[0m
[57.016s] [ 41%] [32m[1mLinking CXX executable controller_server[0m
[57.320s] [ 41%] Built target controller_server
[57.347s] [ 43%] [32mBuilding CXX object CMakeFiles/turtle_controller_test.dir/test/main.cpp.o[0m
[58.115s] [ 45%] [32mBuilding CXX object CMakeFiles/turtle_controller_test.dir/test/test_controller.cpp.o[0m
[61.151s] [ 46%] [32m[1mLinking CXX executable turtle_controller_test[0m
[61.515s] [ 46%] Built target turtle_controller_test
[61.540s] [ 48%] [32mBuilding CXX object CMakeFiles/keyboard_parser.dir/src/keyboard_parser_node.cpp.o[0m
[63.958s] [ 50%] [32m[1mLinking CXX executable keyboard_parser[0m
[64.151s] [ 50%] Built target keyboard_parser
[64.187s] [ 50%] Built target ament_cmake_python_copy_turtle_controller
[64.201s] [ 51%] [34m[1mGenerating C code for ROS interfaces[0m
[64.594s] [ 53%] [32mBuilding C object CMakeFiles/turtle_controller__rosidl_generator_c.dir/rosidl_generator_c/turtle_controller/msg/detail/robot_status__functions.c.o[0m
[64.668s] [ 54%] [32mBuilding C object CMakeFiles/turtle_controller__rosidl_generator_c.dir/rosidl_generator_c/turtle_controller/msg/detail/directional_distance__functions.c.o[0m
[64.712s] [ 56%] [32mBuilding C object CMakeFiles/turtle_controller__rosidl_generator_c.dir/rosidl_generator_c/turtle_controller/msg/detail/robot_cmd__functions.c.o[0m
[64.767s] [ 58%] [32m[1mLinking C shared library libturtle_controller__rosidl_generator_c.so[0m
[64.809s] [ 58%] Built target turtle_controller__rosidl_generator_c
[65.515s] running egg_info
[65.515s] creating turtle_controller.egg-info
[65.515s] writing turtle_controller.egg-info/PKG-INFO
[65.515s] writing dependency_links to turtle_controller.egg-info/dependency_links.txt
[65.515s] writing top-level names to turtle_controller.egg-info/top_level.txt
[65.515s] writing manifest file 'turtle_controller.egg-info/SOURCES.txt'
[65.519s] reading manifest file 'turtle_controller.egg-info/SOURCES.txt'
[65.519s] writing manifest file 'turtle_controller.egg-info/SOURCES.txt'
[65.542s] [ 58%] Built target ament_cmake_python_build_turtle_controller_egg
[65.554s] [ 59%] [34m[1mGenerating C type support dispatch for ROS interfaces[0m
[65.784s] [ 61%] [32mBuilding CXX object CMakeFiles/turtle_controller__rosidl_typesupport_c.dir/rosidl_typesupport_c/turtle_controller/msg/robot_status__type_support.cpp.o[0m
[65.820s] [ 62%] [32mBuilding CXX object CMakeFiles/turtle_controller__rosidl_typesupport_c.dir/rosidl_typesupport_c/turtle_controller/msg/robot_cmd__type_support.cpp.o[0m
[65.852s] [ 64%] [32mBuilding CXX object CMakeFiles/turtle_controller__rosidl_typesupport_c.dir/rosidl_typesupport_c/turtle_controller/msg/directional_distance__type_support.cpp.o[0m
[65.884s] [ 66%] [32m[1mLinking CXX shared library libturtle_controller__rosidl_typesupport_c.so[0m
[65.932s] [ 66%] Built target turtle_controller__rosidl_typesupport_c
[65.945s] [ 67%] [34m[1mGenerating C introspection for ROS interfaces[0m
[66.232s] [ 69%] [32mBuilding C object CMakeFiles/turtle_controller__rosidl_typesupport_introspection_c.dir/rosidl_typesupport_introspection_c/turtle_controller/msg/detail/robot_status__type_support.c.o[0m
[66.275s] [ 70%] [32mBuilding C object CMakeFiles/turtle_controller__rosidl_typesupport_introspection_c.dir/rosidl_typesupport_introspection_c/turtle_controller/msg/detail/directional_distance__type_support.c.o[0m
[66.312s] [ 72%] [32mBuilding C object CMakeFiles/turtle_controller__rosidl_typesupport_introspection_c.dir/rosidl_typesupport_introspection_c/turtle_controller/msg/detail/robot_cmd__type_support.c.o[0m
[66.350s] [ 74%] [32m[1mLinking C shared library libturtle_controller__rosidl_typesupport_introspection_c.so[0m
[66.386s] [ 74%] Built target turtle_controller__rosidl_typesupport_introspection_c
[66.400s] [ 75%] [34m[1mGenerating C type support for eProsima Fast-RTPS[0m
[66.694s] [ 77%] [32mBuilding CXX object CMakeFiles/turtle_controller__rosidl_typesupport_fastrtps_c.dir/rosidl_typesupport_fastrtps_c/turtle_controller/msg/detail/robot_status__type_support_c.cpp.o[0m
[66.949s] [ 79%] [32mBuilding CXX object CMakeFiles/turtle_controller__rosidl_typesupport_fastrtps_c.dir/rosidl_typesupport_fastrtps_c/turtle_controller/msg/detail/directional_distance__type_support_c.cpp.o[0m
[67.182s] [ 80%] [32mBuilding CXX object CMakeFiles/turtle_controller__rosidl_typesupport_fastrtps_c.dir/rosidl_typesupport_fastrtps_c/turtle_controller/msg/detail/robot_cmd__type_support_c.cpp.o[0m
[67.427s] [ 82%] [32m[1mLinking CXX shared library libturtle_controller__rosidl_typesupport_fastrtps_c.so[0m
[67.494s] [ 82%] Built target turtle_controller__rosidl_typesupport_fastrtps_c
[67.521s] [ 82%] Built target turtle_controller
[67.547s] [ 83%] [34m[1mGenerating Python code for ROS interfaces[0m
[67.990s] [ 83%] Built target turtle_controller__py
[68.015s] [ 85%] [32mBuilding C object CMakeFiles/turtle_controller__rosidl_generator_py.dir/rosidl_generator_py/turtle_controller/msg/_robot_status_s.c.o[0m
[68.155s] [ 87%] [32mBuilding C object CMakeFiles/turtle_controller__rosidl_generator_py.dir/rosidl_generator_py/turtle_controller/msg/_directional_distance_s.c.o[0m
[68.241s] [ 88%] [32mBuilding C object CMakeFiles/turtle_controller__rosidl_generator_py.dir/rosidl_generator_py/turtle_controller/msg/_robot_cmd_s.c.o[0m
[68.325s] [ 90%] [32m[1mLinking C shared library rosidl_generator_py/turtle_controller/libturtle_controller__rosidl_generator_py.so[0m
[68.369s] [ 90%] Built target turtle_controller__rosidl_generator_py
[68.400s] [ 91%] [32mBuilding C object CMakeFiles/turtle_controller__rosidl_typesupport_fastrtps_c__pyext.dir/rosidl_generator_py/turtle_controller/_turtle_controller_s.ep.rosidl_typesupport_fastrtps_c.c.o[0m
[68.494s] [ 93%] [32m[1mLinking C shared library rosidl_generator_py/turtle_controller/turtle_controller_s__rosidl_typesupport_fastrtps_c.cpython-310-x86_64-linux-gnu.so[0m
[68.531s] [ 93%] Built target turtle_controller__rosidl_typesupport_fastrtps_c__pyext
[68.557s] [ 95%] [32mBuilding C object CMakeFiles/turtle_controller__rosidl_typesupport_c__pyext.dir/rosidl_generator_py/turtle_controller/_turtle_controller_s.ep.rosidl_typesupport_c.c.o[0m
[68.638s] [ 96%] [32m[1mLinking C shared library rosidl_generator_py/turtle_controller/turtle_controller_s__rosidl_typesupport_c.cpython-310-x86_64-linux-gnu.so[0m
[68.676s] [ 96%] Built target turtle_controller__rosidl_typesupport_c__pyext
[68.701s] [ 98%] [32mBuilding C object CMakeFiles/turtle_controller__rosidl_typesupport_introspection_c__pyext.dir/rosidl_generator_py/turtle_controller/_turtle_controller_s.ep.rosidl_typesupport_introspection_c.c.o[0m
[68.779s] [100%] [32m[1mLinking C shared library rosidl_generator_py/turtle_controller/turtle_controller_s__rosidl_typesupport_introspection_c.cpython-310-x86_64-linux-gnu.so[0m
[68.814s] [100%] Built target turtle_controller__rosidl_typesupport_introspection_c__pyext
[68.830s] Invoked command in '/home/aula-robotica/ros_ws/build/turtle_controller' returned '0': AMENT_PREFIX_PATH=/home/aula-robotica/ros_ws/install/keyboard_msgs:${AMENT_PREFIX_PATH} CMAKE_PREFIX_PATH=/home/aula-robotica/ros_ws/install/keyboard_msgs:/opt/ros/humble LD_LIBRARY_PATH=/home/aula-robotica/ros_ws/install/keyboard_msgs/lib:/usr/lib/x86_64-linux-gnu/gazebo-11/plugins:/opt/ros/humble/opt/rviz_ogre_vendor/lib:/opt/ros/humble/lib/x86_64-linux-gnu:/opt/ros/humble/lib:/usr/share/gazebo/../../lib/x86_64-linux-gnu/gazebo-11/plugins PYTHONPATH=/home/aula-robotica/ros_ws/install/keyboard_msgs/local/lib/python3.10/dist-packages:${PYTHONPATH} /usr/bin/cmake --build /home/aula-robotica/ros_ws/build/turtle_controller -- -j4 -l4
[68.831s] Invoking command in '/home/aula-robotica/ros_ws/build/turtle_controller': AMENT_PREFIX_PATH=/home/aula-robotica/ros_ws/install/keyboard_msgs:${AMENT_PREFIX_PATH} CMAKE_PREFIX_PATH=/home/aula-robotica/ros_ws/install/keyboard_msgs:/opt/ros/humble LD_LIBRARY_PATH=/home/aula-robotica/ros_ws/install/keyboard_msgs/lib:/usr/lib/x86_64-linux-gnu/gazebo-11/plugins:/opt/ros/humble/opt/rviz_ogre_vendor/lib:/opt/ros/humble/lib/x86_64-linux-gnu:/opt/ros/humble/lib:/usr/share/gazebo/../../lib/x86_64-linux-gnu/gazebo-11/plugins PYTHONPATH=/home/aula-robotica/ros_ws/install/keyboard_msgs/local/lib/python3.10/dist-packages:${PYTHONPATH} /usr/bin/cmake --install /home/aula-robotica/ros_ws/build/turtle_controller
[68.840s] -- Install configuration: ""
[68.840s] -- Installing: /home/aula-robotica/ros_ws/install/turtle_controller/share/ament_index/resource_index/rosidl_interfaces/turtle_controller
[68.840s] -- Installing: /home/aula-robotica/ros_ws/install/turtle_controller/include/turtle_controller/turtle_controller
[68.841s] -- Installing: /home/aula-robotica/ros_ws/install/turtle_controller/include/turtle_controller/turtle_controller/msg
[68.841s] -- Installing: /home/aula-robotica/ros_ws/install/turtle_controller/include/turtle_controller/turtle_controller/msg/directional_distance.h
[68.841s] -- Installing: /home/aula-robotica/ros_ws/install/turtle_controller/include/turtle_controller/turtle_controller/msg/robot_cmd.h
[68.841s] -- Installing: /home/aula-robotica/ros_ws/install/turtle_controller/include/turtle_controller/turtle_controller/msg/detail
[68.841s] -- Installing: /home/aula-robotica/ros_ws/install/turtle_controller/include/turtle_controller/turtle_controller/msg/detail/robot_cmd__struct.h
[68.841s] -- Installing: /home/aula-robotica/ros_ws/install/turtle_controller/include/turtle_controller/turtle_controller/msg/detail/robot_cmd__type_support.h
[68.841s] -- Installing: /home/aula-robotica/ros_ws/install/turtle_controller/include/turtle_controller/turtle_controller/msg/detail/directional_distance__type_support.h
[68.841s] -- Installing: /home/aula-robotica/ros_ws/install/turtle_controller/include/turtle_controller/turtle_controller/msg/detail/directional_distance__struct.h
[68.841s] -- Installing: /home/aula-robotica/ros_ws/install/turtle_controller/include/turtle_controller/turtle_controller/msg/detail/robot_status__struct.h
[68.842s] -- Installing: /home/aula-robotica/ros_ws/install/turtle_controller/include/turtle_controller/turtle_controller/msg/detail/directional_distance__functions.h
[68.842s] -- Installing: /home/aula-robotica/ros_ws/install/turtle_controller/include/turtle_controller/turtle_controller/msg/detail/robot_status__functions.c
[68.842s] -- Installing: /home/aula-robotica/ros_ws/install/turtle_controller/include/turtle_controller/turtle_controller/msg/detail/robot_status__type_support.h
[68.842s] -- Installing: /home/aula-robotica/ros_ws/install/turtle_controller/include/turtle_controller/turtle_controller/msg/detail/directional_distance__functions.c
[68.842s] -- Installing: /home/aula-robotica/ros_ws/install/turtle_controller/include/turtle_controller/turtle_controller/msg/detail/robot_status__functions.h
[68.842s] -- Installing: /home/aula-robotica/ros_ws/install/turtle_controller/include/turtle_controller/turtle_controller/msg/detail/robot_cmd__functions.c
[68.842s] -- Installing: /home/aula-robotica/ros_ws/install/turtle_controller/include/turtle_controller/turtle_controller/msg/detail/robot_cmd__functions.h
[68.842s] -- Installing: /home/aula-robotica/ros_ws/install/turtle_controller/include/turtle_controller/turtle_controller/msg/rosidl_generator_c__visibility_control.h
[68.842s] -- Installing: /home/aula-robotica/ros_ws/install/turtle_controller/include/turtle_controller/turtle_controller/msg/robot_status.h
[68.843s] -- Installing: /home/aula-robotica/ros_ws/install/turtle_controller/share/turtle_controller/environment/library_path.sh
[68.843s] -- Installing: /home/aula-robotica/ros_ws/install/turtle_controller/share/turtle_controller/environment/library_path.dsv
[68.844s] -- Installing: /home/aula-robotica/ros_ws/install/turtle_controller/lib/libturtle_controller__rosidl_generator_c.so
[68.844s] -- Set runtime path of "/home/aula-robotica/ros_ws/install/turtle_controller/lib/libturtle_controller__rosidl_generator_c.so" to ""
[68.844s] -- Up-to-date: /home/aula-robotica/ros_ws/install/turtle_controller/include/turtle_controller/turtle_controller
[68.845s] -- Up-to-date: /home/aula-robotica/ros_ws/install/turtle_controller/include/turtle_controller/turtle_controller/msg
[68.845s] -- Up-to-date: /home/aula-robotica/ros_ws/install/turtle_controller/include/turtle_controller/turtle_controller/msg/detail
[68.845s] -- Installing: /home/aula-robotica/ros_ws/install/turtle_controller/include/turtle_controller/turtle_controller/msg/detail/robot_cmd__rosidl_typesupport_fastrtps_c.h
[68.845s] -- Installing: /home/aula-robotica/ros_ws/install/turtle_controller/include/turtle_controller/turtle_controller/msg/detail/robot_status__rosidl_typesupport_fastrtps_c.h
[68.845s] -- Installing: /home/aula-robotica/ros_ws/install/turtle_controller/include/turtle_controller/turtle_controller/msg/detail/directional_distance__rosidl_typesupport_fastrtps_c.h
[68.845s] -- Installing: /home/aula-robotica/ros_ws/install/turtle_controller/include/turtle_controller/turtle_controller/msg/rosidl_typesupport_fastrtps_c__visibility_control.h
[68.845s] -- Installing: /home/aula-robotica/ros_ws/install/turtle_controller/lib/libturtle_controller__rosidl_typesupport_fastrtps_c.so
[68.846s] -- Set runtime path of "/home/aula-robotica/ros_ws/install/turtle_controller/lib/libturtle_controller__rosidl_typesupport_fastrtps_c.so" to ""
[68.846s] -- Up-to-date: /home/aula-robotica/ros_ws/install/turtle_controller/include/turtle_controller/turtle_controller
[68.846s] -- Up-to-date: /home/aula-robotica/ros_ws/install/turtle_controller/include/turtle_controller/turtle_controller/msg
[68.846s] -- Installing: /home/aula-robotica/ros_ws/install/turtle_controller/include/turtle_controller/turtle_controller/msg/rosidl_generator_cpp__visibility_control.hpp
[68.846s] -- Installing: /home/aula-robotica/ros_ws/install/turtle_controller/include/turtle_controller/turtle_controller/msg/directional_distance.hpp
[68.846s] -- Up-to-date: /home/aula-robotica/ros_ws/install/turtle_controller/include/turtle_controller/turtle_controller/msg/detail
[68.847s] -- Installing: /home/aula-robotica/ros_ws/install/turtle_controller/include/turtle_controller/turtle_controller/msg/detail/directional_distance__struct.hpp
[68.847s] -- Installing: /home/aula-robotica/ros_ws/install/turtle_controller/include/turtle_controller/turtle_controller/msg/detail/directional_distance__type_support.hpp
[68.847s] -- Installing: /home/aula-robotica/ros_ws/install/turtle_controller/include/turtle_controller/turtle_controller/msg/detail/robot_status__builder.hpp
[68.847s] -- Installing: /home/aula-robotica/ros_ws/install/turtle_controller/include/turtle_controller/turtle_controller/msg/detail/robot_status__type_support.hpp
[68.847s] -- Installing: /home/aula-robotica/ros_ws/install/turtle_controller/include/turtle_controller/turtle_controller/msg/detail/robot_status__struct.hpp
[68.847s] -- Installing: /home/aula-robotica/ros_ws/install/turtle_controller/include/turtle_controller/turtle_controller/msg/detail/robot_cmd__struct.hpp
[68.847s] -- Installing: /home/aula-robotica/ros_ws/install/turtle_controller/include/turtle_controller/turtle_controller/msg/detail/directional_distance__traits.hpp
[68.847s] -- Installing: /home/aula-robotica/ros_ws/install/turtle_controller/include/turtle_controller/turtle_controller/msg/detail/robot_cmd__traits.hpp
[68.847s] -- Installing: /home/aula-robotica/ros_ws/install/turtle_controller/include/turtle_controller/turtle_controller/msg/detail/robot_cmd__type_support.hpp
[68.847s] -- Installing: /home/aula-robotica/ros_ws/install/turtle_controller/include/turtle_controller/turtle_controller/msg/detail/robot_status__traits.hpp
[68.847s] -- Installing: /home/aula-robotica/ros_ws/install/turtle_controller/include/turtle_controller/turtle_controller/msg/detail/robot_cmd__builder.hpp
[68.848s] -- Installing: /home/aula-robotica/ros_ws/install/turtle_controller/include/turtle_controller/turtle_controller/msg/detail/directional_distance__builder.hpp
[68.848s] -- Installing: /home/aula-robotica/ros_ws/install/turtle_controller/include/turtle_controller/turtle_controller/msg/robot_status.hpp
[68.848s] -- Installing: /home/aula-robotica/ros_ws/install/turtle_controller/include/turtle_controller/turtle_controller/msg/robot_cmd.hpp
[68.848s] -- Up-to-date: /home/aula-robotica/ros_ws/install/turtle_controller/include/turtle_controller/turtle_controller
[68.848s] -- Up-to-date: /home/aula-robotica/ros_ws/install/turtle_controller/include/turtle_controller/turtle_controller/msg
[68.848s] -- Installing: /home/aula-robotica/ros_ws/install/turtle_controller/include/turtle_controller/turtle_controller/msg/rosidl_typesupport_fastrtps_cpp__visibility_control.h
[68.848s] -- Up-to-date: /home/aula-robotica/ros_ws/install/turtle_controller/include/turtle_controller/turtle_controller/msg/detail
[68.848s] -- Installing: /home/aula-robotica/ros_ws/install/turtle_controller/include/turtle_controller/turtle_controller/msg/detail/robot_cmd__rosidl_typesupport_fastrtps_cpp.hpp
[68.848s] -- Installing: /home/aula-robotica/ros_ws/install/turtle_controller/include/turtle_controller/turtle_controller/msg/detail/directional_distance__rosidl_typesupport_fastrtps_cpp.hpp
[68.849s] -- Installing: /home/aula-robotica/ros_ws/install/turtle_controller/include/turtle_controller/turtle_controller/msg/detail/robot_status__rosidl_typesupport_fastrtps_cpp.hpp
[68.849s] -- Installing: /home/aula-robotica/ros_ws/install/turtle_controller/include/turtle_controller/turtle_controller/msg/detail/dds_fastrtps
[68.849s] -- Installing: /home/aula-robotica/ros_ws/install/turtle_controller/lib/libturtle_controller__rosidl_typesupport_fastrtps_cpp.so
[68.849s] -- Set runtime path of "/home/aula-robotica/ros_ws/install/turtle_controller/lib/libturtle_controller__rosidl_typesupport_fastrtps_cpp.so" to ""
[68.849s] -- Up-to-date: /home/aula-robotica/ros_ws/install/turtle_controller/include/turtle_controller/turtle_controller
[68.849s] -- Up-to-date: /home/aula-robotica/ros_ws/install/turtle_controller/include/turtle_controller/turtle_controller/msg
[68.849s] -- Installing: /home/aula-robotica/ros_ws/install/turtle_controller/include/turtle_controller/turtle_controller/msg/rosidl_typesupport_introspection_c__visibility_control.h
[68.849s] -- Up-to-date: /home/aula-robotica/ros_ws/install/turtle_controller/include/turtle_controller/turtle_controller/msg/detail
[68.849s] -- Installing: /home/aula-robotica/ros_ws/install/turtle_controller/include/turtle_controller/turtle_controller/msg/detail/robot_status__rosidl_typesupport_introspection_c.h
[68.850s] -- Installing: /home/aula-robotica/ros_ws/install/turtle_controller/include/turtle_controller/turtle_controller/msg/detail/directional_distance__rosidl_typesupport_introspection_c.h
[68.850s] -- Installing: /home/aula-robotica/ros_ws/install/turtle_controller/include/turtle_controller/turtle_controller/msg/detail/robot_cmd__rosidl_typesupport_introspection_c.h
[68.850s] -- Installing: /home/aula-robotica/ros_ws/install/turtle_controller/include/turtle_controller/turtle_controller/msg/detail/directional_distance__type_support.c
[68.850s] -- Installing: /home/aula-robotica/ros_ws/install/turtle_controller/include/turtle_controller/turtle_controller/msg/detail/robot_cmd__type_support.c
[68.850s] -- Installing: /home/aula-robotica/ros_ws/install/turtle_controller/include/turtle_controller/turtle_controller/msg/detail/robot_status__type_support.c
[68.850s] -- Installing: /home/aula-robotica/ros_ws/install/turtle_controller/lib/libturtle_controller__rosidl_typesupport_introspection_c.so
[68.850s] -- Set runtime path of "/home/aula-robotica/ros_ws/install/turtle_controller/lib/libturtle_controller__rosidl_typesupport_introspection_c.so" to ""
[68.850s] -- Installing: /home/aula-robotica/ros_ws/install/turtle_controller/lib/libturtle_controller__rosidl_typesupport_c.so
[68.850s] -- Set runtime path of "/home/aula-robotica/ros_ws/install/turtle_controller/lib/libturtle_controller__rosidl_typesupport_c.so" to ""
[68.850s] -- Up-to-date: /home/aula-robotica/ros_ws/install/turtle_controller/include/turtle_controller/turtle_controller
[68.850s] -- Up-to-date: /home/aula-robotica/ros_ws/install/turtle_controller/include/turtle_controller/turtle_controller/msg
[68.850s] -- Up-to-date: /home/aula-robotica/ros_ws/install/turtle_controller/include/turtle_controller/turtle_controller/msg/detail
[68.850s] -- Installing: /home/aula-robotica/ros_ws/install/turtle_controller/include/turtle_controller/turtle_controller/msg/detail/robot_status__type_support.cpp
[68.850s] -- Installing: /home/aula-robotica/ros_ws/install/turtle_controller/include/turtle_controller/turtle_controller/msg/detail/directional_distance__rosidl_typesupport_introspection_cpp.hpp
[68.850s] -- Installing: /home/aula-robotica/ros_ws/install/turtle_controller/include/turtle_controller/turtle_controller/msg/detail/robot_cmd__type_support.cpp
[68.851s] -- Installing: /home/aula-robotica/ros_ws/install/turtle_controller/include/turtle_controller/turtle_controller/msg/detail/robot_cmd__rosidl_typesupport_introspection_cpp.hpp
[68.851s] -- Installing: /home/aula-robotica/ros_ws/install/turtle_controller/include/turtle_controller/turtle_controller/msg/detail/directional_distance__type_support.cpp
[68.851s] -- Installing: /home/aula-robotica/ros_ws/install/turtle_controller/include/turtle_controller/turtle_controller/msg/detail/robot_status__rosidl_typesupport_introspection_cpp.hpp
[68.851s] -- Installing: /home/aula-robotica/ros_ws/install/turtle_controller/lib/libturtle_controller__rosidl_typesupport_introspection_cpp.so
[68.851s] -- Set runtime path of "/home/aula-robotica/ros_ws/install/turtle_controller/lib/libturtle_controller__rosidl_typesupport_introspection_cpp.so" to ""
[68.851s] -- Installing: /home/aula-robotica/ros_ws/install/turtle_controller/lib/libturtle_controller__rosidl_typesupport_cpp.so
[68.851s] -- Set runtime path of "/home/aula-robotica/ros_ws/install/turtle_controller/lib/libturtle_controller__rosidl_typesupport_cpp.so" to ""
[68.851s] -- Installing: /home/aula-robotica/ros_ws/install/turtle_controller/share/turtle_controller/environment/pythonpath.sh
[68.851s] -- Installing: /home/aula-robotica/ros_ws/install/turtle_controller/share/turtle_controller/environment/pythonpath.dsv
[68.851s] -- Installing: /home/aula-robotica/ros_ws/install/turtle_controller/local/lib/python3.10/dist-packages/turtle_controller-0.0.0-py3.10.egg-info
[68.852s] -- Installing: /home/aula-robotica/ros_ws/install/turtle_controller/local/lib/python3.10/dist-packages/turtle_controller-0.0.0-py3.10.egg-info/PKG-INFO
[68.852s] -- Installing: /home/aula-robotica/ros_ws/install/turtle_controller/local/lib/python3.10/dist-packages/turtle_controller-0.0.0-py3.10.egg-info/dependency_links.txt
[68.852s] -- Installing: /home/aula-robotica/ros_ws/install/turtle_controller/local/lib/python3.10/dist-packages/turtle_controller-0.0.0-py3.10.egg-info/top_level.txt
[68.852s] -- Installing: /home/aula-robotica/ros_ws/install/turtle_controller/local/lib/python3.10/dist-packages/turtle_controller-0.0.0-py3.10.egg-info/SOURCES.txt
[68.852s] -- Installing: /home/aula-robotica/ros_ws/install/turtle_controller/local/lib/python3.10/dist-packages/turtle_controller
[68.852s] -- Installing: /home/aula-robotica/ros_ws/install/turtle_controller/local/lib/python3.10/dist-packages/turtle_controller/_turtle_controller_s.ep.rosidl_typesupport_c.c
[68.852s] -- Installing: /home/aula-robotica/ros_ws/install/turtle_controller/local/lib/python3.10/dist-packages/turtle_controller/_turtle_controller_s.ep.rosidl_typesupport_introspection_c.c
[68.852s] -- Installing: /home/aula-robotica/ros_ws/install/turtle_controller/local/lib/python3.10/dist-packages/turtle_controller/__init__.py
[68.852s] -- Installing: /home/aula-robotica/ros_ws/install/turtle_controller/local/lib/python3.10/dist-packages/turtle_controller/turtle_controller_s__rosidl_typesupport_introspection_c.cpython-310-x86_64-linux-gnu.so
[68.853s] -- Installing: /home/aula-robotica/ros_ws/install/turtle_controller/local/lib/python3.10/dist-packages/turtle_controller/turtle_controller_s__rosidl_typesupport_fastrtps_c.cpython-310-x86_64-linux-gnu.so
[68.853s] -- Installing: /home/aula-robotica/ros_ws/install/turtle_controller/local/lib/python3.10/dist-packages/turtle_controller/libturtle_controller__rosidl_generator_py.so
[68.853s] -- Installing: /home/aula-robotica/ros_ws/install/turtle_controller/local/lib/python3.10/dist-packages/turtle_controller/msg
[68.853s] -- Installing: /home/aula-robotica/ros_ws/install/turtle_controller/local/lib/python3.10/dist-packages/turtle_controller/msg/_robot_status_s.c
[68.853s] -- Installing: /home/aula-robotica/ros_ws/install/turtle_controller/local/lib/python3.10/dist-packages/turtle_controller/msg/_robot_cmd_s.c
[68.853s] -- Installing: /home/aula-robotica/ros_ws/install/turtle_controller/local/lib/python3.10/dist-packages/turtle_controller/msg/_directional_distance_s.c
[68.853s] -- Installing: /home/aula-robotica/ros_ws/install/turtle_controller/local/lib/python3.10/dist-packages/turtle_controller/msg/_robot_cmd.py
[68.854s] -- Installing: /home/aula-robotica/ros_ws/install/turtle_controller/local/lib/python3.10/dist-packages/turtle_controller/msg/__init__.py
[68.854s] -- Installing: /home/aula-robotica/ros_ws/install/turtle_controller/local/lib/python3.10/dist-packages/turtle_controller/msg/_directional_distance.py
[68.854s] -- Installing: /home/aula-robotica/ros_ws/install/turtle_controller/local/lib/python3.10/dist-packages/turtle_controller/msg/_robot_status.py
[68.854s] -- Installing: /home/aula-robotica/ros_ws/install/turtle_controller/local/lib/python3.10/dist-packages/turtle_controller/turtle_controller_s__rosidl_typesupport_c.cpython-310-x86_64-linux-gnu.so
[68.854s] -- Installing: /home/aula-robotica/ros_ws/install/turtle_controller/local/lib/python3.10/dist-packages/turtle_controller/_turtle_controller_s.ep.rosidl_typesupport_fastrtps_c.c
[68.887s] Listing '/home/aula-robotica/ros_ws/install/turtle_controller/local/lib/python3.10/dist-packages/turtle_controller'...
[68.887s] Compiling '/home/aula-robotica/ros_ws/install/turtle_controller/local/lib/python3.10/dist-packages/turtle_controller/__init__.py'...
[68.887s] Listing '/home/aula-robotica/ros_ws/install/turtle_controller/local/lib/python3.10/dist-packages/turtle_controller/msg'...
[68.887s] Compiling '/home/aula-robotica/ros_ws/install/turtle_controller/local/lib/python3.10/dist-packages/turtle_controller/msg/__init__.py'...
[68.887s] Compiling '/home/aula-robotica/ros_ws/install/turtle_controller/local/lib/python3.10/dist-packages/turtle_controller/msg/_directional_distance.py'...
[68.887s] Compiling '/home/aula-robotica/ros_ws/install/turtle_controller/local/lib/python3.10/dist-packages/turtle_controller/msg/_robot_cmd.py'...
[68.887s] Compiling '/home/aula-robotica/ros_ws/install/turtle_controller/local/lib/python3.10/dist-packages/turtle_controller/msg/_robot_status.py'...
[68.891s] -- Installing: /home/aula-robotica/ros_ws/install/turtle_controller/local/lib/python3.10/dist-packages/turtle_controller/turtle_controller_s__rosidl_typesupport_fastrtps_c.cpython-310-x86_64-linux-gnu.so
[68.891s] -- Set runtime path of "/home/aula-robotica/ros_ws/install/turtle_controller/local/lib/python3.10/dist-packages/turtle_controller/turtle_controller_s__rosidl_typesupport_fastrtps_c.cpython-310-x86_64-linux-gnu.so" to ""
[68.892s] -- Installing: /home/aula-robotica/ros_ws/install/turtle_controller/local/lib/python3.10/dist-packages/turtle_controller/turtle_controller_s__rosidl_typesupport_introspection_c.cpython-310-x86_64-linux-gnu.so
[68.892s] -- Set runtime path of "/home/aula-robotica/ros_ws/install/turtle_controller/local/lib/python3.10/dist-packages/turtle_controller/turtle_controller_s__rosidl_typesupport_introspection_c.cpython-310-x86_64-linux-gnu.so" to ""
[68.892s] -- Installing: /home/aula-robotica/ros_ws/install/turtle_controller/local/lib/python3.10/dist-packages/turtle_controller/turtle_controller_s__rosidl_typesupport_c.cpython-310-x86_64-linux-gnu.so
[68.892s] -- Set runtime path of "/home/aula-robotica/ros_ws/install/turtle_controller/local/lib/python3.10/dist-packages/turtle_controller/turtle_controller_s__rosidl_typesupport_c.cpython-310-x86_64-linux-gnu.so" to ""
[68.892s] -- Installing: /home/aula-robotica/ros_ws/install/turtle_controller/lib/libturtle_controller__rosidl_generator_py.so
[68.893s] -- Set runtime path of "/home/aula-robotica/ros_ws/install/turtle_controller/lib/libturtle_controller__rosidl_generator_py.so" to ""
[68.893s] -- Installing: /home/aula-robotica/ros_ws/install/turtle_controller/share/turtle_controller/msg/RobotStatus.idl
[68.893s] -- Installing: /home/aula-robotica/ros_ws/install/turtle_controller/share/turtle_controller/msg/RobotCmd.idl
[68.893s] -- Installing: /home/aula-robotica/ros_ws/install/turtle_controller/share/turtle_controller/msg/DirectionalDistance.idl
[68.893s] -- Installing: /home/aula-robotica/ros_ws/install/turtle_controller/share/turtle_controller/msg/RobotStatus.msg
[68.894s] -- Installing: /home/aula-robotica/ros_ws/install/turtle_controller/share/turtle_controller/msg/RobotCmd.msg
[68.895s] -- Installing: /home/aula-robotica/ros_ws/install/turtle_controller/share/turtle_controller/msg/DirectionalDistance.msg
[68.895s] -- Up-to-date: /home/aula-robotica/ros_ws/install/turtle_controller/include/turtle_controller
[68.895s] -- Installing: /home/aula-robotica/ros_ws/install/turtle_controller/include/turtle_controller/controller_server.hpp
[68.895s] -- Installing: /home/aula-robotica/ros_ws/install/turtle_controller/include/turtle_controller/keyboard_parser.hpp
[68.895s] -- Installing: /home/aula-robotica/ros_ws/install/turtle_controller/lib/turtle_controller/controller_server
[68.896s] -- Set runtime path of "/home/aula-robotica/ros_ws/install/turtle_controller/lib/turtle_controller/controller_server" to ""
[68.896s] -- Installing: /home/aula-robotica/ros_ws/install/turtle_controller/lib/turtle_controller/keyboard_parser
[68.896s] -- Set runtime path of "/home/aula-robotica/ros_ws/install/turtle_controller/lib/turtle_controller/keyboard_parser" to ""
[68.896s] -- Installing: /home/aula-robotica/ros_ws/install/turtle_controller/lib/libcontroller_server_lib.so
[68.905s] -- Set runtime path of "/home/aula-robotica/ros_ws/install/turtle_controller/lib/libcontroller_server_lib.so" to ""
[68.905s] -- Installing: /home/aula-robotica/ros_ws/install/turtle_controller/lib/libkeyboard_parser_lib.so
[68.912s] -- Set runtime path of "/home/aula-robotica/ros_ws/install/turtle_controller/lib/libkeyboard_parser_lib.so" to ""
[68.912s] -- Installing: /home/aula-robotica/ros_ws/install/turtle_controller/lib/turtle_controller/controller_base.py
[68.913s] -- Installing: /home/aula-robotica/ros_ws/install/turtle_controller/lib/turtle_controller/controller_scape.py
[68.914s] -- Installing: /home/aula-robotica/ros_ws/install/turtle_controller/share/turtle_controller//launch
[68.914s] -- Installing: /home/aula-robotica/ros_ws/install/turtle_controller/share/turtle_controller//launch/keyboard_control_launch.py
[68.915s] -- Installing: /home/aula-robotica/ros_ws/install/turtle_controller/share/turtle_controller//launch/square_scape_launch.py
[68.915s] -- Installing: /home/aula-robotica/ros_ws/install/turtle_controller/share/turtle_controller//worlds
[68.916s] -- Installing: /home/aula-robotica/ros_ws/install/turtle_controller/share/turtle_controller//worlds/square_pass.world
[68.917s] -- Installing: /home/aula-robotica/ros_ws/install/turtle_controller/lib/turtle_controller/turtle_controller_test
[68.918s] -- Set runtime path of "/home/aula-robotica/ros_ws/install/turtle_controller/lib/turtle_controller/turtle_controller_test" to ""
[68.918s] -- Installing: /home/aula-robotica/ros_ws/install/turtle_controller/share/ament_index/resource_index/package_run_dependencies/turtle_controller
[68.918s] -- Installing: /home/aula-robotica/ros_ws/install/turtle_controller/share/ament_index/resource_index/parent_prefix_path/turtle_controller
[68.918s] -- Installing: /home/aula-robotica/ros_ws/install/turtle_controller/share/turtle_controller/environment/ament_prefix_path.sh
[68.918s] -- Installing: /home/aula-robotica/ros_ws/install/turtle_controller/share/turtle_controller/environment/ament_prefix_path.dsv
[68.919s] -- Installing: /home/aula-robotica/ros_ws/install/turtle_controller/share/turtle_controller/environment/path.sh
[68.919s] -- Installing: /home/aula-robotica/ros_ws/install/turtle_controller/share/turtle_controller/environment/path.dsv
[68.922s] -- Installing: /home/aula-robotica/ros_ws/install/turtle_controller/share/turtle_controller/local_setup.bash
[68.922s] -- Installing: /home/aula-robotica/ros_ws/install/turtle_controller/share/turtle_controller/local_setup.sh
[68.922s] -- Installing: /home/aula-robotica/ros_ws/install/turtle_controller/share/turtle_controller/local_setup.zsh
[68.923s] -- Installing: /home/aula-robotica/ros_ws/install/turtle_controller/share/turtle_controller/local_setup.dsv
[68.923s] -- Installing: /home/aula-robotica/ros_ws/install/turtle_controller/share/turtle_controller/package.dsv
[68.923s] -- Installing: /home/aula-robotica/ros_ws/install/turtle_controller/share/ament_index/resource_index/packages/turtle_controller
[68.923s] -- Installing: /home/aula-robotica/ros_ws/install/turtle_controller/share/turtle_controller/cmake/export_turtle_controller__rosidl_generator_cExport.cmake
[68.923s] -- Installing: /home/aula-robotica/ros_ws/install/turtle_controller/share/turtle_controller/cmake/export_turtle_controller__rosidl_generator_cExport-noconfig.cmake
[68.923s] -- Installing: /home/aula-robotica/ros_ws/install/turtle_controller/share/turtle_controller/cmake/export_turtle_controller__rosidl_typesupport_fastrtps_cExport.cmake
[68.923s] -- Installing: /home/aula-robotica/ros_ws/install/turtle_controller/share/turtle_controller/cmake/export_turtle_controller__rosidl_typesupport_fastrtps_cExport-noconfig.cmake
[68.923s] -- Installing: /home/aula-robotica/ros_ws/install/turtle_controller/share/turtle_controller/cmake/export_turtle_controller__rosidl_generator_cppExport.cmake
[68.923s] -- Installing: /home/aula-robotica/ros_ws/install/turtle_controller/share/turtle_controller/cmake/export_turtle_controller__rosidl_typesupport_fastrtps_cppExport.cmake
[68.923s] -- Installing: /home/aula-robotica/ros_ws/install/turtle_controller/share/turtle_controller/cmake/export_turtle_controller__rosidl_typesupport_fastrtps_cppExport-noconfig.cmake
[68.923s] -- Installing: /home/aula-robotica/ros_ws/install/turtle_controller/share/turtle_controller/cmake/turtle_controller__rosidl_typesupport_introspection_cExport.cmake
[68.923s] -- Installing: /home/aula-robotica/ros_ws/install/turtle_controller/share/turtle_controller/cmake/turtle_controller__rosidl_typesupport_introspection_cExport-noconfig.cmake
[68.923s] -- Installing: /home/aula-robotica/ros_ws/install/turtle_controller/share/turtle_controller/cmake/turtle_controller__rosidl_typesupport_cExport.cmake
[68.923s] -- Installing: /home/aula-robotica/ros_ws/install/turtle_controller/share/turtle_controller/cmake/turtle_controller__rosidl_typesupport_cExport-noconfig.cmake
[68.923s] -- Installing: /home/aula-robotica/ros_ws/install/turtle_controller/share/turtle_controller/cmake/turtle_controller__rosidl_typesupport_introspection_cppExport.cmake
[68.923s] -- Installing: /home/aula-robotica/ros_ws/install/turtle_controller/share/turtle_controller/cmake/turtle_controller__rosidl_typesupport_introspection_cppExport-noconfig.cmake
[68.923s] -- Installing: /home/aula-robotica/ros_ws/install/turtle_controller/share/turtle_controller/cmake/turtle_controller__rosidl_typesupport_cppExport.cmake
[68.923s] -- Installing: /home/aula-robotica/ros_ws/install/turtle_controller/share/turtle_controller/cmake/turtle_controller__rosidl_typesupport_cppExport-noconfig.cmake
[68.923s] -- Installing: /home/aula-robotica/ros_ws/install/turtle_controller/share/turtle_controller/cmake/export_turtle_controller__rosidl_generator_pyExport.cmake
[68.923s] -- Installing: /home/aula-robotica/ros_ws/install/turtle_controller/share/turtle_controller/cmake/export_turtle_controller__rosidl_generator_pyExport-noconfig.cmake
[68.923s] -- Installing: /home/aula-robotica/ros_ws/install/turtle_controller/share/turtle_controller/cmake/export_targetsExport.cmake
[68.923s] -- Installing: /home/aula-robotica/ros_ws/install/turtle_controller/share/turtle_controller/cmake/export_targetsExport-noconfig.cmake
[68.923s] -- Installing: /home/aula-robotica/ros_ws/install/turtle_controller/share/turtle_controller/cmake/rosidl_cmake-extras.cmake
[68.923s] -- Installing: /home/aula-robotica/ros_ws/install/turtle_controller/share/turtle_controller/cmake/ament_cmake_export_include_directories-extras.cmake
[68.923s] -- Installing: /home/aula-robotica/ros_ws/install/turtle_controller/share/turtle_controller/cmake/ament_cmake_export_libraries-extras.cmake
[68.923s] -- Installing: /home/aula-robotica/ros_ws/install/turtle_controller/share/turtle_controller/cmake/ament_cmake_export_targets-extras.cmake
[68.923s] -- Installing: /home/aula-robotica/ros_ws/install/turtle_controller/share/turtle_controller/cmake/rosidl_cmake_export_typesupport_targets-extras.cmake
[68.923s] -- Installing: /home/aula-robotica/ros_ws/install/turtle_controller/share/turtle_controller/cmake/ament_cmake_export_dependencies-extras.cmake
[68.923s] -- Installing: /home/aula-robotica/ros_ws/install/turtle_controller/share/turtle_controller/cmake/rosidl_cmake_export_typesupport_libraries-extras.cmake
[68.923s] -- Installing: /home/aula-robotica/ros_ws/install/turtle_controller/share/turtle_controller/cmake/turtle_controllerConfig.cmake
[68.924s] -- Installing: /home/aula-robotica/ros_ws/install/turtle_controller/share/turtle_controller/cmake/turtle_controllerConfig-version.cmake
[68.924s] -- Installing: /home/aula-robotica/ros_ws/install/turtle_controller/share/turtle_controller/package.xml
[68.927s] Invoked command in '/home/aula-robotica/ros_ws/build/turtle_controller' returned '0': AMENT_PREFIX_PATH=/home/aula-robotica/ros_ws/install/keyboard_msgs:${AMENT_PREFIX_PATH} CMAKE_PREFIX_PATH=/home/aula-robotica/ros_ws/install/keyboard_msgs:/opt/ros/humble LD_LIBRARY_PATH=/home/aula-robotica/ros_ws/install/keyboard_msgs/lib:/usr/lib/x86_64-linux-gnu/gazebo-11/plugins:/opt/ros/humble/opt/rviz_ogre_vendor/lib:/opt/ros/humble/lib/x86_64-linux-gnu:/opt/ros/humble/lib:/usr/share/gazebo/../../lib/x86_64-linux-gnu/gazebo-11/plugins PYTHONPATH=/home/aula-robotica/ros_ws/install/keyboard_msgs/local/lib/python3.10/dist-packages:${PYTHONPATH} /usr/bin/cmake --install /home/aula-robotica/ros_ws/build/turtle_controller
