[0.059s] Invoking command in '/home/aula-robotica/ros_ws/build/turtle_controller': CMAKE_PREFIX_PATH=/home/aula-robotica/ros_ws/install/keyboard_msgs:/home/aula-robotica/ros_ws/install/turtlebot3_simulations:/home/aula-robotica/ros_ws/install/turtlebot3_gazebo:/home/aula-robotica/ros_ws/install/turtlebot3_fake_node:/home/aula-robotica/ros_ws/install/turtle_controller:/home/aula-robotica/ros_ws/install/robotica_movel:/home/aula-robotica/ros_ws/install/keyboard:/home/aula-robotica/ros_ws/install/andino_slam:/home/aula-robotica/ros_ws/install/andino_navigation:/home/aula-robotica/ros_ws/install/andino_hardware:/home/aula-robotica/ros_ws/install/andino_apps:/home/aula-robotica/ros_ws/install/andino_gz_classic:/home/aula-robotica/ros_ws/install/andino_firmware:/home/aula-robotica/ros_ws/install/andino_bringup:/home/aula-robotica/ros_ws/install/andino_control:/home/aula-robotica/ros_ws/install/andino_description:/home/aula-robotica/ros_ws/install/andino_base:/opt/ros/humble LD_LIBRARY_PATH=/home/aula-robotica/ros_ws/install/keyboard_msgs/lib:/home/aula-robotica/ros_ws/install/turtle_controller/lib:/home/aula-robotica/ros_ws/install/andino_base/lib:/usr/lib/x86_64-linux-gnu/gazebo-11/plugins:/opt/ros/humble/opt/rviz_ogre_vendor/lib:/opt/ros/humble/lib/x86_64-linux-gnu:/opt/ros/humble/lib:/usr/share/gazebo/../../lib/x86_64-linux-gnu/gazebo-11/plugins /usr/bin/cmake --build /home/aula-robotica/ros_ws/build/turtle_controller -- -j4 -l4
[0.161s] [35m[1mConsolidate compiler generated dependencies of target gtest_main[0m
[0.161s] [35m[1mConsolidate compiler generated dependencies of target turtle_controller__rosidl_generator_c[0m
[0.161s] [  3%] Built target gtest_main
[0.173s] [  4%] Built target turtle_controller__cpp
[0.214s] [ 12%] Built target turtle_controller__rosidl_generator_c
[0.215s] [35m[1mConsolidate compiler generated dependencies of target turtle_controller__rosidl_typesupport_cpp[0m
[0.215s] [35m[1mConsolidate compiler generated dependencies of target gtest[0m
[0.215s] [ 12%] Built target ament_cmake_python_copy_turtle_controller
[0.217s] [35m[1mConsolidate compiler generated dependencies of target turtle_controller__rosidl_typesupport_fastrtps_cpp[0m
[0.226s] [ 20%] Built target turtle_controller__rosidl_typesupport_cpp
[0.229s] [ 24%] Built target gtest
[0.293s] [35m[1mConsolidate compiler generated dependencies of target turtle_controller__rosidl_typesupport_introspection_c[0m
[0.293s] [ 32%] Built target turtle_controller__rosidl_typesupport_fastrtps_cpp
[0.293s] [35m[1mConsolidate compiler generated dependencies of target turtle_controller__rosidl_typesupport_c[0m
[0.293s] [35m[1mConsolidate compiler generated dependencies of target turtle_controller__rosidl_typesupport_introspection_cpp[0m
[0.314s] [ 40%] Built target turtle_controller__rosidl_typesupport_introspection_cpp
[0.331s] [ 48%] Built target turtle_controller__rosidl_typesupport_introspection_c
[0.357s] [ 56%] Built target turtle_controller__rosidl_typesupport_c
[0.359s] [35m[1mConsolidate compiler generated dependencies of target controller_server_lib[0m
[0.406s] [35m[1mConsolidate compiler generated dependencies of target keyboard_parser_lib[0m
[0.412s] [35m[1mConsolidate compiler generated dependencies of target turtle_controller__rosidl_typesupport_fastrtps_c[0m
[0.412s] [ 59%] Built target keyboard_parser_lib
[0.415s] [ 62%] Built target controller_server_lib
[0.426s] [ 70%] Built target turtle_controller__rosidl_typesupport_fastrtps_c
[0.453s] [35m[1mConsolidate compiler generated dependencies of target controller_server[0m
[0.489s] [35m[1mConsolidate compiler generated dependencies of target keyboard_parser[0m
[0.489s] [35m[1mConsolidate compiler generated dependencies of target turtle_controller_test[0m
[0.534s] [ 74%] Built target keyboard_parser
[0.534s] [ 77%] Built target controller_server
[0.534s] [ 82%] Built target turtle_controller_test
[0.583s] [ 82%] Built target turtle_controller
[0.631s] [ 83%] Built target turtle_controller__py
[0.652s] [35m[1mConsolidate compiler generated dependencies of target turtle_controller__rosidl_generator_py[0m
[0.659s] running egg_info
[0.659s] writing turtle_controller.egg-info/PKG-INFO
[0.662s] writing dependency_links to turtle_controller.egg-info/dependency_links.txt
[0.664s] writing top-level names to turtle_controller.egg-info/top_level.txt
[0.674s] reading manifest file 'turtle_controller.egg-info/SOURCES.txt'
[0.674s] writing manifest file 'turtle_controller.egg-info/SOURCES.txt'
[0.685s] [ 90%] Built target turtle_controller__rosidl_generator_py
[0.701s] [35m[1mConsolidate compiler generated dependencies of target turtle_controller__rosidl_typesupport_fastrtps_c__pyext[0m
[0.701s] [35m[1mConsolidate compiler generated dependencies of target turtle_controller__rosidl_typesupport_c__pyext[0m
[0.701s] [ 90%] Built target ament_cmake_python_build_turtle_controller_egg
[0.701s] [35m[1mConsolidate compiler generated dependencies of target turtle_controller__rosidl_typesupport_introspection_c__pyext[0m
[0.715s] [ 93%] Built target turtle_controller__rosidl_typesupport_fastrtps_c__pyext
[0.716s] [ 96%] Built target turtle_controller__rosidl_typesupport_introspection_c__pyext
[0.716s] [100%] Built target turtle_controller__rosidl_typesupport_c__pyext
[0.729s] Invoked command in '/home/aula-robotica/ros_ws/build/turtle_controller' returned '0': CMAKE_PREFIX_PATH=/home/aula-robotica/ros_ws/install/keyboard_msgs:/home/aula-robotica/ros_ws/install/turtlebot3_simulations:/home/aula-robotica/ros_ws/install/turtlebot3_gazebo:/home/aula-robotica/ros_ws/install/turtlebot3_fake_node:/home/aula-robotica/ros_ws/install/turtle_controller:/home/aula-robotica/ros_ws/install/robotica_movel:/home/aula-robotica/ros_ws/install/keyboard:/home/aula-robotica/ros_ws/install/andino_slam:/home/aula-robotica/ros_ws/install/andino_navigation:/home/aula-robotica/ros_ws/install/andino_hardware:/home/aula-robotica/ros_ws/install/andino_apps:/home/aula-robotica/ros_ws/install/andino_gz_classic:/home/aula-robotica/ros_ws/install/andino_firmware:/home/aula-robotica/ros_ws/install/andino_bringup:/home/aula-robotica/ros_ws/install/andino_control:/home/aula-robotica/ros_ws/install/andino_description:/home/aula-robotica/ros_ws/install/andino_base:/opt/ros/humble LD_LIBRARY_PATH=/home/aula-robotica/ros_ws/install/keyboard_msgs/lib:/home/aula-robotica/ros_ws/install/turtle_controller/lib:/home/aula-robotica/ros_ws/install/andino_base/lib:/usr/lib/x86_64-linux-gnu/gazebo-11/plugins:/opt/ros/humble/opt/rviz_ogre_vendor/lib:/opt/ros/humble/lib/x86_64-linux-gnu:/opt/ros/humble/lib:/usr/share/gazebo/../../lib/x86_64-linux-gnu/gazebo-11/plugins /usr/bin/cmake --build /home/aula-robotica/ros_ws/build/turtle_controller -- -j4 -l4
[0.731s] Invoking command in '/home/aula-robotica/ros_ws/build/turtle_controller': CMAKE_PREFIX_PATH=/home/aula-robotica/ros_ws/install/keyboard_msgs:/home/aula-robotica/ros_ws/install/turtlebot3_simulations:/home/aula-robotica/ros_ws/install/turtlebot3_gazebo:/home/aula-robotica/ros_ws/install/turtlebot3_fake_node:/home/aula-robotica/ros_ws/install/turtle_controller:/home/aula-robotica/ros_ws/install/robotica_movel:/home/aula-robotica/ros_ws/install/keyboard:/home/aula-robotica/ros_ws/install/andino_slam:/home/aula-robotica/ros_ws/install/andino_navigation:/home/aula-robotica/ros_ws/install/andino_hardware:/home/aula-robotica/ros_ws/install/andino_apps:/home/aula-robotica/ros_ws/install/andino_gz_classic:/home/aula-robotica/ros_ws/install/andino_firmware:/home/aula-robotica/ros_ws/install/andino_bringup:/home/aula-robotica/ros_ws/install/andino_control:/home/aula-robotica/ros_ws/install/andino_description:/home/aula-robotica/ros_ws/install/andino_base:/opt/ros/humble LD_LIBRARY_PATH=/home/aula-robotica/ros_ws/install/keyboard_msgs/lib:/home/aula-robotica/ros_ws/install/turtle_controller/lib:/home/aula-robotica/ros_ws/install/andino_base/lib:/usr/lib/x86_64-linux-gnu/gazebo-11/plugins:/opt/ros/humble/opt/rviz_ogre_vendor/lib:/opt/ros/humble/lib/x86_64-linux-gnu:/opt/ros/humble/lib:/usr/share/gazebo/../../lib/x86_64-linux-gnu/gazebo-11/plugins /usr/bin/cmake --install /home/aula-robotica/ros_ws/build/turtle_controller
[0.739s] -- Install configuration: ""
[0.739s] -- Up-to-date: /home/aula-robotica/ros_ws/install/turtle_controller/share/ament_index/resource_index/rosidl_interfaces/turtle_controller
[0.739s] -- Up-to-date: /home/aula-robotica/ros_ws/install/turtle_controller/include/turtle_controller/turtle_controller
[0.739s] -- Up-to-date: /home/aula-robotica/ros_ws/install/turtle_controller/include/turtle_controller/turtle_controller/msg
[0.739s] -- Up-to-date: /home/aula-robotica/ros_ws/install/turtle_controller/include/turtle_controller/turtle_controller/msg/directional_distance.h
[0.739s] -- Up-to-date: /home/aula-robotica/ros_ws/install/turtle_controller/include/turtle_controller/turtle_controller/msg/robot_cmd.h
[0.740s] -- Up-to-date: /home/aula-robotica/ros_ws/install/turtle_controller/include/turtle_controller/turtle_controller/msg/detail
[0.740s] -- Up-to-date: /home/aula-robotica/ros_ws/install/turtle_controller/include/turtle_controller/turtle_controller/msg/detail/robot_cmd__struct.h
[0.740s] -- Up-to-date: /home/aula-robotica/ros_ws/install/turtle_controller/include/turtle_controller/turtle_controller/msg/detail/robot_cmd__type_support.h
[0.740s] -- Up-to-date: /home/aula-robotica/ros_ws/install/turtle_controller/include/turtle_controller/turtle_controller/msg/detail/directional_distance__type_support.h
[0.740s] -- Up-to-date: /home/aula-robotica/ros_ws/install/turtle_controller/include/turtle_controller/turtle_controller/msg/detail/directional_distance__struct.h
[0.740s] -- Up-to-date: /home/aula-robotica/ros_ws/install/turtle_controller/include/turtle_controller/turtle_controller/msg/detail/robot_status__struct.h
[0.740s] -- Up-to-date: /home/aula-robotica/ros_ws/install/turtle_controller/include/turtle_controller/turtle_controller/msg/detail/directional_distance__functions.h
[0.740s] -- Up-to-date: /home/aula-robotica/ros_ws/install/turtle_controller/include/turtle_controller/turtle_controller/msg/detail/robot_status__functions.c
[0.741s] -- Up-to-date: /home/aula-robotica/ros_ws/install/turtle_controller/include/turtle_controller/turtle_controller/msg/detail/robot_status__type_support.h
[0.741s] -- Up-to-date: /home/aula-robotica/ros_ws/install/turtle_controller/include/turtle_controller/turtle_controller/msg/detail/directional_distance__functions.c
[0.741s] -- Up-to-date: /home/aula-robotica/ros_ws/install/turtle_controller/include/turtle_controller/turtle_controller/msg/detail/robot_status__functions.h
[0.741s] -- Up-to-date: /home/aula-robotica/ros_ws/install/turtle_controller/include/turtle_controller/turtle_controller/msg/detail/robot_cmd__functions.c
[0.741s] -- Up-to-date: /home/aula-robotica/ros_ws/install/turtle_controller/include/turtle_controller/turtle_controller/msg/detail/robot_cmd__functions.h
[0.741s] -- Up-to-date: /home/aula-robotica/ros_ws/install/turtle_controller/include/turtle_controller/turtle_controller/msg/rosidl_generator_c__visibility_control.h
[0.741s] -- Up-to-date: /home/aula-robotica/ros_ws/install/turtle_controller/include/turtle_controller/turtle_controller/msg/robot_status.h
[0.741s] -- Up-to-date: /home/aula-robotica/ros_ws/install/turtle_controller/share/turtle_controller/environment/library_path.sh
[0.742s] -- Up-to-date: /home/aula-robotica/ros_ws/install/turtle_controller/share/turtle_controller/environment/library_path.dsv
[0.742s] -- Up-to-date: /home/aula-robotica/ros_ws/install/turtle_controller/lib/libturtle_controller__rosidl_generator_c.so
[0.742s] -- Up-to-date: /home/aula-robotica/ros_ws/install/turtle_controller/include/turtle_controller/turtle_controller
[0.742s] -- Up-to-date: /home/aula-robotica/ros_ws/install/turtle_controller/include/turtle_controller/turtle_controller/msg
[0.742s] -- Up-to-date: /home/aula-robotica/ros_ws/install/turtle_controller/include/turtle_controller/turtle_controller/msg/detail
[0.742s] -- Up-to-date: /home/aula-robotica/ros_ws/install/turtle_controller/include/turtle_controller/turtle_controller/msg/detail/robot_cmd__rosidl_typesupport_fastrtps_c.h
[0.742s] -- Up-to-date: /home/aula-robotica/ros_ws/install/turtle_controller/include/turtle_controller/turtle_controller/msg/detail/robot_status__rosidl_typesupport_fastrtps_c.h
[0.743s] -- Up-to-date: /home/aula-robotica/ros_ws/install/turtle_controller/include/turtle_controller/turtle_controller/msg/detail/directional_distance__rosidl_typesupport_fastrtps_c.h
[0.743s] -- Up-to-date: /home/aula-robotica/ros_ws/install/turtle_controller/include/turtle_controller/turtle_controller/msg/rosidl_typesupport_fastrtps_c__visibility_control.h
[0.743s] -- Up-to-date: /home/aula-robotica/ros_ws/install/turtle_controller/lib/libturtle_controller__rosidl_typesupport_fastrtps_c.so
[0.743s] -- Up-to-date: /home/aula-robotica/ros_ws/install/turtle_controller/include/turtle_controller/turtle_controller
[0.743s] -- Up-to-date: /home/aula-robotica/ros_ws/install/turtle_controller/include/turtle_controller/turtle_controller/msg
[0.743s] -- Up-to-date: /home/aula-robotica/ros_ws/install/turtle_controller/include/turtle_controller/turtle_controller/msg/rosidl_generator_cpp__visibility_control.hpp
[0.743s] -- Up-to-date: /home/aula-robotica/ros_ws/install/turtle_controller/include/turtle_controller/turtle_controller/msg/directional_distance.hpp
[0.743s] -- Up-to-date: /home/aula-robotica/ros_ws/install/turtle_controller/include/turtle_controller/turtle_controller/msg/detail
[0.743s] -- Up-to-date: /home/aula-robotica/ros_ws/install/turtle_controller/include/turtle_controller/turtle_controller/msg/detail/directional_distance__struct.hpp
[0.744s] -- Up-to-date: /home/aula-robotica/ros_ws/install/turtle_controller/include/turtle_controller/turtle_controller/msg/detail/directional_distance__type_support.hpp
[0.744s] -- Up-to-date: /home/aula-robotica/ros_ws/install/turtle_controller/include/turtle_controller/turtle_controller/msg/detail/robot_status__builder.hpp
[0.744s] -- Up-to-date: /home/aula-robotica/ros_ws/install/turtle_controller/include/turtle_controller/turtle_controller/msg/detail/robot_status__type_support.hpp
[0.744s] -- Up-to-date: /home/aula-robotica/ros_ws/install/turtle_controller/include/turtle_controller/turtle_controller/msg/detail/robot_status__struct.hpp
[0.744s] -- Up-to-date: /home/aula-robotica/ros_ws/install/turtle_controller/include/turtle_controller/turtle_controller/msg/detail/robot_cmd__struct.hpp
[0.744s] -- Up-to-date: /home/aula-robotica/ros_ws/install/turtle_controller/include/turtle_controller/turtle_controller/msg/detail/directional_distance__traits.hpp
[0.744s] -- Up-to-date: /home/aula-robotica/ros_ws/install/turtle_controller/include/turtle_controller/turtle_controller/msg/detail/robot_cmd__traits.hpp
[0.744s] -- Up-to-date: /home/aula-robotica/ros_ws/install/turtle_controller/include/turtle_controller/turtle_controller/msg/detail/robot_cmd__type_support.hpp
[0.744s] -- Up-to-date: /home/aula-robotica/ros_ws/install/turtle_controller/include/turtle_controller/turtle_controller/msg/detail/robot_status__traits.hpp
[0.744s] -- Up-to-date: /home/aula-robotica/ros_ws/install/turtle_controller/include/turtle_controller/turtle_controller/msg/detail/robot_cmd__builder.hpp
[0.744s] -- Up-to-date: /home/aula-robotica/ros_ws/install/turtle_controller/include/turtle_controller/turtle_controller/msg/detail/directional_distance__builder.hpp
[0.744s] -- Up-to-date: /home/aula-robotica/ros_ws/install/turtle_controller/include/turtle_controller/turtle_controller/msg/robot_status.hpp
[0.744s] -- Up-to-date: /home/aula-robotica/ros_ws/install/turtle_controller/include/turtle_controller/turtle_controller/msg/robot_cmd.hpp
[0.744s] -- Up-to-date: /home/aula-robotica/ros_ws/install/turtle_controller/include/turtle_controller/turtle_controller
[0.744s] -- Up-to-date: /home/aula-robotica/ros_ws/install/turtle_controller/include/turtle_controller/turtle_controller/msg
[0.744s] -- Up-to-date: /home/aula-robotica/ros_ws/install/turtle_controller/include/turtle_controller/turtle_controller/msg/rosidl_typesupport_fastrtps_cpp__visibility_control.h
[0.744s] -- Up-to-date: /home/aula-robotica/ros_ws/install/turtle_controller/include/turtle_controller/turtle_controller/msg/detail
[0.744s] -- Up-to-date: /home/aula-robotica/ros_ws/install/turtle_controller/include/turtle_controller/turtle_controller/msg/detail/robot_cmd__rosidl_typesupport_fastrtps_cpp.hpp
[0.744s] -- Up-to-date: /home/aula-robotica/ros_ws/install/turtle_controller/include/turtle_controller/turtle_controller/msg/detail/directional_distance__rosidl_typesupport_fastrtps_cpp.hpp
[0.744s] -- Up-to-date: /home/aula-robotica/ros_ws/install/turtle_controller/include/turtle_controller/turtle_controller/msg/detail/robot_status__rosidl_typesupport_fastrtps_cpp.hpp
[0.744s] -- Up-to-date: /home/aula-robotica/ros_ws/install/turtle_controller/include/turtle_controller/turtle_controller/msg/detail/dds_fastrtps
[0.744s] -- Up-to-date: /home/aula-robotica/ros_ws/install/turtle_controller/lib/libturtle_controller__rosidl_typesupport_fastrtps_cpp.so
[0.744s] -- Up-to-date: /home/aula-robotica/ros_ws/install/turtle_controller/include/turtle_controller/turtle_controller
[0.744s] -- Up-to-date: /home/aula-robotica/ros_ws/install/turtle_controller/include/turtle_controller/turtle_controller/msg
[0.744s] -- Up-to-date: /home/aula-robotica/ros_ws/install/turtle_controller/include/turtle_controller/turtle_controller/msg/rosidl_typesupport_introspection_c__visibility_control.h
[0.744s] -- Up-to-date: /home/aula-robotica/ros_ws/install/turtle_controller/include/turtle_controller/turtle_controller/msg/detail
[0.744s] -- Up-to-date: /home/aula-robotica/ros_ws/install/turtle_controller/include/turtle_controller/turtle_controller/msg/detail/robot_status__rosidl_typesupport_introspection_c.h
[0.744s] -- Up-to-date: /home/aula-robotica/ros_ws/install/turtle_controller/include/turtle_controller/turtle_controller/msg/detail/directional_distance__rosidl_typesupport_introspection_c.h
[0.744s] -- Up-to-date: /home/aula-robotica/ros_ws/install/turtle_controller/include/turtle_controller/turtle_controller/msg/detail/robot_cmd__rosidl_typesupport_introspection_c.h
[0.744s] -- Up-to-date: /home/aula-robotica/ros_ws/install/turtle_controller/include/turtle_controller/turtle_controller/msg/detail/directional_distance__type_support.c
[0.745s] -- Up-to-date: /home/aula-robotica/ros_ws/install/turtle_controller/include/turtle_controller/turtle_controller/msg/detail/robot_cmd__type_support.c
[0.745s] -- Up-to-date: /home/aula-robotica/ros_ws/install/turtle_controller/include/turtle_controller/turtle_controller/msg/detail/robot_status__type_support.c
[0.745s] -- Up-to-date: /home/aula-robotica/ros_ws/install/turtle_controller/lib/libturtle_controller__rosidl_typesupport_introspection_c.so
[0.745s] -- Up-to-date: /home/aula-robotica/ros_ws/install/turtle_controller/lib/libturtle_controller__rosidl_typesupport_c.so
[0.745s] -- Up-to-date: /home/aula-robotica/ros_ws/install/turtle_controller/include/turtle_controller/turtle_controller
[0.745s] -- Up-to-date: /home/aula-robotica/ros_ws/install/turtle_controller/include/turtle_controller/turtle_controller/msg
[0.745s] -- Up-to-date: /home/aula-robotica/ros_ws/install/turtle_controller/include/turtle_controller/turtle_controller/msg/detail
[0.745s] -- Up-to-date: /home/aula-robotica/ros_ws/install/turtle_controller/include/turtle_controller/turtle_controller/msg/detail/robot_status__type_support.cpp
[0.745s] -- Up-to-date: /home/aula-robotica/ros_ws/install/turtle_controller/include/turtle_controller/turtle_controller/msg/detail/directional_distance__rosidl_typesupport_introspection_cpp.hpp
[0.745s] -- Up-to-date: /home/aula-robotica/ros_ws/install/turtle_controller/include/turtle_controller/turtle_controller/msg/detail/robot_cmd__type_support.cpp
[0.745s] -- Up-to-date: /home/aula-robotica/ros_ws/install/turtle_controller/include/turtle_controller/turtle_controller/msg/detail/robot_cmd__rosidl_typesupport_introspection_cpp.hpp
[0.745s] -- Up-to-date: /home/aula-robotica/ros_ws/install/turtle_controller/include/turtle_controller/turtle_controller/msg/detail/directional_distance__type_support.cpp
[0.745s] -- Up-to-date: /home/aula-robotica/ros_ws/install/turtle_controller/include/turtle_controller/turtle_controller/msg/detail/robot_status__rosidl_typesupport_introspection_cpp.hpp
[0.745s] -- Up-to-date: /home/aula-robotica/ros_ws/install/turtle_controller/lib/libturtle_controller__rosidl_typesupport_introspection_cpp.so
[0.745s] -- Up-to-date: /home/aula-robotica/ros_ws/install/turtle_controller/lib/libturtle_controller__rosidl_typesupport_cpp.so
[0.745s] -- Up-to-date: /home/aula-robotica/ros_ws/install/turtle_controller/share/turtle_controller/environment/pythonpath.sh
[0.745s] -- Up-to-date: /home/aula-robotica/ros_ws/install/turtle_controller/share/turtle_controller/environment/pythonpath.dsv
[0.745s] -- Up-to-date: /home/aula-robotica/ros_ws/install/turtle_controller/local/lib/python3.10/dist-packages/turtle_controller-0.0.0-py3.10.egg-info
[0.745s] -- Installing: /home/aula-robotica/ros_ws/install/turtle_controller/local/lib/python3.10/dist-packages/turtle_controller-0.0.0-py3.10.egg-info/PKG-INFO
[0.745s] -- Installing: /home/aula-robotica/ros_ws/install/turtle_controller/local/lib/python3.10/dist-packages/turtle_controller-0.0.0-py3.10.egg-info/dependency_links.txt
[0.745s] -- Installing: /home/aula-robotica/ros_ws/install/turtle_controller/local/lib/python3.10/dist-packages/turtle_controller-0.0.0-py3.10.egg-info/top_level.txt
[0.745s] -- Installing: /home/aula-robotica/ros_ws/install/turtle_controller/local/lib/python3.10/dist-packages/turtle_controller-0.0.0-py3.10.egg-info/SOURCES.txt
[0.745s] -- Up-to-date: /home/aula-robotica/ros_ws/install/turtle_controller/local/lib/python3.10/dist-packages/turtle_controller
[0.745s] -- Up-to-date: /home/aula-robotica/ros_ws/install/turtle_controller/local/lib/python3.10/dist-packages/turtle_controller/_turtle_controller_s.ep.rosidl_typesupport_c.c
[0.745s] -- Up-to-date: /home/aula-robotica/ros_ws/install/turtle_controller/local/lib/python3.10/dist-packages/turtle_controller/_turtle_controller_s.ep.rosidl_typesupport_introspection_c.c
[0.745s] -- Up-to-date: /home/aula-robotica/ros_ws/install/turtle_controller/local/lib/python3.10/dist-packages/turtle_controller/__init__.py
[0.745s] -- Up-to-date: /home/aula-robotica/ros_ws/install/turtle_controller/local/lib/python3.10/dist-packages/turtle_controller/turtle_controller_s__rosidl_typesupport_introspection_c.cpython-310-x86_64-linux-gnu.so
[0.745s] -- Up-to-date: /home/aula-robotica/ros_ws/install/turtle_controller/local/lib/python3.10/dist-packages/turtle_controller/turtle_controller_s__rosidl_typesupport_fastrtps_c.cpython-310-x86_64-linux-gnu.so
[0.745s] -- Up-to-date: /home/aula-robotica/ros_ws/install/turtle_controller/local/lib/python3.10/dist-packages/turtle_controller/libturtle_controller__rosidl_generator_py.so
[0.746s] -- Up-to-date: /home/aula-robotica/ros_ws/install/turtle_controller/local/lib/python3.10/dist-packages/turtle_controller/msg
[0.746s] -- Up-to-date: /home/aula-robotica/ros_ws/install/turtle_controller/local/lib/python3.10/dist-packages/turtle_controller/msg/_robot_status_s.c
[0.746s] -- Up-to-date: /home/aula-robotica/ros_ws/install/turtle_controller/local/lib/python3.10/dist-packages/turtle_controller/msg/_robot_cmd_s.c
[0.746s] -- Up-to-date: /home/aula-robotica/ros_ws/install/turtle_controller/local/lib/python3.10/dist-packages/turtle_controller/msg/_directional_distance_s.c
[0.746s] -- Up-to-date: /home/aula-robotica/ros_ws/install/turtle_controller/local/lib/python3.10/dist-packages/turtle_controller/msg/_robot_cmd.py
[0.746s] -- Up-to-date: /home/aula-robotica/ros_ws/install/turtle_controller/local/lib/python3.10/dist-packages/turtle_controller/msg/__init__.py
[0.746s] -- Up-to-date: /home/aula-robotica/ros_ws/install/turtle_controller/local/lib/python3.10/dist-packages/turtle_controller/msg/_directional_distance.py
[0.746s] -- Up-to-date: /home/aula-robotica/ros_ws/install/turtle_controller/local/lib/python3.10/dist-packages/turtle_controller/msg/_robot_status.py
[0.746s] -- Up-to-date: /home/aula-robotica/ros_ws/install/turtle_controller/local/lib/python3.10/dist-packages/turtle_controller/turtle_controller_s__rosidl_typesupport_c.cpython-310-x86_64-linux-gnu.so
[0.746s] -- Up-to-date: /home/aula-robotica/ros_ws/install/turtle_controller/local/lib/python3.10/dist-packages/turtle_controller/_turtle_controller_s.ep.rosidl_typesupport_fastrtps_c.c
[0.781s] Listing '/home/aula-robotica/ros_ws/install/turtle_controller/local/lib/python3.10/dist-packages/turtle_controller'...
[0.781s] Listing '/home/aula-robotica/ros_ws/install/turtle_controller/local/lib/python3.10/dist-packages/turtle_controller/msg'...
[0.782s] -- Up-to-date: /home/aula-robotica/ros_ws/install/turtle_controller/local/lib/python3.10/dist-packages/turtle_controller/turtle_controller_s__rosidl_typesupport_fastrtps_c.cpython-310-x86_64-linux-gnu.so
[0.782s] -- Up-to-date: /home/aula-robotica/ros_ws/install/turtle_controller/local/lib/python3.10/dist-packages/turtle_controller/turtle_controller_s__rosidl_typesupport_introspection_c.cpython-310-x86_64-linux-gnu.so
[0.782s] -- Up-to-date: /home/aula-robotica/ros_ws/install/turtle_controller/local/lib/python3.10/dist-packages/turtle_controller/turtle_controller_s__rosidl_typesupport_c.cpython-310-x86_64-linux-gnu.so
[0.783s] -- Up-to-date: /home/aula-robotica/ros_ws/install/turtle_controller/lib/libturtle_controller__rosidl_generator_py.so
[0.783s] -- Up-to-date: /home/aula-robotica/ros_ws/install/turtle_controller/share/turtle_controller/msg/RobotStatus.idl
[0.783s] -- Up-to-date: /home/aula-robotica/ros_ws/install/turtle_controller/share/turtle_controller/msg/RobotCmd.idl
[0.783s] -- Up-to-date: /home/aula-robotica/ros_ws/install/turtle_controller/share/turtle_controller/msg/DirectionalDistance.idl
[0.783s] -- Up-to-date: /home/aula-robotica/ros_ws/install/turtle_controller/share/turtle_controller/msg/RobotStatus.msg
[0.783s] -- Up-to-date: /home/aula-robotica/ros_ws/install/turtle_controller/share/turtle_controller/msg/RobotCmd.msg
[0.784s] -- Up-to-date: /home/aula-robotica/ros_ws/install/turtle_controller/share/turtle_controller/msg/DirectionalDistance.msg
[0.784s] -- Up-to-date: /home/aula-robotica/ros_ws/install/turtle_controller/include/turtle_controller
[0.784s] -- Up-to-date: /home/aula-robotica/ros_ws/install/turtle_controller/include/turtle_controller/controller_server.hpp
[0.784s] -- Up-to-date: /home/aula-robotica/ros_ws/install/turtle_controller/include/turtle_controller/keyboard_parser.hpp
[0.784s] -- Up-to-date: /home/aula-robotica/ros_ws/install/turtle_controller/lib/turtle_controller/controller_server
[0.784s] -- Up-to-date: /home/aula-robotica/ros_ws/install/turtle_controller/lib/turtle_controller/keyboard_parser
[0.785s] -- Up-to-date: /home/aula-robotica/ros_ws/install/turtle_controller/lib/libcontroller_server_lib.so
[0.785s] -- Up-to-date: /home/aula-robotica/ros_ws/install/turtle_controller/lib/libkeyboard_parser_lib.so
[0.785s] -- Up-to-date: /home/aula-robotica/ros_ws/install/turtle_controller/lib/turtle_controller/controller_base.py
[0.785s] -- Up-to-date: /home/aula-robotica/ros_ws/install/turtle_controller/lib/turtle_controller/controller_scape.py
[0.785s] -- Up-to-date: /home/aula-robotica/ros_ws/install/turtle_controller/share/turtle_controller//launch
[0.785s] -- Up-to-date: /home/aula-robotica/ros_ws/install/turtle_controller/share/turtle_controller//launch/keyboard_control_launch.py
[0.785s] -- Up-to-date: /home/aula-robotica/ros_ws/install/turtle_controller/share/turtle_controller//launch/square_scape_launch.py
[0.786s] -- Up-to-date: /home/aula-robotica/ros_ws/install/turtle_controller/share/turtle_controller//worlds
[0.786s] -- Up-to-date: /home/aula-robotica/ros_ws/install/turtle_controller/share/turtle_controller//worlds/square_pass.world
[0.786s] -- Up-to-date: /home/aula-robotica/ros_ws/install/turtle_controller/lib/turtle_controller/turtle_controller_test
[0.786s] -- Up-to-date: /home/aula-robotica/ros_ws/install/turtle_controller/share/ament_index/resource_index/package_run_dependencies/turtle_controller
[0.786s] -- Up-to-date: /home/aula-robotica/ros_ws/install/turtle_controller/share/ament_index/resource_index/parent_prefix_path/turtle_controller
[0.786s] -- Up-to-date: /home/aula-robotica/ros_ws/install/turtle_controller/share/turtle_controller/environment/ament_prefix_path.sh
[0.786s] -- Up-to-date: /home/aula-robotica/ros_ws/install/turtle_controller/share/turtle_controller/environment/ament_prefix_path.dsv
[0.786s] -- Up-to-date: /home/aula-robotica/ros_ws/install/turtle_controller/share/turtle_controller/environment/path.sh
[0.786s] -- Up-to-date: /home/aula-robotica/ros_ws/install/turtle_controller/share/turtle_controller/environment/path.dsv
[0.786s] -- Up-to-date: /home/aula-robotica/ros_ws/install/turtle_controller/share/turtle_controller/local_setup.bash
[0.787s] -- Up-to-date: /home/aula-robotica/ros_ws/install/turtle_controller/share/turtle_controller/local_setup.sh
[0.787s] -- Up-to-date: /home/aula-robotica/ros_ws/install/turtle_controller/share/turtle_controller/local_setup.zsh
[0.787s] -- Up-to-date: /home/aula-robotica/ros_ws/install/turtle_controller/share/turtle_controller/local_setup.dsv
[0.787s] -- Installing: /home/aula-robotica/ros_ws/install/turtle_controller/share/turtle_controller/package.dsv
[0.787s] -- Up-to-date: /home/aula-robotica/ros_ws/install/turtle_controller/share/ament_index/resource_index/packages/turtle_controller
[0.787s] -- Up-to-date: /home/aula-robotica/ros_ws/install/turtle_controller/share/turtle_controller/cmake/export_turtle_controller__rosidl_generator_cExport.cmake
[0.787s] -- Up-to-date: /home/aula-robotica/ros_ws/install/turtle_controller/share/turtle_controller/cmake/export_turtle_controller__rosidl_generator_cExport-noconfig.cmake
[0.787s] -- Up-to-date: /home/aula-robotica/ros_ws/install/turtle_controller/share/turtle_controller/cmake/export_turtle_controller__rosidl_typesupport_fastrtps_cExport.cmake
[0.787s] -- Up-to-date: /home/aula-robotica/ros_ws/install/turtle_controller/share/turtle_controller/cmake/export_turtle_controller__rosidl_typesupport_fastrtps_cExport-noconfig.cmake
[0.787s] -- Up-to-date: /home/aula-robotica/ros_ws/install/turtle_controller/share/turtle_controller/cmake/export_turtle_controller__rosidl_generator_cppExport.cmake
[0.787s] -- Up-to-date: /home/aula-robotica/ros_ws/install/turtle_controller/share/turtle_controller/cmake/export_turtle_controller__rosidl_typesupport_fastrtps_cppExport.cmake
[0.787s] -- Up-to-date: /home/aula-robotica/ros_ws/install/turtle_controller/share/turtle_controller/cmake/export_turtle_controller__rosidl_typesupport_fastrtps_cppExport-noconfig.cmake
[0.787s] -- Up-to-date: /home/aula-robotica/ros_ws/install/turtle_controller/share/turtle_controller/cmake/turtle_controller__rosidl_typesupport_introspection_cExport.cmake
[0.787s] -- Up-to-date: /home/aula-robotica/ros_ws/install/turtle_controller/share/turtle_controller/cmake/turtle_controller__rosidl_typesupport_introspection_cExport-noconfig.cmake
[0.787s] -- Up-to-date: /home/aula-robotica/ros_ws/install/turtle_controller/share/turtle_controller/cmake/turtle_controller__rosidl_typesupport_cExport.cmake
[0.787s] -- Up-to-date: /home/aula-robotica/ros_ws/install/turtle_controller/share/turtle_controller/cmake/turtle_controller__rosidl_typesupport_cExport-noconfig.cmake
[0.787s] -- Up-to-date: /home/aula-robotica/ros_ws/install/turtle_controller/share/turtle_controller/cmake/turtle_controller__rosidl_typesupport_introspection_cppExport.cmake
[0.787s] -- Up-to-date: /home/aula-robotica/ros_ws/install/turtle_controller/share/turtle_controller/cmake/turtle_controller__rosidl_typesupport_introspection_cppExport-noconfig.cmake
[0.787s] -- Up-to-date: /home/aula-robotica/ros_ws/install/turtle_controller/share/turtle_controller/cmake/turtle_controller__rosidl_typesupport_cppExport.cmake
[0.787s] -- Up-to-date: /home/aula-robotica/ros_ws/install/turtle_controller/share/turtle_controller/cmake/turtle_controller__rosidl_typesupport_cppExport-noconfig.cmake
[0.787s] -- Up-to-date: /home/aula-robotica/ros_ws/install/turtle_controller/share/turtle_controller/cmake/export_turtle_controller__rosidl_generator_pyExport.cmake
[0.787s] -- Up-to-date: /home/aula-robotica/ros_ws/install/turtle_controller/share/turtle_controller/cmake/export_turtle_controller__rosidl_generator_pyExport-noconfig.cmake
[0.787s] -- Up-to-date: /home/aula-robotica/ros_ws/install/turtle_controller/share/turtle_controller/cmake/export_targetsExport.cmake
[0.787s] -- Up-to-date: /home/aula-robotica/ros_ws/install/turtle_controller/share/turtle_controller/cmake/export_targetsExport-noconfig.cmake
[0.787s] -- Up-to-date: /home/aula-robotica/ros_ws/install/turtle_controller/share/turtle_controller/cmake/rosidl_cmake-extras.cmake
[0.787s] -- Up-to-date: /home/aula-robotica/ros_ws/install/turtle_controller/share/turtle_controller/cmake/ament_cmake_export_include_directories-extras.cmake
[0.788s] -- Up-to-date: /home/aula-robotica/ros_ws/install/turtle_controller/share/turtle_controller/cmake/ament_cmake_export_libraries-extras.cmake
[0.788s] -- Up-to-date: /home/aula-robotica/ros_ws/install/turtle_controller/share/turtle_controller/cmake/ament_cmake_export_targets-extras.cmake
[0.788s] -- Up-to-date: /home/aula-robotica/ros_ws/install/turtle_controller/share/turtle_controller/cmake/rosidl_cmake_export_typesupport_targets-extras.cmake
[0.788s] -- Up-to-date: /home/aula-robotica/ros_ws/install/turtle_controller/share/turtle_controller/cmake/ament_cmake_export_dependencies-extras.cmake
[0.788s] -- Up-to-date: /home/aula-robotica/ros_ws/install/turtle_controller/share/turtle_controller/cmake/rosidl_cmake_export_typesupport_libraries-extras.cmake
[0.788s] -- Up-to-date: /home/aula-robotica/ros_ws/install/turtle_controller/share/turtle_controller/cmake/turtle_controllerConfig.cmake
[0.788s] -- Up-to-date: /home/aula-robotica/ros_ws/install/turtle_controller/share/turtle_controller/cmake/turtle_controllerConfig-version.cmake
[0.788s] -- Up-to-date: /home/aula-robotica/ros_ws/install/turtle_controller/share/turtle_controller/package.xml
[0.792s] Invoked command in '/home/aula-robotica/ros_ws/build/turtle_controller' returned '0': CMAKE_PREFIX_PATH=/home/aula-robotica/ros_ws/install/keyboard_msgs:/home/aula-robotica/ros_ws/install/turtlebot3_simulations:/home/aula-robotica/ros_ws/install/turtlebot3_gazebo:/home/aula-robotica/ros_ws/install/turtlebot3_fake_node:/home/aula-robotica/ros_ws/install/turtle_controller:/home/aula-robotica/ros_ws/install/robotica_movel:/home/aula-robotica/ros_ws/install/keyboard:/home/aula-robotica/ros_ws/install/andino_slam:/home/aula-robotica/ros_ws/install/andino_navigation:/home/aula-robotica/ros_ws/install/andino_hardware:/home/aula-robotica/ros_ws/install/andino_apps:/home/aula-robotica/ros_ws/install/andino_gz_classic:/home/aula-robotica/ros_ws/install/andino_firmware:/home/aula-robotica/ros_ws/install/andino_bringup:/home/aula-robotica/ros_ws/install/andino_control:/home/aula-robotica/ros_ws/install/andino_description:/home/aula-robotica/ros_ws/install/andino_base:/opt/ros/humble LD_LIBRARY_PATH=/home/aula-robotica/ros_ws/install/keyboard_msgs/lib:/home/aula-robotica/ros_ws/install/turtle_controller/lib:/home/aula-robotica/ros_ws/install/andino_base/lib:/usr/lib/x86_64-linux-gnu/gazebo-11/plugins:/opt/ros/humble/opt/rviz_ogre_vendor/lib:/opt/ros/humble/lib/x86_64-linux-gnu:/opt/ros/humble/lib:/usr/share/gazebo/../../lib/x86_64-linux-gnu/gazebo-11/plugins /usr/bin/cmake --install /home/aula-robotica/ros_ws/build/turtle_controller
