[0.105s] Invoking command in '/home/aula-robotica/ros_ws/build/andino_slam': CMAKE_PREFIX_PATH=${CMAKE_PREFIX_PATH}:/opt/ros/humble /usr/bin/cmake --build /home/aula-robotica/ros_ws/build/andino_slam -- -j4 -l4
[0.221s] Invoked command in '/home/aula-robotica/ros_ws/build/andino_slam' returned '0': CMAKE_PREFIX_PATH=${CMAKE_PREFIX_PATH}:/opt/ros/humble /usr/bin/cmake --build /home/aula-robotica/ros_ws/build/andino_slam -- -j4 -l4
[0.250s] Invoking command in '/home/aula-robotica/ros_ws/build/andino_slam': CMAKE_PREFIX_PATH=${CMAKE_PREFIX_PATH}:/opt/ros/humble /usr/bin/cmake --install /home/aula-robotica/ros_ws/build/andino_slam
[0.268s] -- Install configuration: ""
[0.268s] -- Up-to-date: /home/aula-robotica/ros_ws/install/andino_slam/share/andino_slam//config
[0.268s] -- Up-to-date: /home/aula-robotica/ros_ws/install/andino_slam/share/andino_slam//config/slam_toolbox_online_async.yaml
[0.268s] -- Up-to-date: /home/aula-robotica/ros_ws/install/andino_slam/share/andino_slam//launch
[0.272s] -- Up-to-date: /home/aula-robotica/ros_ws/install/andino_slam/share/andino_slam//launch/rviz.launch.py
[0.274s] -- Up-to-date: /home/aula-robotica/ros_ws/install/andino_slam/share/andino_slam//launch/slam_toolbox_online_async.launch.py
[0.276s] -- Up-to-date: /home/aula-robotica/ros_ws/install/andino_slam/share/andino_slam//rviz
[0.276s] -- Up-to-date: /home/aula-robotica/ros_ws/install/andino_slam/share/andino_slam//rviz/andino_slam.rviz
[0.276s] -- Up-to-date: /home/aula-robotica/ros_ws/install/andino_slam/share/ament_index/resource_index/package_run_dependencies/andino_slam
[0.277s] -- Up-to-date: /home/aula-robotica/ros_ws/install/andino_slam/share/ament_index/resource_index/parent_prefix_path/andino_slam
[0.277s] -- Up-to-date: /home/aula-robotica/ros_ws/install/andino_slam/share/andino_slam/environment/ament_prefix_path.sh
[0.277s] -- Up-to-date: /home/aula-robotica/ros_ws/install/andino_slam/share/andino_slam/environment/ament_prefix_path.dsv
[0.277s] -- Up-to-date: /home/aula-robotica/ros_ws/install/andino_slam/share/andino_slam/environment/path.sh
[0.277s] -- Up-to-date: /home/aula-robotica/ros_ws/install/andino_slam/share/andino_slam/environment/path.dsv
[0.277s] -- Up-to-date: /home/aula-robotica/ros_ws/install/andino_slam/share/andino_slam/local_setup.bash
[0.277s] -- Up-to-date: /home/aula-robotica/ros_ws/install/andino_slam/share/andino_slam/local_setup.sh
[0.278s] -- Up-to-date: /home/aula-robotica/ros_ws/install/andino_slam/share/andino_slam/local_setup.zsh
[0.278s] -- Up-to-date: /home/aula-robotica/ros_ws/install/andino_slam/share/andino_slam/local_setup.dsv
[0.278s] -- Up-to-date: /home/aula-robotica/ros_ws/install/andino_slam/share/andino_slam/package.dsv
[0.278s] -- Up-to-date: /home/aula-robotica/ros_ws/install/andino_slam/share/ament_index/resource_index/packages/andino_slam
[0.278s] -- Up-to-date: /home/aula-robotica/ros_ws/install/andino_slam/share/andino_slam/cmake/andino_slamConfig.cmake
[0.278s] -- Up-to-date: /home/aula-robotica/ros_ws/install/andino_slam/share/andino_slam/cmake/andino_slamConfig-version.cmake
[0.278s] -- Up-to-date: /home/aula-robotica/ros_ws/install/andino_slam/share/andino_slam/package.xml
[0.279s] Invoked command in '/home/aula-robotica/ros_ws/build/andino_slam' returned '0': CMAKE_PREFIX_PATH=${CMAKE_PREFIX_PATH}:/opt/ros/humble /usr/bin/cmake --install /home/aula-robotica/ros_ws/build/andino_slam
