[0.017s] Invoking command in '/home/lucas/Projetos/faculdade/roz_prova_1/build/my_robot_description': DEBUGINFOD_URLS=https://debuginfod.ubuntu.com /usr/bin/cmake /home/lucas/Projetos/faculdade/roz_prova_1/src/my_robot_description -DCMAKE_INSTALL_PREFIX=/home/lucas/Projetos/faculdade/roz_prova_1/install/my_robot_description
[0.139s] -- The C compiler identification is GNU 13.3.0
[0.263s] -- The CXX compiler identification is GNU 13.3.0
[0.297s] -- Detecting C compiler ABI info
[0.476s] -- Detecting C compiler ABI info - done
[0.508s] -- Check for working C compiler: /usr/bin/cc - skipped
[0.509s] -- Detecting C compile features
[0.510s] -- Detecting C compile features - done
[0.535s] -- Detecting CXX compiler ABI info
[0.801s] -- Detecting CXX compiler ABI info - done
[0.842s] -- Check for working CXX compiler: /usr/bin/c++ - skipped
[0.843s] -- Detecting CXX compile features
[0.844s] -- Detecting CXX compile features - done
[0.871s] [31mCMake Error at CMakeLists.txt:9 (find_package):
[0.871s]   By not providing "Findament_cmake.cmake" in CMAKE_MODULE_PATH this project
[0.872s]   has asked CMake to find a package configuration file provided by
[0.872s]   "ament_cmake", but CMake did not find one.
[0.873s] 
[0.873s]   Could not find a package configuration file provided by "ament_cmake" with
[0.873s]   any of the following names:
[0.874s] 
[0.874s]     ament_cmakeConfig.cmake
[0.874s]     ament_cmake-config.cmake
[0.874s] 
[0.875s]   Add the installation prefix of "ament_cmake" to CMAKE_PREFIX_PATH or set
[0.875s]   "ament_cmake_DIR" to a directory containing one of the above files.  If
[0.875s]   "ament_cmake" provides a separate development package or SDK, be sure it
[0.876s]   has been installed.
[0.876s] 
[0.876s] [0m
[0.876s] -- Configuring incomplete, errors occurred!
[0.880s] Invoked command in '/home/lucas/Projetos/faculdade/roz_prova_1/build/my_robot_description' returned '1': DEBUGINFOD_URLS=https://debuginfod.ubuntu.com /usr/bin/cmake /home/lucas/Projetos/faculdade/roz_prova_1/src/my_robot_description -DCMAKE_INSTALL_PREFIX=/home/lucas/Projetos/faculdade/roz_prova_1/install/my_robot_description
