[0.028s] Invoking command in '/home/aula-robotica/ros_ws/build/andino_control': AMENT_PREFIX_PATH=/home/aula-robotica/ros_ws/install/andino_description:/home/aula-robotica/ros_ws/install/andino_base:${AMENT_PREFIX_PATH} CMAKE_PREFIX_PATH=/home/aula-robotica/ros_ws/install/andino_description:/home/aula-robotica/ros_ws/install/andino_base:/opt/ros/humble LD_LIBRARY_PATH=/home/aula-robotica/ros_ws/install/andino_base/lib:/usr/lib/x86_64-linux-gnu/gazebo-11/plugins:/opt/ros/humble/opt/rviz_ogre_vendor/lib:/opt/ros/humble/lib/x86_64-linux-gnu:/opt/ros/humble/lib:/usr/share/gazebo/../../lib/x86_64-linux-gnu/gazebo-11/plugins PATH=/home/aula-robotica/ros_ws/install/andino_base/bin:${PATH} /usr/bin/cmake /home/aula-robotica/ros_ws/src/andino/andino_control -DCMAKE_INSTALL_PREFIX=/home/aula-robotica/ros_ws/install/andino_control
[0.134s] -- The C compiler identification is GNU 11.4.0
[0.227s] -- The CXX compiler identification is GNU 11.4.0
[0.241s] -- Detecting C compiler ABI info
[0.508s] -- Detecting C compiler ABI info - done
[0.508s] -- Check for working C compiler: /usr/bin/cc - skipped
[0.508s] -- Detecting C compile features
[0.509s] -- Detecting C compile features - done
[0.509s] -- Detecting CXX compiler ABI info
[0.689s] -- Detecting CXX compiler ABI info - done
[0.705s] -- Check for working CXX compiler: /usr/bin/c++ - skipped
[0.705s] -- Detecting CXX compile features
[0.705s] -- Detecting CXX compile features - done
[0.709s] -- Found ament_cmake: 1.3.11 (/opt/ros/humble/share/ament_cmake/cmake)
[0.971s] -- Found Python3: /usr/bin/python3 (found version "3.10.12") found components: Interpreter 
[1.227s] -- Configuring done
[1.233s] -- Generating done
[1.236s] -- Build files have been written to: /home/aula-robotica/ros_ws/build/andino_control
[1.258s] Invoked command in '/home/aula-robotica/ros_ws/build/andino_control' returned '0': AMENT_PREFIX_PATH=/home/aula-robotica/ros_ws/install/andino_description:/home/aula-robotica/ros_ws/install/andino_base:${AMENT_PREFIX_PATH} CMAKE_PREFIX_PATH=/home/aula-robotica/ros_ws/install/andino_description:/home/aula-robotica/ros_ws/install/andino_base:/opt/ros/humble LD_LIBRARY_PATH=/home/aula-robotica/ros_ws/install/andino_base/lib:/usr/lib/x86_64-linux-gnu/gazebo-11/plugins:/opt/ros/humble/opt/rviz_ogre_vendor/lib:/opt/ros/humble/lib/x86_64-linux-gnu:/opt/ros/humble/lib:/usr/share/gazebo/../../lib/x86_64-linux-gnu/gazebo-11/plugins PATH=/home/aula-robotica/ros_ws/install/andino_base/bin:${PATH} /usr/bin/cmake /home/aula-robotica/ros_ws/src/andino/andino_control -DCMAKE_INSTALL_PREFIX=/home/aula-robotica/ros_ws/install/andino_control
[1.267s] Invoking command in '/home/aula-robotica/ros_ws/build/andino_control': AMENT_PREFIX_PATH=/home/aula-robotica/ros_ws/install/andino_description:/home/aula-robotica/ros_ws/install/andino_base:${AMENT_PREFIX_PATH} CMAKE_PREFIX_PATH=/home/aula-robotica/ros_ws/install/andino_description:/home/aula-robotica/ros_ws/install/andino_base:/opt/ros/humble LD_LIBRARY_PATH=/home/aula-robotica/ros_ws/install/andino_base/lib:/usr/lib/x86_64-linux-gnu/gazebo-11/plugins:/opt/ros/humble/opt/rviz_ogre_vendor/lib:/opt/ros/humble/lib/x86_64-linux-gnu:/opt/ros/humble/lib:/usr/share/gazebo/../../lib/x86_64-linux-gnu/gazebo-11/plugins PATH=/home/aula-robotica/ros_ws/install/andino_base/bin:${PATH} /usr/bin/cmake --build /home/aula-robotica/ros_ws/build/andino_control -- -j4 -l4
[1.315s] Invoked command in '/home/aula-robotica/ros_ws/build/andino_control' returned '0': AMENT_PREFIX_PATH=/home/aula-robotica/ros_ws/install/andino_description:/home/aula-robotica/ros_ws/install/andino_base:${AMENT_PREFIX_PATH} CMAKE_PREFIX_PATH=/home/aula-robotica/ros_ws/install/andino_description:/home/aula-robotica/ros_ws/install/andino_base:/opt/ros/humble LD_LIBRARY_PATH=/home/aula-robotica/ros_ws/install/andino_base/lib:/usr/lib/x86_64-linux-gnu/gazebo-11/plugins:/opt/ros/humble/opt/rviz_ogre_vendor/lib:/opt/ros/humble/lib/x86_64-linux-gnu:/opt/ros/humble/lib:/usr/share/gazebo/../../lib/x86_64-linux-gnu/gazebo-11/plugins PATH=/home/aula-robotica/ros_ws/install/andino_base/bin:${PATH} /usr/bin/cmake --build /home/aula-robotica/ros_ws/build/andino_control -- -j4 -l4
[1.328s] Invoking command in '/home/aula-robotica/ros_ws/build/andino_control': AMENT_PREFIX_PATH=/home/aula-robotica/ros_ws/install/andino_description:/home/aula-robotica/ros_ws/install/andino_base:${AMENT_PREFIX_PATH} CMAKE_PREFIX_PATH=/home/aula-robotica/ros_ws/install/andino_description:/home/aula-robotica/ros_ws/install/andino_base:/opt/ros/humble LD_LIBRARY_PATH=/home/aula-robotica/ros_ws/install/andino_base/lib:/usr/lib/x86_64-linux-gnu/gazebo-11/plugins:/opt/ros/humble/opt/rviz_ogre_vendor/lib:/opt/ros/humble/lib/x86_64-linux-gnu:/opt/ros/humble/lib:/usr/share/gazebo/../../lib/x86_64-linux-gnu/gazebo-11/plugins PATH=/home/aula-robotica/ros_ws/install/andino_base/bin:${PATH} /usr/bin/cmake --install /home/aula-robotica/ros_ws/build/andino_control
[1.337s] -- Install configuration: ""
[1.337s] -- Installing: /home/aula-robotica/ros_ws/install/andino_control/share/andino_control//config
[1.349s] -- Installing: /home/aula-robotica/ros_ws/install/andino_control/share/andino_control//config/andino_controllers.yaml
[1.358s] -- Installing: /home/aula-robotica/ros_ws/install/andino_control/share/andino_control//launch
[1.359s] -- Installing: /home/aula-robotica/ros_ws/install/andino_control/share/andino_control//launch/andino_control.launch.py
[1.359s] -- Installing: /home/aula-robotica/ros_ws/install/andino_control/share/ament_index/resource_index/package_run_dependencies/andino_control
[1.360s] -- Installing: /home/aula-robotica/ros_ws/install/andino_control/share/ament_index/resource_index/parent_prefix_path/andino_control
[1.360s] -- Installing: /home/aula-robotica/ros_ws/install/andino_control/share/andino_control/environment/ament_prefix_path.sh
[1.360s] -- Installing: /home/aula-robotica/ros_ws/install/andino_control/share/andino_control/environment/ament_prefix_path.dsv
[1.360s] -- Installing: /home/aula-robotica/ros_ws/install/andino_control/share/andino_control/environment/path.sh
[1.361s] -- Installing: /home/aula-robotica/ros_ws/install/andino_control/share/andino_control/environment/path.dsv
[1.361s] -- Installing: /home/aula-robotica/ros_ws/install/andino_control/share/andino_control/local_setup.bash
[1.361s] -- Installing: /home/aula-robotica/ros_ws/install/andino_control/share/andino_control/local_setup.sh
[1.361s] -- Installing: /home/aula-robotica/ros_ws/install/andino_control/share/andino_control/local_setup.zsh
[1.361s] -- Installing: /home/aula-robotica/ros_ws/install/andino_control/share/andino_control/local_setup.dsv
[1.361s] -- Installing: /home/aula-robotica/ros_ws/install/andino_control/share/andino_control/package.dsv
[1.361s] -- Installing: /home/aula-robotica/ros_ws/install/andino_control/share/ament_index/resource_index/packages/andino_control
[1.363s] -- Installing: /home/aula-robotica/ros_ws/install/andino_control/share/andino_control/cmake/andino_controlConfig.cmake
[1.364s] -- Installing: /home/aula-robotica/ros_ws/install/andino_control/share/andino_control/cmake/andino_controlConfig-version.cmake
[1.364s] -- Installing: /home/aula-robotica/ros_ws/install/andino_control/share/andino_control/package.xml
[1.367s] Invoked command in '/home/aula-robotica/ros_ws/build/andino_control' returned '0': AMENT_PREFIX_PATH=/home/aula-robotica/ros_ws/install/andino_description:/home/aula-robotica/ros_ws/install/andino_base:${AMENT_PREFIX_PATH} CMAKE_PREFIX_PATH=/home/aula-robotica/ros_ws/install/andino_description:/home/aula-robotica/ros_ws/install/andino_base:/opt/ros/humble LD_LIBRARY_PATH=/home/aula-robotica/ros_ws/install/andino_base/lib:/usr/lib/x86_64-linux-gnu/gazebo-11/plugins:/opt/ros/humble/opt/rviz_ogre_vendor/lib:/opt/ros/humble/lib/x86_64-linux-gnu:/opt/ros/humble/lib:/usr/share/gazebo/../../lib/x86_64-linux-gnu/gazebo-11/plugins PATH=/home/aula-robotica/ros_ws/install/andino_base/bin:${PATH} /usr/bin/cmake --install /home/aula-robotica/ros_ws/build/andino_control
