[0.017s] Invoking command in '/home/aula-robotica/ros_ws/build/turtlebot3_simulations': AMENT_PREFIX_PATH=/home/aula-robotica/ros_ws/install/turtlebot3_gazebo:/home/aula-robotica/ros_ws/install/turtlebot3_fake_node:${AMENT_PREFIX_PATH} CMAKE_PREFIX_PATH=/home/aula-robotica/ros_ws/install/turtlebot3_gazebo:/home/aula-robotica/ros_ws/install/turtlebot3_fake_node:/opt/ros/humble /usr/bin/cmake /home/aula-robotica/ros_ws/src/turtlebot3_simulations/turtlebot3_simulations -DCMAKE_INSTALL_PREFIX=/home/aula-robotica/ros_ws/install/turtlebot3_simulations
[0.098s] -- The C compiler identification is GNU 11.4.0
[0.152s] -- The CXX compiler identification is GNU 11.4.0
[0.159s] -- Detecting C compiler ABI info
[0.242s] -- Detecting C compiler ABI info - done
[0.246s] -- Check for working C compiler: /usr/bin/cc - skipped
[0.246s] -- Detecting C compile features
[0.247s] -- Detecting C compile features - done
[0.250s] -- Detecting CXX compiler ABI info
[0.333s] -- Detecting CXX compiler ABI info - done
[0.338s] -- Check for working CXX compiler: /usr/bin/c++ - skipped
[0.338s] -- Detecting CXX compile features
[0.339s] -- Detecting CXX compile features - done
[0.342s] -- Found ament_cmake: 1.3.11 (/opt/ros/humble/share/ament_cmake/cmake)
[0.472s] -- Found Python3: /usr/bin/python3 (found version "3.10.12") found components: Interpreter 
[0.586s] -- Configuring done
[0.588s] -- Generating done
[0.589s] -- Build files have been written to: /home/aula-robotica/ros_ws/build/turtlebot3_simulations
[0.593s] Invoked command in '/home/aula-robotica/ros_ws/build/turtlebot3_simulations' returned '0': AMENT_PREFIX_PATH=/home/aula-robotica/ros_ws/install/turtlebot3_gazebo:/home/aula-robotica/ros_ws/install/turtlebot3_fake_node:${AMENT_PREFIX_PATH} CMAKE_PREFIX_PATH=/home/aula-robotica/ros_ws/install/turtlebot3_gazebo:/home/aula-robotica/ros_ws/install/turtlebot3_fake_node:/opt/ros/humble /usr/bin/cmake /home/aula-robotica/ros_ws/src/turtlebot3_simulations/turtlebot3_simulations -DCMAKE_INSTALL_PREFIX=/home/aula-robotica/ros_ws/install/turtlebot3_simulations
[0.595s] Invoking command in '/home/aula-robotica/ros_ws/build/turtlebot3_simulations': AMENT_PREFIX_PATH=/home/aula-robotica/ros_ws/install/turtlebot3_gazebo:/home/aula-robotica/ros_ws/install/turtlebot3_fake_node:${AMENT_PREFIX_PATH} CMAKE_PREFIX_PATH=/home/aula-robotica/ros_ws/install/turtlebot3_gazebo:/home/aula-robotica/ros_ws/install/turtlebot3_fake_node:/opt/ros/humble /usr/bin/cmake --build /home/aula-robotica/ros_ws/build/turtlebot3_simulations -- -j4 -l4
[0.635s] Invoked command in '/home/aula-robotica/ros_ws/build/turtlebot3_simulations' returned '0': AMENT_PREFIX_PATH=/home/aula-robotica/ros_ws/install/turtlebot3_gazebo:/home/aula-robotica/ros_ws/install/turtlebot3_fake_node:${AMENT_PREFIX_PATH} CMAKE_PREFIX_PATH=/home/aula-robotica/ros_ws/install/turtlebot3_gazebo:/home/aula-robotica/ros_ws/install/turtlebot3_fake_node:/opt/ros/humble /usr/bin/cmake --build /home/aula-robotica/ros_ws/build/turtlebot3_simulations -- -j4 -l4
[0.638s] Invoking command in '/home/aula-robotica/ros_ws/build/turtlebot3_simulations': AMENT_PREFIX_PATH=/home/aula-robotica/ros_ws/install/turtlebot3_gazebo:/home/aula-robotica/ros_ws/install/turtlebot3_fake_node:${AMENT_PREFIX_PATH} CMAKE_PREFIX_PATH=/home/aula-robotica/ros_ws/install/turtlebot3_gazebo:/home/aula-robotica/ros_ws/install/turtlebot3_fake_node:/opt/ros/humble /usr/bin/cmake --install /home/aula-robotica/ros_ws/build/turtlebot3_simulations
[0.647s] -- Install configuration: ""
[0.648s] -- Installing: /home/aula-robotica/ros_ws/install/turtlebot3_simulations/share/ament_index/resource_index/package_run_dependencies/turtlebot3_simulations
[0.648s] -- Installing: /home/aula-robotica/ros_ws/install/turtlebot3_simulations/share/ament_index/resource_index/parent_prefix_path/turtlebot3_simulations
[0.650s] -- Installing: /home/aula-robotica/ros_ws/install/turtlebot3_simulations/share/turtlebot3_simulations/environment/ament_prefix_path.sh
[0.650s] -- Installing: /home/aula-robotica/ros_ws/install/turtlebot3_simulations/share/turtlebot3_simulations/environment/ament_prefix_path.dsv
[0.650s] -- Installing: /home/aula-robotica/ros_ws/install/turtlebot3_simulations/share/turtlebot3_simulations/environment/path.sh
[0.650s] -- Installing: /home/aula-robotica/ros_ws/install/turtlebot3_simulations/share/turtlebot3_simulations/environment/path.dsv
[0.650s] -- Installing: /home/aula-robotica/ros_ws/install/turtlebot3_simulations/share/turtlebot3_simulations/local_setup.bash
[0.650s] -- Installing: /home/aula-robotica/ros_ws/install/turtlebot3_simulations/share/turtlebot3_simulations/local_setup.sh
[0.650s] -- Installing: /home/aula-robotica/ros_ws/install/turtlebot3_simulations/share/turtlebot3_simulations/local_setup.zsh
[0.650s] -- Installing: /home/aula-robotica/ros_ws/install/turtlebot3_simulations/share/turtlebot3_simulations/local_setup.dsv
[0.650s] -- Installing: /home/aula-robotica/ros_ws/install/turtlebot3_simulations/share/turtlebot3_simulations/package.dsv
[0.650s] -- Installing: /home/aula-robotica/ros_ws/install/turtlebot3_simulations/share/ament_index/resource_index/packages/turtlebot3_simulations
[0.650s] -- Installing: /home/aula-robotica/ros_ws/install/turtlebot3_simulations/share/turtlebot3_simulations/cmake/turtlebot3_simulationsConfig.cmake
[0.650s] -- Installing: /home/aula-robotica/ros_ws/install/turtlebot3_simulations/share/turtlebot3_simulations/cmake/turtlebot3_simulationsConfig-version.cmake
[0.650s] -- Installing: /home/aula-robotica/ros_ws/install/turtlebot3_simulations/share/turtlebot3_simulations/package.xml
[0.653s] Invoked command in '/home/aula-robotica/ros_ws/build/turtlebot3_simulations' returned '0': AMENT_PREFIX_PATH=/home/aula-robotica/ros_ws/install/turtlebot3_gazebo:/home/aula-robotica/ros_ws/install/turtlebot3_fake_node:${AMENT_PREFIX_PATH} CMAKE_PREFIX_PATH=/home/aula-robotica/ros_ws/install/turtlebot3_gazebo:/home/aula-robotica/ros_ws/install/turtlebot3_fake_node:/opt/ros/humble /usr/bin/cmake --install /home/aula-robotica/ros_ws/build/turtlebot3_simulations
