[0.358s] DEBUG:colcon:Command line arguments: ['/usr/bin/colcon', 'build', '--packages-select', 'my_robot_description']
[0.359s] DEBUG:colcon:Parsed command line arguments: Namespace(log_base=None, log_level=None, verb_name='build', build_base='build', install_base='install', merge_install=False, symlink_install=False, test_result_base=None, continue_on_error=False, executor='parallel', parallel_workers=8, event_handlers=None, ignore_user_meta=False, metas=['./colcon.meta'], base_paths=['.'], packages_ignore=None, packages_ignore_regex=None, paths=None, packages_up_to=None, packages_up_to_regex=None, packages_above=None, packages_above_and_dependencies=None, packages_above_depth=None, packages_select_by_dep=None, packages_skip_by_dep=None, packages_skip_up_to=None, packages_select_build_failed=False, packages_skip_build_finished=False, packages_select_test_failures=False, packages_skip_test_passed=False, packages_select=['my_robot_description'], packages_skip=None, packages_select_regex=None, packages_skip_regex=None, packages_start=None, packages_end=None, allow_overriding=[], cmake_args=None, cmake_target=None, cmake_target_skip_unavailable=False, cmake_clean_cache=False, cmake_clean_first=False, cmake_force_configure=False, ament_cmake_args=None, catkin_cmake_args=None, catkin_skip_building_tests=False, mixin_files=None, mixin=None, verb_parser=<colcon_mixin.mixin.mixin_argument.MixinArgumentDecorator object at 0x7e245cd744d0>, verb_extension=<colcon_core.verb.build.BuildVerb object at 0x7e245cd740e0>, main=<bound method BuildVerb.main of <colcon_core.verb.build.BuildVerb object at 0x7e245cd740e0>>, mixin_verb=('build',))
[0.521s] Level 1:colcon.colcon_core.package_discovery:discover_packages(colcon_meta) check parameters
[0.521s] Level 1:colcon.colcon_core.package_discovery:discover_packages(recursive) check parameters
[0.522s] Level 1:colcon.colcon_core.package_discovery:discover_packages(ignore) check parameters
[0.522s] Level 1:colcon.colcon_core.package_discovery:discover_packages(path) check parameters
[0.522s] Level 1:colcon.colcon_core.package_discovery:discover_packages(colcon_meta) discover
[0.522s] Level 1:colcon.colcon_core.package_discovery:discover_packages(recursive) discover
[0.522s] INFO:colcon.colcon_core.package_discovery:Crawling recursively for packages in '/home/lucas/Projetos/faculdade/roz_prova_1'
[0.522s] Level 1:colcon.colcon_core.package_identification:_identify(.) by extensions ['ignore', 'ignore_ament_install']
[0.523s] Level 1:colcon.colcon_core.package_identification:_identify(.) by extension 'ignore'
[0.523s] Level 1:colcon.colcon_core.package_identification:_identify(.) by extension 'ignore_ament_install'
[0.523s] Level 1:colcon.colcon_core.package_identification:_identify(.) by extensions ['colcon_pkg']
[0.523s] Level 1:colcon.colcon_core.package_identification:_identify(.) by extension 'colcon_pkg'
[0.523s] Level 1:colcon.colcon_core.package_identification:_identify(.) by extensions ['colcon_meta']
[0.524s] Level 1:colcon.colcon_core.package_identification:_identify(.) by extension 'colcon_meta'
[0.524s] Level 1:colcon.colcon_core.package_identification:_identify(.) by extensions ['ros']
[0.524s] Level 1:colcon.colcon_core.package_identification:_identify(.) by extension 'ros'
[0.617s] Level 1:colcon.colcon_core.package_identification:_identify(.) by extensions ['cmake', 'python']
[0.618s] Level 1:colcon.colcon_core.package_identification:_identify(.) by extension 'cmake'
[0.618s] Level 1:colcon.colcon_core.package_identification:_identify(.) by extension 'python'
[0.618s] Level 1:colcon.colcon_core.package_identification:_identify(.) by extensions ['python_setup_py']
[0.618s] Level 1:colcon.colcon_core.package_identification:_identify(.) by extension 'python_setup_py'
[0.618s] Level 1:colcon.colcon_core.package_identification:_identify(build) by extensions ['ignore', 'ignore_ament_install']
[0.619s] Level 1:colcon.colcon_core.package_identification:_identify(build) by extension 'ignore'
[0.619s] Level 1:colcon.colcon_core.package_identification:_identify(build) ignored
[0.619s] Level 1:colcon.colcon_core.package_identification:_identify(install) by extensions ['ignore', 'ignore_ament_install']
[0.620s] Level 1:colcon.colcon_core.package_identification:_identify(install) by extension 'ignore'
[0.620s] Level 1:colcon.colcon_core.package_identification:_identify(install) ignored
[0.620s] Level 1:colcon.colcon_core.package_identification:_identify(log) by extensions ['ignore', 'ignore_ament_install']
[0.620s] Level 1:colcon.colcon_core.package_identification:_identify(log) by extension 'ignore'
[0.621s] Level 1:colcon.colcon_core.package_identification:_identify(log) ignored
[0.621s] Level 1:colcon.colcon_core.package_identification:_identify(src) by extensions ['ignore', 'ignore_ament_install']
[0.621s] Level 1:colcon.colcon_core.package_identification:_identify(src) by extension 'ignore'
[0.621s] Level 1:colcon.colcon_core.package_identification:_identify(src) by extension 'ignore_ament_install'
[0.622s] Level 1:colcon.colcon_core.package_identification:_identify(src) by extensions ['colcon_pkg']
[0.622s] Level 1:colcon.colcon_core.package_identification:_identify(src) by extension 'colcon_pkg'
[0.622s] Level 1:colcon.colcon_core.package_identification:_identify(src) by extensions ['colcon_meta']
[0.622s] Level 1:colcon.colcon_core.package_identification:_identify(src) by extension 'colcon_meta'
[0.622s] Level 1:colcon.colcon_core.package_identification:_identify(src) by extensions ['ros']
[0.622s] Level 1:colcon.colcon_core.package_identification:_identify(src) by extension 'ros'
[0.623s] Level 1:colcon.colcon_core.package_identification:_identify(src) by extensions ['cmake', 'python']
[0.623s] Level 1:colcon.colcon_core.package_identification:_identify(src) by extension 'cmake'
[0.623s] Level 1:colcon.colcon_core.package_identification:_identify(src) by extension 'python'
[0.623s] Level 1:colcon.colcon_core.package_identification:_identify(src) by extensions ['python_setup_py']
[0.623s] Level 1:colcon.colcon_core.package_identification:_identify(src) by extension 'python_setup_py'
[0.623s] Level 1:colcon.colcon_core.package_identification:_identify(src/andino) by extensions ['ignore', 'ignore_ament_install']
[0.624s] Level 1:colcon.colcon_core.package_identification:_identify(src/andino) by extension 'ignore'
[0.624s] Level 1:colcon.colcon_core.package_identification:_identify(src/andino) by extension 'ignore_ament_install'
[0.624s] Level 1:colcon.colcon_core.package_identification:_identify(src/andino) by extensions ['colcon_pkg']
[0.624s] Level 1:colcon.colcon_core.package_identification:_identify(src/andino) by extension 'colcon_pkg'
[0.624s] Level 1:colcon.colcon_core.package_identification:_identify(src/andino) by extensions ['colcon_meta']
[0.624s] Level 1:colcon.colcon_core.package_identification:_identify(src/andino) by extension 'colcon_meta'
[0.625s] Level 1:colcon.colcon_core.package_identification:_identify(src/andino) by extensions ['ros']
[0.625s] Level 1:colcon.colcon_core.package_identification:_identify(src/andino) by extension 'ros'
[0.625s] Level 1:colcon.colcon_core.package_identification:_identify(src/andino) by extensions ['cmake', 'python']
[0.625s] Level 1:colcon.colcon_core.package_identification:_identify(src/andino) by extension 'cmake'
[0.625s] Level 1:colcon.colcon_core.package_identification:_identify(src/andino) by extension 'python'
[0.625s] Level 1:colcon.colcon_core.package_identification:_identify(src/andino) by extensions ['python_setup_py']
[0.625s] Level 1:colcon.colcon_core.package_identification:_identify(src/andino) by extension 'python_setup_py'
[0.626s] Level 1:colcon.colcon_core.package_identification:_identify(src/my_robot_description) by extensions ['ignore', 'ignore_ament_install']
[0.626s] Level 1:colcon.colcon_core.package_identification:_identify(src/my_robot_description) by extension 'ignore'
[0.626s] Level 1:colcon.colcon_core.package_identification:_identify(src/my_robot_description) by extension 'ignore_ament_install'
[0.626s] Level 1:colcon.colcon_core.package_identification:_identify(src/my_robot_description) by extensions ['colcon_pkg']
[0.627s] Level 1:colcon.colcon_core.package_identification:_identify(src/my_robot_description) by extension 'colcon_pkg'
[0.627s] Level 1:colcon.colcon_core.package_identification:_identify(src/my_robot_description) by extensions ['colcon_meta']
[0.627s] Level 1:colcon.colcon_core.package_identification:_identify(src/my_robot_description) by extension 'colcon_meta'
[0.627s] Level 1:colcon.colcon_core.package_identification:_identify(src/my_robot_description) by extensions ['ros']
[0.627s] Level 1:colcon.colcon_core.package_identification:_identify(src/my_robot_description) by extension 'ros'
[0.633s] DEBUG:colcon.colcon_core.package_identification:Package 'src/my_robot_description' with type 'ros.ament_cmake' and name 'my_robot_description'
[0.633s] Level 1:colcon.colcon_core.package_identification:_identify(src/robotica_movel) by extensions ['ignore', 'ignore_ament_install']
[0.634s] Level 1:colcon.colcon_core.package_identification:_identify(src/robotica_movel) by extension 'ignore'
[0.634s] Level 1:colcon.colcon_core.package_identification:_identify(src/robotica_movel) by extension 'ignore_ament_install'
[0.634s] Level 1:colcon.colcon_core.package_identification:_identify(src/robotica_movel) by extensions ['colcon_pkg']
[0.634s] Level 1:colcon.colcon_core.package_identification:_identify(src/robotica_movel) by extension 'colcon_pkg'
[0.634s] Level 1:colcon.colcon_core.package_identification:_identify(src/robotica_movel) by extensions ['colcon_meta']
[0.634s] Level 1:colcon.colcon_core.package_identification:_identify(src/robotica_movel) by extension 'colcon_meta'
[0.634s] Level 1:colcon.colcon_core.package_identification:_identify(src/robotica_movel) by extensions ['ros']
[0.635s] Level 1:colcon.colcon_core.package_identification:_identify(src/robotica_movel) by extension 'ros'
[0.635s] Level 1:colcon.colcon_core.package_identification:_identify(src/robotica_movel) by extensions ['cmake', 'python']
[0.635s] Level 1:colcon.colcon_core.package_identification:_identify(src/robotica_movel) by extension 'cmake'
[0.635s] Level 1:colcon.colcon_core.package_identification:_identify(src/robotica_movel) by extension 'python'
[0.635s] Level 1:colcon.colcon_core.package_identification:_identify(src/robotica_movel) by extensions ['python_setup_py']
[0.635s] Level 1:colcon.colcon_core.package_identification:_identify(src/robotica_movel) by extension 'python_setup_py'
[0.635s] Level 1:colcon.colcon_core.package_identification:_identify(src/ros2-keyboard) by extensions ['ignore', 'ignore_ament_install']
[0.636s] Level 1:colcon.colcon_core.package_identification:_identify(src/ros2-keyboard) by extension 'ignore'
[0.636s] Level 1:colcon.colcon_core.package_identification:_identify(src/ros2-keyboard) by extension 'ignore_ament_install'
[0.636s] Level 1:colcon.colcon_core.package_identification:_identify(src/ros2-keyboard) by extensions ['colcon_pkg']
[0.636s] Level 1:colcon.colcon_core.package_identification:_identify(src/ros2-keyboard) by extension 'colcon_pkg'
[0.636s] Level 1:colcon.colcon_core.package_identification:_identify(src/ros2-keyboard) by extensions ['colcon_meta']
[0.636s] Level 1:colcon.colcon_core.package_identification:_identify(src/ros2-keyboard) by extension 'colcon_meta'
[0.636s] Level 1:colcon.colcon_core.package_identification:_identify(src/ros2-keyboard) by extensions ['ros']
[0.636s] Level 1:colcon.colcon_core.package_identification:_identify(src/ros2-keyboard) by extension 'ros'
[0.637s] Level 1:colcon.colcon_core.package_identification:_identify(src/ros2-keyboard) by extensions ['cmake', 'python']
[0.637s] Level 1:colcon.colcon_core.package_identification:_identify(src/ros2-keyboard) by extension 'cmake'
[0.637s] Level 1:colcon.colcon_core.package_identification:_identify(src/ros2-keyboard) by extension 'python'
[0.637s] Level 1:colcon.colcon_core.package_identification:_identify(src/ros2-keyboard) by extensions ['python_setup_py']
[0.637s] Level 1:colcon.colcon_core.package_identification:_identify(src/ros2-keyboard) by extension 'python_setup_py'
[0.637s] Level 1:colcon.colcon_core.package_identification:_identify(src/turtle_controller) by extensions ['ignore', 'ignore_ament_install']
[0.637s] Level 1:colcon.colcon_core.package_identification:_identify(src/turtle_controller) by extension 'ignore'
[0.637s] Level 1:colcon.colcon_core.package_identification:_identify(src/turtle_controller) by extension 'ignore_ament_install'
[0.638s] Level 1:colcon.colcon_core.package_identification:_identify(src/turtle_controller) by extensions ['colcon_pkg']
[0.638s] Level 1:colcon.colcon_core.package_identification:_identify(src/turtle_controller) by extension 'colcon_pkg'
[0.638s] Level 1:colcon.colcon_core.package_identification:_identify(src/turtle_controller) by extensions ['colcon_meta']
[0.638s] Level 1:colcon.colcon_core.package_identification:_identify(src/turtle_controller) by extension 'colcon_meta'
[0.638s] Level 1:colcon.colcon_core.package_identification:_identify(src/turtle_controller) by extensions ['ros']
[0.638s] Level 1:colcon.colcon_core.package_identification:_identify(src/turtle_controller) by extension 'ros'
[0.639s] Level 1:colcon.colcon_core.package_identification:_identify(src/turtle_controller) by extensions ['cmake', 'python']
[0.639s] Level 1:colcon.colcon_core.package_identification:_identify(src/turtle_controller) by extension 'cmake'
[0.639s] Level 1:colcon.colcon_core.package_identification:_identify(src/turtle_controller) by extension 'python'
[0.639s] Level 1:colcon.colcon_core.package_identification:_identify(src/turtle_controller) by extensions ['python_setup_py']
[0.639s] Level 1:colcon.colcon_core.package_identification:_identify(src/turtle_controller) by extension 'python_setup_py'
[0.639s] Level 1:colcon.colcon_core.package_identification:_identify(src/turtlebot3_simulations) by extensions ['ignore', 'ignore_ament_install']
[0.639s] Level 1:colcon.colcon_core.package_identification:_identify(src/turtlebot3_simulations) by extension 'ignore'
[0.640s] Level 1:colcon.colcon_core.package_identification:_identify(src/turtlebot3_simulations) by extension 'ignore_ament_install'
[0.640s] Level 1:colcon.colcon_core.package_identification:_identify(src/turtlebot3_simulations) by extensions ['colcon_pkg']
[0.640s] Level 1:colcon.colcon_core.package_identification:_identify(src/turtlebot3_simulations) by extension 'colcon_pkg'
[0.640s] Level 1:colcon.colcon_core.package_identification:_identify(src/turtlebot3_simulations) by extensions ['colcon_meta']
[0.640s] Level 1:colcon.colcon_core.package_identification:_identify(src/turtlebot3_simulations) by extension 'colcon_meta'
[0.640s] Level 1:colcon.colcon_core.package_identification:_identify(src/turtlebot3_simulations) by extensions ['ros']
[0.640s] Level 1:colcon.colcon_core.package_identification:_identify(src/turtlebot3_simulations) by extension 'ros'
[0.640s] Level 1:colcon.colcon_core.package_identification:_identify(src/turtlebot3_simulations) by extensions ['cmake', 'python']
[0.640s] Level 1:colcon.colcon_core.package_identification:_identify(src/turtlebot3_simulations) by extension 'cmake'
[0.640s] Level 1:colcon.colcon_core.package_identification:_identify(src/turtlebot3_simulations) by extension 'python'
[0.641s] Level 1:colcon.colcon_core.package_identification:_identify(src/turtlebot3_simulations) by extensions ['python_setup_py']
[0.641s] Level 1:colcon.colcon_core.package_identification:_identify(src/turtlebot3_simulations) by extension 'python_setup_py'
[0.641s] Level 1:colcon.colcon_core.package_discovery:discover_packages(recursive) using defaults
[0.641s] Level 1:colcon.colcon_core.package_discovery:discover_packages(ignore) discover
[0.641s] Level 1:colcon.colcon_core.package_discovery:discover_packages(ignore) using defaults
[0.641s] Level 1:colcon.colcon_core.package_discovery:discover_packages(path) discover
[0.641s] Level 1:colcon.colcon_core.package_discovery:discover_packages(path) using defaults
[0.692s] Level 1:colcon.colcon_core.package_discovery:discover_packages(prefix_path) check parameters
[0.692s] Level 1:colcon.colcon_core.package_discovery:discover_packages(prefix_path) discover
[0.694s] WARNING:colcon.colcon_ros.prefix_path.ament:The path '/home/lucas/Projetos/faculdade/roz_prova_1/install/turtlebot3_simulations' in the environment variable AMENT_PREFIX_PATH doesn't exist
[0.694s] WARNING:colcon.colcon_ros.prefix_path.ament:The path '/home/lucas/Projetos/faculdade/roz_prova_1/install/turtlebot3_gazebo' in the environment variable AMENT_PREFIX_PATH doesn't exist
[0.694s] WARNING:colcon.colcon_ros.prefix_path.ament:The path '/home/lucas/Projetos/faculdade/roz_prova_1/install/turtlebot3_fake_node' in the environment variable AMENT_PREFIX_PATH doesn't exist
[0.694s] WARNING:colcon.colcon_ros.prefix_path.ament:The path '/home/lucas/Projetos/faculdade/roz_prova_1/install/turtle_controller' in the environment variable AMENT_PREFIX_PATH doesn't exist
[0.694s] WARNING:colcon.colcon_ros.prefix_path.ament:The path '/home/lucas/Projetos/faculdade/roz_prova_1/install/robotica_movel' in the environment variable AMENT_PREFIX_PATH doesn't exist
[0.694s] WARNING:colcon.colcon_ros.prefix_path.ament:The path '/home/lucas/Projetos/faculdade/roz_prova_1/install/my_robot_description' in the environment variable AMENT_PREFIX_PATH doesn't exist
[0.694s] WARNING:colcon.colcon_ros.prefix_path.ament:The path '/home/lucas/Projetos/faculdade/roz_prova_1/install/keyboard' in the environment variable AMENT_PREFIX_PATH doesn't exist
[0.694s] WARNING:colcon.colcon_ros.prefix_path.ament:The path '/home/lucas/Projetos/faculdade/roz_prova_1/install/keyboard_msgs' in the environment variable AMENT_PREFIX_PATH doesn't exist
[0.694s] WARNING:colcon.colcon_ros.prefix_path.ament:The path '/home/lucas/Projetos/faculdade/roz_prova_1/install/andino_slam' in the environment variable AMENT_PREFIX_PATH doesn't exist
[0.694s] WARNING:colcon.colcon_ros.prefix_path.ament:The path '/home/lucas/Projetos/faculdade/roz_prova_1/install/andino_navigation' in the environment variable AMENT_PREFIX_PATH doesn't exist
[0.694s] WARNING:colcon.colcon_ros.prefix_path.ament:The path '/home/lucas/Projetos/faculdade/roz_prova_1/install/andino_hardware' in the environment variable AMENT_PREFIX_PATH doesn't exist
[0.695s] WARNING:colcon.colcon_ros.prefix_path.ament:The path '/home/lucas/Projetos/faculdade/roz_prova_1/install/andino_apps' in the environment variable AMENT_PREFIX_PATH doesn't exist
[0.695s] WARNING:colcon.colcon_ros.prefix_path.ament:The path '/home/lucas/Projetos/faculdade/roz_prova_1/install/andino_gz_classic' in the environment variable AMENT_PREFIX_PATH doesn't exist
[0.695s] WARNING:colcon.colcon_ros.prefix_path.ament:The path '/home/lucas/Projetos/faculdade/roz_prova_1/install/andino_firmware' in the environment variable AMENT_PREFIX_PATH doesn't exist
[0.695s] WARNING:colcon.colcon_ros.prefix_path.ament:The path '/home/lucas/Projetos/faculdade/roz_prova_1/install/andino_bringup' in the environment variable AMENT_PREFIX_PATH doesn't exist
[0.695s] WARNING:colcon.colcon_ros.prefix_path.ament:The path '/home/lucas/Projetos/faculdade/roz_prova_1/install/andino_control' in the environment variable AMENT_PREFIX_PATH doesn't exist
[0.695s] WARNING:colcon.colcon_ros.prefix_path.ament:The path '/home/lucas/Projetos/faculdade/roz_prova_1/install/andino_description' in the environment variable AMENT_PREFIX_PATH doesn't exist
[0.695s] WARNING:colcon.colcon_ros.prefix_path.ament:The path '/home/lucas/Projetos/faculdade/roz_prova_1/install/andino_base' in the environment variable AMENT_PREFIX_PATH doesn't exist
[0.695s] WARNING:colcon.colcon_ros.prefix_path.catkin:The path '/home/lucas/Projetos/faculdade/roz_prova_1/install/turtlebot3_simulations' in the environment variable CMAKE_PREFIX_PATH doesn't exist
[0.695s] WARNING:colcon.colcon_ros.prefix_path.catkin:The path '/home/lucas/Projetos/faculdade/roz_prova_1/install/turtlebot3_gazebo' in the environment variable CMAKE_PREFIX_PATH doesn't exist
[0.695s] WARNING:colcon.colcon_ros.prefix_path.catkin:The path '/home/lucas/Projetos/faculdade/roz_prova_1/install/turtlebot3_fake_node' in the environment variable CMAKE_PREFIX_PATH doesn't exist
[0.695s] WARNING:colcon.colcon_ros.prefix_path.catkin:The path '/home/lucas/Projetos/faculdade/roz_prova_1/install/turtle_controller' in the environment variable CMAKE_PREFIX_PATH doesn't exist
[0.695s] WARNING:colcon.colcon_ros.prefix_path.catkin:The path '/home/lucas/Projetos/faculdade/roz_prova_1/install/robotica_movel' in the environment variable CMAKE_PREFIX_PATH doesn't exist
[0.696s] WARNING:colcon.colcon_ros.prefix_path.catkin:The path '/home/lucas/Projetos/faculdade/roz_prova_1/install/my_robot_description' in the environment variable CMAKE_PREFIX_PATH doesn't exist
[0.696s] WARNING:colcon.colcon_ros.prefix_path.catkin:The path '/home/lucas/Projetos/faculdade/roz_prova_1/install/keyboard' in the environment variable CMAKE_PREFIX_PATH doesn't exist
[0.696s] WARNING:colcon.colcon_ros.prefix_path.catkin:The path '/home/lucas/Projetos/faculdade/roz_prova_1/install/keyboard_msgs' in the environment variable CMAKE_PREFIX_PATH doesn't exist
[0.696s] WARNING:colcon.colcon_ros.prefix_path.catkin:The path '/home/lucas/Projetos/faculdade/roz_prova_1/install/andino_slam' in the environment variable CMAKE_PREFIX_PATH doesn't exist
[0.696s] WARNING:colcon.colcon_ros.prefix_path.catkin:The path '/home/lucas/Projetos/faculdade/roz_prova_1/install/andino_navigation' in the environment variable CMAKE_PREFIX_PATH doesn't exist
[0.696s] WARNING:colcon.colcon_ros.prefix_path.catkin:The path '/home/lucas/Projetos/faculdade/roz_prova_1/install/andino_hardware' in the environment variable CMAKE_PREFIX_PATH doesn't exist
[0.696s] WARNING:colcon.colcon_ros.prefix_path.catkin:The path '/home/lucas/Projetos/faculdade/roz_prova_1/install/andino_apps' in the environment variable CMAKE_PREFIX_PATH doesn't exist
[0.696s] WARNING:colcon.colcon_ros.prefix_path.catkin:The path '/home/lucas/Projetos/faculdade/roz_prova_1/install/andino_gz_classic' in the environment variable CMAKE_PREFIX_PATH doesn't exist
[0.696s] WARNING:colcon.colcon_ros.prefix_path.catkin:The path '/home/lucas/Projetos/faculdade/roz_prova_1/install/andino_firmware' in the environment variable CMAKE_PREFIX_PATH doesn't exist
[0.696s] WARNING:colcon.colcon_ros.prefix_path.catkin:The path '/home/lucas/Projetos/faculdade/roz_prova_1/install/andino_bringup' in the environment variable CMAKE_PREFIX_PATH doesn't exist
[0.696s] WARNING:colcon.colcon_ros.prefix_path.catkin:The path '/home/lucas/Projetos/faculdade/roz_prova_1/install/andino_control' in the environment variable CMAKE_PREFIX_PATH doesn't exist
[0.696s] WARNING:colcon.colcon_ros.prefix_path.catkin:The path '/home/lucas/Projetos/faculdade/roz_prova_1/install/andino_description' in the environment variable CMAKE_PREFIX_PATH doesn't exist
[0.696s] WARNING:colcon.colcon_ros.prefix_path.catkin:The path '/home/lucas/Projetos/faculdade/roz_prova_1/install/andino_base' in the environment variable CMAKE_PREFIX_PATH doesn't exist
[0.698s] DEBUG:colcon.colcon_installed_package_information.package_discovery:Found 0 installed packages in /home/lucas/Projetos/faculdade/roz_prova_1/install
[0.698s] Level 1:colcon.colcon_core.package_discovery:discover_packages(prefix_path) using defaults
[0.700s] Level 5:colcon.colcon_core.verb:set package 'my_robot_description' build argument 'cmake_args' from command line to 'None'
[0.700s] Level 5:colcon.colcon_core.verb:set package 'my_robot_description' build argument 'cmake_target' from command line to 'None'
[0.700s] Level 5:colcon.colcon_core.verb:set package 'my_robot_description' build argument 'cmake_target_skip_unavailable' from command line to 'False'
[0.700s] Level 5:colcon.colcon_core.verb:set package 'my_robot_description' build argument 'cmake_clean_cache' from command line to 'False'
[0.700s] Level 5:colcon.colcon_core.verb:set package 'my_robot_description' build argument 'cmake_clean_first' from command line to 'False'
[0.700s] Level 5:colcon.colcon_core.verb:set package 'my_robot_description' build argument 'cmake_force_configure' from command line to 'False'
[0.700s] Level 5:colcon.colcon_core.verb:set package 'my_robot_description' build argument 'ament_cmake_args' from command line to 'None'
[0.700s] Level 5:colcon.colcon_core.verb:set package 'my_robot_description' build argument 'catkin_cmake_args' from command line to 'None'
[0.700s] Level 5:colcon.colcon_core.verb:set package 'my_robot_description' build argument 'catkin_skip_building_tests' from command line to 'False'
[0.701s] DEBUG:colcon.colcon_core.verb:Building package 'my_robot_description' with the following arguments: {'ament_cmake_args': None, 'build_base': '/home/lucas/Projetos/faculdade/roz_prova_1/build/my_robot_description', 'catkin_cmake_args': None, 'catkin_skip_building_tests': False, 'cmake_args': None, 'cmake_clean_cache': False, 'cmake_clean_first': False, 'cmake_force_configure': False, 'cmake_target': None, 'cmake_target_skip_unavailable': False, 'install_base': '/home/lucas/Projetos/faculdade/roz_prova_1/install/my_robot_description', 'merge_install': False, 'path': '/home/lucas/Projetos/faculdade/roz_prova_1/src/my_robot_description', 'symlink_install': False, 'test_result_base': None}
[0.701s] INFO:colcon.colcon_core.executor:Executing jobs using 'parallel' executor
[0.703s] DEBUG:colcon.colcon_parallel_executor.executor.parallel:run_until_complete
[0.703s] INFO:colcon.colcon_ros.task.ament_cmake.build:Building ROS package in '/home/lucas/Projetos/faculdade/roz_prova_1/src/my_robot_description' with build type 'ament_cmake'
[0.703s] INFO:colcon.colcon_cmake.task.cmake.build:Building CMake package in '/home/lucas/Projetos/faculdade/roz_prova_1/src/my_robot_description'
[0.707s] INFO:colcon.colcon_core.plugin_system:Skipping extension 'colcon_core.shell.bat': Not used on non-Windows systems
[0.708s] INFO:colcon.colcon_core.shell:Skip shell extension 'powershell' for command environment: Not usable outside of PowerShell
[0.708s] DEBUG:colcon.colcon_core.shell:Skip shell extension 'dsv' for command environment
[0.722s] DEBUG:colcon.colcon_core.event_handler.log_command:Invoking command in '/home/lucas/Projetos/faculdade/roz_prova_1/build/my_robot_description': DEBUGINFOD_URLS=https://debuginfod.ubuntu.com /usr/bin/cmake /home/lucas/Projetos/faculdade/roz_prova_1/src/my_robot_description -DCMAKE_INSTALL_PREFIX=/home/lucas/Projetos/faculdade/roz_prova_1/install/my_robot_description
[1.584s] DEBUG:colcon.colcon_core.event_handler.log_command:Invoked command in '/home/lucas/Projetos/faculdade/roz_prova_1/build/my_robot_description' returned '1': DEBUGINFOD_URLS=https://debuginfod.ubuntu.com /usr/bin/cmake /home/lucas/Projetos/faculdade/roz_prova_1/src/my_robot_description -DCMAKE_INSTALL_PREFIX=/home/lucas/Projetos/faculdade/roz_prova_1/install/my_robot_description
[1.613s] Level 1:colcon.colcon_core.environment:create_environment_scripts_only(my_robot_description)
[1.621s] Level 1:colcon.colcon_core.environment:checking '/home/lucas/Projetos/faculdade/roz_prova_1/install/my_robot_description' for CMake module files
[1.622s] Level 1:colcon.colcon_core.environment:checking '/home/lucas/Projetos/faculdade/roz_prova_1/install/my_robot_description' for CMake config files
[1.623s] Level 1:colcon.colcon_core.environment:checking '/home/lucas/Projetos/faculdade/roz_prova_1/install/my_robot_description/bin'
[1.624s] Level 1:colcon.colcon_core.environment:checking '/home/lucas/Projetos/faculdade/roz_prova_1/install/my_robot_description/lib/pkgconfig/my_robot_description.pc'
[1.629s] Level 1:colcon.colcon_core.environment:checking '/home/lucas/Projetos/faculdade/roz_prova_1/install/my_robot_description/lib/python3.12/site-packages'
[1.630s] Level 1:colcon.colcon_core.environment:checking '/home/lucas/Projetos/faculdade/roz_prova_1/install/my_robot_description/bin'
[1.631s] INFO:colcon.colcon_core.shell:Creating package script '/home/lucas/Projetos/faculdade/roz_prova_1/install/my_robot_description/share/my_robot_description/package.ps1'
[1.635s] INFO:colcon.colcon_core.shell:Creating package descriptor '/home/lucas/Projetos/faculdade/roz_prova_1/install/my_robot_description/share/my_robot_description/package.dsv'
[1.636s] INFO:colcon.colcon_core.shell:Creating package script '/home/lucas/Projetos/faculdade/roz_prova_1/install/my_robot_description/share/my_robot_description/package.sh'
[1.638s] INFO:colcon.colcon_core.shell:Creating package script '/home/lucas/Projetos/faculdade/roz_prova_1/install/my_robot_description/share/my_robot_description/package.bash'
[1.640s] INFO:colcon.colcon_core.shell:Creating package script '/home/lucas/Projetos/faculdade/roz_prova_1/install/my_robot_description/share/my_robot_description/package.zsh'
[1.642s] Level 1:colcon.colcon_core.environment:create_file_with_runtime_dependencies(/home/lucas/Projetos/faculdade/roz_prova_1/install/my_robot_description/share/colcon-core/packages/my_robot_description)
[1.654s] DEBUG:colcon.colcon_parallel_executor.executor.parallel:closing loop
[1.655s] DEBUG:colcon.colcon_parallel_executor.executor.parallel:loop closed
[1.655s] DEBUG:colcon.colcon_parallel_executor.executor.parallel:run_until_complete finished with '1'
[1.655s] DEBUG:colcon.colcon_core.event_reactor:joining thread
[1.671s] INFO:colcon.colcon_core.plugin_system:Skipping extension 'colcon_notification.desktop_notification.terminal_notifier': Not used on non-Darwin systems
[1.671s] INFO:colcon.colcon_core.plugin_system:Skipping extension 'colcon_notification.desktop_notification.win32': Not used on non-Windows systems
[1.671s] INFO:colcon.colcon_notification.desktop_notification:Sending desktop notification using 'notify2'
[1.701s] DEBUG:colcon.colcon_core.event_reactor:joined thread
[1.702s] INFO:colcon.colcon_core.shell:Creating prefix script '/home/lucas/Projetos/faculdade/roz_prova_1/install/local_setup.ps1'
[1.704s] INFO:colcon.colcon_core.shell:Creating prefix util module '/home/lucas/Projetos/faculdade/roz_prova_1/install/_local_setup_util_ps1.py'
[1.707s] INFO:colcon.colcon_core.shell:Creating prefix chain script '/home/lucas/Projetos/faculdade/roz_prova_1/install/setup.ps1'
[1.710s] INFO:colcon.colcon_core.shell:Creating prefix script '/home/lucas/Projetos/faculdade/roz_prova_1/install/local_setup.sh'
[1.711s] INFO:colcon.colcon_core.shell:Creating prefix util module '/home/lucas/Projetos/faculdade/roz_prova_1/install/_local_setup_util_sh.py'
[1.713s] INFO:colcon.colcon_core.shell:Creating prefix chain script '/home/lucas/Projetos/faculdade/roz_prova_1/install/setup.sh'
[1.716s] INFO:colcon.colcon_core.shell:Creating prefix script '/home/lucas/Projetos/faculdade/roz_prova_1/install/local_setup.bash'
[1.717s] INFO:colcon.colcon_core.shell:Creating prefix chain script '/home/lucas/Projetos/faculdade/roz_prova_1/install/setup.bash'
[1.719s] INFO:colcon.colcon_core.shell:Creating prefix script '/home/lucas/Projetos/faculdade/roz_prova_1/install/local_setup.zsh'
[1.720s] INFO:colcon.colcon_core.shell:Creating prefix chain script '/home/lucas/Projetos/faculdade/roz_prova_1/install/setup.zsh'
