[0.074s] Invoking command in '/home/aula-robotica/ros_ws/build/andino_hardware': CMAKE_PREFIX_PATH=/opt/ros/humble /usr/bin/cmake /home/aula-robotica/ros_ws/src/andino/andino_hardware -DCMAKE_INSTALL_PREFIX=/home/aula-robotica/ros_ws/install/andino_hardware
[1.200s] -- The C compiler identification is GNU 11.4.0
[1.385s] -- The CXX compiler identification is GNU 11.4.0
[1.385s] -- Detecting C compiler ABI info
[1.549s] -- Detecting C compiler ABI info - done
[1.565s] -- Check for working C compiler: /usr/bin/cc - skipped
[1.566s] -- Detecting C compile features
[1.566s] -- Detecting C compile features - done
[1.566s] -- Detecting CXX compiler ABI info
[1.979s] -- Detecting CXX compiler ABI info - done
[1.981s] -- Check for working CXX compiler: /usr/bin/c++ - skipped
[1.982s] -- Detecting CXX compile features
[1.986s] -- Detecting CXX compile features - done
[1.989s] -- Found ament_cmake: 1.3.11 (/opt/ros/humble/share/ament_cmake/cmake)
[2.148s] -- Found Python3: /usr/bin/python3 (found version "3.10.12") found components: Interpreter 
[3.667s] -- Configuring done
[3.738s] -- Generating done
[3.740s] -- Build files have been written to: /home/aula-robotica/ros_ws/build/andino_hardware
[3.747s] Invoked command in '/home/aula-robotica/ros_ws/build/andino_hardware' returned '0': CMAKE_PREFIX_PATH=/opt/ros/humble /usr/bin/cmake /home/aula-robotica/ros_ws/src/andino/andino_hardware -DCMAKE_INSTALL_PREFIX=/home/aula-robotica/ros_ws/install/andino_hardware
[3.755s] Invoking command in '/home/aula-robotica/ros_ws/build/andino_hardware': CMAKE_PREFIX_PATH=/opt/ros/humble /usr/bin/cmake --build /home/aula-robotica/ros_ws/build/andino_hardware -- -j4 -l4
[4.130s] Invoked command in '/home/aula-robotica/ros_ws/build/andino_hardware' returned '0': CMAKE_PREFIX_PATH=/opt/ros/humble /usr/bin/cmake --build /home/aula-robotica/ros_ws/build/andino_hardware -- -j4 -l4
[4.131s] Invoking command in '/home/aula-robotica/ros_ws/build/andino_hardware': CMAKE_PREFIX_PATH=/opt/ros/humble /usr/bin/cmake --install /home/aula-robotica/ros_ws/build/andino_hardware
[4.131s] -- Install configuration: ""
[4.131s] -- Installing: /home/aula-robotica/ros_ws/install/andino_hardware/share/andino_hardware//printing_model
[4.131s] -- Installing: /home/aula-robotica/ros_ws/install/andino_hardware/share/andino_hardware//printing_model/raspi_cam_mount
[4.131s] -- Installing: /home/aula-robotica/ros_ws/install/andino_hardware/share/andino_hardware//printing_model/raspi_cam_mount/raspi_camera_mount_front.stl
[4.131s] -- Installing: /home/aula-robotica/ros_ws/install/andino_hardware/share/andino_hardware//printing_model/raspi_cam_mount/raspi_camera_mount_hinge.stl
[4.145s] -- Installing: /home/aula-robotica/ros_ws/install/andino_hardware/share/andino_hardware//printing_model/raspi_cam_mount/raspi_camera_mount_back.stl
[4.147s] -- Installing: /home/aula-robotica/ros_ws/install/andino_hardware/share/andino_hardware//printing_model/chassis
[4.149s] -- Installing: /home/aula-robotica/ros_ws/install/andino_hardware/share/andino_hardware//printing_model/chassis/RobotChassis.PDF
[4.151s] -- Installing: /home/aula-robotica/ros_ws/install/andino_hardware/share/andino_hardware//printing_model/chassis/RobotChassis.STL
[4.155s] -- Installing: /home/aula-robotica/ros_ws/install/andino_hardware/share/ament_index/resource_index/package_run_dependencies/andino_hardware
[4.155s] -- Installing: /home/aula-robotica/ros_ws/install/andino_hardware/share/ament_index/resource_index/parent_prefix_path/andino_hardware
[4.156s] -- Installing: /home/aula-robotica/ros_ws/install/andino_hardware/share/andino_hardware/environment/ament_prefix_path.sh
[4.156s] -- Installing: /home/aula-robotica/ros_ws/install/andino_hardware/share/andino_hardware/environment/ament_prefix_path.dsv
[4.156s] -- Installing: /home/aula-robotica/ros_ws/install/andino_hardware/share/andino_hardware/environment/path.sh
[4.157s] -- Installing: /home/aula-robotica/ros_ws/install/andino_hardware/share/andino_hardware/environment/path.dsv
[4.157s] -- Installing: /home/aula-robotica/ros_ws/install/andino_hardware/share/andino_hardware/local_setup.bash
[4.157s] -- Installing: /home/aula-robotica/ros_ws/install/andino_hardware/share/andino_hardware/local_setup.sh
[4.157s] -- Installing: /home/aula-robotica/ros_ws/install/andino_hardware/share/andino_hardware/local_setup.zsh
[4.157s] -- Installing: /home/aula-robotica/ros_ws/install/andino_hardware/share/andino_hardware/local_setup.dsv
[4.158s] -- Installing: /home/aula-robotica/ros_ws/install/andino_hardware/share/andino_hardware/package.dsv
[4.158s] -- Installing: /home/aula-robotica/ros_ws/install/andino_hardware/share/ament_index/resource_index/packages/andino_hardware
[4.158s] -- Installing: /home/aula-robotica/ros_ws/install/andino_hardware/share/andino_hardware/cmake/andino_hardwareConfig.cmake
[4.158s] -- Installing: /home/aula-robotica/ros_ws/install/andino_hardware/share/andino_hardware/cmake/andino_hardwareConfig-version.cmake
[4.158s] -- Installing: /home/aula-robotica/ros_ws/install/andino_hardware/share/andino_hardware/package.xml
[4.162s] Invoked command in '/home/aula-robotica/ros_ws/build/andino_hardware' returned '0': CMAKE_PREFIX_PATH=/opt/ros/humble /usr/bin/cmake --install /home/aula-robotica/ros_ws/build/andino_hardware
