[35m[1mConsolidate compiler generated dependencies of target robotica_movel[0m
[100%] Built target robotica_movel
-- Install configuration: ""
-- Up-to-date: /home/aula-robotica/ros_ws/install/robotica_movel/lib/robotica_movel/robotica_movel
-- Up-to-date: /home/aula-robotica/ros_ws/install/robotica_movel/share/robotica_movel/launch
-- Up-to-date: /home/aula-robotica/ros_ws/install/robotica_movel/share/robotica_movel/launch/slam_andino_launch.py
-- Up-to-date: /home/aula-robotica/ros_ws/install/robotica_movel/share/robotica_movel/launch/av3_nav_victor_launch.py
-- Up-to-date: /home/aula-robotica/ros_ws/install/robotica_movel/share/robotica_movel/launch/scape_square_andino_launch.py
-- Up-to-date: /home/aula-robotica/ros_ws/install/robotica_movel/share/robotica_movel/launch/nav_andino_launch.py
-- Up-to-date: /home/aula-robotica/ros_ws/install/robotica_movel/share/robotica_movel/launch/keyboard_square_andino_launch.py
-- Up-to-date: /home/aula-robotica/ros_ws/install/robotica_movel/share/robotica_movel/launch/robotica_movel_launch.py
-- Up-to-date: /home/aula-robotica/ros_ws/install/robotica_movel/share/robotica_movel/launch/av3_slam_victor_launch.py
-- Up-to-date: /home/aula-robotica/ros_ws/install/robotica_movel/share/ament_index/resource_index/package_run_dependencies/robotica_movel
-- Up-to-date: /home/aula-robotica/ros_ws/install/robotica_movel/share/ament_index/resource_index/parent_prefix_path/robotica_movel
-- Up-to-date: /home/aula-robotica/ros_ws/install/robotica_movel/share/robotica_movel/environment/ament_prefix_path.sh
-- Up-to-date: /home/aula-robotica/ros_ws/install/robotica_movel/share/robotica_movel/environment/ament_prefix_path.dsv
-- Up-to-date: /home/aula-robotica/ros_ws/install/robotica_movel/share/robotica_movel/environment/path.sh
-- Up-to-date: /home/aula-robotica/ros_ws/install/robotica_movel/share/robotica_movel/environment/path.dsv
-- Up-to-date: /home/aula-robotica/ros_ws/install/robotica_movel/share/robotica_movel/local_setup.bash
-- Up-to-date: /home/aula-robotica/ros_ws/install/robotica_movel/share/robotica_movel/local_setup.sh
-- Up-to-date: /home/aula-robotica/ros_ws/install/robotica_movel/share/robotica_movel/local_setup.zsh
-- Up-to-date: /home/aula-robotica/ros_ws/install/robotica_movel/share/robotica_movel/local_setup.dsv
-- Installing: /home/aula-robotica/ros_ws/install/robotica_movel/share/robotica_movel/package.dsv
-- Up-to-date: /home/aula-robotica/ros_ws/install/robotica_movel/share/ament_index/resource_index/packages/robotica_movel
-- Up-to-date: /home/aula-robotica/ros_ws/install/robotica_movel/share/robotica_movel/cmake/robotica_movelConfig.cmake
-- Up-to-date: /home/aula-robotica/ros_ws/install/robotica_movel/share/robotica_movel/cmake/robotica_movelConfig-version.cmake
-- Up-to-date: /home/aula-robotica/ros_ws/install/robotica_movel/share/robotica_movel/package.xml
