[0.030s] Invoking command in '/home/aula-robotica/ros_ws/build/andino_base': CMAKE_PREFIX_PATH=${CMAKE_PREFIX_PATH}:/opt/ros/humble /usr/bin/cmake --build /home/aula-robotica/ros_ws/build/andino_base -- -j4 -l4
[0.166s] [35m[1mConsolidate compiler generated dependencies of target motor_driver[0m
[0.185s] [ 28%] Built target motor_driver
[0.216s] [35m[1mConsolidate compiler generated dependencies of target motor_driver_demo[0m
[0.223s] [35m[1mConsolidate compiler generated dependencies of target diffdrive_andino[0m
[0.278s] [ 57%] Built target motor_driver_demo
[0.295s] [100%] Built target diffdrive_andino
[0.333s] Invoked command in '/home/aula-robotica/ros_ws/build/andino_base' returned '0': CMAKE_PREFIX_PATH=${CMAKE_PREFIX_PATH}:/opt/ros/humble /usr/bin/cmake --build /home/aula-robotica/ros_ws/build/andino_base -- -j4 -l4
[0.339s] Invoking command in '/home/aula-robotica/ros_ws/build/andino_base': CMAKE_PREFIX_PATH=${CMAKE_PREFIX_PATH}:/opt/ros/humble /usr/bin/cmake --install /home/aula-robotica/ros_ws/build/andino_base
[0.375s] -- Install configuration: ""
[0.375s] -- Up-to-date: /home/aula-robotica/ros_ws/install/andino_base/share/andino_base/andino_hw.xml
[0.375s] -- Up-to-date: /home/aula-robotica/ros_ws/install/andino_base/share/ament_index/resource_index/package_run_dependencies/andino_base
[0.376s] -- Up-to-date: /home/aula-robotica/ros_ws/install/andino_base/share/ament_index/resource_index/parent_prefix_path/andino_base
[0.376s] -- Up-to-date: /home/aula-robotica/ros_ws/install/andino_base/share/andino_base/environment/ament_prefix_path.sh
[0.376s] -- Up-to-date: /home/aula-robotica/ros_ws/install/andino_base/share/andino_base/environment/ament_prefix_path.dsv
[0.376s] -- Up-to-date: /home/aula-robotica/ros_ws/install/andino_base/share/andino_base/environment/path.sh
[0.376s] -- Up-to-date: /home/aula-robotica/ros_ws/install/andino_base/share/andino_base/environment/path.dsv
[0.376s] -- Up-to-date: /home/aula-robotica/ros_ws/install/andino_base/share/andino_base/local_setup.bash
[0.376s] -- Up-to-date: /home/aula-robotica/ros_ws/install/andino_base/share/andino_base/local_setup.sh
[0.376s] -- Up-to-date: /home/aula-robotica/ros_ws/install/andino_base/share/andino_base/local_setup.zsh
[0.376s] -- Up-to-date: /home/aula-robotica/ros_ws/install/andino_base/share/andino_base/local_setup.dsv
[0.376s] -- Installing: /home/aula-robotica/ros_ws/install/andino_base/share/andino_base/package.dsv
[0.383s] -- Up-to-date: /home/aula-robotica/ros_ws/install/andino_base/share/ament_index/resource_index/packages/andino_base
[0.383s] -- Up-to-date: /home/aula-robotica/ros_ws/install/andino_base/share/ament_index/resource_index/hardware_interface__pluginlib__plugin/andino_base
[0.384s] -- Up-to-date: /home/aula-robotica/ros_ws/install/andino_base/share/andino_base/cmake/andino_baseConfig.cmake
[0.384s] -- Up-to-date: /home/aula-robotica/ros_ws/install/andino_base/share/andino_base/cmake/andino_baseConfig-version.cmake
[0.384s] -- Up-to-date: /home/aula-robotica/ros_ws/install/andino_base/share/andino_base/package.xml
[0.384s] -- Up-to-date: /home/aula-robotica/ros_ws/install/andino_base/bin/motor_driver_demo
[0.386s] -- Up-to-date: /home/aula-robotica/ros_ws/install/andino_base/lib/libdiffdrive_andino.so
[0.390s] -- Up-to-date: /home/aula-robotica/ros_ws/install/andino_base/lib/libmotor_driver.so
[0.390s] -- Up-to-date: /home/aula-robotica/ros_ws/install/andino_base/share/andino_base/environment/library_path.sh
[0.390s] -- Up-to-date: /home/aula-robotica/ros_ws/install/andino_base/share/andino_base/environment/library_path.dsv
[0.454s] Invoked command in '/home/aula-robotica/ros_ws/build/andino_base' returned '0': CMAKE_PREFIX_PATH=${CMAKE_PREFIX_PATH}:/opt/ros/humble /usr/bin/cmake --install /home/aula-robotica/ros_ws/build/andino_base
