[0.058s] Invoking command in '/home/aula-robotica/ros_ws/build/turtlebot3_gazebo': CMAKE_PREFIX_PATH=/opt/ros/humble /usr/bin/cmake /home/aula-robotica/ros_ws/src/turtlebot3_simulations/turtlebot3_gazebo -DCMAKE_INSTALL_PREFIX=/home/aula-robotica/ros_ws/install/turtlebot3_gazebo
[0.116s] -- The C compiler identification is GNU 11.4.0
[0.193s] -- The CXX compiler identification is GNU 11.4.0
[0.200s] -- Detecting C compiler ABI info
[0.285s] -- Detecting C compiler ABI info - done
[0.292s] -- Check for working C compiler: /usr/bin/cc - skipped
[0.293s] -- Detecting C compile features
[0.293s] -- Detecting C compile features - done
[0.295s] -- Detecting CXX compiler ABI info
[0.416s] -- Detecting CXX compiler ABI info - done
[0.435s] -- Check for working CXX compiler: /usr/bin/c++ - skipped
[0.437s] -- Detecting CXX compile features
[0.437s] -- Detecting CXX compile features - done
[0.443s] -- Found ament_cmake: 1.3.11 (/opt/ros/humble/share/ament_cmake/cmake)
[0.688s] -- Found Python3: /usr/bin/python3 (found version "3.10.12") found components: Interpreter 
[0.798s] [33mCMake Warning (dev) at /usr/share/cmake-3.22/Modules/FindPackageHandleStandardArgs.cmake:438 (message):
[0.799s]   The package name passed to `find_package_handle_standard_args` (PkgConfig)
[0.799s]   does not match the name of the calling package (gazebo).  This can lead to
[0.799s]   problems in calling code that expects `find_package` result variables
[0.799s]   (e.g., `_FOUND`) to follow a certain pattern.
[0.799s] Call Stack (most recent call first):
[0.799s]   /usr/share/cmake-3.22/Modules/FindPkgConfig.cmake:99 (find_package_handle_standard_args)
[0.799s]   /usr/lib/x86_64-linux-gnu/cmake/gazebo/gazebo-config.cmake:72 (include)
[0.799s]   CMakeLists.txt:23 (find_package)
[0.799s] This warning is for project developers.  Use -Wno-dev to suppress it.
[0.799s] [0m
[0.800s] -- Found PkgConfig: /usr/bin/pkg-config (found version "0.29.2") 
[0.800s] -- Checking for module 'bullet>=2.82'
[0.876s] --   Found bullet, version 3.05
[1.157s] -- Found fcl: /usr/include (found suitable version "0.7.0", minimum required is "0.5.0") 
[1.842s] -- Found assimp: /usr/include (found version "5.2.0") 
[1.967s] -- Found DART: /usr/include (Required is at least version "6.6") found components: dart 
[4.207s] -- Found Boost: /usr/lib/x86_64-linux-gnu/cmake/Boost-1.74.0/BoostConfig.cmake (found suitable version "1.74.0", minimum required is "1.40.0") found components: thread system filesystem program_options regex iostreams date_time 
[4.713s] -- Found Protobuf: /usr/lib/x86_64-linux-gnu/libprotobuf.so (found version "3.12.4") 
[5.055s] -- Looking for ignition-math6 -- found version 6.15.1
[5.155s] -- Searching for dependencies of ignition-math6
[5.157s] -- Looking for OGRE...
[5.162s] -- OGRE_PREFIX_WATCH changed.
[5.167s] -- Checking for module 'OGRE'
[5.435s] --   Found OGRE, version 1.9.0
[5.932s] -- Found Ogre Ghadamon (1.9.0)
[5.941s] -- Found OGRE: optimized;/usr/lib/x86_64-linux-gnu/libOgreMain.so;debug;/usr/lib/x86_64-linux-gnu/libOgreMain.so
[5.976s] -- Looking for OGRE_Paging...
[5.982s] -- Found OGRE_Paging: optimized;/usr/lib/x86_64-linux-gnu/libOgrePaging.so;debug;/usr/lib/x86_64-linux-gnu/libOgrePaging.so
[5.983s] -- Looking for OGRE_Terrain...
[6.179s] -- Found OGRE_Terrain: optimized;/usr/lib/x86_64-linux-gnu/libOgreTerrain.so;debug;/usr/lib/x86_64-linux-gnu/libOgreTerrain.so
[6.179s] -- Looking for OGRE_Property...
[6.183s] -- Found OGRE_Property: optimized;/usr/lib/x86_64-linux-gnu/libOgreProperty.so;debug;/usr/lib/x86_64-linux-gnu/libOgreProperty.so
[6.183s] -- Looking for OGRE_RTShaderSystem...
[6.207s] -- Found OGRE_RTShaderSystem: optimized;/usr/lib/x86_64-linux-gnu/libOgreRTShaderSystem.so;debug;/usr/lib/x86_64-linux-gnu/libOgreRTShaderSystem.so
[6.207s] -- Looking for OGRE_Volume...
[6.211s] -- Found OGRE_Volume: optimized;/usr/lib/x86_64-linux-gnu/libOgreVolume.so;debug;/usr/lib/x86_64-linux-gnu/libOgreVolume.so
[6.211s] -- Looking for OGRE_Overlay...
[6.215s] -- Found OGRE_Overlay: optimized;/usr/lib/x86_64-linux-gnu/libOgreOverlay.so;debug;/usr/lib/x86_64-linux-gnu/libOgreOverlay.so
[6.301s] -- Looking for ignition-math6 -- found version 6.15.1
[6.321s] -- Looking for ignition-transport8 -- found version 8.2.1
[6.322s] -- Searching for dependencies of ignition-transport8
[6.370s] -- Found Protobuf: /usr/lib/x86_64-linux-gnu/libprotobuf.so (found suitable version "3.12.4", minimum required is "3") 
[6.402s] -- Config-file not installed for ZeroMQ -- checking for pkg-config
[6.438s] -- Checking for module 'libzmq >= 4'
[6.523s] --   Found libzmq , version 4.3.4
[6.576s] -- Found ZeroMQ: TRUE (Required is at least version "4") 
[6.582s] -- Checking for module 'uuid'
[6.644s] --   Found uuid, version 2.37.2
[6.715s] -- Found UUID: TRUE  
[6.718s] -- Looking for ignition-msgs5 -- found version 5.8.1
[6.719s] -- Searching for dependencies of ignition-msgs5
[6.734s] -- Looking for ignition-math6 -- found version 6.15.1
[6.741s] -- Checking for module 'tinyxml2'
[6.766s] --   Found tinyxml2, version 9.0.0
[6.946s] -- Looking for ignition-msgs5 -- found version 5.8.1
[6.957s] -- Looking for ignition-common3 -- found version 3.14.0
[6.957s] -- Searching for dependencies of ignition-common3
[6.958s] -- Looking for dlfcn.h - found
[6.960s] -- Looking for libdl - found
[6.965s] -- Found DL: TRUE  
[6.987s] -- Found tinyobjloader: /usr/lib/x86_64-linux-gnu/cmake/tinyobjloader/tinyobjloader-config.cmake (found version "2.0.0") 
[6.987s] -- Searching for <ignition-common3> component [graphics]
[6.989s] -- Looking for ignition-common3-graphics -- found version 3.14.0
[6.989s] -- Searching for dependencies of ignition-common3-graphics
[6.989s] -- Looking for ignition-math6 -- found version 6.15.1
[6.994s] -- Looking for ignition-fuel_tools4 -- found version 4.4.0
[6.995s] -- Searching for dependencies of ignition-fuel_tools4
[7.190s] -- Found CURL: /usr/lib/x86_64-linux-gnu/libcurl.so (found version "7.81.0")  
[7.231s] -- Checking for module 'jsoncpp'
[7.316s] --   Found jsoncpp, version 1.9.5
[7.417s] -- Found JSONCPP: TRUE  
[7.441s] -- Checking for module 'libzip'
[7.468s] --   Found libzip, version 1.7.3
[7.578s] -- Found ZIP: TRUE  
[7.579s] -- Looking for ignition-common3 -- found version 3.14.0
[7.579s] -- Looking for ignition-math6 -- found version 6.15.1
[7.579s] -- Looking for ignition-msgs5 -- found version 5.8.1
[7.586s] -- Found gazebo_ros_pkgs: 3.9.0 (/opt/ros/humble/share/gazebo_ros_pkgs/cmake)
[7.588s] -- Found geometry_msgs: 4.8.0 (/opt/ros/humble/share/geometry_msgs/cmake)
[7.611s] -- Found rosidl_generator_c: 3.1.6 (/opt/ros/humble/share/rosidl_generator_c/cmake)
[7.646s] -- Found rosidl_adapter: 3.1.6 (/opt/ros/humble/share/rosidl_adapter/cmake)
[7.648s] -- Found rosidl_generator_cpp: 3.1.6 (/opt/ros/humble/share/rosidl_generator_cpp/cmake)
[7.649s] -- Using all available rosidl_typesupport_c: rosidl_typesupport_fastrtps_c;rosidl_typesupport_introspection_c
[7.665s] -- Using all available rosidl_typesupport_cpp: rosidl_typesupport_fastrtps_cpp;rosidl_typesupport_introspection_cpp
[7.706s] -- Found nav_msgs: 4.8.0 (/opt/ros/humble/share/nav_msgs/cmake)
[7.744s] -- Found rclcpp: 16.0.12 (/opt/ros/humble/share/rclcpp/cmake)
[7.824s] -- Found rmw_implementation_cmake: 6.1.2 (/opt/ros/humble/share/rmw_implementation_cmake/cmake)
[7.824s] -- Found rmw_fastrtps_cpp: 6.2.7 (/opt/ros/humble/share/rmw_fastrtps_cpp/cmake)
[7.988s] -- Found OpenSSL: /usr/lib/x86_64-linux-gnu/libcrypto.so (found version "3.0.2")  
[8.019s] -- Found FastRTPS: /opt/ros/humble/include  
[8.060s] -- Using RMW implementation 'rmw_fastrtps_cpp' as default
[8.078s] -- Found Threads: TRUE  
[8.117s] -- Found sensor_msgs: 4.8.0 (/opt/ros/humble/share/sensor_msgs/cmake)
[8.132s] -- Found tf2: 0.25.12 (/opt/ros/humble/share/tf2/cmake)
[8.202s] -- Configuring done
[8.261s] -- Generating done
[8.269s] -- Build files have been written to: /home/aula-robotica/ros_ws/build/turtlebot3_gazebo
[8.299s] Invoked command in '/home/aula-robotica/ros_ws/build/turtlebot3_gazebo' returned '0': CMAKE_PREFIX_PATH=/opt/ros/humble /usr/bin/cmake /home/aula-robotica/ros_ws/src/turtlebot3_simulations/turtlebot3_gazebo -DCMAKE_INSTALL_PREFIX=/home/aula-robotica/ros_ws/install/turtlebot3_gazebo
[8.301s] Invoking command in '/home/aula-robotica/ros_ws/build/turtlebot3_gazebo': CMAKE_PREFIX_PATH=/opt/ros/humble /usr/bin/cmake --build /home/aula-robotica/ros_ws/build/turtlebot3_gazebo -- -j4 -l4
[8.392s] [  8%] [32mBuilding CXX object CMakeFiles/obstacle1.dir/src/obstacle1.cpp.o[0m
[8.394s] [ 16%] [32mBuilding CXX object CMakeFiles/traffic_light_plugin.dir/src/traffic_light_plugin.cpp.o[0m
[8.395s] [ 25%] [32mBuilding CXX object CMakeFiles/turtlebot3_drive.dir/src/turtlebot3_drive.cpp.o[0m
[8.413s] [ 33%] [32mBuilding CXX object CMakeFiles/traffic_bar_plugin.dir/src/traffic_bar_plugin.cpp.o[0m
[37.056s] [ 41%] [32m[1mLinking CXX executable turtlebot3_drive[0m
[38.433s] [ 41%] Built target turtlebot3_drive
[53.492s] [ 50%] [32m[1mLinking CXX shared library libobstacle1.so[0m
[53.897s] [ 50%] Built target obstacle1
[65.055s] [ 58%] [32m[1mLinking CXX shared library libtraffic_light_plugin.so[0m
[65.617s] [ 58%] Built target traffic_light_plugin
[71.744s] [ 66%] [32m[1mLinking CXX shared library libtraffic_bar_plugin.so[0m
[71.930s] [ 66%] Built target traffic_bar_plugin
[71.984s] [ 75%] [32mBuilding CXX object CMakeFiles/obstacles.dir/src/obstacles.cpp.o[0m
[83.646s] [ 83%] [32m[1mLinking CXX shared library libobstacles.so[0m
[83.820s] [ 83%] Built target obstacles
[83.847s] [ 91%] [32mBuilding CXX object CMakeFiles/obstacle2.dir/src/obstacle2.cpp.o[0m
[94.375s] [100%] [32m[1mLinking CXX shared library libobstacle2.so[0m
[94.581s] [100%] Built target obstacle2
[94.692s] Invoked command in '/home/aula-robotica/ros_ws/build/turtlebot3_gazebo' returned '0': CMAKE_PREFIX_PATH=/opt/ros/humble /usr/bin/cmake --build /home/aula-robotica/ros_ws/build/turtlebot3_gazebo -- -j4 -l4
[94.703s] Invoking command in '/home/aula-robotica/ros_ws/build/turtlebot3_gazebo': CMAKE_PREFIX_PATH=/opt/ros/humble /usr/bin/cmake --install /home/aula-robotica/ros_ws/build/turtlebot3_gazebo
[94.715s] -- Install configuration: ""
[94.715s] -- Installing: /home/aula-robotica/ros_ws/install/turtlebot3_gazebo/lib/turtlebot3_gazebo/turtlebot3_drive
[94.716s] -- Set runtime path of "/home/aula-robotica/ros_ws/install/turtlebot3_gazebo/lib/turtlebot3_gazebo/turtlebot3_drive" to ""
[94.716s] -- Installing: /home/aula-robotica/ros_ws/install/turtlebot3_gazebo/share/turtlebot3_gazebo//launch
[94.716s] -- Installing: /home/aula-robotica/ros_ws/install/turtlebot3_gazebo/share/turtlebot3_gazebo//launch/turtlebot3_dqn_stage2.launch.py
[94.716s] -- Installing: /home/aula-robotica/ros_ws/install/turtlebot3_gazebo/share/turtlebot3_gazebo//launch/turtlebot3_dqn_stage3.launch.py
[94.717s] -- Installing: /home/aula-robotica/ros_ws/install/turtlebot3_gazebo/share/turtlebot3_gazebo//launch/turtlebot3_dqn_stage1.launch.py
[94.717s] -- Installing: /home/aula-robotica/ros_ws/install/turtlebot3_gazebo/share/turtlebot3_gazebo//launch/multi_robot.launch.py
[94.718s] -- Installing: /home/aula-robotica/ros_ws/install/turtlebot3_gazebo/share/turtlebot3_gazebo//launch/turtlebot3_autorace_2020.launch.py
[94.718s] -- Installing: /home/aula-robotica/ros_ws/install/turtlebot3_gazebo/share/turtlebot3_gazebo//launch/empty_world.launch.py
[94.719s] -- Installing: /home/aula-robotica/ros_ws/install/turtlebot3_gazebo/share/turtlebot3_gazebo//launch/turtlebot3_world.launch.py
[94.719s] -- Installing: /home/aula-robotica/ros_ws/install/turtlebot3_gazebo/share/turtlebot3_gazebo//launch/turtlebot3_dqn_stage4.launch.py
[94.720s] -- Installing: /home/aula-robotica/ros_ws/install/turtlebot3_gazebo/share/turtlebot3_gazebo//launch/spawn_turtlebot3.launch.py
[94.721s] -- Installing: /home/aula-robotica/ros_ws/install/turtlebot3_gazebo/share/turtlebot3_gazebo//launch/robot_state_publisher.launch.py
[94.721s] -- Installing: /home/aula-robotica/ros_ws/install/turtlebot3_gazebo/share/turtlebot3_gazebo//launch/turtlebot3_house.launch.py
[94.722s] -- Installing: /home/aula-robotica/ros_ws/install/turtlebot3_gazebo/share/turtlebot3_gazebo//launch/multi_spawn_turtlebot3.launch.py
[94.722s] -- Installing: /home/aula-robotica/ros_ws/install/turtlebot3_gazebo/share/turtlebot3_gazebo//models
[94.723s] -- Installing: /home/aula-robotica/ros_ws/install/turtlebot3_gazebo/share/turtlebot3_gazebo//models/turtlebot3_burger_cam
[94.723s] -- Installing: /home/aula-robotica/ros_ws/install/turtlebot3_gazebo/share/turtlebot3_gazebo//models/turtlebot3_burger_cam/model.config
[94.724s] -- Installing: /home/aula-robotica/ros_ws/install/turtlebot3_gazebo/share/turtlebot3_gazebo//models/turtlebot3_burger_cam/model-1_4.sdf
[94.725s] -- Installing: /home/aula-robotica/ros_ws/install/turtlebot3_gazebo/share/turtlebot3_gazebo//models/turtlebot3_burger_cam/model.sdf
[94.725s] -- Installing: /home/aula-robotica/ros_ws/install/turtlebot3_gazebo/share/turtlebot3_gazebo//models/turtlebot3_burger
[94.726s] -- Installing: /home/aula-robotica/ros_ws/install/turtlebot3_gazebo/share/turtlebot3_gazebo//models/turtlebot3_burger/model.config
[94.726s] -- Installing: /home/aula-robotica/ros_ws/install/turtlebot3_gazebo/share/turtlebot3_gazebo//models/turtlebot3_burger/model-1_4.sdf
[94.727s] -- Installing: /home/aula-robotica/ros_ws/install/turtlebot3_gazebo/share/turtlebot3_gazebo//models/turtlebot3_burger/model.sdf
[94.728s] -- Installing: /home/aula-robotica/ros_ws/install/turtlebot3_gazebo/share/turtlebot3_gazebo//models/turtlebot3_waffle_pi
[94.729s] -- Installing: /home/aula-robotica/ros_ws/install/turtlebot3_gazebo/share/turtlebot3_gazebo//models/turtlebot3_waffle_pi/model.config
[94.729s] -- Installing: /home/aula-robotica/ros_ws/install/turtlebot3_gazebo/share/turtlebot3_gazebo//models/turtlebot3_waffle_pi/model.sdf
[94.730s] -- Installing: /home/aula-robotica/ros_ws/install/turtlebot3_gazebo/share/turtlebot3_gazebo//models/turtlebot3_waffle_pi/model-1_4_.sdf
[94.730s] -- Installing: /home/aula-robotica/ros_ws/install/turtlebot3_gazebo/share/turtlebot3_gazebo//models/turtlebot3_dqn_world
[94.731s] -- Installing: /home/aula-robotica/ros_ws/install/turtlebot3_gazebo/share/turtlebot3_gazebo//models/turtlebot3_dqn_world/inner_walls
[94.731s] -- Installing: /home/aula-robotica/ros_ws/install/turtlebot3_gazebo/share/turtlebot3_gazebo//models/turtlebot3_dqn_world/inner_walls/model.config
[94.732s] -- Installing: /home/aula-robotica/ros_ws/install/turtlebot3_gazebo/share/turtlebot3_gazebo//models/turtlebot3_dqn_world/inner_walls/model.sdf
[94.733s] -- Installing: /home/aula-robotica/ros_ws/install/turtlebot3_gazebo/share/turtlebot3_gazebo//models/turtlebot3_dqn_world/model.config
[94.733s] -- Installing: /home/aula-robotica/ros_ws/install/turtlebot3_gazebo/share/turtlebot3_gazebo//models/turtlebot3_dqn_world/obstacle2
[94.734s] -- Installing: /home/aula-robotica/ros_ws/install/turtlebot3_gazebo/share/turtlebot3_gazebo//models/turtlebot3_dqn_world/obstacle2/model.config
[94.734s] -- Installing: /home/aula-robotica/ros_ws/install/turtlebot3_gazebo/share/turtlebot3_gazebo//models/turtlebot3_dqn_world/obstacle2/model.sdf
[94.734s] -- Installing: /home/aula-robotica/ros_ws/install/turtlebot3_gazebo/share/turtlebot3_gazebo//models/turtlebot3_dqn_world/goal_box
[94.735s] -- Installing: /home/aula-robotica/ros_ws/install/turtlebot3_gazebo/share/turtlebot3_gazebo//models/turtlebot3_dqn_world/goal_box/model.config
[94.735s] -- Installing: /home/aula-robotica/ros_ws/install/turtlebot3_gazebo/share/turtlebot3_gazebo//models/turtlebot3_dqn_world/goal_box/model.sdf
[94.736s] -- Installing: /home/aula-robotica/ros_ws/install/turtlebot3_gazebo/share/turtlebot3_gazebo//models/turtlebot3_dqn_world/model.sdf
[94.737s] -- Installing: /home/aula-robotica/ros_ws/install/turtlebot3_gazebo/share/turtlebot3_gazebo//models/turtlebot3_dqn_world/obstacle1
[94.737s] -- Installing: /home/aula-robotica/ros_ws/install/turtlebot3_gazebo/share/turtlebot3_gazebo//models/turtlebot3_dqn_world/obstacle1/model.config
[94.737s] -- Installing: /home/aula-robotica/ros_ws/install/turtlebot3_gazebo/share/turtlebot3_gazebo//models/turtlebot3_dqn_world/obstacle1/model.sdf
[94.738s] -- Installing: /home/aula-robotica/ros_ws/install/turtlebot3_gazebo/share/turtlebot3_gazebo//models/turtlebot3_dqn_world/obstacles
[94.739s] -- Installing: /home/aula-robotica/ros_ws/install/turtlebot3_gazebo/share/turtlebot3_gazebo//models/turtlebot3_dqn_world/obstacles/model.config
[94.739s] -- Installing: /home/aula-robotica/ros_ws/install/turtlebot3_gazebo/share/turtlebot3_gazebo//models/turtlebot3_dqn_world/obstacles/model.sdf
[94.740s] -- Installing: /home/aula-robotica/ros_ws/install/turtlebot3_gazebo/share/turtlebot3_gazebo//models/turtlebot3_world
[94.740s] -- Installing: /home/aula-robotica/ros_ws/install/turtlebot3_gazebo/share/turtlebot3_gazebo//models/turtlebot3_world/model.config
[94.741s] -- Installing: /home/aula-robotica/ros_ws/install/turtlebot3_gazebo/share/turtlebot3_gazebo//models/turtlebot3_world/meshes
[94.741s] -- Installing: /home/aula-robotica/ros_ws/install/turtlebot3_gazebo/share/turtlebot3_gazebo//models/turtlebot3_world/meshes/hexagon.dae
[94.742s] -- Installing: /home/aula-robotica/ros_ws/install/turtlebot3_gazebo/share/turtlebot3_gazebo//models/turtlebot3_world/meshes/wall.dae
[94.742s] -- Installing: /home/aula-robotica/ros_ws/install/turtlebot3_gazebo/share/turtlebot3_gazebo//models/turtlebot3_world/model-1_4.sdf
[94.743s] -- Installing: /home/aula-robotica/ros_ws/install/turtlebot3_gazebo/share/turtlebot3_gazebo//models/turtlebot3_world/model.sdf
[94.743s] -- Installing: /home/aula-robotica/ros_ws/install/turtlebot3_gazebo/share/turtlebot3_gazebo//models/turtlebot3_waffle
[94.744s] -- Installing: /home/aula-robotica/ros_ws/install/turtlebot3_gazebo/share/turtlebot3_gazebo//models/turtlebot3_waffle/model.config
[94.744s] -- Installing: /home/aula-robotica/ros_ws/install/turtlebot3_gazebo/share/turtlebot3_gazebo//models/turtlebot3_waffle/model-1_4.sdf
[94.745s] -- Installing: /home/aula-robotica/ros_ws/install/turtlebot3_gazebo/share/turtlebot3_gazebo//models/turtlebot3_waffle/model.sdf
[94.746s] -- Installing: /home/aula-robotica/ros_ws/install/turtlebot3_gazebo/share/turtlebot3_gazebo//models/turtlebot3_house
[94.746s] -- Installing: /home/aula-robotica/ros_ws/install/turtlebot3_gazebo/share/turtlebot3_gazebo//models/turtlebot3_house/model.config
[94.746s] -- Installing: /home/aula-robotica/ros_ws/install/turtlebot3_gazebo/share/turtlebot3_gazebo//models/turtlebot3_house/model.sdf
[94.748s] -- Installing: /home/aula-robotica/ros_ws/install/turtlebot3_gazebo/share/turtlebot3_gazebo//models/turtlebot3_autorace_2020
[94.748s] -- Installing: /home/aula-robotica/ros_ws/install/turtlebot3_gazebo/share/turtlebot3_gazebo//models/turtlebot3_autorace_2020/traffic_pl_left
[94.749s] -- Installing: /home/aula-robotica/ros_ws/install/turtlebot3_gazebo/share/turtlebot3_gazebo//models/turtlebot3_autorace_2020/traffic_pl_left/model.config
[94.749s] -- Installing: /home/aula-robotica/ros_ws/install/turtlebot3_gazebo/share/turtlebot3_gazebo//models/turtlebot3_autorace_2020/traffic_pl_left/materials
[94.750s] -- Installing: /home/aula-robotica/ros_ws/install/turtlebot3_gazebo/share/turtlebot3_gazebo//models/turtlebot3_autorace_2020/traffic_pl_left/materials/textures
[94.751s] -- Installing: /home/aula-robotica/ros_ws/install/turtlebot3_gazebo/share/turtlebot3_gazebo//models/turtlebot3_autorace_2020/traffic_pl_left/materials/textures/traffic_pl_left.png
[94.752s] -- Installing: /home/aula-robotica/ros_ws/install/turtlebot3_gazebo/share/turtlebot3_gazebo//models/turtlebot3_autorace_2020/traffic_pl_left/materials/scripts
[94.752s] -- Installing: /home/aula-robotica/ros_ws/install/turtlebot3_gazebo/share/turtlebot3_gazebo//models/turtlebot3_autorace_2020/traffic_pl_left/materials/scripts/traffic_pl_left.material
[94.753s] -- Installing: /home/aula-robotica/ros_ws/install/turtlebot3_gazebo/share/turtlebot3_gazebo//models/turtlebot3_autorace_2020/traffic_pl_left/model.sdf
[94.754s] -- Installing: /home/aula-robotica/ros_ws/install/turtlebot3_gazebo/share/turtlebot3_gazebo//models/turtlebot3_autorace_2020/traffic_intersection
[94.754s] -- Installing: /home/aula-robotica/ros_ws/install/turtlebot3_gazebo/share/turtlebot3_gazebo//models/turtlebot3_autorace_2020/traffic_intersection/model.config
[94.754s] -- Installing: /home/aula-robotica/ros_ws/install/turtlebot3_gazebo/share/turtlebot3_gazebo//models/turtlebot3_autorace_2020/traffic_intersection/materials
[94.755s] -- Installing: /home/aula-robotica/ros_ws/install/turtlebot3_gazebo/share/turtlebot3_gazebo//models/turtlebot3_autorace_2020/traffic_intersection/materials/textures
[94.755s] -- Installing: /home/aula-robotica/ros_ws/install/turtlebot3_gazebo/share/turtlebot3_gazebo//models/turtlebot3_autorace_2020/traffic_intersection/materials/textures/traffic_intersection.png
[94.756s] -- Installing: /home/aula-robotica/ros_ws/install/turtlebot3_gazebo/share/turtlebot3_gazebo//models/turtlebot3_autorace_2020/traffic_intersection/materials/scripts
[94.757s] -- Installing: /home/aula-robotica/ros_ws/install/turtlebot3_gazebo/share/turtlebot3_gazebo//models/turtlebot3_autorace_2020/traffic_intersection/materials/scripts/traffic_intersection.material
[94.757s] -- Installing: /home/aula-robotica/ros_ws/install/turtlebot3_gazebo/share/turtlebot3_gazebo//models/turtlebot3_autorace_2020/traffic_intersection/model.sdf
[94.758s] -- Installing: /home/aula-robotica/ros_ws/install/turtlebot3_gazebo/share/turtlebot3_gazebo//models/turtlebot3_autorace_2020/traffic_light
[94.758s] -- Installing: /home/aula-robotica/ros_ws/install/turtlebot3_gazebo/share/turtlebot3_gazebo//models/turtlebot3_autorace_2020/traffic_light/model.config
[94.760s] -- Installing: /home/aula-robotica/ros_ws/install/turtlebot3_gazebo/share/turtlebot3_gazebo//models/turtlebot3_autorace_2020/traffic_light/materials
[94.760s] -- Installing: /home/aula-robotica/ros_ws/install/turtlebot3_gazebo/share/turtlebot3_gazebo//models/turtlebot3_autorace_2020/traffic_light/materials/textures
[94.760s] -- Installing: /home/aula-robotica/ros_ws/install/turtlebot3_gazebo/share/turtlebot3_gazebo//models/turtlebot3_autorace_2020/traffic_light/materials/textures/traffic_light_yellow.png
[94.761s] -- Installing: /home/aula-robotica/ros_ws/install/turtlebot3_gazebo/share/turtlebot3_gazebo//models/turtlebot3_autorace_2020/traffic_light/materials/textures/traffic_light_red.png
[94.761s] -- Installing: /home/aula-robotica/ros_ws/install/turtlebot3_gazebo/share/turtlebot3_gazebo//models/turtlebot3_autorace_2020/traffic_light/materials/textures/traffic_light_green.png
[94.761s] -- Installing: /home/aula-robotica/ros_ws/install/turtlebot3_gazebo/share/turtlebot3_gazebo//models/turtlebot3_autorace_2020/traffic_light/materials/textures/traffic_light.png
[94.762s] -- Installing: /home/aula-robotica/ros_ws/install/turtlebot3_gazebo/share/turtlebot3_gazebo//models/turtlebot3_autorace_2020/traffic_light/materials/scripts
[94.762s] -- Installing: /home/aula-robotica/ros_ws/install/turtlebot3_gazebo/share/turtlebot3_gazebo//models/turtlebot3_autorace_2020/traffic_light/materials/scripts/traffic_light.material
[94.763s] -- Installing: /home/aula-robotica/ros_ws/install/turtlebot3_gazebo/share/turtlebot3_gazebo//models/turtlebot3_autorace_2020/traffic_light/model.sdf
[94.763s] -- Installing: /home/aula-robotica/ros_ws/install/turtlebot3_gazebo/share/turtlebot3_gazebo//models/turtlebot3_autorace_2020/traffic_right
[94.764s] -- Installing: /home/aula-robotica/ros_ws/install/turtlebot3_gazebo/share/turtlebot3_gazebo//models/turtlebot3_autorace_2020/traffic_right/model.config
[94.764s] -- Installing: /home/aula-robotica/ros_ws/install/turtlebot3_gazebo/share/turtlebot3_gazebo//models/turtlebot3_autorace_2020/traffic_right/materials
[94.765s] -- Installing: /home/aula-robotica/ros_ws/install/turtlebot3_gazebo/share/turtlebot3_gazebo//models/turtlebot3_autorace_2020/traffic_right/materials/textures
[94.765s] -- Installing: /home/aula-robotica/ros_ws/install/turtlebot3_gazebo/share/turtlebot3_gazebo//models/turtlebot3_autorace_2020/traffic_right/materials/textures/traffic_right.png
[94.766s] -- Installing: /home/aula-robotica/ros_ws/install/turtlebot3_gazebo/share/turtlebot3_gazebo//models/turtlebot3_autorace_2020/traffic_right/materials/scripts
[94.767s] -- Installing: /home/aula-robotica/ros_ws/install/turtlebot3_gazebo/share/turtlebot3_gazebo//models/turtlebot3_autorace_2020/traffic_right/materials/scripts/traffic_right.material
[94.767s] -- Installing: /home/aula-robotica/ros_ws/install/turtlebot3_gazebo/share/turtlebot3_gazebo//models/turtlebot3_autorace_2020/traffic_right/model.sdf
[94.768s] -- Installing: /home/aula-robotica/ros_ws/install/turtlebot3_gazebo/share/turtlebot3_gazebo//models/turtlebot3_autorace_2020/traffic_bar
[94.768s] -- Installing: /home/aula-robotica/ros_ws/install/turtlebot3_gazebo/share/turtlebot3_gazebo//models/turtlebot3_autorace_2020/traffic_bar/model.config
[94.769s] -- Installing: /home/aula-robotica/ros_ws/install/turtlebot3_gazebo/share/turtlebot3_gazebo//models/turtlebot3_autorace_2020/traffic_bar/materials
[94.769s] -- Installing: /home/aula-robotica/ros_ws/install/turtlebot3_gazebo/share/turtlebot3_gazebo//models/turtlebot3_autorace_2020/traffic_bar/materials/textures
[94.770s] -- Installing: /home/aula-robotica/ros_ws/install/turtlebot3_gazebo/share/turtlebot3_gazebo//models/turtlebot3_autorace_2020/traffic_bar/materials/textures/traffic_bar.png
[94.770s] -- Installing: /home/aula-robotica/ros_ws/install/turtlebot3_gazebo/share/turtlebot3_gazebo//models/turtlebot3_autorace_2020/traffic_bar/materials/scripts
[94.771s] -- Installing: /home/aula-robotica/ros_ws/install/turtlebot3_gazebo/share/turtlebot3_gazebo//models/turtlebot3_autorace_2020/traffic_bar/materials/scripts/traffic_bar.material
[94.771s] -- Installing: /home/aula-robotica/ros_ws/install/turtlebot3_gazebo/share/turtlebot3_gazebo//models/turtlebot3_autorace_2020/traffic_bar/model.sdf
[94.772s] -- Installing: /home/aula-robotica/ros_ws/install/turtlebot3_gazebo/share/turtlebot3_gazebo//models/turtlebot3_autorace_2020/traffic_noentry
[94.772s] -- Installing: /home/aula-robotica/ros_ws/install/turtlebot3_gazebo/share/turtlebot3_gazebo//models/turtlebot3_autorace_2020/traffic_noentry/model.config
[94.773s] -- Installing: /home/aula-robotica/ros_ws/install/turtlebot3_gazebo/share/turtlebot3_gazebo//models/turtlebot3_autorace_2020/traffic_noentry/materials
[94.773s] -- Installing: /home/aula-robotica/ros_ws/install/turtlebot3_gazebo/share/turtlebot3_gazebo//models/turtlebot3_autorace_2020/traffic_noentry/materials/textures
[94.774s] -- Installing: /home/aula-robotica/ros_ws/install/turtlebot3_gazebo/share/turtlebot3_gazebo//models/turtlebot3_autorace_2020/traffic_noentry/materials/textures/traffic_noentry.png
[94.775s] -- Installing: /home/aula-robotica/ros_ws/install/turtlebot3_gazebo/share/turtlebot3_gazebo//models/turtlebot3_autorace_2020/traffic_noentry/materials/scripts
[94.775s] -- Installing: /home/aula-robotica/ros_ws/install/turtlebot3_gazebo/share/turtlebot3_gazebo//models/turtlebot3_autorace_2020/traffic_noentry/materials/scripts/traffic_noentry.material
[94.776s] -- Installing: /home/aula-robotica/ros_ws/install/turtlebot3_gazebo/share/turtlebot3_gazebo//models/turtlebot3_autorace_2020/traffic_noentry/model.sdf
[94.776s] -- Installing: /home/aula-robotica/ros_ws/install/turtlebot3_gazebo/share/turtlebot3_gazebo//models/turtlebot3_autorace_2020/checker
[94.777s] -- Installing: /home/aula-robotica/ros_ws/install/turtlebot3_gazebo/share/turtlebot3_gazebo//models/turtlebot3_autorace_2020/checker/model.config
[94.777s] -- Installing: /home/aula-robotica/ros_ws/install/turtlebot3_gazebo/share/turtlebot3_gazebo//models/turtlebot3_autorace_2020/checker/materials
[94.778s] -- Installing: /home/aula-robotica/ros_ws/install/turtlebot3_gazebo/share/turtlebot3_gazebo//models/turtlebot3_autorace_2020/checker/materials/checker.png
[94.778s] -- Installing: /home/aula-robotica/ros_ws/install/turtlebot3_gazebo/share/turtlebot3_gazebo//models/turtlebot3_autorace_2020/checker/materials/textures
[94.779s] -- Installing: /home/aula-robotica/ros_ws/install/turtlebot3_gazebo/share/turtlebot3_gazebo//models/turtlebot3_autorace_2020/checker/materials/textures/checker.png
[94.780s] -- Installing: /home/aula-robotica/ros_ws/install/turtlebot3_gazebo/share/turtlebot3_gazebo//models/turtlebot3_autorace_2020/checker/materials/scripts
[94.780s] -- Installing: /home/aula-robotica/ros_ws/install/turtlebot3_gazebo/share/turtlebot3_gazebo//models/turtlebot3_autorace_2020/checker/materials/scripts/checker.material
[94.781s] -- Installing: /home/aula-robotica/ros_ws/install/turtlebot3_gazebo/share/turtlebot3_gazebo//models/turtlebot3_autorace_2020/checker/model.sdf
[94.781s] -- Installing: /home/aula-robotica/ros_ws/install/turtlebot3_gazebo/share/turtlebot3_gazebo//models/turtlebot3_autorace_2020/traffic_tunnel
[94.781s] -- Installing: /home/aula-robotica/ros_ws/install/turtlebot3_gazebo/share/turtlebot3_gazebo//models/turtlebot3_autorace_2020/traffic_tunnel/model.config
[94.782s] -- Installing: /home/aula-robotica/ros_ws/install/turtlebot3_gazebo/share/turtlebot3_gazebo//models/turtlebot3_autorace_2020/traffic_tunnel/materials
[94.782s] -- Installing: /home/aula-robotica/ros_ws/install/turtlebot3_gazebo/share/turtlebot3_gazebo//models/turtlebot3_autorace_2020/traffic_tunnel/materials/textures
[94.783s] -- Installing: /home/aula-robotica/ros_ws/install/turtlebot3_gazebo/share/turtlebot3_gazebo//models/turtlebot3_autorace_2020/traffic_tunnel/materials/textures/tunnel.png
[94.784s] -- Installing: /home/aula-robotica/ros_ws/install/turtlebot3_gazebo/share/turtlebot3_gazebo//models/turtlebot3_autorace_2020/traffic_tunnel/materials/scripts
[94.784s] -- Installing: /home/aula-robotica/ros_ws/install/turtlebot3_gazebo/share/turtlebot3_gazebo//models/turtlebot3_autorace_2020/traffic_tunnel/materials/scripts/tunnel.material
[94.785s] -- Installing: /home/aula-robotica/ros_ws/install/turtlebot3_gazebo/share/turtlebot3_gazebo//models/turtlebot3_autorace_2020/traffic_tunnel/model.sdf
[94.785s] -- Installing: /home/aula-robotica/ros_ws/install/turtlebot3_gazebo/share/turtlebot3_gazebo//models/turtlebot3_autorace_2020/traffic_construction
[94.786s] -- Installing: /home/aula-robotica/ros_ws/install/turtlebot3_gazebo/share/turtlebot3_gazebo//models/turtlebot3_autorace_2020/traffic_construction/model.config
[94.787s] -- Installing: /home/aula-robotica/ros_ws/install/turtlebot3_gazebo/share/turtlebot3_gazebo//models/turtlebot3_autorace_2020/traffic_construction/materials
[94.787s] -- Installing: /home/aula-robotica/ros_ws/install/turtlebot3_gazebo/share/turtlebot3_gazebo//models/turtlebot3_autorace_2020/traffic_construction/materials/textures
[94.787s] -- Installing: /home/aula-robotica/ros_ws/install/turtlebot3_gazebo/share/turtlebot3_gazebo//models/turtlebot3_autorace_2020/traffic_construction/materials/textures/traffic_construction.png
[94.788s] -- Installing: /home/aula-robotica/ros_ws/install/turtlebot3_gazebo/share/turtlebot3_gazebo//models/turtlebot3_autorace_2020/traffic_construction/materials/scripts
[94.789s] -- Installing: /home/aula-robotica/ros_ws/install/turtlebot3_gazebo/share/turtlebot3_gazebo//models/turtlebot3_autorace_2020/traffic_construction/materials/scripts/traffic_construction.material
[94.789s] -- Installing: /home/aula-robotica/ros_ws/install/turtlebot3_gazebo/share/turtlebot3_gazebo//models/turtlebot3_autorace_2020/traffic_construction/model.sdf
[94.790s] -- Installing: /home/aula-robotica/ros_ws/install/turtlebot3_gazebo/share/turtlebot3_gazebo//models/turtlebot3_autorace_2020/traffic_stop
[94.790s] -- Installing: /home/aula-robotica/ros_ws/install/turtlebot3_gazebo/share/turtlebot3_gazebo//models/turtlebot3_autorace_2020/traffic_stop/model.config
[94.791s] -- Installing: /home/aula-robotica/ros_ws/install/turtlebot3_gazebo/share/turtlebot3_gazebo//models/turtlebot3_autorace_2020/traffic_stop/materials
[94.791s] -- Installing: /home/aula-robotica/ros_ws/install/turtlebot3_gazebo/share/turtlebot3_gazebo//models/turtlebot3_autorace_2020/traffic_stop/materials/textures
[94.792s] -- Installing: /home/aula-robotica/ros_ws/install/turtlebot3_gazebo/share/turtlebot3_gazebo//models/turtlebot3_autorace_2020/traffic_stop/materials/textures/traffic_stop.png
[94.793s] -- Installing: /home/aula-robotica/ros_ws/install/turtlebot3_gazebo/share/turtlebot3_gazebo//models/turtlebot3_autorace_2020/traffic_stop/materials/scripts
[94.793s] -- Installing: /home/aula-robotica/ros_ws/install/turtlebot3_gazebo/share/turtlebot3_gazebo//models/turtlebot3_autorace_2020/traffic_stop/materials/scripts/traffic_stop.material
[94.794s] -- Installing: /home/aula-robotica/ros_ws/install/turtlebot3_gazebo/share/turtlebot3_gazebo//models/turtlebot3_autorace_2020/traffic_stop/model.sdf
[94.794s] -- Installing: /home/aula-robotica/ros_ws/install/turtlebot3_gazebo/share/turtlebot3_gazebo//models/turtlebot3_autorace_2020/course
[94.795s] -- Installing: /home/aula-robotica/ros_ws/install/turtlebot3_gazebo/share/turtlebot3_gazebo//models/turtlebot3_autorace_2020/course/model.config
[94.795s] -- Installing: /home/aula-robotica/ros_ws/install/turtlebot3_gazebo/share/turtlebot3_gazebo//models/turtlebot3_autorace_2020/course/materials
[94.796s] -- Installing: /home/aula-robotica/ros_ws/install/turtlebot3_gazebo/share/turtlebot3_gazebo//models/turtlebot3_autorace_2020/course/materials/textures
[94.796s] -- Installing: /home/aula-robotica/ros_ws/install/turtlebot3_gazebo/share/turtlebot3_gazebo//models/turtlebot3_autorace_2020/course/materials/textures/course.png
[94.798s] -- Installing: /home/aula-robotica/ros_ws/install/turtlebot3_gazebo/share/turtlebot3_gazebo//models/turtlebot3_autorace_2020/course/materials/scripts
[94.798s] -- Installing: /home/aula-robotica/ros_ws/install/turtlebot3_gazebo/share/turtlebot3_gazebo//models/turtlebot3_autorace_2020/course/materials/scripts/course.material
[94.798s] -- Installing: /home/aula-robotica/ros_ws/install/turtlebot3_gazebo/share/turtlebot3_gazebo//models/turtlebot3_autorace_2020/course/model.sdf
[94.799s] -- Installing: /home/aula-robotica/ros_ws/install/turtlebot3_gazebo/share/turtlebot3_gazebo//models/turtlebot3_autorace_2020/traffic_parking
[94.799s] -- Installing: /home/aula-robotica/ros_ws/install/turtlebot3_gazebo/share/turtlebot3_gazebo//models/turtlebot3_autorace_2020/traffic_parking/model.config
[94.800s] -- Installing: /home/aula-robotica/ros_ws/install/turtlebot3_gazebo/share/turtlebot3_gazebo//models/turtlebot3_autorace_2020/traffic_parking/materials
[94.801s] -- Installing: /home/aula-robotica/ros_ws/install/turtlebot3_gazebo/share/turtlebot3_gazebo//models/turtlebot3_autorace_2020/traffic_parking/materials/textures
[94.801s] -- Installing: /home/aula-robotica/ros_ws/install/turtlebot3_gazebo/share/turtlebot3_gazebo//models/turtlebot3_autorace_2020/traffic_parking/materials/textures/traffic_parking.png
[94.802s] -- Installing: /home/aula-robotica/ros_ws/install/turtlebot3_gazebo/share/turtlebot3_gazebo//models/turtlebot3_autorace_2020/traffic_parking/materials/scripts
[94.803s] -- Installing: /home/aula-robotica/ros_ws/install/turtlebot3_gazebo/share/turtlebot3_gazebo//models/turtlebot3_autorace_2020/traffic_parking/materials/scripts/traffic_parking.material
[94.803s] -- Installing: /home/aula-robotica/ros_ws/install/turtlebot3_gazebo/share/turtlebot3_gazebo//models/turtlebot3_autorace_2020/traffic_parking/model.sdf
[94.803s] -- Installing: /home/aula-robotica/ros_ws/install/turtlebot3_gazebo/share/turtlebot3_gazebo//models/turtlebot3_autorace_2020/traffic_left
[94.804s] -- Installing: /home/aula-robotica/ros_ws/install/turtlebot3_gazebo/share/turtlebot3_gazebo//models/turtlebot3_autorace_2020/traffic_left/model.config
[94.805s] -- Installing: /home/aula-robotica/ros_ws/install/turtlebot3_gazebo/share/turtlebot3_gazebo//models/turtlebot3_autorace_2020/traffic_left/materials
[94.805s] -- Installing: /home/aula-robotica/ros_ws/install/turtlebot3_gazebo/share/turtlebot3_gazebo//models/turtlebot3_autorace_2020/traffic_left/materials/textures
[94.806s] -- Installing: /home/aula-robotica/ros_ws/install/turtlebot3_gazebo/share/turtlebot3_gazebo//models/turtlebot3_autorace_2020/traffic_left/materials/textures/traffic_left.png
[94.807s] -- Installing: /home/aula-robotica/ros_ws/install/turtlebot3_gazebo/share/turtlebot3_gazebo//models/turtlebot3_autorace_2020/traffic_left/materials/scripts
[94.807s] -- Installing: /home/aula-robotica/ros_ws/install/turtlebot3_gazebo/share/turtlebot3_gazebo//models/turtlebot3_autorace_2020/traffic_left/materials/scripts/traffic_is_left.material
[94.808s] -- Installing: /home/aula-robotica/ros_ws/install/turtlebot3_gazebo/share/turtlebot3_gazebo//models/turtlebot3_autorace_2020/traffic_left/model.sdf
[94.809s] -- Installing: /home/aula-robotica/ros_ws/install/turtlebot3_gazebo/share/turtlebot3_gazebo//models/turtlebot3_common
[94.809s] -- Installing: /home/aula-robotica/ros_ws/install/turtlebot3_gazebo/share/turtlebot3_gazebo//models/turtlebot3_common/model.config
[94.810s] -- Installing: /home/aula-robotica/ros_ws/install/turtlebot3_gazebo/share/turtlebot3_gazebo//models/turtlebot3_common/meshes
[94.810s] -- Installing: /home/aula-robotica/ros_ws/install/turtlebot3_gazebo/share/turtlebot3_gazebo//models/turtlebot3_common/meshes/waffle_pi_base.dae
[94.811s] -- Installing: /home/aula-robotica/ros_ws/install/turtlebot3_gazebo/share/turtlebot3_gazebo//models/turtlebot3_common/meshes/sensors
[94.811s] -- Installing: /home/aula-robotica/ros_ws/install/turtlebot3_gazebo/share/turtlebot3_gazebo//models/turtlebot3_common/meshes/sensors/astra.jpg
[94.813s] -- Installing: /home/aula-robotica/ros_ws/install/turtlebot3_gazebo/share/turtlebot3_gazebo//models/turtlebot3_common/meshes/sensors/r200.dae
[94.815s] -- Installing: /home/aula-robotica/ros_ws/install/turtlebot3_gazebo/share/turtlebot3_gazebo//models/turtlebot3_common/meshes/sensors/astra.dae
[94.844s] -- Installing: /home/aula-robotica/ros_ws/install/turtlebot3_gazebo/share/turtlebot3_gazebo//models/turtlebot3_common/meshes/sensors/r200.jpg
[94.845s] -- Installing: /home/aula-robotica/ros_ws/install/turtlebot3_gazebo/share/turtlebot3_gazebo//models/turtlebot3_common/meshes/sensors/lds.stl
[94.848s] -- Installing: /home/aula-robotica/ros_ws/install/turtlebot3_gazebo/share/turtlebot3_gazebo//models/turtlebot3_common/meshes/tire.dae
[94.849s] -- Installing: /home/aula-robotica/ros_ws/install/turtlebot3_gazebo/share/turtlebot3_gazebo//models/turtlebot3_common/meshes/r200.dae
[94.851s] -- Installing: /home/aula-robotica/ros_ws/install/turtlebot3_gazebo/share/turtlebot3_gazebo//models/turtlebot3_common/meshes/burger_base.dae
[94.852s] -- Installing: /home/aula-robotica/ros_ws/install/turtlebot3_gazebo/share/turtlebot3_gazebo//models/turtlebot3_common/meshes/wheels
[94.853s] -- Installing: /home/aula-robotica/ros_ws/install/turtlebot3_gazebo/share/turtlebot3_gazebo//models/turtlebot3_common/meshes/wheels/right_tire.stl
[94.857s] -- Installing: /home/aula-robotica/ros_ws/install/turtlebot3_gazebo/share/turtlebot3_gazebo//models/turtlebot3_common/meshes/wheels/left_tire.stl
[94.863s] -- Installing: /home/aula-robotica/ros_ws/install/turtlebot3_gazebo/share/turtlebot3_gazebo//models/turtlebot3_common/meshes/bases
[94.863s] -- Installing: /home/aula-robotica/ros_ws/install/turtlebot3_gazebo/share/turtlebot3_gazebo//models/turtlebot3_common/meshes/bases/waffle_base.stl
[94.916s] -- Installing: /home/aula-robotica/ros_ws/install/turtlebot3_gazebo/share/turtlebot3_gazebo//models/turtlebot3_common/meshes/bases/burger_base.stl
[94.934s] -- Installing: /home/aula-robotica/ros_ws/install/turtlebot3_gazebo/share/turtlebot3_gazebo//models/turtlebot3_common/meshes/bases/waffle_pi_base.stl
[94.966s] -- Installing: /home/aula-robotica/ros_ws/install/turtlebot3_gazebo/share/turtlebot3_gazebo//models/turtlebot3_common/meshes/lds.dae
[94.968s] -- Installing: /home/aula-robotica/ros_ws/install/turtlebot3_gazebo/share/turtlebot3_gazebo//models/turtlebot3_common/meshes/waffle_base.dae
[94.968s] -- Installing: /home/aula-robotica/ros_ws/install/turtlebot3_gazebo/share/turtlebot3_gazebo//rviz
[94.969s] -- Installing: /home/aula-robotica/ros_ws/install/turtlebot3_gazebo/share/turtlebot3_gazebo//rviz/tb3_gazebo.rviz
[94.970s] -- Installing: /home/aula-robotica/ros_ws/install/turtlebot3_gazebo/share/turtlebot3_gazebo//urdf
[94.970s] -- Installing: /home/aula-robotica/ros_ws/install/turtlebot3_gazebo/share/turtlebot3_gazebo//urdf/turtlebot3_waffle.urdf
[94.971s] -- Installing: /home/aula-robotica/ros_ws/install/turtlebot3_gazebo/share/turtlebot3_gazebo//urdf/common_properties.urdf
[94.971s] -- Installing: /home/aula-robotica/ros_ws/install/turtlebot3_gazebo/share/turtlebot3_gazebo//urdf/turtlebot3_burger_cam.urdf
[94.972s] -- Installing: /home/aula-robotica/ros_ws/install/turtlebot3_gazebo/share/turtlebot3_gazebo//urdf/turtlebot3_waffle_pi.urdf
[94.972s] -- Installing: /home/aula-robotica/ros_ws/install/turtlebot3_gazebo/share/turtlebot3_gazebo//urdf/turtlebot3_burger.urdf
[94.973s] -- Installing: /home/aula-robotica/ros_ws/install/turtlebot3_gazebo/share/turtlebot3_gazebo//worlds
[94.973s] -- Installing: /home/aula-robotica/ros_ws/install/turtlebot3_gazebo/share/turtlebot3_gazebo//worlds/empty_world.world
[94.974s] -- Installing: /home/aula-robotica/ros_ws/install/turtlebot3_gazebo/share/turtlebot3_gazebo//worlds/turtlebot3_house.world
[94.975s] -- Installing: /home/aula-robotica/ros_ws/install/turtlebot3_gazebo/share/turtlebot3_gazebo//worlds/turtlebot3_dqn_stage1.world
[94.975s] -- Installing: /home/aula-robotica/ros_ws/install/turtlebot3_gazebo/share/turtlebot3_gazebo//worlds/turtlebot3_dqn_stage2.world
[94.976s] -- Installing: /home/aula-robotica/ros_ws/install/turtlebot3_gazebo/share/turtlebot3_gazebo//worlds/turtlebot3_dqn_stage4.world
[94.976s] -- Installing: /home/aula-robotica/ros_ws/install/turtlebot3_gazebo/share/turtlebot3_gazebo//worlds/turtlebot3_dqn_stage3.world
[94.977s] -- Installing: /home/aula-robotica/ros_ws/install/turtlebot3_gazebo/share/turtlebot3_gazebo//worlds/turtlebot3_world.world
[94.977s] -- Installing: /home/aula-robotica/ros_ws/install/turtlebot3_gazebo/share/turtlebot3_gazebo//worlds/turtlebot3_autorace_2020.world
[94.979s] -- Installing: /home/aula-robotica/ros_ws/install/turtlebot3_gazebo/include/
[94.979s] -- Installing: /home/aula-robotica/ros_ws/install/turtlebot3_gazebo/include//turtlebot3_gazebo
[94.979s] -- Installing: /home/aula-robotica/ros_ws/install/turtlebot3_gazebo/include//turtlebot3_gazebo/turtlebot3_drive.hpp
[94.980s] -- Installing: /home/aula-robotica/ros_ws/install/turtlebot3_gazebo/include//turtlebot3_gazebo/obstacles.hpp
[94.980s] -- Installing: /home/aula-robotica/ros_ws/install/turtlebot3_gazebo/include//turtlebot3_gazebo/traffic_bar_plugin.hpp
[94.980s] -- Installing: /home/aula-robotica/ros_ws/install/turtlebot3_gazebo/include//turtlebot3_gazebo/traffic_light_plugin.hpp
[94.981s] -- Installing: /home/aula-robotica/ros_ws/install/turtlebot3_gazebo/include//turtlebot3_gazebo/obstacle1.hpp
[94.981s] -- Installing: /home/aula-robotica/ros_ws/install/turtlebot3_gazebo/include//turtlebot3_gazebo/obstacle2.hpp
[94.983s] -- Installing: /home/aula-robotica/ros_ws/install/turtlebot3_gazebo/share/ament_index/resource_index/package_run_dependencies/turtlebot3_gazebo
[94.984s] -- Installing: /home/aula-robotica/ros_ws/install/turtlebot3_gazebo/share/ament_index/resource_index/parent_prefix_path/turtlebot3_gazebo
[94.985s] -- Installing: /home/aula-robotica/ros_ws/install/turtlebot3_gazebo/share/turtlebot3_gazebo/environment/ament_prefix_path.sh
[94.986s] -- Installing: /home/aula-robotica/ros_ws/install/turtlebot3_gazebo/share/turtlebot3_gazebo/environment/ament_prefix_path.dsv
[94.986s] -- Installing: /home/aula-robotica/ros_ws/install/turtlebot3_gazebo/share/turtlebot3_gazebo/environment/path.sh
[94.986s] -- Installing: /home/aula-robotica/ros_ws/install/turtlebot3_gazebo/share/turtlebot3_gazebo/environment/path.dsv
[94.987s] -- Installing: /home/aula-robotica/ros_ws/install/turtlebot3_gazebo/share/turtlebot3_gazebo/local_setup.bash
[94.988s] -- Installing: /home/aula-robotica/ros_ws/install/turtlebot3_gazebo/share/turtlebot3_gazebo/local_setup.sh
[94.988s] -- Installing: /home/aula-robotica/ros_ws/install/turtlebot3_gazebo/share/turtlebot3_gazebo/local_setup.zsh
[94.989s] -- Installing: /home/aula-robotica/ros_ws/install/turtlebot3_gazebo/share/turtlebot3_gazebo/local_setup.dsv
[94.989s] -- Installing: /home/aula-robotica/ros_ws/install/turtlebot3_gazebo/share/turtlebot3_gazebo/package.dsv
[94.990s] -- Installing: /home/aula-robotica/ros_ws/install/turtlebot3_gazebo/share/ament_index/resource_index/packages/turtlebot3_gazebo
[94.991s] -- Installing: /home/aula-robotica/ros_ws/install/turtlebot3_gazebo/share/turtlebot3_gazebo/cmake/ament_cmake_export_include_directories-extras.cmake
[94.992s] -- Installing: /home/aula-robotica/ros_ws/install/turtlebot3_gazebo/share/turtlebot3_gazebo/cmake/ament_cmake_export_dependencies-extras.cmake
[94.993s] -- Installing: /home/aula-robotica/ros_ws/install/turtlebot3_gazebo/share/turtlebot3_gazebo/cmake/turtlebot3_gazeboConfig.cmake
[94.993s] -- Installing: /home/aula-robotica/ros_ws/install/turtlebot3_gazebo/share/turtlebot3_gazebo/cmake/turtlebot3_gazeboConfig-version.cmake
[94.994s] -- Installing: /home/aula-robotica/ros_ws/install/turtlebot3_gazebo/share/turtlebot3_gazebo/package.xml
[94.997s] Invoked command in '/home/aula-robotica/ros_ws/build/turtlebot3_gazebo' returned '0': CMAKE_PREFIX_PATH=/opt/ros/humble /usr/bin/cmake --install /home/aula-robotica/ros_ws/build/turtlebot3_gazebo
