[0.304s] Invoking command in '/home/aula-robotica/ros_ws/build/keyboard': AMENT_PREFIX_PATH=/home/aula-robotica/ros_ws/install/keyboard_msgs:${AMENT_PREFIX_PATH} CMAKE_PREFIX_PATH=/home/aula-robotica/ros_ws/install/keyboard_msgs:/opt/ros/humble LD_LIBRARY_PATH=/home/aula-robotica/ros_ws/install/keyboard_msgs/lib:/usr/lib/x86_64-linux-gnu/gazebo-11/plugins:/opt/ros/humble/opt/rviz_ogre_vendor/lib:/opt/ros/humble/lib/x86_64-linux-gnu:/opt/ros/humble/lib:/usr/share/gazebo/../../lib/x86_64-linux-gnu/gazebo-11/plugins PYTHONPATH=/home/aula-robotica/ros_ws/install/keyboard_msgs/local/lib/python3.10/dist-packages:${PYTHONPATH} /usr/bin/cmake /home/aula-robotica/ros_ws/src/ros2-keyboard/keyboard -DCMAKE_INSTALL_PREFIX=/home/aula-robotica/ros_ws/install/keyboard
[0.681s] -- The C compiler identification is GNU 11.4.0
[0.949s] -- The CXX compiler identification is GNU 11.4.0
[0.961s] -- Detecting C compiler ABI info
[1.201s] -- Detecting C compiler ABI info - done
[1.225s] -- Check for working C compiler: /usr/bin/cc - skipped
[1.225s] -- Detecting C compile features
[1.225s] -- Detecting C compile features - done
[1.337s] -- Detecting CXX compiler ABI info
[1.574s] -- Detecting CXX compiler ABI info - done
[1.591s] -- Check for working CXX compiler: /usr/bin/c++ - skipped
[1.593s] -- Detecting CXX compile features
[1.597s] -- Detecting CXX compile features - done
[1.608s] -- Found ament_cmake: 1.3.11 (/opt/ros/humble/share/ament_cmake/cmake)
[1.949s] -- Found Python3: /usr/bin/python3 (found version "3.10.12") found components: Interpreter 
[2.532s] -- Found rclcpp: 16.0.12 (/opt/ros/humble/share/rclcpp/cmake)
[2.665s] -- Found rosidl_generator_c: 3.1.6 (/opt/ros/humble/share/rosidl_generator_c/cmake)
[2.665s] -- Found rosidl_adapter: 3.1.6 (/opt/ros/humble/share/rosidl_adapter/cmake)
[2.676s] -- Found rosidl_generator_cpp: 3.1.6 (/opt/ros/humble/share/rosidl_generator_cpp/cmake)
[2.691s] -- Using all available rosidl_typesupport_c: rosidl_typesupport_fastrtps_c;rosidl_typesupport_introspection_c
[2.775s] -- Using all available rosidl_typesupport_cpp: rosidl_typesupport_fastrtps_cpp;rosidl_typesupport_introspection_cpp
[2.783s] -- Found rmw_implementation_cmake: 6.1.2 (/opt/ros/humble/share/rmw_implementation_cmake/cmake)
[2.789s] -- Found rmw_fastrtps_cpp: 6.2.7 (/opt/ros/humble/share/rmw_fastrtps_cpp/cmake)
[2.927s] -- Found OpenSSL: /usr/lib/x86_64-linux-gnu/libcrypto.so (found version "3.0.2")  
[3.003s] -- Found FastRTPS: /opt/ros/humble/include  
[3.196s] -- Using RMW implementation 'rmw_fastrtps_cpp' as default
[3.207s] -- Looking for pthread.h
[3.766s] -- Looking for pthread.h - found
[3.766s] -- Performing Test CMAKE_HAVE_LIBC_PTHREAD
[3.950s] -- Performing Test CMAKE_HAVE_LIBC_PTHREAD - Success
[3.950s] -- Found Threads: TRUE  
[4.120s] -- Found SDL: /usr/lib/x86_64-linux-gnu/libSDLmain.a;/usr/lib/x86_64-linux-gnu/libSDL.so (found version "1.2.15") 
[4.120s] -- Found keyboard_msgs: 1.0.0 (/home/aula-robotica/ros_ws/install/keyboard_msgs/share/keyboard_msgs/cmake)
[4.145s] -- Found ament_lint_auto: 0.12.12 (/opt/ros/humble/share/ament_lint_auto/cmake)
[4.289s] -- Added test 'copyright' to check source files copyright and LICENSE
[4.289s] -- Added test 'cppcheck' to perform static code analysis on C / C++ code
[4.289s] -- Configured cppcheck include dirs: $<BUILD_INTERFACE:/home/aula-robotica/ros_ws/src/ros2-keyboard/keyboard/include>
[4.289s] -- Configured cppcheck exclude dirs and/or files: 
[4.289s] -- Added test 'cpplint' to check C / C++ code against the Google style
[4.289s] -- Configured cpplint exclude dirs and/or files: 
[4.291s] -- Added test 'flake8' to check Python code syntax and style conventions
[4.307s] -- Added test 'lint_cmake' to check CMake code style
[4.307s] -- Added test 'pep257' to check Python code against some of the docstring style conventions in PEP 257
[4.318s] -- Added test 'uncrustify' to check C / C++ code style
[4.318s] -- Configured uncrustify additional arguments: 
[4.331s] -- Added test 'xmllint' to check XML markup files
[4.340s] -- Configuring done
[4.350s] -- Generating done
[4.354s] -- Build files have been written to: /home/aula-robotica/ros_ws/build/keyboard
[4.373s] Invoked command in '/home/aula-robotica/ros_ws/build/keyboard' returned '0': AMENT_PREFIX_PATH=/home/aula-robotica/ros_ws/install/keyboard_msgs:${AMENT_PREFIX_PATH} CMAKE_PREFIX_PATH=/home/aula-robotica/ros_ws/install/keyboard_msgs:/opt/ros/humble LD_LIBRARY_PATH=/home/aula-robotica/ros_ws/install/keyboard_msgs/lib:/usr/lib/x86_64-linux-gnu/gazebo-11/plugins:/opt/ros/humble/opt/rviz_ogre_vendor/lib:/opt/ros/humble/lib/x86_64-linux-gnu:/opt/ros/humble/lib:/usr/share/gazebo/../../lib/x86_64-linux-gnu/gazebo-11/plugins PYTHONPATH=/home/aula-robotica/ros_ws/install/keyboard_msgs/local/lib/python3.10/dist-packages:${PYTHONPATH} /usr/bin/cmake /home/aula-robotica/ros_ws/src/ros2-keyboard/keyboard -DCMAKE_INSTALL_PREFIX=/home/aula-robotica/ros_ws/install/keyboard
[4.374s] Invoking command in '/home/aula-robotica/ros_ws/build/keyboard': AMENT_PREFIX_PATH=/home/aula-robotica/ros_ws/install/keyboard_msgs:${AMENT_PREFIX_PATH} CMAKE_PREFIX_PATH=/home/aula-robotica/ros_ws/install/keyboard_msgs:/opt/ros/humble LD_LIBRARY_PATH=/home/aula-robotica/ros_ws/install/keyboard_msgs/lib:/usr/lib/x86_64-linux-gnu/gazebo-11/plugins:/opt/ros/humble/opt/rviz_ogre_vendor/lib:/opt/ros/humble/lib/x86_64-linux-gnu:/opt/ros/humble/lib:/usr/share/gazebo/../../lib/x86_64-linux-gnu/gazebo-11/plugins PYTHONPATH=/home/aula-robotica/ros_ws/install/keyboard_msgs/local/lib/python3.10/dist-packages:${PYTHONPATH} /usr/bin/cmake --build /home/aula-robotica/ros_ws/build/keyboard -- -j4 -l4
[4.812s] [ 50%] [32mBuilding CXX object CMakeFiles/keyboard.dir/src/keyboard.cpp.o[0m
[14.975s] [100%] [32m[1mLinking CXX executable keyboard[0m
[15.416s] [100%] Built target keyboard
[15.735s] Invoked command in '/home/aula-robotica/ros_ws/build/keyboard' returned '0': AMENT_PREFIX_PATH=/home/aula-robotica/ros_ws/install/keyboard_msgs:${AMENT_PREFIX_PATH} CMAKE_PREFIX_PATH=/home/aula-robotica/ros_ws/install/keyboard_msgs:/opt/ros/humble LD_LIBRARY_PATH=/home/aula-robotica/ros_ws/install/keyboard_msgs/lib:/usr/lib/x86_64-linux-gnu/gazebo-11/plugins:/opt/ros/humble/opt/rviz_ogre_vendor/lib:/opt/ros/humble/lib/x86_64-linux-gnu:/opt/ros/humble/lib:/usr/share/gazebo/../../lib/x86_64-linux-gnu/gazebo-11/plugins PYTHONPATH=/home/aula-robotica/ros_ws/install/keyboard_msgs/local/lib/python3.10/dist-packages:${PYTHONPATH} /usr/bin/cmake --build /home/aula-robotica/ros_ws/build/keyboard -- -j4 -l4
[15.741s] Invoking command in '/home/aula-robotica/ros_ws/build/keyboard': AMENT_PREFIX_PATH=/home/aula-robotica/ros_ws/install/keyboard_msgs:${AMENT_PREFIX_PATH} CMAKE_PREFIX_PATH=/home/aula-robotica/ros_ws/install/keyboard_msgs:/opt/ros/humble LD_LIBRARY_PATH=/home/aula-robotica/ros_ws/install/keyboard_msgs/lib:/usr/lib/x86_64-linux-gnu/gazebo-11/plugins:/opt/ros/humble/opt/rviz_ogre_vendor/lib:/opt/ros/humble/lib/x86_64-linux-gnu:/opt/ros/humble/lib:/usr/share/gazebo/../../lib/x86_64-linux-gnu/gazebo-11/plugins PYTHONPATH=/home/aula-robotica/ros_ws/install/keyboard_msgs/local/lib/python3.10/dist-packages:${PYTHONPATH} /usr/bin/cmake --install /home/aula-robotica/ros_ws/build/keyboard
[15.776s] -- Install configuration: "Release"
[15.776s] -- Installing: /home/aula-robotica/ros_ws/install/keyboard/lib/keyboard/keyboard
[15.776s] -- Set runtime path of "/home/aula-robotica/ros_ws/install/keyboard/lib/keyboard/keyboard" to ""
[15.776s] -- Installing: /home/aula-robotica/ros_ws/install/keyboard/lib/keyboard/keyboard_to_joy.py
[15.776s] -- Installing: /home/aula-robotica/ros_ws/install/keyboard/share/keyboard/config
[15.776s] -- Installing: /home/aula-robotica/ros_ws/install/keyboard/share/keyboard/config/example_config.yaml
[15.777s] -- Installing: /home/aula-robotica/ros_ws/install/keyboard/share/ament_index/resource_index/package_run_dependencies/keyboard
[15.777s] -- Installing: /home/aula-robotica/ros_ws/install/keyboard/share/ament_index/resource_index/parent_prefix_path/keyboard
[15.777s] -- Installing: /home/aula-robotica/ros_ws/install/keyboard/share/keyboard/environment/ament_prefix_path.sh
[15.777s] -- Installing: /home/aula-robotica/ros_ws/install/keyboard/share/keyboard/environment/ament_prefix_path.dsv
[15.777s] -- Installing: /home/aula-robotica/ros_ws/install/keyboard/share/keyboard/environment/path.sh
[15.777s] -- Installing: /home/aula-robotica/ros_ws/install/keyboard/share/keyboard/environment/path.dsv
[15.777s] -- Installing: /home/aula-robotica/ros_ws/install/keyboard/share/keyboard/local_setup.bash
[15.777s] -- Installing: /home/aula-robotica/ros_ws/install/keyboard/share/keyboard/local_setup.sh
[15.791s] -- Installing: /home/aula-robotica/ros_ws/install/keyboard/share/keyboard/local_setup.zsh
[15.791s] -- Installing: /home/aula-robotica/ros_ws/install/keyboard/share/keyboard/local_setup.dsv
[15.791s] -- Installing: /home/aula-robotica/ros_ws/install/keyboard/share/keyboard/package.dsv
[15.791s] -- Installing: /home/aula-robotica/ros_ws/install/keyboard/share/ament_index/resource_index/packages/keyboard
[15.791s] -- Installing: /home/aula-robotica/ros_ws/install/keyboard/share/keyboard/cmake/keyboardConfig.cmake
[15.794s] -- Installing: /home/aula-robotica/ros_ws/install/keyboard/share/keyboard/cmake/keyboardConfig-version.cmake
[15.794s] -- Installing: /home/aula-robotica/ros_ws/install/keyboard/share/keyboard/package.xml
[15.823s] Invoked command in '/home/aula-robotica/ros_ws/build/keyboard' returned '0': AMENT_PREFIX_PATH=/home/aula-robotica/ros_ws/install/keyboard_msgs:${AMENT_PREFIX_PATH} CMAKE_PREFIX_PATH=/home/aula-robotica/ros_ws/install/keyboard_msgs:/opt/ros/humble LD_LIBRARY_PATH=/home/aula-robotica/ros_ws/install/keyboard_msgs/lib:/usr/lib/x86_64-linux-gnu/gazebo-11/plugins:/opt/ros/humble/opt/rviz_ogre_vendor/lib:/opt/ros/humble/lib/x86_64-linux-gnu:/opt/ros/humble/lib:/usr/share/gazebo/../../lib/x86_64-linux-gnu/gazebo-11/plugins PYTHONPATH=/home/aula-robotica/ros_ws/install/keyboard_msgs/local/lib/python3.10/dist-packages:${PYTHONPATH} /usr/bin/cmake --install /home/aula-robotica/ros_ws/build/keyboard
