[0.066s] Invoking command in '/home/aula-robotica/ros_ws/build/andino_firmware': CMAKE_PREFIX_PATH=${CMAKE_PREFIX_PATH}:/opt/ros/humble /usr/bin/cmake --build /home/aula-robotica/ros_ws/build/andino_firmware -- -j4 -l4
[0.215s] Invoked command in '/home/aula-robotica/ros_ws/build/andino_firmware' returned '0': CMAKE_PREFIX_PATH=${CMAKE_PREFIX_PATH}:/opt/ros/humble /usr/bin/cmake --build /home/aula-robotica/ros_ws/build/andino_firmware -- -j4 -l4
[0.225s] Invoking command in '/home/aula-robotica/ros_ws/build/andino_firmware': CMAKE_PREFIX_PATH=${CMAKE_PREFIX_PATH}:/opt/ros/humble /usr/bin/cmake --install /home/aula-robotica/ros_ws/build/andino_firmware
[0.246s] -- Install configuration: ""
[0.246s] -- Up-to-date: /home/aula-robotica/ros_ws/install/andino_firmware/share/andino_firmware/andino_firmware.ino
[0.246s] -- Up-to-date: /home/aula-robotica/ros_ws/install/andino_firmware/share/andino_firmware/platformio.ini
[0.246s] -- Up-to-date: /home/aula-robotica/ros_ws/install/andino_firmware/share/andino_firmware//src
[0.250s] -- Up-to-date: /home/aula-robotica/ros_ws/install/andino_firmware/share/andino_firmware//src/interrupt_in.h
[0.251s] -- Up-to-date: /home/aula-robotica/ros_ws/install/andino_firmware/share/andino_firmware//src/hw.h
[0.252s] -- Up-to-date: /home/aula-robotica/ros_ws/install/andino_firmware/share/andino_firmware//src/motor.cpp
[0.252s] -- Up-to-date: /home/aula-robotica/ros_ws/install/andino_firmware/share/andino_firmware//src/app.cpp
[0.252s] -- Up-to-date: /home/aula-robotica/ros_ws/install/andino_firmware/share/andino_firmware//src/interrupt_in_arduino.h
[0.252s] -- Up-to-date: /home/aula-robotica/ros_ws/install/andino_firmware/share/andino_firmware//src/shell.cpp
[0.252s] -- Up-to-date: /home/aula-robotica/ros_ws/install/andino_firmware/share/andino_firmware//src/digital_in.h
[0.252s] -- Up-to-date: /home/aula-robotica/ros_ws/install/andino_firmware/share/andino_firmware//src/app.h
[0.252s] -- Up-to-date: /home/aula-robotica/ros_ws/install/andino_firmware/share/andino_firmware//src/interrupt_in_arduino.cpp
[0.252s] -- Up-to-date: /home/aula-robotica/ros_ws/install/andino_firmware/share/andino_firmware//src/digital_out.h
[0.252s] -- Up-to-date: /home/aula-robotica/ros_ws/install/andino_firmware/share/andino_firmware//src/encoder.cpp
[0.252s] -- Up-to-date: /home/aula-robotica/ros_ws/install/andino_firmware/share/andino_firmware//src/commands.h
[0.252s] -- Up-to-date: /home/aula-robotica/ros_ws/install/andino_firmware/share/andino_firmware//src/digital_out_arduino.cpp
[0.252s] -- Up-to-date: /home/aula-robotica/ros_ws/install/andino_firmware/share/andino_firmware//src/pwm_out_arduino.cpp
[0.252s] -- Up-to-date: /home/aula-robotica/ros_ws/install/andino_firmware/share/andino_firmware//src/serial_stream.h
[0.252s] -- Up-to-date: /home/aula-robotica/ros_ws/install/andino_firmware/share/andino_firmware//src/constants.h
[0.252s] -- Up-to-date: /home/aula-robotica/ros_ws/install/andino_firmware/share/andino_firmware//src/encoder.h
[0.252s] -- Up-to-date: /home/aula-robotica/ros_ws/install/andino_firmware/share/andino_firmware//src/motor.h
[0.252s] -- Up-to-date: /home/aula-robotica/ros_ws/install/andino_firmware/share/andino_firmware//src/digital_out_arduino.h
[0.252s] -- Up-to-date: /home/aula-robotica/ros_ws/install/andino_firmware/share/andino_firmware//src/serial_stream_arduino.h
[0.252s] -- Up-to-date: /home/aula-robotica/ros_ws/install/andino_firmware/share/andino_firmware//src/pwm_out_arduino.h
[0.252s] -- Up-to-date: /home/aula-robotica/ros_ws/install/andino_firmware/share/andino_firmware//src/main.cpp
[0.281s] -- Up-to-date: /home/aula-robotica/ros_ws/install/andino_firmware/share/andino_firmware//src/serial_stream_arduino.cpp
[0.282s] -- Up-to-date: /home/aula-robotica/ros_ws/install/andino_firmware/share/andino_firmware//src/shell.h
[0.282s] -- Up-to-date: /home/aula-robotica/ros_ws/install/andino_firmware/share/andino_firmware//src/pid.h
[0.282s] -- Up-to-date: /home/aula-robotica/ros_ws/install/andino_firmware/share/andino_firmware//src/pwm_out.h
[0.282s] -- Up-to-date: /home/aula-robotica/ros_ws/install/andino_firmware/share/andino_firmware//src/pid.cpp
[0.282s] -- Up-to-date: /home/aula-robotica/ros_ws/install/andino_firmware/share/ament_index/resource_index/package_run_dependencies/andino_firmware
[0.282s] -- Up-to-date: /home/aula-robotica/ros_ws/install/andino_firmware/share/ament_index/resource_index/parent_prefix_path/andino_firmware
[0.282s] -- Up-to-date: /home/aula-robotica/ros_ws/install/andino_firmware/share/andino_firmware/environment/ament_prefix_path.sh
[0.282s] -- Up-to-date: /home/aula-robotica/ros_ws/install/andino_firmware/share/andino_firmware/environment/ament_prefix_path.dsv
[0.282s] -- Up-to-date: /home/aula-robotica/ros_ws/install/andino_firmware/share/andino_firmware/environment/path.sh
[0.282s] -- Up-to-date: /home/aula-robotica/ros_ws/install/andino_firmware/share/andino_firmware/environment/path.dsv
[0.282s] -- Up-to-date: /home/aula-robotica/ros_ws/install/andino_firmware/share/andino_firmware/local_setup.bash
[0.282s] -- Up-to-date: /home/aula-robotica/ros_ws/install/andino_firmware/share/andino_firmware/local_setup.sh
[0.282s] -- Up-to-date: /home/aula-robotica/ros_ws/install/andino_firmware/share/andino_firmware/local_setup.zsh
[0.282s] -- Up-to-date: /home/aula-robotica/ros_ws/install/andino_firmware/share/andino_firmware/local_setup.dsv
[0.282s] -- Up-to-date: /home/aula-robotica/ros_ws/install/andino_firmware/share/andino_firmware/package.dsv
[0.282s] -- Up-to-date: /home/aula-robotica/ros_ws/install/andino_firmware/share/ament_index/resource_index/packages/andino_firmware
[0.282s] -- Up-to-date: /home/aula-robotica/ros_ws/install/andino_firmware/share/andino_firmware/cmake/andino_firmwareConfig.cmake
[0.282s] -- Up-to-date: /home/aula-robotica/ros_ws/install/andino_firmware/share/andino_firmware/cmake/andino_firmwareConfig-version.cmake
[0.282s] -- Up-to-date: /home/aula-robotica/ros_ws/install/andino_firmware/share/andino_firmware/package.xml
[0.344s] Invoked command in '/home/aula-robotica/ros_ws/build/andino_firmware' returned '0': CMAKE_PREFIX_PATH=${CMAKE_PREFIX_PATH}:/opt/ros/humble /usr/bin/cmake --install /home/aula-robotica/ros_ws/build/andino_firmware
