[0.062s] Invoking command in '/home/aula-robotica/ros_ws/build/andino_gz_classic': AMENT_PREFIX_PATH=/home/aula-robotica/ros_ws/install/andino_control:/home/aula-robotica/ros_ws/install/andino_description:/home/aula-robotica/ros_ws/install/andino_base:${AMENT_PREFIX_PATH} CMAKE_PREFIX_PATH=/home/aula-robotica/ros_ws/install/andino_control:/home/aula-robotica/ros_ws/install/andino_description:/home/aula-robotica/ros_ws/install/andino_base:/opt/ros/humble LD_LIBRARY_PATH=/home/aula-robotica/ros_ws/install/andino_base/lib:/usr/lib/x86_64-linux-gnu/gazebo-11/plugins:/opt/ros/humble/opt/rviz_ogre_vendor/lib:/opt/ros/humble/lib/x86_64-linux-gnu:/opt/ros/humble/lib:/usr/share/gazebo/../../lib/x86_64-linux-gnu/gazebo-11/plugins PATH=/home/aula-robotica/ros_ws/install/andino_base/bin:${PATH} /usr/bin/cmake /home/aula-robotica/ros_ws/src/andino/andino_gz_classic -DCMAKE_INSTALL_PREFIX=/home/aula-robotica/ros_ws/install/andino_gz_classic
[0.166s] -- The C compiler identification is GNU 11.4.0
[0.244s] -- The CXX compiler identification is GNU 11.4.0
[0.257s] -- Detecting C compiler ABI info
[0.336s] -- Detecting C compiler ABI info - done
[0.342s] -- Check for working C compiler: /usr/bin/cc - skipped
[0.342s] -- Detecting C compile features
[0.342s] -- Detecting C compile features - done
[0.349s] -- Detecting CXX compiler ABI info
[0.480s] -- Detecting CXX compiler ABI info - done
[0.487s] -- Check for working CXX compiler: /usr/bin/c++ - skipped
[0.487s] -- Detecting CXX compile features
[0.487s] -- Detecting CXX compile features - done
[0.489s] -- Found ament_cmake: 1.3.11 (/opt/ros/humble/share/ament_cmake/cmake)
[0.749s] -- Found Python3: /usr/bin/python3 (found version "3.10.12") found components: Interpreter 
[0.865s] -- Found ament_lint_auto: 0.12.12 (/opt/ros/humble/share/ament_lint_auto/cmake)
[0.935s] -- Added test 'flake8' to check Python code syntax and style conventions
[0.943s] -- Added test 'lint_cmake' to check CMake code style
[0.944s] -- Added test 'pep257' to check Python code against some of the docstring style conventions in PEP 257
[0.947s] -- Added test 'xmllint' to check XML markup files
[0.949s] -- Configuring done
[0.955s] -- Generating done
[0.977s] -- Build files have been written to: /home/aula-robotica/ros_ws/build/andino_gz_classic
[0.977s] Invoked command in '/home/aula-robotica/ros_ws/build/andino_gz_classic' returned '0': AMENT_PREFIX_PATH=/home/aula-robotica/ros_ws/install/andino_control:/home/aula-robotica/ros_ws/install/andino_description:/home/aula-robotica/ros_ws/install/andino_base:${AMENT_PREFIX_PATH} CMAKE_PREFIX_PATH=/home/aula-robotica/ros_ws/install/andino_control:/home/aula-robotica/ros_ws/install/andino_description:/home/aula-robotica/ros_ws/install/andino_base:/opt/ros/humble LD_LIBRARY_PATH=/home/aula-robotica/ros_ws/install/andino_base/lib:/usr/lib/x86_64-linux-gnu/gazebo-11/plugins:/opt/ros/humble/opt/rviz_ogre_vendor/lib:/opt/ros/humble/lib/x86_64-linux-gnu:/opt/ros/humble/lib:/usr/share/gazebo/../../lib/x86_64-linux-gnu/gazebo-11/plugins PATH=/home/aula-robotica/ros_ws/install/andino_base/bin:${PATH} /usr/bin/cmake /home/aula-robotica/ros_ws/src/andino/andino_gz_classic -DCMAKE_INSTALL_PREFIX=/home/aula-robotica/ros_ws/install/andino_gz_classic
[0.987s] Invoking command in '/home/aula-robotica/ros_ws/build/andino_gz_classic': AMENT_PREFIX_PATH=/home/aula-robotica/ros_ws/install/andino_control:/home/aula-robotica/ros_ws/install/andino_description:/home/aula-robotica/ros_ws/install/andino_base:${AMENT_PREFIX_PATH} CMAKE_PREFIX_PATH=/home/aula-robotica/ros_ws/install/andino_control:/home/aula-robotica/ros_ws/install/andino_description:/home/aula-robotica/ros_ws/install/andino_base:/opt/ros/humble LD_LIBRARY_PATH=/home/aula-robotica/ros_ws/install/andino_base/lib:/usr/lib/x86_64-linux-gnu/gazebo-11/plugins:/opt/ros/humble/opt/rviz_ogre_vendor/lib:/opt/ros/humble/lib/x86_64-linux-gnu:/opt/ros/humble/lib:/usr/share/gazebo/../../lib/x86_64-linux-gnu/gazebo-11/plugins PATH=/home/aula-robotica/ros_ws/install/andino_base/bin:${PATH} /usr/bin/cmake --build /home/aula-robotica/ros_ws/build/andino_gz_classic -- -j4 -l4
[2.302s] Invoked command in '/home/aula-robotica/ros_ws/build/andino_gz_classic' returned '0': AMENT_PREFIX_PATH=/home/aula-robotica/ros_ws/install/andino_control:/home/aula-robotica/ros_ws/install/andino_description:/home/aula-robotica/ros_ws/install/andino_base:${AMENT_PREFIX_PATH} CMAKE_PREFIX_PATH=/home/aula-robotica/ros_ws/install/andino_control:/home/aula-robotica/ros_ws/install/andino_description:/home/aula-robotica/ros_ws/install/andino_base:/opt/ros/humble LD_LIBRARY_PATH=/home/aula-robotica/ros_ws/install/andino_base/lib:/usr/lib/x86_64-linux-gnu/gazebo-11/plugins:/opt/ros/humble/opt/rviz_ogre_vendor/lib:/opt/ros/humble/lib/x86_64-linux-gnu:/opt/ros/humble/lib:/usr/share/gazebo/../../lib/x86_64-linux-gnu/gazebo-11/plugins PATH=/home/aula-robotica/ros_ws/install/andino_base/bin:${PATH} /usr/bin/cmake --build /home/aula-robotica/ros_ws/build/andino_gz_classic -- -j4 -l4
[2.302s] Invoking command in '/home/aula-robotica/ros_ws/build/andino_gz_classic': AMENT_PREFIX_PATH=/home/aula-robotica/ros_ws/install/andino_control:/home/aula-robotica/ros_ws/install/andino_description:/home/aula-robotica/ros_ws/install/andino_base:${AMENT_PREFIX_PATH} CMAKE_PREFIX_PATH=/home/aula-robotica/ros_ws/install/andino_control:/home/aula-robotica/ros_ws/install/andino_description:/home/aula-robotica/ros_ws/install/andino_base:/opt/ros/humble LD_LIBRARY_PATH=/home/aula-robotica/ros_ws/install/andino_base/lib:/usr/lib/x86_64-linux-gnu/gazebo-11/plugins:/opt/ros/humble/opt/rviz_ogre_vendor/lib:/opt/ros/humble/lib/x86_64-linux-gnu:/opt/ros/humble/lib:/usr/share/gazebo/../../lib/x86_64-linux-gnu/gazebo-11/plugins PATH=/home/aula-robotica/ros_ws/install/andino_base/bin:${PATH} /usr/bin/cmake --install /home/aula-robotica/ros_ws/build/andino_gz_classic
[2.316s] -- Install configuration: ""
[2.316s] -- Installing: /home/aula-robotica/ros_ws/install/andino_gz_classic/share/andino_gz_classic//launch
[2.316s] -- Installing: /home/aula-robotica/ros_ws/install/andino_gz_classic/share/andino_gz_classic//launch/andino_one_robot.launch.py
[2.319s] -- Installing: /home/aula-robotica/ros_ws/install/andino_gz_classic/share/andino_gz_classic//launch/spawn_robot.launch.py
[2.320s] -- Installing: /home/aula-robotica/ros_ws/install/andino_gz_classic/share/andino_gz_classic//rviz
[2.320s] -- Installing: /home/aula-robotica/ros_ws/install/andino_gz_classic/share/andino_gz_classic//rviz/andino_gz_classic.rviz
[2.320s] -- Installing: /home/aula-robotica/ros_ws/install/andino_gz_classic/share/andino_gz_classic//urdf
[2.321s] -- Installing: /home/aula-robotica/ros_ws/install/andino_gz_classic/share/andino_gz_classic//urdf/include
[2.321s] -- Installing: /home/aula-robotica/ros_ws/install/andino_gz_classic/share/andino_gz_classic//urdf/include/andino_materials.xacro
[2.322s] -- Installing: /home/aula-robotica/ros_ws/install/andino_gz_classic/share/andino_gz_classic//urdf/andino_gz_classic.xacro
[2.324s] -- Installing: /home/aula-robotica/ros_ws/install/andino_gz_classic/share/andino_gz_classic//worlds
[2.324s] -- Installing: /home/aula-robotica/ros_ws/install/andino_gz_classic/share/andino_gz_classic//worlds/empty.world
[2.325s] -- Installing: /home/aula-robotica/ros_ws/install/andino_gz_classic/share/andino_gz_classic/environment/andino_gz_classic.sh
[2.325s] -- Installing: /home/aula-robotica/ros_ws/install/andino_gz_classic/share/andino_gz_classic/environment/andino_gz_classic.dsv
[2.325s] -- Installing: /home/aula-robotica/ros_ws/install/andino_gz_classic/share/ament_index/resource_index/package_run_dependencies/andino_gz_classic
[2.325s] -- Installing: /home/aula-robotica/ros_ws/install/andino_gz_classic/share/ament_index/resource_index/parent_prefix_path/andino_gz_classic
[2.325s] -- Installing: /home/aula-robotica/ros_ws/install/andino_gz_classic/share/andino_gz_classic/environment/ament_prefix_path.sh
[2.326s] -- Installing: /home/aula-robotica/ros_ws/install/andino_gz_classic/share/andino_gz_classic/environment/ament_prefix_path.dsv
[2.326s] -- Installing: /home/aula-robotica/ros_ws/install/andino_gz_classic/share/andino_gz_classic/environment/path.sh
[2.326s] -- Installing: /home/aula-robotica/ros_ws/install/andino_gz_classic/share/andino_gz_classic/environment/path.dsv
[2.326s] -- Installing: /home/aula-robotica/ros_ws/install/andino_gz_classic/share/andino_gz_classic/local_setup.bash
[2.326s] -- Installing: /home/aula-robotica/ros_ws/install/andino_gz_classic/share/andino_gz_classic/local_setup.sh
[2.329s] -- Installing: /home/aula-robotica/ros_ws/install/andino_gz_classic/share/andino_gz_classic/local_setup.zsh
[2.332s] -- Installing: /home/aula-robotica/ros_ws/install/andino_gz_classic/share/andino_gz_classic/local_setup.dsv
[2.332s] -- Installing: /home/aula-robotica/ros_ws/install/andino_gz_classic/share/andino_gz_classic/package.dsv
[2.332s] -- Installing: /home/aula-robotica/ros_ws/install/andino_gz_classic/share/ament_index/resource_index/packages/andino_gz_classic
[2.332s] -- Installing: /home/aula-robotica/ros_ws/install/andino_gz_classic/share/andino_gz_classic/cmake/andino_gz_classicConfig.cmake
[2.332s] -- Installing: /home/aula-robotica/ros_ws/install/andino_gz_classic/share/andino_gz_classic/cmake/andino_gz_classicConfig-version.cmake
[2.332s] -- Installing: /home/aula-robotica/ros_ws/install/andino_gz_classic/share/andino_gz_classic/package.xml
[2.335s] Invoked command in '/home/aula-robotica/ros_ws/build/andino_gz_classic' returned '0': AMENT_PREFIX_PATH=/home/aula-robotica/ros_ws/install/andino_control:/home/aula-robotica/ros_ws/install/andino_description:/home/aula-robotica/ros_ws/install/andino_base:${AMENT_PREFIX_PATH} CMAKE_PREFIX_PATH=/home/aula-robotica/ros_ws/install/andino_control:/home/aula-robotica/ros_ws/install/andino_description:/home/aula-robotica/ros_ws/install/andino_base:/opt/ros/humble LD_LIBRARY_PATH=/home/aula-robotica/ros_ws/install/andino_base/lib:/usr/lib/x86_64-linux-gnu/gazebo-11/plugins:/opt/ros/humble/opt/rviz_ogre_vendor/lib:/opt/ros/humble/lib/x86_64-linux-gnu:/opt/ros/humble/lib:/usr/share/gazebo/../../lib/x86_64-linux-gnu/gazebo-11/plugins PATH=/home/aula-robotica/ros_ws/install/andino_base/bin:${PATH} /usr/bin/cmake --install /home/aula-robotica/ros_ws/build/andino_gz_classic
