[0.035s] Invoking command in '/home/aula-robotica/ros_ws/build/andino_description': CMAKE_PREFIX_PATH=/opt/ros/humble /usr/bin/cmake /home/aula-robotica/ros_ws/src/andino/andino_description -DCMAKE_INSTALL_PREFIX=/home/aula-robotica/ros_ws/install/andino_description
[0.284s] -- The C compiler identification is GNU 11.4.0
[0.663s] -- The CXX compiler identification is GNU 11.4.0
[0.686s] -- Detecting C compiler ABI info
[0.830s] -- Detecting C compiler ABI info - done
[0.841s] -- Check for working C compiler: /usr/bin/cc - skipped
[0.842s] -- Detecting C compile features
[0.842s] -- Detecting C compile features - done
[0.850s] -- Detecting CXX compiler ABI info
[0.989s] -- Detecting CXX compiler ABI info - done
[0.998s] -- Check for working CXX compiler: /usr/bin/c++ - skipped
[0.999s] -- Detecting CXX compile features
[0.999s] -- Detecting CXX compile features - done
[1.011s] -- Found ament_cmake: 1.3.11 (/opt/ros/humble/share/ament_cmake/cmake)
[1.186s] -- Found Python3: /usr/bin/python3 (found version "3.10.12") found components: Interpreter 
[1.348s] -- Found ament_cmake_pytest: 1.3.11 (/opt/ros/humble/share/ament_cmake_pytest/cmake)
[2.106s] -- Configuring done
[2.119s] -- Generating done
[2.125s] -- Build files have been written to: /home/aula-robotica/ros_ws/build/andino_description
[2.134s] Invoked command in '/home/aula-robotica/ros_ws/build/andino_description' returned '0': CMAKE_PREFIX_PATH=/opt/ros/humble /usr/bin/cmake /home/aula-robotica/ros_ws/src/andino/andino_description -DCMAKE_INSTALL_PREFIX=/home/aula-robotica/ros_ws/install/andino_description
[2.134s] Invoking command in '/home/aula-robotica/ros_ws/build/andino_description': CMAKE_PREFIX_PATH=/opt/ros/humble /usr/bin/cmake --build /home/aula-robotica/ros_ws/build/andino_description -- -j4 -l4
[2.197s] Invoked command in '/home/aula-robotica/ros_ws/build/andino_description' returned '0': CMAKE_PREFIX_PATH=/opt/ros/humble /usr/bin/cmake --build /home/aula-robotica/ros_ws/build/andino_description -- -j4 -l4
[2.207s] Invoking command in '/home/aula-robotica/ros_ws/build/andino_description': CMAKE_PREFIX_PATH=/opt/ros/humble /usr/bin/cmake --install /home/aula-robotica/ros_ws/build/andino_description
[2.215s] -- Install configuration: ""
[2.216s] -- Installing: /home/aula-robotica/ros_ws/install/andino_description/share/andino_description//config
[2.216s] -- Installing: /home/aula-robotica/ros_ws/install/andino_description/share/andino_description//config/andino
[2.216s] -- Installing: /home/aula-robotica/ros_ws/install/andino_description/share/andino_description//config/andino/motor.yaml
[2.217s] -- Installing: /home/aula-robotica/ros_ws/install/andino_description/share/andino_description//config/andino/caster_wheel.yaml
[2.217s] -- Installing: /home/aula-robotica/ros_ws/install/andino_description/share/andino_description//config/andino/wheel.yaml
[2.218s] -- Installing: /home/aula-robotica/ros_ws/install/andino_description/share/andino_description//config/andino/sensors.yaml
[2.219s] -- Installing: /home/aula-robotica/ros_ws/install/andino_description/share/andino_description//config/andino/second_base.yaml
[2.219s] -- Installing: /home/aula-robotica/ros_ws/install/andino_description/share/andino_description//config/andino/base.yaml
[2.220s] -- Installing: /home/aula-robotica/ros_ws/install/andino_description/share/andino_description//config/andino/hardware.yaml
[2.222s] -- Installing: /home/aula-robotica/ros_ws/install/andino_description/share/andino_description//launch
[2.223s] -- Installing: /home/aula-robotica/ros_ws/install/andino_description/share/andino_description//launch/view_andino.launch.py
[2.223s] -- Installing: /home/aula-robotica/ros_ws/install/andino_description/share/andino_description//launch/andino_description.launch.py
[2.223s] -- Installing: /home/aula-robotica/ros_ws/install/andino_description/share/andino_description//meshes
[2.223s] -- Installing: /home/aula-robotica/ros_ws/install/andino_description/share/andino_description//meshes/andino
[2.223s] -- Installing: /home/aula-robotica/ros_ws/install/andino_description/share/andino_description//meshes/andino/caster_wheel.stl
[2.225s] -- Installing: /home/aula-robotica/ros_ws/install/andino_description/share/andino_description//meshes/andino/chassis.stl
[2.228s] -- Installing: /home/aula-robotica/ros_ws/install/andino_description/share/andino_description//meshes/andino/caster_wheel_support.stl
[2.231s] -- Installing: /home/aula-robotica/ros_ws/install/andino_description/share/andino_description//meshes/andino/motor.stl
[2.239s] -- Installing: /home/aula-robotica/ros_ws/install/andino_description/share/andino_description//meshes/andino/chassis_top.stl
[2.239s] -- Installing: /home/aula-robotica/ros_ws/install/andino_description/share/andino_description//meshes/andino/caster_base.stl
[2.240s] -- Installing: /home/aula-robotica/ros_ws/install/andino_description/share/andino_description//meshes/andino/wheel_rim.stl
[2.245s] -- Installing: /home/aula-robotica/ros_ws/install/andino_description/share/andino_description//meshes/andino/wheel_tire.stl
[2.257s] -- Installing: /home/aula-robotica/ros_ws/install/andino_description/share/andino_description//meshes/sensors
[2.257s] -- Installing: /home/aula-robotica/ros_ws/install/andino_description/share/andino_description//meshes/sensors/rplidar-a1.stl
[2.257s] -- Installing: /home/aula-robotica/ros_ws/install/andino_description/share/andino_description//meshes/sensors/rplidar-a2.stl
[2.271s] -- Installing: /home/aula-robotica/ros_ws/install/andino_description/share/andino_description//meshes/sensors/camera_mount.stl
[2.273s] -- Installing: /home/aula-robotica/ros_ws/install/andino_description/share/andino_description//meshes/components
[2.273s] -- Installing: /home/aula-robotica/ros_ws/install/andino_description/share/andino_description//meshes/components/wheel.stl
[2.295s] -- Installing: /home/aula-robotica/ros_ws/install/andino_description/share/andino_description//urdf
[2.295s] -- Installing: /home/aula-robotica/ros_ws/install/andino_description/share/andino_description//urdf/include
[2.296s] -- Installing: /home/aula-robotica/ros_ws/install/andino_description/share/andino_description//urdf/include/andino_control.urdf.xacro
[2.297s] -- Installing: /home/aula-robotica/ros_ws/install/andino_description/share/andino_description//urdf/include/andino_caster_macro.urdf.xacro
[2.297s] -- Installing: /home/aula-robotica/ros_ws/install/andino_description/share/andino_description//urdf/include/common_sensors.urdf.xacro
[2.297s] -- Installing: /home/aula-robotica/ros_ws/install/andino_description/share/andino_description//urdf/include/common_macros.urdf.xacro
[2.297s] -- Installing: /home/aula-robotica/ros_ws/install/andino_description/share/andino_description//urdf/andino.urdf.xacro
[2.297s] -- Installing: /home/aula-robotica/ros_ws/install/andino_description/share/andino_description//rviz
[2.297s] -- Installing: /home/aula-robotica/ros_ws/install/andino_description/share/andino_description//rviz/andino_description.rviz
[2.306s] -- Installing: /home/aula-robotica/ros_ws/install/andino_description/share/ament_index/resource_index/package_run_dependencies/andino_description
[2.306s] -- Installing: /home/aula-robotica/ros_ws/install/andino_description/share/ament_index/resource_index/parent_prefix_path/andino_description
[2.307s] -- Installing: /home/aula-robotica/ros_ws/install/andino_description/share/andino_description/environment/ament_prefix_path.sh
[2.307s] -- Installing: /home/aula-robotica/ros_ws/install/andino_description/share/andino_description/environment/ament_prefix_path.dsv
[2.308s] -- Installing: /home/aula-robotica/ros_ws/install/andino_description/share/andino_description/environment/path.sh
[2.308s] -- Installing: /home/aula-robotica/ros_ws/install/andino_description/share/andino_description/environment/path.dsv
[2.308s] -- Installing: /home/aula-robotica/ros_ws/install/andino_description/share/andino_description/local_setup.bash
[2.308s] -- Installing: /home/aula-robotica/ros_ws/install/andino_description/share/andino_description/local_setup.sh
[2.310s] -- Installing: /home/aula-robotica/ros_ws/install/andino_description/share/andino_description/local_setup.zsh
[2.310s] -- Installing: /home/aula-robotica/ros_ws/install/andino_description/share/andino_description/local_setup.dsv
[2.311s] -- Installing: /home/aula-robotica/ros_ws/install/andino_description/share/andino_description/package.dsv
[2.311s] -- Installing: /home/aula-robotica/ros_ws/install/andino_description/share/ament_index/resource_index/packages/andino_description
[2.311s] -- Installing: /home/aula-robotica/ros_ws/install/andino_description/share/andino_description/cmake/andino_descriptionConfig.cmake
[2.311s] -- Installing: /home/aula-robotica/ros_ws/install/andino_description/share/andino_description/cmake/andino_descriptionConfig-version.cmake
[2.311s] -- Installing: /home/aula-robotica/ros_ws/install/andino_description/share/andino_description/package.xml
[2.311s] Invoked command in '/home/aula-robotica/ros_ws/build/andino_description' returned '0': CMAKE_PREFIX_PATH=/opt/ros/humble /usr/bin/cmake --install /home/aula-robotica/ros_ws/build/andino_description
