[0.122s] Invoking command in '/home/aula-robotica/ros_ws/build/andino_bringup': CMAKE_PREFIX_PATH=/home/aula-robotica/ros_ws/install/andino_control:/home/aula-robotica/ros_ws/install/andino_description:/home/aula-robotica/ros_ws/install/andino_base:/home/aula-robotica/ros_ws/install/turtlebot3_simulations:/home/aula-robotica/ros_ws/install/turtlebot3_gazebo:/home/aula-robotica/ros_ws/install/turtlebot3_fake_node:/home/aula-robotica/ros_ws/install/turtle_controller:/home/aula-robotica/ros_ws/install/robotica_movel:/home/aula-robotica/ros_ws/install/keyboard:/home/aula-robotica/ros_ws/install/keyboard_msgs:/home/aula-robotica/ros_ws/install/andino_slam:/home/aula-robotica/ros_ws/install/andino_navigation:/home/aula-robotica/ros_ws/install/andino_hardware:/home/aula-robotica/ros_ws/install/andino_apps:/home/aula-robotica/ros_ws/install/andino_gz_classic:/home/aula-robotica/ros_ws/install/andino_firmware:/home/aula-robotica/ros_ws/install/andino_bringup:/opt/ros/humble LD_LIBRARY_PATH=/home/aula-robotica/ros_ws/install/andino_base/lib:/home/aula-robotica/ros_ws/install/turtle_controller/lib:/home/aula-robotica/ros_ws/install/keyboard_msgs/lib:/usr/lib/x86_64-linux-gnu/gazebo-11/plugins:/opt/ros/humble/opt/rviz_ogre_vendor/lib:/opt/ros/humble/lib/x86_64-linux-gnu:/opt/ros/humble/lib:/usr/share/gazebo/../../lib/x86_64-linux-gnu/gazebo-11/plugins /usr/bin/cmake --build /home/aula-robotica/ros_ws/build/andino_bringup -- -j4 -l4
[0.260s] Invoked command in '/home/aula-robotica/ros_ws/build/andino_bringup' returned '0': CMAKE_PREFIX_PATH=/home/aula-robotica/ros_ws/install/andino_control:/home/aula-robotica/ros_ws/install/andino_description:/home/aula-robotica/ros_ws/install/andino_base:/home/aula-robotica/ros_ws/install/turtlebot3_simulations:/home/aula-robotica/ros_ws/install/turtlebot3_gazebo:/home/aula-robotica/ros_ws/install/turtlebot3_fake_node:/home/aula-robotica/ros_ws/install/turtle_controller:/home/aula-robotica/ros_ws/install/robotica_movel:/home/aula-robotica/ros_ws/install/keyboard:/home/aula-robotica/ros_ws/install/keyboard_msgs:/home/aula-robotica/ros_ws/install/andino_slam:/home/aula-robotica/ros_ws/install/andino_navigation:/home/aula-robotica/ros_ws/install/andino_hardware:/home/aula-robotica/ros_ws/install/andino_apps:/home/aula-robotica/ros_ws/install/andino_gz_classic:/home/aula-robotica/ros_ws/install/andino_firmware:/home/aula-robotica/ros_ws/install/andino_bringup:/opt/ros/humble LD_LIBRARY_PATH=/home/aula-robotica/ros_ws/install/andino_base/lib:/home/aula-robotica/ros_ws/install/turtle_controller/lib:/home/aula-robotica/ros_ws/install/keyboard_msgs/lib:/usr/lib/x86_64-linux-gnu/gazebo-11/plugins:/opt/ros/humble/opt/rviz_ogre_vendor/lib:/opt/ros/humble/lib/x86_64-linux-gnu:/opt/ros/humble/lib:/usr/share/gazebo/../../lib/x86_64-linux-gnu/gazebo-11/plugins /usr/bin/cmake --build /home/aula-robotica/ros_ws/build/andino_bringup -- -j4 -l4
[0.260s] Invoking command in '/home/aula-robotica/ros_ws/build/andino_bringup': CMAKE_PREFIX_PATH=/home/aula-robotica/ros_ws/install/andino_control:/home/aula-robotica/ros_ws/install/andino_description:/home/aula-robotica/ros_ws/install/andino_base:/home/aula-robotica/ros_ws/install/turtlebot3_simulations:/home/aula-robotica/ros_ws/install/turtlebot3_gazebo:/home/aula-robotica/ros_ws/install/turtlebot3_fake_node:/home/aula-robotica/ros_ws/install/turtle_controller:/home/aula-robotica/ros_ws/install/robotica_movel:/home/aula-robotica/ros_ws/install/keyboard:/home/aula-robotica/ros_ws/install/keyboard_msgs:/home/aula-robotica/ros_ws/install/andino_slam:/home/aula-robotica/ros_ws/install/andino_navigation:/home/aula-robotica/ros_ws/install/andino_hardware:/home/aula-robotica/ros_ws/install/andino_apps:/home/aula-robotica/ros_ws/install/andino_gz_classic:/home/aula-robotica/ros_ws/install/andino_firmware:/home/aula-robotica/ros_ws/install/andino_bringup:/opt/ros/humble LD_LIBRARY_PATH=/home/aula-robotica/ros_ws/install/andino_base/lib:/home/aula-robotica/ros_ws/install/turtle_controller/lib:/home/aula-robotica/ros_ws/install/keyboard_msgs/lib:/usr/lib/x86_64-linux-gnu/gazebo-11/plugins:/opt/ros/humble/opt/rviz_ogre_vendor/lib:/opt/ros/humble/lib/x86_64-linux-gnu:/opt/ros/humble/lib:/usr/share/gazebo/../../lib/x86_64-linux-gnu/gazebo-11/plugins /usr/bin/cmake --install /home/aula-robotica/ros_ws/build/andino_bringup
[0.282s] -- Install configuration: ""
[0.282s] -- Up-to-date: /home/aula-robotica/ros_ws/install/andino_bringup/share/andino_bringup/config
[0.282s] -- Up-to-date: /home/aula-robotica/ros_ws/install/andino_bringup/share/andino_bringup/config/raspicam.yaml
[0.282s] -- Up-to-date: /home/aula-robotica/ros_ws/install/andino_bringup/share/andino_bringup/config/joystick.yaml
[0.282s] -- Up-to-date: /home/aula-robotica/ros_ws/install/andino_bringup/share/andino_bringup/config/twist_mux.yaml
[0.282s] -- Up-to-date: /home/aula-robotica/ros_ws/install/andino_bringup/share/andino_bringup/config/laser_range_filter.yaml
[0.282s] -- Up-to-date: /home/aula-robotica/ros_ws/install/andino_bringup/share/andino_bringup/launch
[0.282s] -- Up-to-date: /home/aula-robotica/ros_ws/install/andino_bringup/share/andino_bringup/launch/rplidar.launch.py
[0.282s] -- Up-to-date: /home/aula-robotica/ros_ws/install/andino_bringup/share/andino_bringup/launch/rviz.launch.py
[0.282s] -- Up-to-date: /home/aula-robotica/ros_ws/install/andino_bringup/share/andino_bringup/launch/andino_robot.launch.py
[0.282s] -- Up-to-date: /home/aula-robotica/ros_ws/install/andino_bringup/share/andino_bringup/launch/teleop_joystick.launch.py
[0.282s] -- Up-to-date: /home/aula-robotica/ros_ws/install/andino_bringup/share/andino_bringup/launch/camera.launch.py
[0.282s] -- Up-to-date: /home/aula-robotica/ros_ws/install/andino_bringup/share/andino_bringup/launch/teleop_keyboard.launch.py
[0.282s] -- Up-to-date: /home/aula-robotica/ros_ws/install/andino_bringup/share/andino_bringup/launch/rosbag_record.launch.py
[0.282s] -- Up-to-date: /home/aula-robotica/ros_ws/install/andino_bringup/share/andino_bringup/rviz
[0.283s] -- Up-to-date: /home/aula-robotica/ros_ws/install/andino_bringup/share/andino_bringup/rviz/andino.rviz
[0.283s] -- Up-to-date: /home/aula-robotica/ros_ws/install/andino_bringup/share/ament_index/resource_index/package_run_dependencies/andino_bringup
[0.283s] -- Up-to-date: /home/aula-robotica/ros_ws/install/andino_bringup/share/ament_index/resource_index/parent_prefix_path/andino_bringup
[0.283s] -- Up-to-date: /home/aula-robotica/ros_ws/install/andino_bringup/share/andino_bringup/environment/ament_prefix_path.sh
[0.283s] -- Up-to-date: /home/aula-robotica/ros_ws/install/andino_bringup/share/andino_bringup/environment/ament_prefix_path.dsv
[0.283s] -- Up-to-date: /home/aula-robotica/ros_ws/install/andino_bringup/share/andino_bringup/environment/path.sh
[0.283s] -- Up-to-date: /home/aula-robotica/ros_ws/install/andino_bringup/share/andino_bringup/environment/path.dsv
[0.283s] -- Up-to-date: /home/aula-robotica/ros_ws/install/andino_bringup/share/andino_bringup/local_setup.bash
[0.283s] -- Up-to-date: /home/aula-robotica/ros_ws/install/andino_bringup/share/andino_bringup/local_setup.sh
[0.283s] -- Up-to-date: /home/aula-robotica/ros_ws/install/andino_bringup/share/andino_bringup/local_setup.zsh
[0.283s] -- Up-to-date: /home/aula-robotica/ros_ws/install/andino_bringup/share/andino_bringup/local_setup.dsv
[0.283s] -- Up-to-date: /home/aula-robotica/ros_ws/install/andino_bringup/share/andino_bringup/package.dsv
[0.283s] -- Up-to-date: /home/aula-robotica/ros_ws/install/andino_bringup/share/ament_index/resource_index/packages/andino_bringup
[0.283s] -- Up-to-date: /home/aula-robotica/ros_ws/install/andino_bringup/share/andino_bringup/cmake/andino_bringupConfig.cmake
[0.283s] -- Up-to-date: /home/aula-robotica/ros_ws/install/andino_bringup/share/andino_bringup/cmake/andino_bringupConfig-version.cmake
[0.283s] -- Up-to-date: /home/aula-robotica/ros_ws/install/andino_bringup/share/andino_bringup/package.xml
[0.326s] Invoked command in '/home/aula-robotica/ros_ws/build/andino_bringup' returned '0': CMAKE_PREFIX_PATH=/home/aula-robotica/ros_ws/install/andino_control:/home/aula-robotica/ros_ws/install/andino_description:/home/aula-robotica/ros_ws/install/andino_base:/home/aula-robotica/ros_ws/install/turtlebot3_simulations:/home/aula-robotica/ros_ws/install/turtlebot3_gazebo:/home/aula-robotica/ros_ws/install/turtlebot3_fake_node:/home/aula-robotica/ros_ws/install/turtle_controller:/home/aula-robotica/ros_ws/install/robotica_movel:/home/aula-robotica/ros_ws/install/keyboard:/home/aula-robotica/ros_ws/install/keyboard_msgs:/home/aula-robotica/ros_ws/install/andino_slam:/home/aula-robotica/ros_ws/install/andino_navigation:/home/aula-robotica/ros_ws/install/andino_hardware:/home/aula-robotica/ros_ws/install/andino_apps:/home/aula-robotica/ros_ws/install/andino_gz_classic:/home/aula-robotica/ros_ws/install/andino_firmware:/home/aula-robotica/ros_ws/install/andino_bringup:/opt/ros/humble LD_LIBRARY_PATH=/home/aula-robotica/ros_ws/install/andino_base/lib:/home/aula-robotica/ros_ws/install/turtle_controller/lib:/home/aula-robotica/ros_ws/install/keyboard_msgs/lib:/usr/lib/x86_64-linux-gnu/gazebo-11/plugins:/opt/ros/humble/opt/rviz_ogre_vendor/lib:/opt/ros/humble/lib/x86_64-linux-gnu:/opt/ros/humble/lib:/usr/share/gazebo/../../lib/x86_64-linux-gnu/gazebo-11/plugins /usr/bin/cmake --install /home/aula-robotica/ros_ws/build/andino_bringup
