[0.019s] Invoking command in '/home/lucas/Projetos/faculdade/roz_prova_1/build/my_robot_description': CMAKE_PREFIX_PATH=${CMAKE_PREFIX_PATH}:/opt/ros/jazzy DEBUGINFOD_URLS=https://debuginfod.ubuntu.com /usr/bin/cmake /home/lucas/Projetos/faculdade/roz_prova_1/src/my_robot_description -DCMAKE_INSTALL_PREFIX=/home/lucas/Projetos/faculdade/roz_prova_1/install/my_robot_description
[0.056s] -- Found ament_cmake: 2.5.5 (/opt/ros/jazzy/share/ament_cmake/cmake)
[0.407s] -- Found Python3: /usr/bin/python3 (found version "3.12.3") found components: Interpreter 
[0.693s] -- Found ament_lint_auto: 0.17.4 (/opt/ros/jazzy/share/ament_lint_auto/cmake)
[1.040s] -- Added test 'lint_cmake' to check CMake code style
[1.046s] -- Added test 'xmllint' to check XML markup files
[1.053s] -- Configuring done (1.0s)
[1.062s] -- Generating done (0.0s)
[1.067s] -- Build files have been written to: /home/lucas/Projetos/faculdade/roz_prova_1/build/my_robot_description
[1.074s] Invoked command in '/home/lucas/Projetos/faculdade/roz_prova_1/build/my_robot_description' returned '0': CMAKE_PREFIX_PATH=${CMAKE_PREFIX_PATH}:/opt/ros/jazzy DEBUGINFOD_URLS=https://debuginfod.ubuntu.com /usr/bin/cmake /home/lucas/Projetos/faculdade/roz_prova_1/src/my_robot_description -DCMAKE_INSTALL_PREFIX=/home/lucas/Projetos/faculdade/roz_prova_1/install/my_robot_description
[1.078s] Invoking command in '/home/lucas/Projetos/faculdade/roz_prova_1/build/my_robot_description': CMAKE_PREFIX_PATH=${CMAKE_PREFIX_PATH}:/opt/ros/jazzy DEBUGINFOD_URLS=https://debuginfod.ubuntu.com /usr/bin/cmake --build /home/lucas/Projetos/faculdade/roz_prova_1/build/my_robot_description -- -j8 -l8
[1.174s] Invoked command in '/home/lucas/Projetos/faculdade/roz_prova_1/build/my_robot_description' returned '0': CMAKE_PREFIX_PATH=${CMAKE_PREFIX_PATH}:/opt/ros/jazzy DEBUGINFOD_URLS=https://debuginfod.ubuntu.com /usr/bin/cmake --build /home/lucas/Projetos/faculdade/roz_prova_1/build/my_robot_description -- -j8 -l8
[1.198s] Invoking command in '/home/lucas/Projetos/faculdade/roz_prova_1/build/my_robot_description': CMAKE_PREFIX_PATH=${CMAKE_PREFIX_PATH}:/opt/ros/jazzy DEBUGINFOD_URLS=https://debuginfod.ubuntu.com /usr/bin/cmake --install /home/lucas/Projetos/faculdade/roz_prova_1/build/my_robot_description
[1.221s] -- Install configuration: ""
[1.221s] -- Installing: /home/lucas/Projetos/faculdade/roz_prova_1/install/my_robot_description/share/my_robot_description/urdf
[1.221s] -- Installing: /home/lucas/Projetos/faculdade/roz_prova_1/install/my_robot_description/share/my_robot_description/urdf/my_robot.urdf
[1.222s] -- Installing: /home/lucas/Projetos/faculdade/roz_prova_1/install/my_robot_description/share/ament_index/resource_index/package_run_dependencies/my_robot_description
[1.222s] -- Installing: /home/lucas/Projetos/faculdade/roz_prova_1/install/my_robot_description/share/ament_index/resource_index/parent_prefix_path/my_robot_description
[1.223s] -- Installing: /home/lucas/Projetos/faculdade/roz_prova_1/install/my_robot_description/share/my_robot_description/environment/ament_prefix_path.sh
[1.223s] -- Installing: /home/lucas/Projetos/faculdade/roz_prova_1/install/my_robot_description/share/my_robot_description/environment/ament_prefix_path.dsv
[1.224s] -- Installing: /home/lucas/Projetos/faculdade/roz_prova_1/install/my_robot_description/share/my_robot_description/environment/path.sh
[1.224s] -- Installing: /home/lucas/Projetos/faculdade/roz_prova_1/install/my_robot_description/share/my_robot_description/environment/path.dsv
[1.224s] -- Installing: /home/lucas/Projetos/faculdade/roz_prova_1/install/my_robot_description/share/my_robot_description/local_setup.bash
[1.226s] -- Installing: /home/lucas/Projetos/faculdade/roz_prova_1/install/my_robot_description/share/my_robot_description/local_setup.sh
[1.226s] -- Installing: /home/lucas/Projetos/faculdade/roz_prova_1/install/my_robot_description/share/my_robot_description/local_setup.zsh
[1.226s] -- Installing: /home/lucas/Projetos/faculdade/roz_prova_1/install/my_robot_description/share/my_robot_description/local_setup.dsv
[1.227s] -- Installing: /home/lucas/Projetos/faculdade/roz_prova_1/install/my_robot_description/share/my_robot_description/package.dsv
[1.227s] -- Installing: /home/lucas/Projetos/faculdade/roz_prova_1/install/my_robot_description/share/ament_index/resource_index/packages/my_robot_description
[1.228s] -- Installing: /home/lucas/Projetos/faculdade/roz_prova_1/install/my_robot_description/share/my_robot_description/cmake/my_robot_descriptionConfig.cmake
[1.228s] -- Installing: /home/lucas/Projetos/faculdade/roz_prova_1/install/my_robot_description/share/my_robot_description/cmake/my_robot_descriptionConfig-version.cmake
[1.228s] -- Installing: /home/lucas/Projetos/faculdade/roz_prova_1/install/my_robot_description/share/my_robot_description/package.xml
[1.237s] Invoked command in '/home/lucas/Projetos/faculdade/roz_prova_1/build/my_robot_description' returned '0': CMAKE_PREFIX_PATH=${CMAKE_PREFIX_PATH}:/opt/ros/jazzy DEBUGINFOD_URLS=https://debuginfod.ubuntu.com /usr/bin/cmake --install /home/lucas/Projetos/faculdade/roz_prova_1/build/my_robot_description
