[0.044s] Invoking command in '/home/aula-robotica/ros_ws/build/keyboard_msgs': CMAKE_PREFIX_PATH=${CMAKE_PREFIX_PATH}:/opt/ros/humble /usr/bin/cmake --build /home/aula-robotica/ros_ws/build/keyboard_msgs -- -j4 -l4
[0.195s] [  3%] Built target keyboard_msgs__cpp
[0.265s] [35m[1mConsolidate compiler generated dependencies of target keyboard_msgs__rosidl_generator_c[0m
[0.266s] [35m[1mConsolidate compiler generated dependencies of target keyboard_msgs__rosidl_typesupport_cpp[0m
[0.271s] [  3%] Built target ament_cmake_python_copy_keyboard_msgs
[0.274s] [35m[1mConsolidate compiler generated dependencies of target keyboard_msgs__rosidl_typesupport_fastrtps_cpp[0m
[0.282s] [ 12%] Built target keyboard_msgs__rosidl_generator_c
[0.298s] [ 22%] Built target keyboard_msgs__rosidl_typesupport_cpp
[0.303s] [35m[1mConsolidate compiler generated dependencies of target keyboard_msgs__rosidl_typesupport_introspection_cpp[0m
[0.314s] [ 32%] Built target keyboard_msgs__rosidl_typesupport_fastrtps_cpp
[0.320s] [ 41%] Built target keyboard_msgs__rosidl_typesupport_introspection_cpp
[0.358s] [35m[1mConsolidate compiler generated dependencies of target keyboard_msgs__rosidl_typesupport_introspection_c[0m
[0.371s] [35m[1mConsolidate compiler generated dependencies of target keyboard_msgs__rosidl_typesupport_c[0m
[0.392s] [35m[1mConsolidate compiler generated dependencies of target keyboard_msgs__rosidl_typesupport_fastrtps_c[0m
[0.392s] [ 51%] Built target keyboard_msgs__rosidl_typesupport_introspection_c
[0.394s] [ 61%] Built target keyboard_msgs__rosidl_typesupport_c
[0.410s] [ 70%] Built target keyboard_msgs__rosidl_typesupport_fastrtps_c
[0.484s] [ 70%] Built target keyboard_msgs
[0.597s] [ 74%] Built target keyboard_msgs__py
[0.645s] [35m[1mConsolidate compiler generated dependencies of target keyboard_msgs__rosidl_generator_py[0m
[0.678s] [ 80%] Built target keyboard_msgs__rosidl_generator_py
[0.730s] [35m[1mConsolidate compiler generated dependencies of target keyboard_msgs__rosidl_typesupport_fastrtps_c__pyext[0m
[0.734s] [35m[1mConsolidate compiler generated dependencies of target keyboard_msgs__rosidl_typesupport_c__pyext[0m
[0.794s] [ 87%] Built target keyboard_msgs__rosidl_typesupport_c__pyext
[0.794s] [ 93%] Built target keyboard_msgs__rosidl_typesupport_fastrtps_c__pyext
[0.796s] [35m[1mConsolidate compiler generated dependencies of target keyboard_msgs__rosidl_typesupport_introspection_c__pyext[0m
[0.858s] running egg_info
[0.859s] writing keyboard_msgs.egg-info/PKG-INFO
[0.859s] writing dependency_links to keyboard_msgs.egg-info/dependency_links.txt
[0.859s] writing top-level names to keyboard_msgs.egg-info/top_level.txt
[0.859s] [100%] Built target keyboard_msgs__rosidl_typesupport_introspection_c__pyext
[0.859s] reading manifest file 'keyboard_msgs.egg-info/SOURCES.txt'
[0.859s] writing manifest file 'keyboard_msgs.egg-info/SOURCES.txt'
[0.906s] [100%] Built target ament_cmake_python_build_keyboard_msgs_egg
[0.951s] Invoked command in '/home/aula-robotica/ros_ws/build/keyboard_msgs' returned '0': CMAKE_PREFIX_PATH=${CMAKE_PREFIX_PATH}:/opt/ros/humble /usr/bin/cmake --build /home/aula-robotica/ros_ws/build/keyboard_msgs -- -j4 -l4
[0.968s] Invoking command in '/home/aula-robotica/ros_ws/build/keyboard_msgs': CMAKE_PREFIX_PATH=${CMAKE_PREFIX_PATH}:/opt/ros/humble /usr/bin/cmake --install /home/aula-robotica/ros_ws/build/keyboard_msgs
[1.022s] -- Install configuration: ""
[1.023s] -- Up-to-date: /home/aula-robotica/ros_ws/install/keyboard_msgs/share/ament_index/resource_index/rosidl_interfaces/keyboard_msgs
[1.023s] -- Up-to-date: /home/aula-robotica/ros_ws/install/keyboard_msgs/include/keyboard_msgs/keyboard_msgs
[1.023s] -- Up-to-date: /home/aula-robotica/ros_ws/install/keyboard_msgs/include/keyboard_msgs/keyboard_msgs/msg
[1.023s] -- Up-to-date: /home/aula-robotica/ros_ws/install/keyboard_msgs/include/keyboard_msgs/keyboard_msgs/msg/key.h
[1.023s] -- Up-to-date: /home/aula-robotica/ros_ws/install/keyboard_msgs/include/keyboard_msgs/keyboard_msgs/msg/detail
[1.023s] -- Up-to-date: /home/aula-robotica/ros_ws/install/keyboard_msgs/include/keyboard_msgs/keyboard_msgs/msg/detail/key__type_support.h
[1.033s] -- Up-to-date: /home/aula-robotica/ros_ws/install/keyboard_msgs/include/keyboard_msgs/keyboard_msgs/msg/detail/key__struct.h
[1.033s] -- Up-to-date: /home/aula-robotica/ros_ws/install/keyboard_msgs/include/keyboard_msgs/keyboard_msgs/msg/detail/key__functions.c
[1.033s] -- Up-to-date: /home/aula-robotica/ros_ws/install/keyboard_msgs/include/keyboard_msgs/keyboard_msgs/msg/detail/key__functions.h
[1.033s] -- Up-to-date: /home/aula-robotica/ros_ws/install/keyboard_msgs/include/keyboard_msgs/keyboard_msgs/msg/rosidl_generator_c__visibility_control.h
[1.034s] -- Up-to-date: /home/aula-robotica/ros_ws/install/keyboard_msgs/share/keyboard_msgs/environment/library_path.sh
[1.034s] -- Up-to-date: /home/aula-robotica/ros_ws/install/keyboard_msgs/share/keyboard_msgs/environment/library_path.dsv
[1.034s] -- Up-to-date: /home/aula-robotica/ros_ws/install/keyboard_msgs/lib/libkeyboard_msgs__rosidl_generator_c.so
[1.034s] -- Up-to-date: /home/aula-robotica/ros_ws/install/keyboard_msgs/include/keyboard_msgs/keyboard_msgs
[1.034s] -- Up-to-date: /home/aula-robotica/ros_ws/install/keyboard_msgs/include/keyboard_msgs/keyboard_msgs/msg
[1.034s] -- Up-to-date: /home/aula-robotica/ros_ws/install/keyboard_msgs/include/keyboard_msgs/keyboard_msgs/msg/detail
[1.034s] -- Up-to-date: /home/aula-robotica/ros_ws/install/keyboard_msgs/include/keyboard_msgs/keyboard_msgs/msg/detail/key__rosidl_typesupport_fastrtps_c.h
[1.034s] -- Up-to-date: /home/aula-robotica/ros_ws/install/keyboard_msgs/include/keyboard_msgs/keyboard_msgs/msg/rosidl_typesupport_fastrtps_c__visibility_control.h
[1.034s] -- Up-to-date: /home/aula-robotica/ros_ws/install/keyboard_msgs/lib/libkeyboard_msgs__rosidl_typesupport_fastrtps_c.so
[1.034s] -- Up-to-date: /home/aula-robotica/ros_ws/install/keyboard_msgs/include/keyboard_msgs/keyboard_msgs
[1.034s] -- Up-to-date: /home/aula-robotica/ros_ws/install/keyboard_msgs/include/keyboard_msgs/keyboard_msgs/msg
[1.034s] -- Up-to-date: /home/aula-robotica/ros_ws/install/keyboard_msgs/include/keyboard_msgs/keyboard_msgs/msg/rosidl_generator_cpp__visibility_control.hpp
[1.034s] -- Up-to-date: /home/aula-robotica/ros_ws/install/keyboard_msgs/include/keyboard_msgs/keyboard_msgs/msg/key.hpp
[1.035s] -- Up-to-date: /home/aula-robotica/ros_ws/install/keyboard_msgs/include/keyboard_msgs/keyboard_msgs/msg/detail
[1.035s] -- Up-to-date: /home/aula-robotica/ros_ws/install/keyboard_msgs/include/keyboard_msgs/keyboard_msgs/msg/detail/key__traits.hpp
[1.035s] -- Up-to-date: /home/aula-robotica/ros_ws/install/keyboard_msgs/include/keyboard_msgs/keyboard_msgs/msg/detail/key__type_support.hpp
[1.035s] -- Up-to-date: /home/aula-robotica/ros_ws/install/keyboard_msgs/include/keyboard_msgs/keyboard_msgs/msg/detail/key__builder.hpp
[1.035s] -- Up-to-date: /home/aula-robotica/ros_ws/install/keyboard_msgs/include/keyboard_msgs/keyboard_msgs/msg/detail/key__struct.hpp
[1.035s] -- Up-to-date: /home/aula-robotica/ros_ws/install/keyboard_msgs/include/keyboard_msgs/keyboard_msgs
[1.035s] -- Up-to-date: /home/aula-robotica/ros_ws/install/keyboard_msgs/include/keyboard_msgs/keyboard_msgs/msg
[1.035s] -- Up-to-date: /home/aula-robotica/ros_ws/install/keyboard_msgs/include/keyboard_msgs/keyboard_msgs/msg/rosidl_typesupport_fastrtps_cpp__visibility_control.h
[1.035s] -- Up-to-date: /home/aula-robotica/ros_ws/install/keyboard_msgs/include/keyboard_msgs/keyboard_msgs/msg/detail
[1.035s] -- Up-to-date: /home/aula-robotica/ros_ws/install/keyboard_msgs/include/keyboard_msgs/keyboard_msgs/msg/detail/key__rosidl_typesupport_fastrtps_cpp.hpp
[1.035s] -- Up-to-date: /home/aula-robotica/ros_ws/install/keyboard_msgs/include/keyboard_msgs/keyboard_msgs/msg/detail/dds_fastrtps
[1.035s] -- Up-to-date: /home/aula-robotica/ros_ws/install/keyboard_msgs/lib/libkeyboard_msgs__rosidl_typesupport_fastrtps_cpp.so
[1.035s] -- Up-to-date: /home/aula-robotica/ros_ws/install/keyboard_msgs/include/keyboard_msgs/keyboard_msgs
[1.035s] -- Up-to-date: /home/aula-robotica/ros_ws/install/keyboard_msgs/include/keyboard_msgs/keyboard_msgs/msg
[1.035s] -- Up-to-date: /home/aula-robotica/ros_ws/install/keyboard_msgs/include/keyboard_msgs/keyboard_msgs/msg/rosidl_typesupport_introspection_c__visibility_control.h
[1.035s] -- Up-to-date: /home/aula-robotica/ros_ws/install/keyboard_msgs/include/keyboard_msgs/keyboard_msgs/msg/detail
[1.035s] -- Up-to-date: /home/aula-robotica/ros_ws/install/keyboard_msgs/include/keyboard_msgs/keyboard_msgs/msg/detail/key__rosidl_typesupport_introspection_c.h
[1.035s] -- Up-to-date: /home/aula-robotica/ros_ws/install/keyboard_msgs/include/keyboard_msgs/keyboard_msgs/msg/detail/key__type_support.c
[1.035s] -- Up-to-date: /home/aula-robotica/ros_ws/install/keyboard_msgs/lib/libkeyboard_msgs__rosidl_typesupport_introspection_c.so
[1.036s] -- Up-to-date: /home/aula-robotica/ros_ws/install/keyboard_msgs/lib/libkeyboard_msgs__rosidl_typesupport_c.so
[1.036s] -- Up-to-date: /home/aula-robotica/ros_ws/install/keyboard_msgs/include/keyboard_msgs/keyboard_msgs
[1.036s] -- Up-to-date: /home/aula-robotica/ros_ws/install/keyboard_msgs/include/keyboard_msgs/keyboard_msgs/msg
[1.036s] -- Up-to-date: /home/aula-robotica/ros_ws/install/keyboard_msgs/include/keyboard_msgs/keyboard_msgs/msg/detail
[1.036s] -- Up-to-date: /home/aula-robotica/ros_ws/install/keyboard_msgs/include/keyboard_msgs/keyboard_msgs/msg/detail/key__rosidl_typesupport_introspection_cpp.hpp
[1.036s] -- Up-to-date: /home/aula-robotica/ros_ws/install/keyboard_msgs/include/keyboard_msgs/keyboard_msgs/msg/detail/key__type_support.cpp
[1.036s] -- Up-to-date: /home/aula-robotica/ros_ws/install/keyboard_msgs/lib/libkeyboard_msgs__rosidl_typesupport_introspection_cpp.so
[1.036s] -- Up-to-date: /home/aula-robotica/ros_ws/install/keyboard_msgs/lib/libkeyboard_msgs__rosidl_typesupport_cpp.so
[1.036s] -- Up-to-date: /home/aula-robotica/ros_ws/install/keyboard_msgs/share/keyboard_msgs/environment/pythonpath.sh
[1.036s] -- Up-to-date: /home/aula-robotica/ros_ws/install/keyboard_msgs/share/keyboard_msgs/environment/pythonpath.dsv
[1.036s] -- Up-to-date: /home/aula-robotica/ros_ws/install/keyboard_msgs/local/lib/python3.10/dist-packages/keyboard_msgs-1.0.0-py3.10.egg-info
[1.036s] -- Installing: /home/aula-robotica/ros_ws/install/keyboard_msgs/local/lib/python3.10/dist-packages/keyboard_msgs-1.0.0-py3.10.egg-info/PKG-INFO
[1.036s] -- Installing: /home/aula-robotica/ros_ws/install/keyboard_msgs/local/lib/python3.10/dist-packages/keyboard_msgs-1.0.0-py3.10.egg-info/dependency_links.txt
[1.036s] -- Installing: /home/aula-robotica/ros_ws/install/keyboard_msgs/local/lib/python3.10/dist-packages/keyboard_msgs-1.0.0-py3.10.egg-info/top_level.txt
[1.036s] -- Installing: /home/aula-robotica/ros_ws/install/keyboard_msgs/local/lib/python3.10/dist-packages/keyboard_msgs-1.0.0-py3.10.egg-info/SOURCES.txt
[1.036s] -- Up-to-date: /home/aula-robotica/ros_ws/install/keyboard_msgs/local/lib/python3.10/dist-packages/keyboard_msgs
[1.036s] -- Up-to-date: /home/aula-robotica/ros_ws/install/keyboard_msgs/local/lib/python3.10/dist-packages/keyboard_msgs/keyboard_msgs_s__rosidl_typesupport_c.cpython-310-x86_64-linux-gnu.so
[1.036s] -- Up-to-date: /home/aula-robotica/ros_ws/install/keyboard_msgs/local/lib/python3.10/dist-packages/keyboard_msgs/_keyboard_msgs_s.ep.rosidl_typesupport_fastrtps_c.c
[1.036s] -- Up-to-date: /home/aula-robotica/ros_ws/install/keyboard_msgs/local/lib/python3.10/dist-packages/keyboard_msgs/libkeyboard_msgs__rosidl_generator_py.so
[1.036s] -- Up-to-date: /home/aula-robotica/ros_ws/install/keyboard_msgs/local/lib/python3.10/dist-packages/keyboard_msgs/keyboard_msgs_s__rosidl_typesupport_introspection_c.cpython-310-x86_64-linux-gnu.so
[1.048s] -- Up-to-date: /home/aula-robotica/ros_ws/install/keyboard_msgs/local/lib/python3.10/dist-packages/keyboard_msgs/_keyboard_msgs_s.ep.rosidl_typesupport_c.c
[1.048s] -- Up-to-date: /home/aula-robotica/ros_ws/install/keyboard_msgs/local/lib/python3.10/dist-packages/keyboard_msgs/__init__.py
[1.048s] -- Up-to-date: /home/aula-robotica/ros_ws/install/keyboard_msgs/local/lib/python3.10/dist-packages/keyboard_msgs/_keyboard_msgs_s.ep.rosidl_typesupport_introspection_c.c
[1.048s] -- Up-to-date: /home/aula-robotica/ros_ws/install/keyboard_msgs/local/lib/python3.10/dist-packages/keyboard_msgs/keyboard_msgs_s__rosidl_typesupport_fastrtps_c.cpython-310-x86_64-linux-gnu.so
[1.048s] -- Up-to-date: /home/aula-robotica/ros_ws/install/keyboard_msgs/local/lib/python3.10/dist-packages/keyboard_msgs/msg
[1.048s] -- Up-to-date: /home/aula-robotica/ros_ws/install/keyboard_msgs/local/lib/python3.10/dist-packages/keyboard_msgs/msg/_key_s.c
[1.048s] -- Up-to-date: /home/aula-robotica/ros_ws/install/keyboard_msgs/local/lib/python3.10/dist-packages/keyboard_msgs/msg/__init__.py
[1.048s] -- Up-to-date: /home/aula-robotica/ros_ws/install/keyboard_msgs/local/lib/python3.10/dist-packages/keyboard_msgs/msg/_key.py
[1.048s] Listing '/home/aula-robotica/ros_ws/install/keyboard_msgs/local/lib/python3.10/dist-packages/keyboard_msgs'...
[1.049s] Listing '/home/aula-robotica/ros_ws/install/keyboard_msgs/local/lib/python3.10/dist-packages/keyboard_msgs/msg'...
[1.049s] -- Up-to-date: /home/aula-robotica/ros_ws/install/keyboard_msgs/local/lib/python3.10/dist-packages/keyboard_msgs/keyboard_msgs_s__rosidl_typesupport_fastrtps_c.cpython-310-x86_64-linux-gnu.so
[1.049s] -- Up-to-date: /home/aula-robotica/ros_ws/install/keyboard_msgs/local/lib/python3.10/dist-packages/keyboard_msgs/keyboard_msgs_s__rosidl_typesupport_introspection_c.cpython-310-x86_64-linux-gnu.so
[1.049s] -- Up-to-date: /home/aula-robotica/ros_ws/install/keyboard_msgs/local/lib/python3.10/dist-packages/keyboard_msgs/keyboard_msgs_s__rosidl_typesupport_c.cpython-310-x86_64-linux-gnu.so
[1.049s] -- Up-to-date: /home/aula-robotica/ros_ws/install/keyboard_msgs/lib/libkeyboard_msgs__rosidl_generator_py.so
[1.052s] -- Up-to-date: /home/aula-robotica/ros_ws/install/keyboard_msgs/share/keyboard_msgs/msg/Key.idl
[1.053s] -- Up-to-date: /home/aula-robotica/ros_ws/install/keyboard_msgs/share/keyboard_msgs/msg/Key.msg
[1.053s] -- Up-to-date: /home/aula-robotica/ros_ws/install/keyboard_msgs/share/ament_index/resource_index/package_run_dependencies/keyboard_msgs
[1.062s] -- Up-to-date: /home/aula-robotica/ros_ws/install/keyboard_msgs/share/ament_index/resource_index/parent_prefix_path/keyboard_msgs
[1.062s] -- Up-to-date: /home/aula-robotica/ros_ws/install/keyboard_msgs/share/keyboard_msgs/environment/ament_prefix_path.sh
[1.062s] -- Up-to-date: /home/aula-robotica/ros_ws/install/keyboard_msgs/share/keyboard_msgs/environment/ament_prefix_path.dsv
[1.062s] -- Up-to-date: /home/aula-robotica/ros_ws/install/keyboard_msgs/share/keyboard_msgs/environment/path.sh
[1.062s] -- Up-to-date: /home/aula-robotica/ros_ws/install/keyboard_msgs/share/keyboard_msgs/environment/path.dsv
[1.062s] -- Up-to-date: /home/aula-robotica/ros_ws/install/keyboard_msgs/share/keyboard_msgs/local_setup.bash
[1.062s] -- Up-to-date: /home/aula-robotica/ros_ws/install/keyboard_msgs/share/keyboard_msgs/local_setup.sh
[1.063s] -- Up-to-date: /home/aula-robotica/ros_ws/install/keyboard_msgs/share/keyboard_msgs/local_setup.zsh
[1.063s] -- Up-to-date: /home/aula-robotica/ros_ws/install/keyboard_msgs/share/keyboard_msgs/local_setup.dsv
[1.063s] -- Installing: /home/aula-robotica/ros_ws/install/keyboard_msgs/share/keyboard_msgs/package.dsv
[1.063s] -- Up-to-date: /home/aula-robotica/ros_ws/install/keyboard_msgs/share/ament_index/resource_index/packages/keyboard_msgs
[1.063s] -- Up-to-date: /home/aula-robotica/ros_ws/install/keyboard_msgs/share/keyboard_msgs/cmake/export_keyboard_msgs__rosidl_generator_cExport.cmake
[1.063s] -- Up-to-date: /home/aula-robotica/ros_ws/install/keyboard_msgs/share/keyboard_msgs/cmake/export_keyboard_msgs__rosidl_generator_cExport-noconfig.cmake
[1.063s] -- Up-to-date: /home/aula-robotica/ros_ws/install/keyboard_msgs/share/keyboard_msgs/cmake/export_keyboard_msgs__rosidl_typesupport_fastrtps_cExport.cmake
[1.063s] -- Up-to-date: /home/aula-robotica/ros_ws/install/keyboard_msgs/share/keyboard_msgs/cmake/export_keyboard_msgs__rosidl_typesupport_fastrtps_cExport-noconfig.cmake
[1.063s] -- Up-to-date: /home/aula-robotica/ros_ws/install/keyboard_msgs/share/keyboard_msgs/cmake/export_keyboard_msgs__rosidl_generator_cppExport.cmake
[1.063s] -- Up-to-date: /home/aula-robotica/ros_ws/install/keyboard_msgs/share/keyboard_msgs/cmake/export_keyboard_msgs__rosidl_typesupport_fastrtps_cppExport.cmake
[1.063s] -- Up-to-date: /home/aula-robotica/ros_ws/install/keyboard_msgs/share/keyboard_msgs/cmake/export_keyboard_msgs__rosidl_typesupport_fastrtps_cppExport-noconfig.cmake
[1.063s] -- Up-to-date: /home/aula-robotica/ros_ws/install/keyboard_msgs/share/keyboard_msgs/cmake/keyboard_msgs__rosidl_typesupport_introspection_cExport.cmake
[1.063s] -- Up-to-date: /home/aula-robotica/ros_ws/install/keyboard_msgs/share/keyboard_msgs/cmake/keyboard_msgs__rosidl_typesupport_introspection_cExport-noconfig.cmake
[1.063s] -- Up-to-date: /home/aula-robotica/ros_ws/install/keyboard_msgs/share/keyboard_msgs/cmake/keyboard_msgs__rosidl_typesupport_cExport.cmake
[1.063s] -- Up-to-date: /home/aula-robotica/ros_ws/install/keyboard_msgs/share/keyboard_msgs/cmake/keyboard_msgs__rosidl_typesupport_cExport-noconfig.cmake
[1.063s] -- Up-to-date: /home/aula-robotica/ros_ws/install/keyboard_msgs/share/keyboard_msgs/cmake/keyboard_msgs__rosidl_typesupport_introspection_cppExport.cmake
[1.063s] -- Up-to-date: /home/aula-robotica/ros_ws/install/keyboard_msgs/share/keyboard_msgs/cmake/keyboard_msgs__rosidl_typesupport_introspection_cppExport-noconfig.cmake
[1.063s] -- Up-to-date: /home/aula-robotica/ros_ws/install/keyboard_msgs/share/keyboard_msgs/cmake/keyboard_msgs__rosidl_typesupport_cppExport.cmake
[1.063s] -- Up-to-date: /home/aula-robotica/ros_ws/install/keyboard_msgs/share/keyboard_msgs/cmake/keyboard_msgs__rosidl_typesupport_cppExport-noconfig.cmake
[1.064s] -- Up-to-date: /home/aula-robotica/ros_ws/install/keyboard_msgs/share/keyboard_msgs/cmake/export_keyboard_msgs__rosidl_generator_pyExport.cmake
[1.064s] -- Up-to-date: /home/aula-robotica/ros_ws/install/keyboard_msgs/share/keyboard_msgs/cmake/export_keyboard_msgs__rosidl_generator_pyExport-noconfig.cmake
[1.064s] -- Up-to-date: /home/aula-robotica/ros_ws/install/keyboard_msgs/share/keyboard_msgs/cmake/rosidl_cmake-extras.cmake
[1.064s] -- Up-to-date: /home/aula-robotica/ros_ws/install/keyboard_msgs/share/keyboard_msgs/cmake/ament_cmake_export_dependencies-extras.cmake
[1.064s] -- Up-to-date: /home/aula-robotica/ros_ws/install/keyboard_msgs/share/keyboard_msgs/cmake/ament_cmake_export_include_directories-extras.cmake
[1.064s] -- Up-to-date: /home/aula-robotica/ros_ws/install/keyboard_msgs/share/keyboard_msgs/cmake/ament_cmake_export_libraries-extras.cmake
[1.064s] -- Up-to-date: /home/aula-robotica/ros_ws/install/keyboard_msgs/share/keyboard_msgs/cmake/ament_cmake_export_targets-extras.cmake
[1.064s] -- Up-to-date: /home/aula-robotica/ros_ws/install/keyboard_msgs/share/keyboard_msgs/cmake/rosidl_cmake_export_typesupport_targets-extras.cmake
[1.064s] -- Up-to-date: /home/aula-robotica/ros_ws/install/keyboard_msgs/share/keyboard_msgs/cmake/rosidl_cmake_export_typesupport_libraries-extras.cmake
[1.064s] -- Up-to-date: /home/aula-robotica/ros_ws/install/keyboard_msgs/share/keyboard_msgs/cmake/keyboard_msgsConfig.cmake
[1.064s] -- Up-to-date: /home/aula-robotica/ros_ws/install/keyboard_msgs/share/keyboard_msgs/cmake/keyboard_msgsConfig-version.cmake
[1.064s] -- Up-to-date: /home/aula-robotica/ros_ws/install/keyboard_msgs/share/keyboard_msgs/package.xml
[1.115s] Invoked command in '/home/aula-robotica/ros_ws/build/keyboard_msgs' returned '0': CMAKE_PREFIX_PATH=${CMAKE_PREFIX_PATH}:/opt/ros/humble /usr/bin/cmake --install /home/aula-robotica/ros_ws/build/keyboard_msgs
