[0.033s] Invoking command in '/home/aula-robotica/ros_ws/build/andino_description': CMAKE_PREFIX_PATH=${CMAKE_PREFIX_PATH}:/opt/ros/humble /usr/bin/cmake --build /home/aula-robotica/ros_ws/build/andino_description -- -j4 -l4
[0.162s] Invoked command in '/home/aula-robotica/ros_ws/build/andino_description' returned '0': CMAKE_PREFIX_PATH=${CMAKE_PREFIX_PATH}:/opt/ros/humble /usr/bin/cmake --build /home/aula-robotica/ros_ws/build/andino_description -- -j4 -l4
[0.199s] Invoking command in '/home/aula-robotica/ros_ws/build/andino_description': CMAKE_PREFIX_PATH=${CMAKE_PREFIX_PATH}:/opt/ros/humble /usr/bin/cmake --install /home/aula-robotica/ros_ws/build/andino_description
[0.213s] -- Install configuration: ""
[0.214s] -- Up-to-date: /home/aula-robotica/ros_ws/install/andino_description/share/andino_description//config
[0.215s] -- Up-to-date: /home/aula-robotica/ros_ws/install/andino_description/share/andino_description//config/andino
[0.215s] -- Up-to-date: /home/aula-robotica/ros_ws/install/andino_description/share/andino_description//config/andino/motor.yaml
[0.215s] -- Up-to-date: /home/aula-robotica/ros_ws/install/andino_description/share/andino_description//config/andino/caster_wheel.yaml
[0.216s] -- Up-to-date: /home/aula-robotica/ros_ws/install/andino_description/share/andino_description//config/andino/wheel.yaml
[0.216s] -- Up-to-date: /home/aula-robotica/ros_ws/install/andino_description/share/andino_description//config/andino/sensors.yaml
[0.216s] -- Up-to-date: /home/aula-robotica/ros_ws/install/andino_description/share/andino_description//config/andino/second_base.yaml
[0.216s] -- Up-to-date: /home/aula-robotica/ros_ws/install/andino_description/share/andino_description//config/andino/base.yaml
[0.216s] -- Up-to-date: /home/aula-robotica/ros_ws/install/andino_description/share/andino_description//config/andino/hardware.yaml
[0.216s] -- Up-to-date: /home/aula-robotica/ros_ws/install/andino_description/share/andino_description//launch
[0.217s] -- Up-to-date: /home/aula-robotica/ros_ws/install/andino_description/share/andino_description//launch/view_andino.launch.py
[0.217s] -- Up-to-date: /home/aula-robotica/ros_ws/install/andino_description/share/andino_description//launch/andino_description.launch.py
[0.218s] -- Up-to-date: /home/aula-robotica/ros_ws/install/andino_description/share/andino_description//meshes
[0.222s] -- Up-to-date: /home/aula-robotica/ros_ws/install/andino_description/share/andino_description//meshes/andino
[0.223s] -- Up-to-date: /home/aula-robotica/ros_ws/install/andino_description/share/andino_description//meshes/andino/caster_wheel.stl
[0.223s] -- Up-to-date: /home/aula-robotica/ros_ws/install/andino_description/share/andino_description//meshes/andino/chassis.stl
[0.223s] -- Up-to-date: /home/aula-robotica/ros_ws/install/andino_description/share/andino_description//meshes/andino/caster_wheel_support.stl
[0.223s] -- Up-to-date: /home/aula-robotica/ros_ws/install/andino_description/share/andino_description//meshes/andino/motor.stl
[0.223s] -- Up-to-date: /home/aula-robotica/ros_ws/install/andino_description/share/andino_description//meshes/andino/chassis_top.stl
[0.223s] -- Up-to-date: /home/aula-robotica/ros_ws/install/andino_description/share/andino_description//meshes/andino/caster_base.stl
[0.223s] -- Up-to-date: /home/aula-robotica/ros_ws/install/andino_description/share/andino_description//meshes/andino/wheel_rim.stl
[0.223s] -- Up-to-date: /home/aula-robotica/ros_ws/install/andino_description/share/andino_description//meshes/andino/wheel_tire.stl
[0.223s] -- Up-to-date: /home/aula-robotica/ros_ws/install/andino_description/share/andino_description//meshes/sensors
[0.223s] -- Up-to-date: /home/aula-robotica/ros_ws/install/andino_description/share/andino_description//meshes/sensors/rplidar-a1.stl
[0.223s] -- Up-to-date: /home/aula-robotica/ros_ws/install/andino_description/share/andino_description//meshes/sensors/rplidar-a2.stl
[0.223s] -- Up-to-date: /home/aula-robotica/ros_ws/install/andino_description/share/andino_description//meshes/sensors/camera_mount.stl
[0.223s] -- Up-to-date: /home/aula-robotica/ros_ws/install/andino_description/share/andino_description//meshes/components
[0.236s] -- Up-to-date: /home/aula-robotica/ros_ws/install/andino_description/share/andino_description//meshes/components/wheel.stl
[0.236s] -- Up-to-date: /home/aula-robotica/ros_ws/install/andino_description/share/andino_description//urdf
[0.236s] -- Up-to-date: /home/aula-robotica/ros_ws/install/andino_description/share/andino_description//urdf/include
[0.237s] -- Up-to-date: /home/aula-robotica/ros_ws/install/andino_description/share/andino_description//urdf/include/andino_control.urdf.xacro
[0.237s] -- Up-to-date: /home/aula-robotica/ros_ws/install/andino_description/share/andino_description//urdf/include/andino_caster_macro.urdf.xacro
[0.237s] -- Up-to-date: /home/aula-robotica/ros_ws/install/andino_description/share/andino_description//urdf/include/common_sensors.urdf.xacro
[0.237s] -- Up-to-date: /home/aula-robotica/ros_ws/install/andino_description/share/andino_description//urdf/include/common_macros.urdf.xacro
[0.237s] -- Up-to-date: /home/aula-robotica/ros_ws/install/andino_description/share/andino_description//urdf/andino.urdf.xacro
[0.237s] -- Up-to-date: /home/aula-robotica/ros_ws/install/andino_description/share/andino_description//rviz
[0.252s] -- Up-to-date: /home/aula-robotica/ros_ws/install/andino_description/share/andino_description//rviz/andino_description.rviz
[0.256s] -- Up-to-date: /home/aula-robotica/ros_ws/install/andino_description/share/ament_index/resource_index/package_run_dependencies/andino_description
[0.257s] -- Up-to-date: /home/aula-robotica/ros_ws/install/andino_description/share/ament_index/resource_index/parent_prefix_path/andino_description
[0.260s] -- Up-to-date: /home/aula-robotica/ros_ws/install/andino_description/share/andino_description/environment/ament_prefix_path.sh
[0.261s] -- Up-to-date: /home/aula-robotica/ros_ws/install/andino_description/share/andino_description/environment/ament_prefix_path.dsv
[0.262s] -- Up-to-date: /home/aula-robotica/ros_ws/install/andino_description/share/andino_description/environment/path.sh
[0.263s] -- Up-to-date: /home/aula-robotica/ros_ws/install/andino_description/share/andino_description/environment/path.dsv
[0.263s] -- Up-to-date: /home/aula-robotica/ros_ws/install/andino_description/share/andino_description/local_setup.bash
[0.263s] -- Up-to-date: /home/aula-robotica/ros_ws/install/andino_description/share/andino_description/local_setup.sh
[0.263s] -- Up-to-date: /home/aula-robotica/ros_ws/install/andino_description/share/andino_description/local_setup.zsh
[0.263s] -- Up-to-date: /home/aula-robotica/ros_ws/install/andino_description/share/andino_description/local_setup.dsv
[0.263s] -- Up-to-date: /home/aula-robotica/ros_ws/install/andino_description/share/andino_description/package.dsv
[0.264s] -- Up-to-date: /home/aula-robotica/ros_ws/install/andino_description/share/ament_index/resource_index/packages/andino_description
[0.264s] -- Up-to-date: /home/aula-robotica/ros_ws/install/andino_description/share/andino_description/cmake/andino_descriptionConfig.cmake
[0.265s] -- Up-to-date: /home/aula-robotica/ros_ws/install/andino_description/share/andino_description/cmake/andino_descriptionConfig-version.cmake
[0.265s] -- Up-to-date: /home/aula-robotica/ros_ws/install/andino_description/share/andino_description/package.xml
[0.271s] Invoked command in '/home/aula-robotica/ros_ws/build/andino_description' returned '0': CMAKE_PREFIX_PATH=${CMAKE_PREFIX_PATH}:/opt/ros/humble /usr/bin/cmake --install /home/aula-robotica/ros_ws/build/andino_description
