[0.030s] Invoking command in '/home/aula-robotica/ros_ws/build/andino_base': CMAKE_PREFIX_PATH=/opt/ros/humble /usr/bin/cmake /home/aula-robotica/ros_ws/src/andino/andino_base -DCMAKE_INSTALL_PREFIX=/home/aula-robotica/ros_ws/install/andino_base
[0.296s] -- The C compiler identification is GNU 11.4.0
[0.673s] -- The CXX compiler identification is GNU 11.4.0
[0.693s] -- Detecting C compiler ABI info
[0.910s] -- Detecting C compiler ABI info - done
[0.921s] -- Check for working C compiler: /usr/bin/cc - skipped
[0.921s] -- Detecting C compile features
[0.921s] -- Detecting C compile features - done
[0.922s] -- Detecting CXX compiler ABI info
[1.053s] -- Detecting CXX compiler ABI info - done
[1.059s] -- Check for working CXX compiler: /usr/bin/c++ - skipped
[1.059s] -- Detecting CXX compile features
[1.060s] -- Detecting CXX compile features - done
[1.061s] -- Found ament_cmake: 1.3.11 (/opt/ros/humble/share/ament_cmake/cmake)
[1.239s] -- Found Python3: /usr/bin/python3 (found version "3.10.12") found components: Interpreter 
[1.362s] -- Found hardware_interface: 2.50.0 (/opt/ros/humble/share/hardware_interface/cmake)
[1.453s] -- Found rosidl_generator_c: 3.1.6 (/opt/ros/humble/share/rosidl_generator_c/cmake)
[1.480s] -- Found rosidl_adapter: 3.1.6 (/opt/ros/humble/share/rosidl_adapter/cmake)
[1.482s] -- Found rosidl_generator_cpp: 3.1.6 (/opt/ros/humble/share/rosidl_generator_cpp/cmake)
[1.508s] -- Using all available rosidl_typesupport_c: rosidl_typesupport_fastrtps_c;rosidl_typesupport_introspection_c
[1.539s] -- Using all available rosidl_typesupport_cpp: rosidl_typesupport_fastrtps_cpp;rosidl_typesupport_introspection_cpp
[2.027s] -- Found rmw_implementation_cmake: 6.1.2 (/opt/ros/humble/share/rmw_implementation_cmake/cmake)
[2.028s] -- Found rmw_fastrtps_cpp: 6.2.7 (/opt/ros/humble/share/rmw_fastrtps_cpp/cmake)
[2.047s] -- Found TinyXML2 via Config file: TinyXML2_DIR-NOTFOUND
[2.175s] -- Found OpenSSL: /usr/lib/x86_64-linux-gnu/libcrypto.so (found version "3.0.2")  
[2.179s] -- Found TinyXML2 via Config file: TinyXML2_DIR-NOTFOUND
[2.215s] -- Found FastRTPS: /opt/ros/humble/include  
[2.221s] -- Found TinyXML2 via Config file: TinyXML2_DIR-NOTFOUND
[2.230s] -- Found TinyXML2 via Config file: TinyXML2_DIR-NOTFOUND
[2.258s] -- Using RMW implementation 'rmw_fastrtps_cpp' as default
[2.264s] -- Looking for pthread.h
[2.449s] -- Looking for pthread.h - found
[2.449s] -- Performing Test CMAKE_HAVE_LIBC_PTHREAD
[2.564s] -- Performing Test CMAKE_HAVE_LIBC_PTHREAD - Success
[2.565s] -- Found Threads: TRUE  
[2.645s] -- Found PkgConfig: /usr/bin/pkg-config (found version "0.29.2") 
[2.650s] -- Checking for module 'libserial'
[2.671s] --   Found libserial, version 1.0.0
[2.758s] -- Found ament_cmake_clang_format: 0.12.12 (/opt/ros/humble/share/ament_cmake_clang_format/cmake)
[2.833s] -- Configuring done
[2.927s] -- Generating done
[2.941s] -- Build files have been written to: /home/aula-robotica/ros_ws/build/andino_base
[2.978s] Invoked command in '/home/aula-robotica/ros_ws/build/andino_base' returned '0': CMAKE_PREFIX_PATH=/opt/ros/humble /usr/bin/cmake /home/aula-robotica/ros_ws/src/andino/andino_base -DCMAKE_INSTALL_PREFIX=/home/aula-robotica/ros_ws/install/andino_base
[2.979s] Invoking command in '/home/aula-robotica/ros_ws/build/andino_base': CMAKE_PREFIX_PATH=/opt/ros/humble /usr/bin/cmake --build /home/aula-robotica/ros_ws/build/andino_base -- -j4 -l4
[3.171s] [ 14%] [32mBuilding CXX object src/CMakeFiles/motor_driver.dir/motor_driver.cpp.o[0m
[3.891s] [ 28%] [32m[1mLinking CXX shared library libmotor_driver.so[0m
[4.056s] [ 28%] Built target motor_driver
[4.259s] [ 42%] [32mBuilding CXX object src/CMakeFiles/diffdrive_andino.dir/wheel.cpp.o[0m
[4.259s] [ 57%] [32mBuilding CXX object applications/CMakeFiles/motor_driver_demo.dir/motor_driver_demo.cpp.o[0m
[4.262s] [ 71%] [32mBuilding CXX object src/CMakeFiles/diffdrive_andino.dir/diffdrive_andino.cpp.o[0m
[4.682s] [ 85%] [32m[1mLinking CXX executable motor_driver_demo[0m
[4.848s] [ 85%] Built target motor_driver_demo
[7.816s] [100%] [32m[1mLinking CXX shared library libdiffdrive_andino.so[0m
[8.623s] [100%] Built target diffdrive_andino
[8.707s] Invoked command in '/home/aula-robotica/ros_ws/build/andino_base' returned '0': CMAKE_PREFIX_PATH=/opt/ros/humble /usr/bin/cmake --build /home/aula-robotica/ros_ws/build/andino_base -- -j4 -l4
[8.716s] Invoking command in '/home/aula-robotica/ros_ws/build/andino_base': CMAKE_PREFIX_PATH=/opt/ros/humble /usr/bin/cmake --install /home/aula-robotica/ros_ws/build/andino_base
[8.730s] -- Install configuration: ""
[8.732s] -- Installing: /home/aula-robotica/ros_ws/install/andino_base/share/andino_base/andino_hw.xml
[8.732s] -- Installing: /home/aula-robotica/ros_ws/install/andino_base/share/ament_index/resource_index/package_run_dependencies/andino_base
[8.732s] -- Installing: /home/aula-robotica/ros_ws/install/andino_base/share/ament_index/resource_index/parent_prefix_path/andino_base
[8.732s] -- Installing: /home/aula-robotica/ros_ws/install/andino_base/share/andino_base/environment/ament_prefix_path.sh
[8.732s] -- Installing: /home/aula-robotica/ros_ws/install/andino_base/share/andino_base/environment/ament_prefix_path.dsv
[8.732s] -- Installing: /home/aula-robotica/ros_ws/install/andino_base/share/andino_base/environment/path.sh
[8.732s] -- Installing: /home/aula-robotica/ros_ws/install/andino_base/share/andino_base/environment/path.dsv
[8.733s] -- Installing: /home/aula-robotica/ros_ws/install/andino_base/share/andino_base/local_setup.bash
[8.733s] -- Installing: /home/aula-robotica/ros_ws/install/andino_base/share/andino_base/local_setup.sh
[8.733s] -- Installing: /home/aula-robotica/ros_ws/install/andino_base/share/andino_base/local_setup.zsh
[8.733s] -- Installing: /home/aula-robotica/ros_ws/install/andino_base/share/andino_base/local_setup.dsv
[8.733s] -- Installing: /home/aula-robotica/ros_ws/install/andino_base/share/andino_base/package.dsv
[8.733s] -- Installing: /home/aula-robotica/ros_ws/install/andino_base/share/ament_index/resource_index/packages/andino_base
[8.733s] -- Installing: /home/aula-robotica/ros_ws/install/andino_base/share/ament_index/resource_index/hardware_interface__pluginlib__plugin/andino_base
[8.733s] -- Installing: /home/aula-robotica/ros_ws/install/andino_base/share/andino_base/cmake/andino_baseConfig.cmake
[8.735s] -- Installing: /home/aula-robotica/ros_ws/install/andino_base/share/andino_base/cmake/andino_baseConfig-version.cmake
[8.736s] -- Installing: /home/aula-robotica/ros_ws/install/andino_base/share/andino_base/package.xml
[8.736s] -- Installing: /home/aula-robotica/ros_ws/install/andino_base/bin/motor_driver_demo
[8.736s] -- Set runtime path of "/home/aula-robotica/ros_ws/install/andino_base/bin/motor_driver_demo" to ""
[8.736s] -- Installing: /home/aula-robotica/ros_ws/install/andino_base/lib/libdiffdrive_andino.so
[8.736s] -- Set runtime path of "/home/aula-robotica/ros_ws/install/andino_base/lib/libdiffdrive_andino.so" to ""
[8.736s] -- Installing: /home/aula-robotica/ros_ws/install/andino_base/lib/libmotor_driver.so
[8.736s] -- Installing: /home/aula-robotica/ros_ws/install/andino_base/share/andino_base/environment/library_path.sh
[8.736s] -- Installing: /home/aula-robotica/ros_ws/install/andino_base/share/andino_base/environment/library_path.dsv
[8.739s] Invoked command in '/home/aula-robotica/ros_ws/build/andino_base' returned '0': CMAKE_PREFIX_PATH=/opt/ros/humble /usr/bin/cmake --install /home/aula-robotica/ros_ws/build/andino_base
