[0.146s] Invoking command in '/home/aula-robotica/ros_ws/build/andino_bringup': AMENT_PREFIX_PATH=/home/aula-robotica/ros_ws/install/andino_control:/home/aula-robotica/ros_ws/install/andino_description:/home/aula-robotica/ros_ws/install/andino_base:${AMENT_PREFIX_PATH} CMAKE_PREFIX_PATH=/home/aula-robotica/ros_ws/install/andino_control:/home/aula-robotica/ros_ws/install/andino_description:/home/aula-robotica/ros_ws/install/andino_base:/opt/ros/humble LD_LIBRARY_PATH=/home/aula-robotica/ros_ws/install/andino_base/lib:/usr/lib/x86_64-linux-gnu/gazebo-11/plugins:/opt/ros/humble/opt/rviz_ogre_vendor/lib:/opt/ros/humble/lib/x86_64-linux-gnu:/opt/ros/humble/lib:/usr/share/gazebo/../../lib/x86_64-linux-gnu/gazebo-11/plugins PATH=/home/aula-robotica/ros_ws/install/andino_base/bin:${PATH} /usr/bin/cmake /home/aula-robotica/ros_ws/src/andino/andino_bringup -DCMAKE_INSTALL_PREFIX=/home/aula-robotica/ros_ws/install/andino_bringup
[0.550s] -- The C compiler identification is GNU 11.4.0
[0.709s] -- The CXX compiler identification is GNU 11.4.0
[0.749s] -- Detecting C compiler ABI info
[1.371s] -- Detecting C compiler ABI info - done
[1.386s] -- Check for working C compiler: /usr/bin/cc - skipped
[1.387s] -- Detecting C compile features
[1.393s] -- Detecting C compile features - done
[1.402s] -- Detecting CXX compiler ABI info
[2.145s] -- Detecting CXX compiler ABI info - done
[2.177s] -- Check for working CXX compiler: /usr/bin/c++ - skipped
[2.180s] -- Detecting CXX compile features
[2.180s] -- Detecting CXX compile features - done
[2.190s] -- Found ament_cmake: 1.3.11 (/opt/ros/humble/share/ament_cmake/cmake)
[2.448s] -- Found Python3: /usr/bin/python3 (found version "3.10.12") found components: Interpreter 
[2.982s] -- Configuring done
[2.983s] -- Generating done
[2.984s] -- Build files have been written to: /home/aula-robotica/ros_ws/build/andino_bringup
[3.001s] Invoked command in '/home/aula-robotica/ros_ws/build/andino_bringup' returned '0': AMENT_PREFIX_PATH=/home/aula-robotica/ros_ws/install/andino_control:/home/aula-robotica/ros_ws/install/andino_description:/home/aula-robotica/ros_ws/install/andino_base:${AMENT_PREFIX_PATH} CMAKE_PREFIX_PATH=/home/aula-robotica/ros_ws/install/andino_control:/home/aula-robotica/ros_ws/install/andino_description:/home/aula-robotica/ros_ws/install/andino_base:/opt/ros/humble LD_LIBRARY_PATH=/home/aula-robotica/ros_ws/install/andino_base/lib:/usr/lib/x86_64-linux-gnu/gazebo-11/plugins:/opt/ros/humble/opt/rviz_ogre_vendor/lib:/opt/ros/humble/lib/x86_64-linux-gnu:/opt/ros/humble/lib:/usr/share/gazebo/../../lib/x86_64-linux-gnu/gazebo-11/plugins PATH=/home/aula-robotica/ros_ws/install/andino_base/bin:${PATH} /usr/bin/cmake /home/aula-robotica/ros_ws/src/andino/andino_bringup -DCMAKE_INSTALL_PREFIX=/home/aula-robotica/ros_ws/install/andino_bringup
[3.019s] Invoking command in '/home/aula-robotica/ros_ws/build/andino_bringup': AMENT_PREFIX_PATH=/home/aula-robotica/ros_ws/install/andino_control:/home/aula-robotica/ros_ws/install/andino_description:/home/aula-robotica/ros_ws/install/andino_base:${AMENT_PREFIX_PATH} CMAKE_PREFIX_PATH=/home/aula-robotica/ros_ws/install/andino_control:/home/aula-robotica/ros_ws/install/andino_description:/home/aula-robotica/ros_ws/install/andino_base:/opt/ros/humble LD_LIBRARY_PATH=/home/aula-robotica/ros_ws/install/andino_base/lib:/usr/lib/x86_64-linux-gnu/gazebo-11/plugins:/opt/ros/humble/opt/rviz_ogre_vendor/lib:/opt/ros/humble/lib/x86_64-linux-gnu:/opt/ros/humble/lib:/usr/share/gazebo/../../lib/x86_64-linux-gnu/gazebo-11/plugins PATH=/home/aula-robotica/ros_ws/install/andino_base/bin:${PATH} /usr/bin/cmake --build /home/aula-robotica/ros_ws/build/andino_bringup -- -j4 -l4
[3.559s] Invoked command in '/home/aula-robotica/ros_ws/build/andino_bringup' returned '0': AMENT_PREFIX_PATH=/home/aula-robotica/ros_ws/install/andino_control:/home/aula-robotica/ros_ws/install/andino_description:/home/aula-robotica/ros_ws/install/andino_base:${AMENT_PREFIX_PATH} CMAKE_PREFIX_PATH=/home/aula-robotica/ros_ws/install/andino_control:/home/aula-robotica/ros_ws/install/andino_description:/home/aula-robotica/ros_ws/install/andino_base:/opt/ros/humble LD_LIBRARY_PATH=/home/aula-robotica/ros_ws/install/andino_base/lib:/usr/lib/x86_64-linux-gnu/gazebo-11/plugins:/opt/ros/humble/opt/rviz_ogre_vendor/lib:/opt/ros/humble/lib/x86_64-linux-gnu:/opt/ros/humble/lib:/usr/share/gazebo/../../lib/x86_64-linux-gnu/gazebo-11/plugins PATH=/home/aula-robotica/ros_ws/install/andino_base/bin:${PATH} /usr/bin/cmake --build /home/aula-robotica/ros_ws/build/andino_bringup -- -j4 -l4
[3.560s] Invoking command in '/home/aula-robotica/ros_ws/build/andino_bringup': AMENT_PREFIX_PATH=/home/aula-robotica/ros_ws/install/andino_control:/home/aula-robotica/ros_ws/install/andino_description:/home/aula-robotica/ros_ws/install/andino_base:${AMENT_PREFIX_PATH} CMAKE_PREFIX_PATH=/home/aula-robotica/ros_ws/install/andino_control:/home/aula-robotica/ros_ws/install/andino_description:/home/aula-robotica/ros_ws/install/andino_base:/opt/ros/humble LD_LIBRARY_PATH=/home/aula-robotica/ros_ws/install/andino_base/lib:/usr/lib/x86_64-linux-gnu/gazebo-11/plugins:/opt/ros/humble/opt/rviz_ogre_vendor/lib:/opt/ros/humble/lib/x86_64-linux-gnu:/opt/ros/humble/lib:/usr/share/gazebo/../../lib/x86_64-linux-gnu/gazebo-11/plugins PATH=/home/aula-robotica/ros_ws/install/andino_base/bin:${PATH} /usr/bin/cmake --install /home/aula-robotica/ros_ws/build/andino_bringup
[3.567s] -- Install configuration: ""
[3.568s] -- Installing: /home/aula-robotica/ros_ws/install/andino_bringup/share/andino_bringup/config
[3.568s] -- Installing: /home/aula-robotica/ros_ws/install/andino_bringup/share/andino_bringup/config/raspicam.yaml
[3.568s] -- Installing: /home/aula-robotica/ros_ws/install/andino_bringup/share/andino_bringup/config/joystick.yaml
[3.569s] -- Installing: /home/aula-robotica/ros_ws/install/andino_bringup/share/andino_bringup/config/twist_mux.yaml
[3.569s] -- Installing: /home/aula-robotica/ros_ws/install/andino_bringup/share/andino_bringup/config/laser_range_filter.yaml
[3.569s] -- Installing: /home/aula-robotica/ros_ws/install/andino_bringup/share/andino_bringup/launch
[3.570s] -- Installing: /home/aula-robotica/ros_ws/install/andino_bringup/share/andino_bringup/launch/rplidar.launch.py
[3.571s] -- Installing: /home/aula-robotica/ros_ws/install/andino_bringup/share/andino_bringup/launch/rviz.launch.py
[3.572s] -- Installing: /home/aula-robotica/ros_ws/install/andino_bringup/share/andino_bringup/launch/andino_robot.launch.py
[3.572s] -- Installing: /home/aula-robotica/ros_ws/install/andino_bringup/share/andino_bringup/launch/teleop_joystick.launch.py
[3.573s] -- Installing: /home/aula-robotica/ros_ws/install/andino_bringup/share/andino_bringup/launch/camera.launch.py
[3.574s] -- Installing: /home/aula-robotica/ros_ws/install/andino_bringup/share/andino_bringup/launch/teleop_keyboard.launch.py
[3.574s] -- Installing: /home/aula-robotica/ros_ws/install/andino_bringup/share/andino_bringup/launch/rosbag_record.launch.py
[3.575s] -- Installing: /home/aula-robotica/ros_ws/install/andino_bringup/share/andino_bringup/rviz
[3.575s] -- Installing: /home/aula-robotica/ros_ws/install/andino_bringup/share/andino_bringup/rviz/andino.rviz
[3.576s] -- Installing: /home/aula-robotica/ros_ws/install/andino_bringup/share/ament_index/resource_index/package_run_dependencies/andino_bringup
[3.576s] -- Installing: /home/aula-robotica/ros_ws/install/andino_bringup/share/ament_index/resource_index/parent_prefix_path/andino_bringup
[3.577s] -- Installing: /home/aula-robotica/ros_ws/install/andino_bringup/share/andino_bringup/environment/ament_prefix_path.sh
[3.577s] -- Installing: /home/aula-robotica/ros_ws/install/andino_bringup/share/andino_bringup/environment/ament_prefix_path.dsv
[3.577s] -- Installing: /home/aula-robotica/ros_ws/install/andino_bringup/share/andino_bringup/environment/path.sh
[3.577s] -- Installing: /home/aula-robotica/ros_ws/install/andino_bringup/share/andino_bringup/environment/path.dsv
[3.577s] -- Installing: /home/aula-robotica/ros_ws/install/andino_bringup/share/andino_bringup/local_setup.bash
[3.577s] -- Installing: /home/aula-robotica/ros_ws/install/andino_bringup/share/andino_bringup/local_setup.sh
[3.578s] -- Installing: /home/aula-robotica/ros_ws/install/andino_bringup/share/andino_bringup/local_setup.zsh
[3.578s] -- Installing: /home/aula-robotica/ros_ws/install/andino_bringup/share/andino_bringup/local_setup.dsv
[3.578s] -- Installing: /home/aula-robotica/ros_ws/install/andino_bringup/share/andino_bringup/package.dsv
[3.578s] -- Installing: /home/aula-robotica/ros_ws/install/andino_bringup/share/ament_index/resource_index/packages/andino_bringup
[3.578s] -- Installing: /home/aula-robotica/ros_ws/install/andino_bringup/share/andino_bringup/cmake/andino_bringupConfig.cmake
[3.579s] -- Installing: /home/aula-robotica/ros_ws/install/andino_bringup/share/andino_bringup/cmake/andino_bringupConfig-version.cmake
[3.579s] -- Installing: /home/aula-robotica/ros_ws/install/andino_bringup/share/andino_bringup/package.xml
[3.586s] Invoked command in '/home/aula-robotica/ros_ws/build/andino_bringup' returned '0': AMENT_PREFIX_PATH=/home/aula-robotica/ros_ws/install/andino_control:/home/aula-robotica/ros_ws/install/andino_description:/home/aula-robotica/ros_ws/install/andino_base:${AMENT_PREFIX_PATH} CMAKE_PREFIX_PATH=/home/aula-robotica/ros_ws/install/andino_control:/home/aula-robotica/ros_ws/install/andino_description:/home/aula-robotica/ros_ws/install/andino_base:/opt/ros/humble LD_LIBRARY_PATH=/home/aula-robotica/ros_ws/install/andino_base/lib:/usr/lib/x86_64-linux-gnu/gazebo-11/plugins:/opt/ros/humble/opt/rviz_ogre_vendor/lib:/opt/ros/humble/lib/x86_64-linux-gnu:/opt/ros/humble/lib:/usr/share/gazebo/../../lib/x86_64-linux-gnu/gazebo-11/plugins PATH=/home/aula-robotica/ros_ws/install/andino_base/bin:${PATH} /usr/bin/cmake --install /home/aula-robotica/ros_ws/build/andino_bringup
