[0.044s] Invoking command in '/home/aula-robotica/ros_ws/build/keyboard_msgs': CMAKE_PREFIX_PATH=/opt/ros/humble /usr/bin/cmake /home/aula-robotica/ros_ws/src/ros2-keyboard/keyboard_msgs -DCMAKE_INSTALL_PREFIX=/home/aula-robotica/ros_ws/install/keyboard_msgs
[0.284s] -- The C compiler identification is GNU 11.4.0
[0.666s] -- The CXX compiler identification is GNU 11.4.0
[0.682s] -- Detecting C compiler ABI info
[0.832s] -- Detecting C compiler ABI info - done
[0.838s] -- Check for working C compiler: /usr/bin/cc - skipped
[0.838s] -- Detecting C compile features
[0.841s] -- Detecting C compile features - done
[0.843s] -- Detecting CXX compiler ABI info
[0.991s] -- Detecting CXX compiler ABI info - done
[0.998s] -- Check for working CXX compiler: /usr/bin/c++ - skipped
[0.998s] -- Detecting CXX compile features
[0.998s] -- Detecting CXX compile features - done
[1.007s] -- Found ament_cmake: 1.3.11 (/opt/ros/humble/share/ament_cmake/cmake)
[1.201s] -- Found Python3: /usr/bin/python3 (found version "3.10.12") found components: Interpreter 
[1.345s] -- Found std_msgs: 4.8.0 (/opt/ros/humble/share/std_msgs/cmake)
[1.431s] -- Found rosidl_generator_c: 3.1.6 (/opt/ros/humble/share/rosidl_generator_c/cmake)
[1.440s] -- Found rosidl_adapter: 3.1.6 (/opt/ros/humble/share/rosidl_adapter/cmake)
[1.467s] -- Found rosidl_generator_cpp: 3.1.6 (/opt/ros/humble/share/rosidl_generator_cpp/cmake)
[1.493s] -- Using all available rosidl_typesupport_c: rosidl_typesupport_fastrtps_c;rosidl_typesupport_introspection_c
[1.524s] -- Using all available rosidl_typesupport_cpp: rosidl_typesupport_fastrtps_cpp;rosidl_typesupport_introspection_cpp
[1.594s] -- Found rosidl_default_generators: 1.2.0 (/opt/ros/humble/share/rosidl_default_generators/cmake)
[1.971s] -- Found ament_cmake_ros: 0.10.0 (/opt/ros/humble/share/ament_cmake_ros/cmake)
[2.392s] -- Using all available rosidl_typesupport_c: rosidl_typesupport_fastrtps_c;rosidl_typesupport_introspection_c
[2.562s] -- Using all available rosidl_typesupport_cpp: rosidl_typesupport_fastrtps_cpp;rosidl_typesupport_introspection_cpp
[2.593s] -- Found PythonInterp: /usr/bin/python3 (found suitable version "3.10.12", minimum required is "3.6") 
[2.594s] -- Found python_cmake_module: 0.10.0 (/opt/ros/humble/share/python_cmake_module/cmake)
[2.642s] -- Found PythonLibs: /usr/lib/x86_64-linux-gnu/libpython3.10.so (found suitable version "3.10.12", minimum required is "3.5") 
[2.642s] -- Using PYTHON_EXECUTABLE: /usr/bin/python3
[2.643s] -- Using PYTHON_INCLUDE_DIRS: /usr/include/python3.10
[2.643s] -- Using PYTHON_LIBRARIES: /usr/lib/x86_64-linux-gnu/libpython3.10.so
[2.663s] -- Found PythonExtra: .so  
[2.733s] -- Found ament_lint_auto: 0.12.12 (/opt/ros/humble/share/ament_lint_auto/cmake)
[2.779s] -- Added test 'copyright' to check source files copyright and LICENSE
[2.785s] -- Added test 'lint_cmake' to check CMake code style
[2.785s] -- Added test 'xmllint' to check XML markup files
[2.796s] -- Configuring done
[2.827s] -- Generating done
[2.839s] -- Build files have been written to: /home/aula-robotica/ros_ws/build/keyboard_msgs
[2.848s] Invoked command in '/home/aula-robotica/ros_ws/build/keyboard_msgs' returned '0': CMAKE_PREFIX_PATH=/opt/ros/humble /usr/bin/cmake /home/aula-robotica/ros_ws/src/ros2-keyboard/keyboard_msgs -DCMAKE_INSTALL_PREFIX=/home/aula-robotica/ros_ws/install/keyboard_msgs
[2.855s] Invoking command in '/home/aula-robotica/ros_ws/build/keyboard_msgs': CMAKE_PREFIX_PATH=/opt/ros/humble /usr/bin/cmake --build /home/aula-robotica/ros_ws/build/keyboard_msgs -- -j4 -l4
[2.926s] [  3%] [34m[1mGenerating C code for ROS interfaces[0m
[2.973s] [  6%] [34m[1mGenerating C++ code for ROS interfaces[0m
[2.974s] [  6%] Built target ament_cmake_python_copy_keyboard_msgs
[3.217s] running egg_info
[3.219s] creating keyboard_msgs.egg-info
[3.219s] writing keyboard_msgs.egg-info/PKG-INFO
[3.220s] writing dependency_links to keyboard_msgs.egg-info/dependency_links.txt
[3.220s] writing top-level names to keyboard_msgs.egg-info/top_level.txt
[3.220s] writing manifest file 'keyboard_msgs.egg-info/SOURCES.txt'
[3.224s] reading manifest file 'keyboard_msgs.egg-info/SOURCES.txt'
[3.225s] writing manifest file 'keyboard_msgs.egg-info/SOURCES.txt'
[3.260s] [  6%] Built target ament_cmake_python_build_keyboard_msgs_egg
[4.701s] [  9%] [32mBuilding C object CMakeFiles/keyboard_msgs__rosidl_generator_c.dir/rosidl_generator_c/keyboard_msgs/msg/detail/key__functions.c.o[0m
[4.840s] [  9%] Built target keyboard_msgs__cpp
[4.853s] [ 12%] [34m[1mGenerating C++ type support dispatch for ROS interfaces[0m
[4.856s] [ 16%] [34m[1mGenerating C++ introspection for ROS interfaces[0m
[4.883s] [ 19%] [34m[1mGenerating C++ type support for eProsima Fast-RTPS[0m
[5.132s] [ 22%] [32m[1mLinking C shared library libkeyboard_msgs__rosidl_generator_c.so[0m
[6.378s] [ 22%] Built target keyboard_msgs__rosidl_generator_c
[6.474s] [ 25%] [34m[1mGenerating C type support for eProsima Fast-RTPS[0m
[6.625s] [ 29%] [32mBuilding CXX object CMakeFiles/keyboard_msgs__rosidl_typesupport_fastrtps_cpp.dir/rosidl_typesupport_fastrtps_cpp/keyboard_msgs/msg/detail/dds_fastrtps/key__type_support.cpp.o[0m
[7.005s] [ 32%] [32mBuilding CXX object CMakeFiles/keyboard_msgs__rosidl_typesupport_introspection_cpp.dir/rosidl_typesupport_introspection_cpp/keyboard_msgs/msg/detail/key__type_support.cpp.o[0m
[7.271s] [ 35%] [32mBuilding CXX object CMakeFiles/keyboard_msgs__rosidl_typesupport_cpp.dir/rosidl_typesupport_cpp/keyboard_msgs/msg/key__type_support.cpp.o[0m
[7.545s] [ 38%] [32m[1mLinking CXX shared library libkeyboard_msgs__rosidl_typesupport_introspection_cpp.so[0m
[7.556s] [ 41%] [32m[1mLinking CXX shared library libkeyboard_msgs__rosidl_typesupport_fastrtps_cpp.so[0m
[7.834s] [ 41%] Built target keyboard_msgs__rosidl_typesupport_fastrtps_cpp
[7.835s] [ 45%] [32m[1mLinking CXX shared library libkeyboard_msgs__rosidl_typesupport_cpp.so[0m
[7.865s] [ 45%] Built target keyboard_msgs__rosidl_typesupport_introspection_cpp
[7.883s] [ 48%] [34m[1mGenerating C introspection for ROS interfaces[0m
[7.884s] [ 51%] [34m[1mGenerating C type support dispatch for ROS interfaces[0m
[7.905s] [ 51%] Built target keyboard_msgs__rosidl_typesupport_cpp
[8.228s] [ 54%] [32mBuilding CXX object CMakeFiles/keyboard_msgs__rosidl_typesupport_fastrtps_c.dir/rosidl_typesupport_fastrtps_c/keyboard_msgs/msg/detail/key__type_support_c.cpp.o[0m
[8.674s] [ 58%] [32m[1mLinking CXX shared library libkeyboard_msgs__rosidl_typesupport_fastrtps_c.so[0m
[8.900s] [ 58%] Built target keyboard_msgs__rosidl_typesupport_fastrtps_c
[9.606s] [ 61%] [32mBuilding C object CMakeFiles/keyboard_msgs__rosidl_typesupport_introspection_c.dir/rosidl_typesupport_introspection_c/keyboard_msgs/msg/detail/key__type_support.c.o[0m
[9.711s] [ 64%] [32m[1mLinking C shared library libkeyboard_msgs__rosidl_typesupport_introspection_c.so[0m
[9.757s] [ 67%] [32mBuilding CXX object CMakeFiles/keyboard_msgs__rosidl_typesupport_c.dir/rosidl_typesupport_c/keyboard_msgs/msg/key__type_support.cpp.o[0m
[9.759s] [ 67%] Built target keyboard_msgs__rosidl_typesupport_introspection_c
[9.825s] [ 70%] [32m[1mLinking CXX shared library libkeyboard_msgs__rosidl_typesupport_c.so[0m
[9.902s] [ 70%] Built target keyboard_msgs__rosidl_typesupport_c
[9.956s] [ 70%] Built target keyboard_msgs
[10.019s] [ 74%] [34m[1mGenerating Python code for ROS interfaces[0m
[14.779s] [ 74%] Built target keyboard_msgs__py
[14.901s] [ 77%] [32mBuilding C object CMakeFiles/keyboard_msgs__rosidl_generator_py.dir/rosidl_generator_py/keyboard_msgs/msg/_key_s.c.o[0m
[15.536s] [ 80%] [32m[1mLinking C shared library rosidl_generator_py/keyboard_msgs/libkeyboard_msgs__rosidl_generator_py.so[0m
[15.662s] [ 80%] Built target keyboard_msgs__rosidl_generator_py
[15.725s] [ 83%] [32mBuilding C object CMakeFiles/keyboard_msgs__rosidl_typesupport_fastrtps_c__pyext.dir/rosidl_generator_py/keyboard_msgs/_keyboard_msgs_s.ep.rosidl_typesupport_fastrtps_c.c.o[0m
[15.725s] [ 87%] [32mBuilding C object CMakeFiles/keyboard_msgs__rosidl_typesupport_introspection_c__pyext.dir/rosidl_generator_py/keyboard_msgs/_keyboard_msgs_s.ep.rosidl_typesupport_introspection_c.c.o[0m
[15.810s] [ 90%] [32mBuilding C object CMakeFiles/keyboard_msgs__rosidl_typesupport_c__pyext.dir/rosidl_generator_py/keyboard_msgs/_keyboard_msgs_s.ep.rosidl_typesupport_c.c.o[0m
[15.834s] [ 93%] [32m[1mLinking C shared library rosidl_generator_py/keyboard_msgs/keyboard_msgs_s__rosidl_typesupport_c.cpython-310-x86_64-linux-gnu.so[0m
[15.979s] [ 96%] [32m[1mLinking C shared library rosidl_generator_py/keyboard_msgs/keyboard_msgs_s__rosidl_typesupport_introspection_c.cpython-310-x86_64-linux-gnu.so[0m
[15.991s] [100%] [32m[1mLinking C shared library rosidl_generator_py/keyboard_msgs/keyboard_msgs_s__rosidl_typesupport_fastrtps_c.cpython-310-x86_64-linux-gnu.so[0m
[16.014s] [100%] Built target keyboard_msgs__rosidl_typesupport_c__pyext
[16.340s] [100%] Built target keyboard_msgs__rosidl_typesupport_introspection_c__pyext
[16.997s] [100%] Built target keyboard_msgs__rosidl_typesupport_fastrtps_c__pyext
[17.104s] Invoked command in '/home/aula-robotica/ros_ws/build/keyboard_msgs' returned '0': CMAKE_PREFIX_PATH=/opt/ros/humble /usr/bin/cmake --build /home/aula-robotica/ros_ws/build/keyboard_msgs -- -j4 -l4
[17.106s] Invoking command in '/home/aula-robotica/ros_ws/build/keyboard_msgs': CMAKE_PREFIX_PATH=/opt/ros/humble /usr/bin/cmake --install /home/aula-robotica/ros_ws/build/keyboard_msgs
[17.129s] -- Install configuration: ""
[17.130s] -- Installing: /home/aula-robotica/ros_ws/install/keyboard_msgs/share/ament_index/resource_index/rosidl_interfaces/keyboard_msgs
[17.130s] -- Installing: /home/aula-robotica/ros_ws/install/keyboard_msgs/include/keyboard_msgs/keyboard_msgs
[17.131s] -- Installing: /home/aula-robotica/ros_ws/install/keyboard_msgs/include/keyboard_msgs/keyboard_msgs/msg
[17.131s] -- Installing: /home/aula-robotica/ros_ws/install/keyboard_msgs/include/keyboard_msgs/keyboard_msgs/msg/key.h
[17.131s] -- Installing: /home/aula-robotica/ros_ws/install/keyboard_msgs/include/keyboard_msgs/keyboard_msgs/msg/detail
[17.132s] -- Installing: /home/aula-robotica/ros_ws/install/keyboard_msgs/include/keyboard_msgs/keyboard_msgs/msg/detail/key__type_support.h
[17.133s] -- Installing: /home/aula-robotica/ros_ws/install/keyboard_msgs/include/keyboard_msgs/keyboard_msgs/msg/detail/key__struct.h
[17.133s] -- Installing: /home/aula-robotica/ros_ws/install/keyboard_msgs/include/keyboard_msgs/keyboard_msgs/msg/detail/key__functions.c
[17.133s] -- Installing: /home/aula-robotica/ros_ws/install/keyboard_msgs/include/keyboard_msgs/keyboard_msgs/msg/detail/key__functions.h
[17.133s] -- Installing: /home/aula-robotica/ros_ws/install/keyboard_msgs/include/keyboard_msgs/keyboard_msgs/msg/rosidl_generator_c__visibility_control.h
[17.133s] -- Installing: /home/aula-robotica/ros_ws/install/keyboard_msgs/share/keyboard_msgs/environment/library_path.sh
[17.137s] -- Installing: /home/aula-robotica/ros_ws/install/keyboard_msgs/share/keyboard_msgs/environment/library_path.dsv
[17.140s] -- Installing: /home/aula-robotica/ros_ws/install/keyboard_msgs/lib/libkeyboard_msgs__rosidl_generator_c.so
[17.141s] -- Set runtime path of "/home/aula-robotica/ros_ws/install/keyboard_msgs/lib/libkeyboard_msgs__rosidl_generator_c.so" to ""
[17.141s] -- Up-to-date: /home/aula-robotica/ros_ws/install/keyboard_msgs/include/keyboard_msgs/keyboard_msgs
[17.142s] -- Up-to-date: /home/aula-robotica/ros_ws/install/keyboard_msgs/include/keyboard_msgs/keyboard_msgs/msg
[17.143s] -- Up-to-date: /home/aula-robotica/ros_ws/install/keyboard_msgs/include/keyboard_msgs/keyboard_msgs/msg/detail
[17.208s] -- Installing: /home/aula-robotica/ros_ws/install/keyboard_msgs/include/keyboard_msgs/keyboard_msgs/msg/detail/key__rosidl_typesupport_fastrtps_c.h
[17.227s] -- Installing: /home/aula-robotica/ros_ws/install/keyboard_msgs/include/keyboard_msgs/keyboard_msgs/msg/rosidl_typesupport_fastrtps_c__visibility_control.h
[17.228s] -- Installing: /home/aula-robotica/ros_ws/install/keyboard_msgs/lib/libkeyboard_msgs__rosidl_typesupport_fastrtps_c.so
[17.228s] -- Set runtime path of "/home/aula-robotica/ros_ws/install/keyboard_msgs/lib/libkeyboard_msgs__rosidl_typesupport_fastrtps_c.so" to ""
[17.228s] -- Up-to-date: /home/aula-robotica/ros_ws/install/keyboard_msgs/include/keyboard_msgs/keyboard_msgs
[17.230s] -- Up-to-date: /home/aula-robotica/ros_ws/install/keyboard_msgs/include/keyboard_msgs/keyboard_msgs/msg
[17.230s] -- Installing: /home/aula-robotica/ros_ws/install/keyboard_msgs/include/keyboard_msgs/keyboard_msgs/msg/rosidl_generator_cpp__visibility_control.hpp
[17.230s] -- Installing: /home/aula-robotica/ros_ws/install/keyboard_msgs/include/keyboard_msgs/keyboard_msgs/msg/key.hpp
[17.230s] -- Up-to-date: /home/aula-robotica/ros_ws/install/keyboard_msgs/include/keyboard_msgs/keyboard_msgs/msg/detail
[17.230s] -- Installing: /home/aula-robotica/ros_ws/install/keyboard_msgs/include/keyboard_msgs/keyboard_msgs/msg/detail/key__traits.hpp
[17.230s] -- Installing: /home/aula-robotica/ros_ws/install/keyboard_msgs/include/keyboard_msgs/keyboard_msgs/msg/detail/key__type_support.hpp
[17.230s] -- Installing: /home/aula-robotica/ros_ws/install/keyboard_msgs/include/keyboard_msgs/keyboard_msgs/msg/detail/key__builder.hpp
[17.230s] -- Installing: /home/aula-robotica/ros_ws/install/keyboard_msgs/include/keyboard_msgs/keyboard_msgs/msg/detail/key__struct.hpp
[17.230s] -- Up-to-date: /home/aula-robotica/ros_ws/install/keyboard_msgs/include/keyboard_msgs/keyboard_msgs
[17.231s] -- Up-to-date: /home/aula-robotica/ros_ws/install/keyboard_msgs/include/keyboard_msgs/keyboard_msgs/msg
[17.235s] -- Installing: /home/aula-robotica/ros_ws/install/keyboard_msgs/include/keyboard_msgs/keyboard_msgs/msg/rosidl_typesupport_fastrtps_cpp__visibility_control.h
[17.235s] -- Up-to-date: /home/aula-robotica/ros_ws/install/keyboard_msgs/include/keyboard_msgs/keyboard_msgs/msg/detail
[17.235s] -- Installing: /home/aula-robotica/ros_ws/install/keyboard_msgs/include/keyboard_msgs/keyboard_msgs/msg/detail/key__rosidl_typesupport_fastrtps_cpp.hpp
[17.236s] -- Installing: /home/aula-robotica/ros_ws/install/keyboard_msgs/include/keyboard_msgs/keyboard_msgs/msg/detail/dds_fastrtps
[17.236s] -- Installing: /home/aula-robotica/ros_ws/install/keyboard_msgs/lib/libkeyboard_msgs__rosidl_typesupport_fastrtps_cpp.so
[17.236s] -- Set runtime path of "/home/aula-robotica/ros_ws/install/keyboard_msgs/lib/libkeyboard_msgs__rosidl_typesupport_fastrtps_cpp.so" to ""
[17.236s] -- Up-to-date: /home/aula-robotica/ros_ws/install/keyboard_msgs/include/keyboard_msgs/keyboard_msgs
[17.241s] -- Up-to-date: /home/aula-robotica/ros_ws/install/keyboard_msgs/include/keyboard_msgs/keyboard_msgs/msg
[17.241s] -- Installing: /home/aula-robotica/ros_ws/install/keyboard_msgs/include/keyboard_msgs/keyboard_msgs/msg/rosidl_typesupport_introspection_c__visibility_control.h
[17.241s] -- Up-to-date: /home/aula-robotica/ros_ws/install/keyboard_msgs/include/keyboard_msgs/keyboard_msgs/msg/detail
[17.241s] -- Installing: /home/aula-robotica/ros_ws/install/keyboard_msgs/include/keyboard_msgs/keyboard_msgs/msg/detail/key__rosidl_typesupport_introspection_c.h
[17.241s] -- Installing: /home/aula-robotica/ros_ws/install/keyboard_msgs/include/keyboard_msgs/keyboard_msgs/msg/detail/key__type_support.c
[17.242s] -- Installing: /home/aula-robotica/ros_ws/install/keyboard_msgs/lib/libkeyboard_msgs__rosidl_typesupport_introspection_c.so
[17.242s] -- Set runtime path of "/home/aula-robotica/ros_ws/install/keyboard_msgs/lib/libkeyboard_msgs__rosidl_typesupport_introspection_c.so" to ""
[17.242s] -- Installing: /home/aula-robotica/ros_ws/install/keyboard_msgs/lib/libkeyboard_msgs__rosidl_typesupport_c.so
[17.242s] -- Set runtime path of "/home/aula-robotica/ros_ws/install/keyboard_msgs/lib/libkeyboard_msgs__rosidl_typesupport_c.so" to ""
[17.242s] -- Up-to-date: /home/aula-robotica/ros_ws/install/keyboard_msgs/include/keyboard_msgs/keyboard_msgs
[17.242s] -- Up-to-date: /home/aula-robotica/ros_ws/install/keyboard_msgs/include/keyboard_msgs/keyboard_msgs/msg
[17.242s] -- Up-to-date: /home/aula-robotica/ros_ws/install/keyboard_msgs/include/keyboard_msgs/keyboard_msgs/msg/detail
[17.242s] -- Installing: /home/aula-robotica/ros_ws/install/keyboard_msgs/include/keyboard_msgs/keyboard_msgs/msg/detail/key__rosidl_typesupport_introspection_cpp.hpp
[17.242s] -- Installing: /home/aula-robotica/ros_ws/install/keyboard_msgs/include/keyboard_msgs/keyboard_msgs/msg/detail/key__type_support.cpp
[17.242s] -- Installing: /home/aula-robotica/ros_ws/install/keyboard_msgs/lib/libkeyboard_msgs__rosidl_typesupport_introspection_cpp.so
[17.242s] -- Set runtime path of "/home/aula-robotica/ros_ws/install/keyboard_msgs/lib/libkeyboard_msgs__rosidl_typesupport_introspection_cpp.so" to ""
[17.242s] -- Installing: /home/aula-robotica/ros_ws/install/keyboard_msgs/lib/libkeyboard_msgs__rosidl_typesupport_cpp.so
[17.242s] -- Set runtime path of "/home/aula-robotica/ros_ws/install/keyboard_msgs/lib/libkeyboard_msgs__rosidl_typesupport_cpp.so" to ""
[17.242s] -- Installing: /home/aula-robotica/ros_ws/install/keyboard_msgs/share/keyboard_msgs/environment/pythonpath.sh
[17.242s] -- Installing: /home/aula-robotica/ros_ws/install/keyboard_msgs/share/keyboard_msgs/environment/pythonpath.dsv
[17.242s] -- Installing: /home/aula-robotica/ros_ws/install/keyboard_msgs/local/lib/python3.10/dist-packages/keyboard_msgs-1.0.0-py3.10.egg-info
[17.242s] -- Installing: /home/aula-robotica/ros_ws/install/keyboard_msgs/local/lib/python3.10/dist-packages/keyboard_msgs-1.0.0-py3.10.egg-info/PKG-INFO
[17.242s] -- Installing: /home/aula-robotica/ros_ws/install/keyboard_msgs/local/lib/python3.10/dist-packages/keyboard_msgs-1.0.0-py3.10.egg-info/dependency_links.txt
[17.242s] -- Installing: /home/aula-robotica/ros_ws/install/keyboard_msgs/local/lib/python3.10/dist-packages/keyboard_msgs-1.0.0-py3.10.egg-info/top_level.txt
[17.242s] -- Installing: /home/aula-robotica/ros_ws/install/keyboard_msgs/local/lib/python3.10/dist-packages/keyboard_msgs-1.0.0-py3.10.egg-info/SOURCES.txt
[17.243s] -- Installing: /home/aula-robotica/ros_ws/install/keyboard_msgs/local/lib/python3.10/dist-packages/keyboard_msgs
[17.243s] -- Installing: /home/aula-robotica/ros_ws/install/keyboard_msgs/local/lib/python3.10/dist-packages/keyboard_msgs/keyboard_msgs_s__rosidl_typesupport_c.cpython-310-x86_64-linux-gnu.so
[17.243s] -- Installing: /home/aula-robotica/ros_ws/install/keyboard_msgs/local/lib/python3.10/dist-packages/keyboard_msgs/_keyboard_msgs_s.ep.rosidl_typesupport_fastrtps_c.c
[17.243s] -- Installing: /home/aula-robotica/ros_ws/install/keyboard_msgs/local/lib/python3.10/dist-packages/keyboard_msgs/libkeyboard_msgs__rosidl_generator_py.so
[17.243s] -- Installing: /home/aula-robotica/ros_ws/install/keyboard_msgs/local/lib/python3.10/dist-packages/keyboard_msgs/keyboard_msgs_s__rosidl_typesupport_introspection_c.cpython-310-x86_64-linux-gnu.so
[17.243s] -- Installing: /home/aula-robotica/ros_ws/install/keyboard_msgs/local/lib/python3.10/dist-packages/keyboard_msgs/_keyboard_msgs_s.ep.rosidl_typesupport_c.c
[17.243s] -- Installing: /home/aula-robotica/ros_ws/install/keyboard_msgs/local/lib/python3.10/dist-packages/keyboard_msgs/__init__.py
[17.243s] -- Installing: /home/aula-robotica/ros_ws/install/keyboard_msgs/local/lib/python3.10/dist-packages/keyboard_msgs/_keyboard_msgs_s.ep.rosidl_typesupport_introspection_c.c
[17.243s] -- Installing: /home/aula-robotica/ros_ws/install/keyboard_msgs/local/lib/python3.10/dist-packages/keyboard_msgs/keyboard_msgs_s__rosidl_typesupport_fastrtps_c.cpython-310-x86_64-linux-gnu.so
[17.243s] -- Installing: /home/aula-robotica/ros_ws/install/keyboard_msgs/local/lib/python3.10/dist-packages/keyboard_msgs/msg
[17.243s] -- Installing: /home/aula-robotica/ros_ws/install/keyboard_msgs/local/lib/python3.10/dist-packages/keyboard_msgs/msg/_key_s.c
[17.243s] -- Installing: /home/aula-robotica/ros_ws/install/keyboard_msgs/local/lib/python3.10/dist-packages/keyboard_msgs/msg/__init__.py
[17.243s] -- Installing: /home/aula-robotica/ros_ws/install/keyboard_msgs/local/lib/python3.10/dist-packages/keyboard_msgs/msg/_key.py
[17.329s] Listing '/home/aula-robotica/ros_ws/install/keyboard_msgs/local/lib/python3.10/dist-packages/keyboard_msgs'...
[17.329s] Compiling '/home/aula-robotica/ros_ws/install/keyboard_msgs/local/lib/python3.10/dist-packages/keyboard_msgs/__init__.py'...
[17.329s] Listing '/home/aula-robotica/ros_ws/install/keyboard_msgs/local/lib/python3.10/dist-packages/keyboard_msgs/msg'...
[17.329s] Compiling '/home/aula-robotica/ros_ws/install/keyboard_msgs/local/lib/python3.10/dist-packages/keyboard_msgs/msg/__init__.py'...
[17.329s] Compiling '/home/aula-robotica/ros_ws/install/keyboard_msgs/local/lib/python3.10/dist-packages/keyboard_msgs/msg/_key.py'...
[17.332s] -- Installing: /home/aula-robotica/ros_ws/install/keyboard_msgs/local/lib/python3.10/dist-packages/keyboard_msgs/keyboard_msgs_s__rosidl_typesupport_fastrtps_c.cpython-310-x86_64-linux-gnu.so
[17.332s] -- Set runtime path of "/home/aula-robotica/ros_ws/install/keyboard_msgs/local/lib/python3.10/dist-packages/keyboard_msgs/keyboard_msgs_s__rosidl_typesupport_fastrtps_c.cpython-310-x86_64-linux-gnu.so" to ""
[17.333s] -- Installing: /home/aula-robotica/ros_ws/install/keyboard_msgs/local/lib/python3.10/dist-packages/keyboard_msgs/keyboard_msgs_s__rosidl_typesupport_introspection_c.cpython-310-x86_64-linux-gnu.so
[17.333s] -- Set runtime path of "/home/aula-robotica/ros_ws/install/keyboard_msgs/local/lib/python3.10/dist-packages/keyboard_msgs/keyboard_msgs_s__rosidl_typesupport_introspection_c.cpython-310-x86_64-linux-gnu.so" to ""
[17.333s] -- Installing: /home/aula-robotica/ros_ws/install/keyboard_msgs/local/lib/python3.10/dist-packages/keyboard_msgs/keyboard_msgs_s__rosidl_typesupport_c.cpython-310-x86_64-linux-gnu.so
[17.334s] -- Set runtime path of "/home/aula-robotica/ros_ws/install/keyboard_msgs/local/lib/python3.10/dist-packages/keyboard_msgs/keyboard_msgs_s__rosidl_typesupport_c.cpython-310-x86_64-linux-gnu.so" to ""
[17.334s] -- Installing: /home/aula-robotica/ros_ws/install/keyboard_msgs/lib/libkeyboard_msgs__rosidl_generator_py.so
[17.334s] -- Set runtime path of "/home/aula-robotica/ros_ws/install/keyboard_msgs/lib/libkeyboard_msgs__rosidl_generator_py.so" to ""
[17.334s] -- Installing: /home/aula-robotica/ros_ws/install/keyboard_msgs/share/keyboard_msgs/msg/Key.idl
[17.334s] -- Installing: /home/aula-robotica/ros_ws/install/keyboard_msgs/share/keyboard_msgs/msg/Key.msg
[17.335s] -- Installing: /home/aula-robotica/ros_ws/install/keyboard_msgs/share/ament_index/resource_index/package_run_dependencies/keyboard_msgs
[17.335s] -- Installing: /home/aula-robotica/ros_ws/install/keyboard_msgs/share/ament_index/resource_index/parent_prefix_path/keyboard_msgs
[17.336s] -- Installing: /home/aula-robotica/ros_ws/install/keyboard_msgs/share/keyboard_msgs/environment/ament_prefix_path.sh
[17.336s] -- Installing: /home/aula-robotica/ros_ws/install/keyboard_msgs/share/keyboard_msgs/environment/ament_prefix_path.dsv
[17.336s] -- Installing: /home/aula-robotica/ros_ws/install/keyboard_msgs/share/keyboard_msgs/environment/path.sh
[17.336s] -- Installing: /home/aula-robotica/ros_ws/install/keyboard_msgs/share/keyboard_msgs/environment/path.dsv
[17.336s] -- Installing: /home/aula-robotica/ros_ws/install/keyboard_msgs/share/keyboard_msgs/local_setup.bash
[17.336s] -- Installing: /home/aula-robotica/ros_ws/install/keyboard_msgs/share/keyboard_msgs/local_setup.sh
[17.336s] -- Installing: /home/aula-robotica/ros_ws/install/keyboard_msgs/share/keyboard_msgs/local_setup.zsh
[17.337s] -- Installing: /home/aula-robotica/ros_ws/install/keyboard_msgs/share/keyboard_msgs/local_setup.dsv
[17.337s] -- Installing: /home/aula-robotica/ros_ws/install/keyboard_msgs/share/keyboard_msgs/package.dsv
[17.337s] -- Installing: /home/aula-robotica/ros_ws/install/keyboard_msgs/share/ament_index/resource_index/packages/keyboard_msgs
[17.337s] -- Installing: /home/aula-robotica/ros_ws/install/keyboard_msgs/share/keyboard_msgs/cmake/export_keyboard_msgs__rosidl_generator_cExport.cmake
[17.337s] -- Installing: /home/aula-robotica/ros_ws/install/keyboard_msgs/share/keyboard_msgs/cmake/export_keyboard_msgs__rosidl_generator_cExport-noconfig.cmake
[17.338s] -- Installing: /home/aula-robotica/ros_ws/install/keyboard_msgs/share/keyboard_msgs/cmake/export_keyboard_msgs__rosidl_typesupport_fastrtps_cExport.cmake
[17.338s] -- Installing: /home/aula-robotica/ros_ws/install/keyboard_msgs/share/keyboard_msgs/cmake/export_keyboard_msgs__rosidl_typesupport_fastrtps_cExport-noconfig.cmake
[17.338s] -- Installing: /home/aula-robotica/ros_ws/install/keyboard_msgs/share/keyboard_msgs/cmake/export_keyboard_msgs__rosidl_generator_cppExport.cmake
[17.338s] -- Installing: /home/aula-robotica/ros_ws/install/keyboard_msgs/share/keyboard_msgs/cmake/export_keyboard_msgs__rosidl_typesupport_fastrtps_cppExport.cmake
[17.338s] -- Installing: /home/aula-robotica/ros_ws/install/keyboard_msgs/share/keyboard_msgs/cmake/export_keyboard_msgs__rosidl_typesupport_fastrtps_cppExport-noconfig.cmake
[17.338s] -- Installing: /home/aula-robotica/ros_ws/install/keyboard_msgs/share/keyboard_msgs/cmake/keyboard_msgs__rosidl_typesupport_introspection_cExport.cmake
[17.339s] -- Installing: /home/aula-robotica/ros_ws/install/keyboard_msgs/share/keyboard_msgs/cmake/keyboard_msgs__rosidl_typesupport_introspection_cExport-noconfig.cmake
[17.339s] -- Installing: /home/aula-robotica/ros_ws/install/keyboard_msgs/share/keyboard_msgs/cmake/keyboard_msgs__rosidl_typesupport_cExport.cmake
[17.339s] -- Installing: /home/aula-robotica/ros_ws/install/keyboard_msgs/share/keyboard_msgs/cmake/keyboard_msgs__rosidl_typesupport_cExport-noconfig.cmake
[17.339s] -- Installing: /home/aula-robotica/ros_ws/install/keyboard_msgs/share/keyboard_msgs/cmake/keyboard_msgs__rosidl_typesupport_introspection_cppExport.cmake
[17.339s] -- Installing: /home/aula-robotica/ros_ws/install/keyboard_msgs/share/keyboard_msgs/cmake/keyboard_msgs__rosidl_typesupport_introspection_cppExport-noconfig.cmake
[17.340s] -- Installing: /home/aula-robotica/ros_ws/install/keyboard_msgs/share/keyboard_msgs/cmake/keyboard_msgs__rosidl_typesupport_cppExport.cmake
[17.340s] -- Installing: /home/aula-robotica/ros_ws/install/keyboard_msgs/share/keyboard_msgs/cmake/keyboard_msgs__rosidl_typesupport_cppExport-noconfig.cmake
[17.340s] -- Installing: /home/aula-robotica/ros_ws/install/keyboard_msgs/share/keyboard_msgs/cmake/export_keyboard_msgs__rosidl_generator_pyExport.cmake
[17.340s] -- Installing: /home/aula-robotica/ros_ws/install/keyboard_msgs/share/keyboard_msgs/cmake/export_keyboard_msgs__rosidl_generator_pyExport-noconfig.cmake
[17.340s] -- Installing: /home/aula-robotica/ros_ws/install/keyboard_msgs/share/keyboard_msgs/cmake/rosidl_cmake-extras.cmake
[17.341s] -- Installing: /home/aula-robotica/ros_ws/install/keyboard_msgs/share/keyboard_msgs/cmake/ament_cmake_export_dependencies-extras.cmake
[17.341s] -- Installing: /home/aula-robotica/ros_ws/install/keyboard_msgs/share/keyboard_msgs/cmake/ament_cmake_export_include_directories-extras.cmake
[17.341s] -- Installing: /home/aula-robotica/ros_ws/install/keyboard_msgs/share/keyboard_msgs/cmake/ament_cmake_export_libraries-extras.cmake
[17.341s] -- Installing: /home/aula-robotica/ros_ws/install/keyboard_msgs/share/keyboard_msgs/cmake/ament_cmake_export_targets-extras.cmake
[17.341s] -- Installing: /home/aula-robotica/ros_ws/install/keyboard_msgs/share/keyboard_msgs/cmake/rosidl_cmake_export_typesupport_targets-extras.cmake
[17.341s] -- Installing: /home/aula-robotica/ros_ws/install/keyboard_msgs/share/keyboard_msgs/cmake/rosidl_cmake_export_typesupport_libraries-extras.cmake
[17.341s] -- Installing: /home/aula-robotica/ros_ws/install/keyboard_msgs/share/keyboard_msgs/cmake/keyboard_msgsConfig.cmake
[17.342s] -- Installing: /home/aula-robotica/ros_ws/install/keyboard_msgs/share/keyboard_msgs/cmake/keyboard_msgsConfig-version.cmake
[17.342s] -- Installing: /home/aula-robotica/ros_ws/install/keyboard_msgs/share/keyboard_msgs/package.xml
[17.354s] Invoked command in '/home/aula-robotica/ros_ws/build/keyboard_msgs' returned '0': CMAKE_PREFIX_PATH=/opt/ros/humble /usr/bin/cmake --install /home/aula-robotica/ros_ws/build/keyboard_msgs
