[0.014s] Invoking command in '/home/aula-robotica/ros_ws/build/andino_navigation': CMAKE_PREFIX_PATH=/opt/ros/humble /usr/bin/cmake /home/aula-robotica/ros_ws/src/andino/andino_navigation -DCMAKE_INSTALL_PREFIX=/home/aula-robotica/ros_ws/install/andino_navigation
[0.107s] -- The C compiler identification is GNU 11.4.0
[0.178s] -- The CXX compiler identification is GNU 11.4.0
[0.191s] -- Detecting C compiler ABI info
[0.441s] -- Detecting C compiler ABI info - done
[0.447s] -- Check for working C compiler: /usr/bin/cc - skipped
[0.448s] -- Detecting C compile features
[0.448s] -- Detecting C compile features - done
[0.451s] -- Detecting CXX compiler ABI info
[0.875s] -- Detecting CXX compiler ABI info - done
[0.977s] -- Check for working CXX compiler: /usr/bin/c++ - skipped
[0.978s] -- Detecting CXX compile features
[0.978s] -- Detecting CXX compile features - done
[0.978s] -- Found ament_cmake: 1.3.11 (/opt/ros/humble/share/ament_cmake/cmake)
[2.549s] -- Found Python3: /usr/bin/python3 (found version "3.10.12") found components: Interpreter 
[2.814s] -- Found ament_lint_auto: 0.12.12 (/opt/ros/humble/share/ament_lint_auto/cmake)
[2.971s] -- Added test 'flake8' to check Python code syntax and style conventions
[3.064s] -- Added test 'lint_cmake' to check CMake code style
[3.074s] -- Added test 'pep257' to check Python code against some of the docstring style conventions in PEP 257
[3.077s] -- Added test 'xmllint' to check XML markup files
[3.089s] -- Configuring done
[3.089s] -- Generating done
[3.094s] -- Build files have been written to: /home/aula-robotica/ros_ws/build/andino_navigation
[3.115s] Invoked command in '/home/aula-robotica/ros_ws/build/andino_navigation' returned '0': CMAKE_PREFIX_PATH=/opt/ros/humble /usr/bin/cmake /home/aula-robotica/ros_ws/src/andino/andino_navigation -DCMAKE_INSTALL_PREFIX=/home/aula-robotica/ros_ws/install/andino_navigation
[3.145s] Invoking command in '/home/aula-robotica/ros_ws/build/andino_navigation': CMAKE_PREFIX_PATH=/opt/ros/humble /usr/bin/cmake --build /home/aula-robotica/ros_ws/build/andino_navigation -- -j4 -l4
[3.701s] Invoked command in '/home/aula-robotica/ros_ws/build/andino_navigation' returned '0': CMAKE_PREFIX_PATH=/opt/ros/humble /usr/bin/cmake --build /home/aula-robotica/ros_ws/build/andino_navigation -- -j4 -l4
[3.771s] Invoking command in '/home/aula-robotica/ros_ws/build/andino_navigation': CMAKE_PREFIX_PATH=/opt/ros/humble /usr/bin/cmake --install /home/aula-robotica/ros_ws/build/andino_navigation
[3.813s] -- Install configuration: ""
[3.813s] -- Installing: /home/aula-robotica/ros_ws/install/andino_navigation/share/andino_navigation//launch
[3.813s] -- Installing: /home/aula-robotica/ros_ws/install/andino_navigation/share/andino_navigation//launch/bringup.launch.py
[3.813s] -- Installing: /home/aula-robotica/ros_ws/install/andino_navigation/share/andino_navigation//params
[3.813s] -- Installing: /home/aula-robotica/ros_ws/install/andino_navigation/share/andino_navigation//params/nav2_params.yaml
[3.813s] -- Installing: /home/aula-robotica/ros_ws/install/andino_navigation/share/andino_navigation//rviz
[3.813s] -- Installing: /home/aula-robotica/ros_ws/install/andino_navigation/share/andino_navigation//rviz/nav2_default_view.rviz
[3.814s] -- Installing: /home/aula-robotica/ros_ws/install/andino_navigation/share/ament_index/resource_index/package_run_dependencies/andino_navigation
[3.814s] -- Installing: /home/aula-robotica/ros_ws/install/andino_navigation/share/ament_index/resource_index/parent_prefix_path/andino_navigation
[3.814s] -- Installing: /home/aula-robotica/ros_ws/install/andino_navigation/share/andino_navigation/environment/ament_prefix_path.sh
[3.814s] -- Installing: /home/aula-robotica/ros_ws/install/andino_navigation/share/andino_navigation/environment/ament_prefix_path.dsv
[3.814s] -- Installing: /home/aula-robotica/ros_ws/install/andino_navigation/share/andino_navigation/environment/path.sh
[3.814s] -- Installing: /home/aula-robotica/ros_ws/install/andino_navigation/share/andino_navigation/environment/path.dsv
[3.814s] -- Installing: /home/aula-robotica/ros_ws/install/andino_navigation/share/andino_navigation/local_setup.bash
[3.814s] -- Installing: /home/aula-robotica/ros_ws/install/andino_navigation/share/andino_navigation/local_setup.sh
[3.814s] -- Installing: /home/aula-robotica/ros_ws/install/andino_navigation/share/andino_navigation/local_setup.zsh
[3.814s] -- Installing: /home/aula-robotica/ros_ws/install/andino_navigation/share/andino_navigation/local_setup.dsv
[3.814s] -- Installing: /home/aula-robotica/ros_ws/install/andino_navigation/share/andino_navigation/package.dsv
[3.814s] -- Installing: /home/aula-robotica/ros_ws/install/andino_navigation/share/ament_index/resource_index/packages/andino_navigation
[3.814s] -- Installing: /home/aula-robotica/ros_ws/install/andino_navigation/share/andino_navigation/cmake/andino_navigationConfig.cmake
[3.814s] -- Installing: /home/aula-robotica/ros_ws/install/andino_navigation/share/andino_navigation/cmake/andino_navigationConfig-version.cmake
[3.814s] -- Installing: /home/aula-robotica/ros_ws/install/andino_navigation/share/andino_navigation/package.xml
[3.819s] Invoked command in '/home/aula-robotica/ros_ws/build/andino_navigation' returned '0': CMAKE_PREFIX_PATH=/opt/ros/humble /usr/bin/cmake --install /home/aula-robotica/ros_ws/build/andino_navigation
