[0.049s] Invoking command in '/home/aula-robotica/ros_ws/build/my_robot_description': CMAKE_PREFIX_PATH=${CMAKE_PREFIX_PATH}:/opt/ros/humble /usr/bin/cmake /home/aula-robotica/ros_ws/src/my_robot_description -DCMAKE_INSTALL_PREFIX=/home/aula-robotica/ros_ws/install/my_robot_description
[0.416s] -- The C compiler identification is GNU 11.4.0
[0.786s] -- The CXX compiler identification is GNU 11.4.0
[0.864s] -- Detecting C compiler ABI info
[1.099s] -- Detecting C compiler ABI info - done
[1.110s] -- Check for working C compiler: /usr/bin/cc - skipped
[1.112s] -- Detecting C compile features
[1.114s] -- Detecting C compile features - done
[1.121s] -- Detecting CXX compiler ABI info
[1.301s] -- Detecting CXX compiler ABI info - done
[1.306s] -- Check for working CXX compiler: /usr/bin/c++ - skipped
[1.307s] -- Detecting CXX compile features
[1.309s] -- Detecting CXX compile features - done
[1.320s] -- Found ament_cmake: 1.3.11 (/opt/ros/humble/share/ament_cmake/cmake)
[1.656s] -- Found Python3: /usr/bin/python3 (found version "3.10.12") found components: Interpreter 
[1.926s] -- Found ament_lint_auto: 0.12.12 (/opt/ros/humble/share/ament_lint_auto/cmake)
[2.096s] -- Added test 'lint_cmake' to check CMake code style
[2.103s] -- Added test 'xmllint' to check XML markup files
[2.109s] -- Configuring done
[2.115s] -- Generating done
[2.123s] -- Build files have been written to: /home/aula-robotica/ros_ws/build/my_robot_description
[2.129s] Invoked command in '/home/aula-robotica/ros_ws/build/my_robot_description' returned '0': CMAKE_PREFIX_PATH=${CMAKE_PREFIX_PATH}:/opt/ros/humble /usr/bin/cmake /home/aula-robotica/ros_ws/src/my_robot_description -DCMAKE_INSTALL_PREFIX=/home/aula-robotica/ros_ws/install/my_robot_description
[2.130s] Invoking command in '/home/aula-robotica/ros_ws/build/my_robot_description': CMAKE_PREFIX_PATH=${CMAKE_PREFIX_PATH}:/opt/ros/humble /usr/bin/cmake --build /home/aula-robotica/ros_ws/build/my_robot_description -- -j4 -l4
[2.214s] Invoked command in '/home/aula-robotica/ros_ws/build/my_robot_description' returned '0': CMAKE_PREFIX_PATH=${CMAKE_PREFIX_PATH}:/opt/ros/humble /usr/bin/cmake --build /home/aula-robotica/ros_ws/build/my_robot_description -- -j4 -l4
[2.246s] Invoking command in '/home/aula-robotica/ros_ws/build/my_robot_description': CMAKE_PREFIX_PATH=${CMAKE_PREFIX_PATH}:/opt/ros/humble /usr/bin/cmake --install /home/aula-robotica/ros_ws/build/my_robot_description
[2.267s] -- Install configuration: ""
[2.267s] -- Installing: /home/aula-robotica/ros_ws/install/my_robot_description/share/my_robot_description/urdf
[2.267s] -- Installing: /home/aula-robotica/ros_ws/install/my_robot_description/share/my_robot_description/urdf/my_robot.urdf
[2.267s] -- Installing: /home/aula-robotica/ros_ws/install/my_robot_description/share/ament_index/resource_index/package_run_dependencies/my_robot_description
[2.271s] -- Installing: /home/aula-robotica/ros_ws/install/my_robot_description/share/ament_index/resource_index/parent_prefix_path/my_robot_description
[2.271s] -- Installing: /home/aula-robotica/ros_ws/install/my_robot_description/share/my_robot_description/environment/ament_prefix_path.sh
[2.271s] -- Installing: /home/aula-robotica/ros_ws/install/my_robot_description/share/my_robot_description/environment/ament_prefix_path.dsv
[2.271s] -- Installing: /home/aula-robotica/ros_ws/install/my_robot_description/share/my_robot_description/environment/path.sh
[2.272s] -- Installing: /home/aula-robotica/ros_ws/install/my_robot_description/share/my_robot_description/environment/path.dsv
[2.272s] -- Installing: /home/aula-robotica/ros_ws/install/my_robot_description/share/my_robot_description/local_setup.bash
[2.272s] -- Installing: /home/aula-robotica/ros_ws/install/my_robot_description/share/my_robot_description/local_setup.sh
[2.272s] -- Installing: /home/aula-robotica/ros_ws/install/my_robot_description/share/my_robot_description/local_setup.zsh
[2.272s] -- Installing: /home/aula-robotica/ros_ws/install/my_robot_description/share/my_robot_description/local_setup.dsv
[2.273s] -- Installing: /home/aula-robotica/ros_ws/install/my_robot_description/share/my_robot_description/package.dsv
[2.273s] -- Installing: /home/aula-robotica/ros_ws/install/my_robot_description/share/ament_index/resource_index/packages/my_robot_description
[2.276s] -- Installing: /home/aula-robotica/ros_ws/install/my_robot_description/share/my_robot_description/cmake/my_robot_descriptionConfig.cmake
[2.276s] -- Installing: /home/aula-robotica/ros_ws/install/my_robot_description/share/my_robot_description/cmake/my_robot_descriptionConfig-version.cmake
[2.276s] -- Installing: /home/aula-robotica/ros_ws/install/my_robot_description/share/my_robot_description/package.xml
[2.279s] Invoked command in '/home/aula-robotica/ros_ws/build/my_robot_description' returned '0': CMAKE_PREFIX_PATH=${CMAKE_PREFIX_PATH}:/opt/ros/humble /usr/bin/cmake --install /home/aula-robotica/ros_ws/build/my_robot_description
