[0.042s] Invoking command in '/home/aula-robotica/ros_ws/build/turtlebot3_fake_node': CMAKE_PREFIX_PATH=/opt/ros/humble /usr/bin/cmake /home/aula-robotica/ros_ws/src/turtlebot3_simulations/turtlebot3_fake_node -DCMAKE_INSTALL_PREFIX=/home/aula-robotica/ros_ws/install/turtlebot3_fake_node
[0.278s] -- The C compiler identification is GNU 11.4.0
[0.669s] -- The CXX compiler identification is GNU 11.4.0
[0.697s] -- Detecting C compiler ABI info
[0.855s] -- Detecting C compiler ABI info - done
[0.873s] -- Check for working C compiler: /usr/bin/cc - skipped
[0.876s] -- Detecting C compile features
[0.876s] -- Detecting C compile features - done
[0.876s] -- Detecting CXX compiler ABI info
[0.991s] -- Detecting CXX compiler ABI info - done
[0.998s] -- Check for working CXX compiler: /usr/bin/c++ - skipped
[0.999s] -- Detecting CXX compile features
[0.999s] -- Detecting CXX compile features - done
[1.004s] -- Found ament_cmake: 1.3.11 (/opt/ros/humble/share/ament_cmake/cmake)
[1.181s] -- Found Python3: /usr/bin/python3 (found version "3.10.12") found components: Interpreter 
[1.342s] -- Found geometry_msgs: 4.8.0 (/opt/ros/humble/share/geometry_msgs/cmake)
[1.429s] -- Found rosidl_generator_c: 3.1.6 (/opt/ros/humble/share/rosidl_generator_c/cmake)
[1.437s] -- Found rosidl_adapter: 3.1.6 (/opt/ros/humble/share/rosidl_adapter/cmake)
[1.462s] -- Found rosidl_generator_cpp: 3.1.6 (/opt/ros/humble/share/rosidl_generator_cpp/cmake)
[1.492s] -- Using all available rosidl_typesupport_c: rosidl_typesupport_fastrtps_c;rosidl_typesupport_introspection_c
[1.522s] -- Using all available rosidl_typesupport_cpp: rosidl_typesupport_fastrtps_cpp;rosidl_typesupport_introspection_cpp
[1.630s] -- Found nav_msgs: 4.8.0 (/opt/ros/humble/share/nav_msgs/cmake)
[1.655s] -- Found rclcpp: 16.0.12 (/opt/ros/humble/share/rclcpp/cmake)
[1.815s] -- Found rmw_implementation_cmake: 6.1.2 (/opt/ros/humble/share/rmw_implementation_cmake/cmake)
[1.823s] -- Found rmw_fastrtps_cpp: 6.2.7 (/opt/ros/humble/share/rmw_fastrtps_cpp/cmake)
[2.010s] -- Found OpenSSL: /usr/lib/x86_64-linux-gnu/libcrypto.so (found version "3.0.2")  
[2.036s] -- Found FastRTPS: /opt/ros/humble/include  
[2.071s] -- Using RMW implementation 'rmw_fastrtps_cpp' as default
[2.089s] -- Looking for pthread.h
[2.241s] -- Looking for pthread.h - found
[2.241s] -- Performing Test CMAKE_HAVE_LIBC_PTHREAD
[2.443s] -- Performing Test CMAKE_HAVE_LIBC_PTHREAD - Success
[2.444s] -- Found Threads: TRUE  
[2.539s] -- Found sensor_msgs: 4.8.0 (/opt/ros/humble/share/sensor_msgs/cmake)
[2.560s] -- Found tf2: 0.25.12 (/opt/ros/humble/share/tf2/cmake)
[2.573s] -- Found tf2_msgs: 0.25.12 (/opt/ros/humble/share/tf2_msgs/cmake)
[2.661s] -- Found turtlebot3_msgs: 2.4.0 (/opt/ros/humble/share/turtlebot3_msgs/cmake)
[2.795s] -- Configuring done
[2.805s] -- Generating done
[2.817s] -- Build files have been written to: /home/aula-robotica/ros_ws/build/turtlebot3_fake_node
[2.826s] Invoked command in '/home/aula-robotica/ros_ws/build/turtlebot3_fake_node' returned '0': CMAKE_PREFIX_PATH=/opt/ros/humble /usr/bin/cmake /home/aula-robotica/ros_ws/src/turtlebot3_simulations/turtlebot3_fake_node -DCMAKE_INSTALL_PREFIX=/home/aula-robotica/ros_ws/install/turtlebot3_fake_node
[2.835s] Invoking command in '/home/aula-robotica/ros_ws/build/turtlebot3_fake_node': CMAKE_PREFIX_PATH=/opt/ros/humble /usr/bin/cmake --build /home/aula-robotica/ros_ws/build/turtlebot3_fake_node -- -j4 -l4
[2.961s] [ 50%] [32mBuilding CXX object CMakeFiles/turtlebot3_fake_node.dir/src/turtlebot3_fake_node.cpp.o[0m
[15.440s] [100%] [32m[1mLinking CXX executable turtlebot3_fake_node[0m
[17.928s] [100%] Built target turtlebot3_fake_node
[18.003s] Invoked command in '/home/aula-robotica/ros_ws/build/turtlebot3_fake_node' returned '0': CMAKE_PREFIX_PATH=/opt/ros/humble /usr/bin/cmake --build /home/aula-robotica/ros_ws/build/turtlebot3_fake_node -- -j4 -l4
[18.006s] Invoking command in '/home/aula-robotica/ros_ws/build/turtlebot3_fake_node': CMAKE_PREFIX_PATH=/opt/ros/humble /usr/bin/cmake --install /home/aula-robotica/ros_ws/build/turtlebot3_fake_node
[18.092s] -- Install configuration: ""
[18.092s] -- Installing: /home/aula-robotica/ros_ws/install/turtlebot3_fake_node/lib/turtlebot3_fake_node/turtlebot3_fake_node
[18.092s] -- Set runtime path of "/home/aula-robotica/ros_ws/install/turtlebot3_fake_node/lib/turtlebot3_fake_node/turtlebot3_fake_node" to ""
[18.093s] -- Installing: /home/aula-robotica/ros_ws/install/turtlebot3_fake_node/share/turtlebot3_fake_node/launch
[18.093s] -- Installing: /home/aula-robotica/ros_ws/install/turtlebot3_fake_node/share/turtlebot3_fake_node/launch/rviz2.launch.py
[18.093s] -- Installing: /home/aula-robotica/ros_ws/install/turtlebot3_fake_node/share/turtlebot3_fake_node/launch/turtlebot3_fake_node.launch.py
[18.093s] -- Installing: /home/aula-robotica/ros_ws/install/turtlebot3_fake_node/share/turtlebot3_fake_node/param
[18.094s] -- Installing: /home/aula-robotica/ros_ws/install/turtlebot3_fake_node/share/turtlebot3_fake_node/param/burger.yaml
[18.094s] -- Installing: /home/aula-robotica/ros_ws/install/turtlebot3_fake_node/share/turtlebot3_fake_node/param/waffle.yaml
[18.095s] -- Installing: /home/aula-robotica/ros_ws/install/turtlebot3_fake_node/share/turtlebot3_fake_node/param/waffle_pi.yaml
[18.095s] -- Installing: /home/aula-robotica/ros_ws/install/turtlebot3_fake_node/include/
[18.096s] -- Installing: /home/aula-robotica/ros_ws/install/turtlebot3_fake_node/include//turtlebot3_fake_node
[18.096s] -- Installing: /home/aula-robotica/ros_ws/install/turtlebot3_fake_node/include//turtlebot3_fake_node/turtlebot3_fake_node.hpp
[18.097s] -- Installing: /home/aula-robotica/ros_ws/install/turtlebot3_fake_node/share/ament_index/resource_index/package_run_dependencies/turtlebot3_fake_node
[18.097s] -- Installing: /home/aula-robotica/ros_ws/install/turtlebot3_fake_node/share/ament_index/resource_index/parent_prefix_path/turtlebot3_fake_node
[18.097s] -- Installing: /home/aula-robotica/ros_ws/install/turtlebot3_fake_node/share/turtlebot3_fake_node/environment/ament_prefix_path.sh
[18.097s] -- Installing: /home/aula-robotica/ros_ws/install/turtlebot3_fake_node/share/turtlebot3_fake_node/environment/ament_prefix_path.dsv
[18.098s] -- Installing: /home/aula-robotica/ros_ws/install/turtlebot3_fake_node/share/turtlebot3_fake_node/environment/path.sh
[18.098s] -- Installing: /home/aula-robotica/ros_ws/install/turtlebot3_fake_node/share/turtlebot3_fake_node/environment/path.dsv
[18.098s] -- Installing: /home/aula-robotica/ros_ws/install/turtlebot3_fake_node/share/turtlebot3_fake_node/local_setup.bash
[18.098s] -- Installing: /home/aula-robotica/ros_ws/install/turtlebot3_fake_node/share/turtlebot3_fake_node/local_setup.sh
[18.098s] -- Installing: /home/aula-robotica/ros_ws/install/turtlebot3_fake_node/share/turtlebot3_fake_node/local_setup.zsh
[18.099s] -- Installing: /home/aula-robotica/ros_ws/install/turtlebot3_fake_node/share/turtlebot3_fake_node/local_setup.dsv
[18.099s] -- Installing: /home/aula-robotica/ros_ws/install/turtlebot3_fake_node/share/turtlebot3_fake_node/package.dsv
[18.099s] -- Installing: /home/aula-robotica/ros_ws/install/turtlebot3_fake_node/share/ament_index/resource_index/packages/turtlebot3_fake_node
[18.099s] -- Installing: /home/aula-robotica/ros_ws/install/turtlebot3_fake_node/share/turtlebot3_fake_node/cmake/ament_cmake_export_include_directories-extras.cmake
[18.099s] -- Installing: /home/aula-robotica/ros_ws/install/turtlebot3_fake_node/share/turtlebot3_fake_node/cmake/ament_cmake_export_dependencies-extras.cmake
[18.100s] -- Installing: /home/aula-robotica/ros_ws/install/turtlebot3_fake_node/share/turtlebot3_fake_node/cmake/turtlebot3_fake_nodeConfig.cmake
[18.100s] -- Installing: /home/aula-robotica/ros_ws/install/turtlebot3_fake_node/share/turtlebot3_fake_node/cmake/turtlebot3_fake_nodeConfig-version.cmake
[18.100s] -- Installing: /home/aula-robotica/ros_ws/install/turtlebot3_fake_node/share/turtlebot3_fake_node/package.xml
[18.103s] Invoked command in '/home/aula-robotica/ros_ws/build/turtlebot3_fake_node' returned '0': CMAKE_PREFIX_PATH=/opt/ros/humble /usr/bin/cmake --install /home/aula-robotica/ros_ws/build/turtlebot3_fake_node
