-- The C compiler identification is GNU 11.4.0
-- The CXX compiler identification is GNU 11.4.0
-- Detecting C compiler ABI info
-- Detecting C compiler ABI info - done
-- Check for working C compiler: /usr/bin/cc - skipped
-- Detecting C compile features
-- Detecting C compile features - done
-- Detecting CXX compiler ABI info
-- Detecting CXX compiler ABI info - done
-- Check for working CXX compiler: /usr/bin/c++ - skipped
-- Detecting CXX compile features
-- Detecting CXX compile features - done
-- Found ament_cmake: 1.3.11 (/opt/ros/humble/share/ament_cmake/cmake)
-- Found Python3: /usr/bin/python3 (found version "3.10.12") found components: Interpreter 
-- Found rclcpp: 16.0.12 (/opt/ros/humble/share/rclcpp/cmake)
-- Found rosidl_generator_c: 3.1.6 (/opt/ros/humble/share/rosidl_generator_c/cmake)
-- Found rosidl_adapter: 3.1.6 (/opt/ros/humble/share/rosidl_adapter/cmake)
-- Found rosidl_generator_cpp: 3.1.6 (/opt/ros/humble/share/rosidl_generator_cpp/cmake)
-- Using all available rosidl_typesupport_c: rosidl_typesupport_fastrtps_c;rosidl_typesupport_introspection_c
-- Using all available rosidl_typesupport_cpp: rosidl_typesupport_fastrtps_cpp;rosidl_typesupport_introspection_cpp
-- Found rmw_implementation_cmake: 6.1.2 (/opt/ros/humble/share/rmw_implementation_cmake/cmake)
-- Found rmw_fastrtps_cpp: 6.2.7 (/opt/ros/humble/share/rmw_fastrtps_cpp/cmake)
-- Found OpenSSL: /usr/lib/x86_64-linux-gnu/libcrypto.so (found version "3.0.2")  
-- Found FastRTPS: /opt/ros/humble/include  
-- Using RMW implementation 'rmw_fastrtps_cpp' as default
-- Looking for pthread.h
-- Looking for pthread.h - found
-- Performing Test CMAKE_HAVE_LIBC_PTHREAD
-- Performing Test CMAKE_HAVE_LIBC_PTHREAD - Success
-- Found Threads: TRUE  
-- Found topic_tools: 1.1.1 (/opt/ros/humble/share/topic_tools/cmake)
-- Configuring done
-- Generating done
-- Build files have been written to: /home/aula-robotica/ros_ws/build/robotica_movel
[ 50%] [32mBuilding CXX object CMakeFiles/robotica_movel.dir/src/robotica_movel.cpp.o[0m
[100%] [32m[1mLinking CXX executable robotica_movel[0m
[100%] Built target robotica_movel
-- Install configuration: ""
-- Installing: /home/aula-robotica/ros_ws/install/robotica_movel/lib/robotica_movel/robotica_movel
-- Set runtime path of "/home/aula-robotica/ros_ws/install/robotica_movel/lib/robotica_movel/robotica_movel" to ""
-- Installing: /home/aula-robotica/ros_ws/install/robotica_movel/share/robotica_movel/launch
-- Installing: /home/aula-robotica/ros_ws/install/robotica_movel/share/robotica_movel/launch/slam_andino_launch.py
-- Installing: /home/aula-robotica/ros_ws/install/robotica_movel/share/robotica_movel/launch/av3_nav_victor_launch.py
-- Installing: /home/aula-robotica/ros_ws/install/robotica_movel/share/robotica_movel/launch/scape_square_andino_launch.py
-- Installing: /home/aula-robotica/ros_ws/install/robotica_movel/share/robotica_movel/launch/nav_andino_launch.py
-- Installing: /home/aula-robotica/ros_ws/install/robotica_movel/share/robotica_movel/launch/keyboard_square_andino_launch.py
-- Installing: /home/aula-robotica/ros_ws/install/robotica_movel/share/robotica_movel/launch/robotica_movel_launch.py
-- Installing: /home/aula-robotica/ros_ws/install/robotica_movel/share/robotica_movel/launch/av3_slam_victor_launch.py
-- Installing: /home/aula-robotica/ros_ws/install/robotica_movel/share/ament_index/resource_index/package_run_dependencies/robotica_movel
-- Installing: /home/aula-robotica/ros_ws/install/robotica_movel/share/ament_index/resource_index/parent_prefix_path/robotica_movel
-- Installing: /home/aula-robotica/ros_ws/install/robotica_movel/share/robotica_movel/environment/ament_prefix_path.sh
-- Installing: /home/aula-robotica/ros_ws/install/robotica_movel/share/robotica_movel/environment/ament_prefix_path.dsv
-- Installing: /home/aula-robotica/ros_ws/install/robotica_movel/share/robotica_movel/environment/path.sh
-- Installing: /home/aula-robotica/ros_ws/install/robotica_movel/share/robotica_movel/environment/path.dsv
-- Installing: /home/aula-robotica/ros_ws/install/robotica_movel/share/robotica_movel/local_setup.bash
-- Installing: /home/aula-robotica/ros_ws/install/robotica_movel/share/robotica_movel/local_setup.sh
-- Installing: /home/aula-robotica/ros_ws/install/robotica_movel/share/robotica_movel/local_setup.zsh
-- Installing: /home/aula-robotica/ros_ws/install/robotica_movel/share/robotica_movel/local_setup.dsv
-- Installing: /home/aula-robotica/ros_ws/install/robotica_movel/share/robotica_movel/package.dsv
-- Installing: /home/aula-robotica/ros_ws/install/robotica_movel/share/ament_index/resource_index/packages/robotica_movel
-- Installing: /home/aula-robotica/ros_ws/install/robotica_movel/share/robotica_movel/cmake/robotica_movelConfig.cmake
-- Installing: /home/aula-robotica/ros_ws/install/robotica_movel/share/robotica_movel/cmake/robotica_movelConfig-version.cmake
-- Installing: /home/aula-robotica/ros_ws/install/robotica_movel/share/robotica_movel/package.xml
