[0.121s] Invoking command in '/home/aula-robotica/ros_ws/build/robotica_movel': CMAKE_PREFIX_PATH=/opt/ros/humble /usr/bin/cmake /home/aula-robotica/ros_ws/src/robotica_movel -DCMAKE_INSTALL_PREFIX=/home/aula-robotica/ros_ws/install/robotica_movel
[0.675s] -- The C compiler identification is GNU 11.4.0
[1.206s] -- The CXX compiler identification is GNU 11.4.0
[1.474s] -- Detecting C compiler ABI info
[1.874s] -- Detecting C compiler ABI info - done
[1.896s] -- Check for working C compiler: /usr/bin/cc - skipped
[1.896s] -- Detecting C compile features
[1.896s] -- Detecting C compile features - done
[1.896s] -- Detecting CXX compiler ABI info
[2.070s] -- Detecting CXX compiler ABI info - done
[2.098s] -- Check for working CXX compiler: /usr/bin/c++ - skipped
[2.098s] -- Detecting CXX compile features
[2.098s] -- Detecting CXX compile features - done
[2.133s] -- Found ament_cmake: 1.3.11 (/opt/ros/humble/share/ament_cmake/cmake)
[2.527s] -- Found Python3: /usr/bin/python3 (found version "3.10.12") found components: Interpreter 
[2.702s] -- Found rclcpp: 16.0.12 (/opt/ros/humble/share/rclcpp/cmake)
[3.002s] -- Found rosidl_generator_c: 3.1.6 (/opt/ros/humble/share/rosidl_generator_c/cmake)
[3.006s] -- Found rosidl_adapter: 3.1.6 (/opt/ros/humble/share/rosidl_adapter/cmake)
[3.043s] -- Found rosidl_generator_cpp: 3.1.6 (/opt/ros/humble/share/rosidl_generator_cpp/cmake)
[3.105s] -- Using all available rosidl_typesupport_c: rosidl_typesupport_fastrtps_c;rosidl_typesupport_introspection_c
[3.195s] -- Using all available rosidl_typesupport_cpp: rosidl_typesupport_fastrtps_cpp;rosidl_typesupport_introspection_cpp
[3.336s] -- Found rmw_implementation_cmake: 6.1.2 (/opt/ros/humble/share/rmw_implementation_cmake/cmake)
[3.509s] -- Found rmw_fastrtps_cpp: 6.2.7 (/opt/ros/humble/share/rmw_fastrtps_cpp/cmake)
[4.088s] -- Found OpenSSL: /usr/lib/x86_64-linux-gnu/libcrypto.so (found version "3.0.2")  
[4.177s] -- Found FastRTPS: /opt/ros/humble/include  
[4.252s] -- Using RMW implementation 'rmw_fastrtps_cpp' as default
[4.392s] -- Looking for pthread.h
[4.780s] -- Looking for pthread.h - found
[4.801s] -- Performing Test CMAKE_HAVE_LIBC_PTHREAD
[4.980s] -- Performing Test CMAKE_HAVE_LIBC_PTHREAD - Success
[4.991s] -- Found Threads: TRUE  
[5.245s] -- Found topic_tools: 1.1.1 (/opt/ros/humble/share/topic_tools/cmake)
[5.996s] -- Configuring done
[6.009s] -- Generating done
[6.015s] -- Build files have been written to: /home/aula-robotica/ros_ws/build/robotica_movel
[6.069s] Invoked command in '/home/aula-robotica/ros_ws/build/robotica_movel' returned '0': CMAKE_PREFIX_PATH=/opt/ros/humble /usr/bin/cmake /home/aula-robotica/ros_ws/src/robotica_movel -DCMAKE_INSTALL_PREFIX=/home/aula-robotica/ros_ws/install/robotica_movel
[6.069s] Invoking command in '/home/aula-robotica/ros_ws/build/robotica_movel': CMAKE_PREFIX_PATH=/opt/ros/humble /usr/bin/cmake --build /home/aula-robotica/ros_ws/build/robotica_movel -- -j4 -l4
[6.198s] [ 50%] [32mBuilding CXX object CMakeFiles/robotica_movel.dir/src/robotica_movel.cpp.o[0m
[15.292s] [100%] [32m[1mLinking CXX executable robotica_movel[0m
[15.714s] [100%] Built target robotica_movel
[15.780s] Invoked command in '/home/aula-robotica/ros_ws/build/robotica_movel' returned '0': CMAKE_PREFIX_PATH=/opt/ros/humble /usr/bin/cmake --build /home/aula-robotica/ros_ws/build/robotica_movel -- -j4 -l4
[15.841s] Invoking command in '/home/aula-robotica/ros_ws/build/robotica_movel': CMAKE_PREFIX_PATH=/opt/ros/humble /usr/bin/cmake --install /home/aula-robotica/ros_ws/build/robotica_movel
[16.040s] -- Install configuration: ""
[16.042s] -- Installing: /home/aula-robotica/ros_ws/install/robotica_movel/lib/robotica_movel/robotica_movel
[16.043s] -- Set runtime path of "/home/aula-robotica/ros_ws/install/robotica_movel/lib/robotica_movel/robotica_movel" to ""
[16.044s] -- Installing: /home/aula-robotica/ros_ws/install/robotica_movel/share/robotica_movel/launch
[16.047s] -- Installing: /home/aula-robotica/ros_ws/install/robotica_movel/share/robotica_movel/launch/slam_andino_launch.py
[16.049s] -- Installing: /home/aula-robotica/ros_ws/install/robotica_movel/share/robotica_movel/launch/av3_nav_victor_launch.py
[16.050s] -- Installing: /home/aula-robotica/ros_ws/install/robotica_movel/share/robotica_movel/launch/scape_square_andino_launch.py
[16.051s] -- Installing: /home/aula-robotica/ros_ws/install/robotica_movel/share/robotica_movel/launch/nav_andino_launch.py
[16.052s] -- Installing: /home/aula-robotica/ros_ws/install/robotica_movel/share/robotica_movel/launch/keyboard_square_andino_launch.py
[16.053s] -- Installing: /home/aula-robotica/ros_ws/install/robotica_movel/share/robotica_movel/launch/robotica_movel_launch.py
[16.053s] -- Installing: /home/aula-robotica/ros_ws/install/robotica_movel/share/robotica_movel/launch/av3_slam_victor_launch.py
[16.055s] -- Installing: /home/aula-robotica/ros_ws/install/robotica_movel/share/ament_index/resource_index/package_run_dependencies/robotica_movel
[16.056s] -- Installing: /home/aula-robotica/ros_ws/install/robotica_movel/share/ament_index/resource_index/parent_prefix_path/robotica_movel
[16.057s] -- Installing: /home/aula-robotica/ros_ws/install/robotica_movel/share/robotica_movel/environment/ament_prefix_path.sh
[16.058s] -- Installing: /home/aula-robotica/ros_ws/install/robotica_movel/share/robotica_movel/environment/ament_prefix_path.dsv
[16.059s] -- Installing: /home/aula-robotica/ros_ws/install/robotica_movel/share/robotica_movel/environment/path.sh
[16.060s] -- Installing: /home/aula-robotica/ros_ws/install/robotica_movel/share/robotica_movel/environment/path.dsv
[16.062s] -- Installing: /home/aula-robotica/ros_ws/install/robotica_movel/share/robotica_movel/local_setup.bash
[16.063s] -- Installing: /home/aula-robotica/ros_ws/install/robotica_movel/share/robotica_movel/local_setup.sh
[16.063s] -- Installing: /home/aula-robotica/ros_ws/install/robotica_movel/share/robotica_movel/local_setup.zsh
[16.064s] -- Installing: /home/aula-robotica/ros_ws/install/robotica_movel/share/robotica_movel/local_setup.dsv
[16.065s] -- Installing: /home/aula-robotica/ros_ws/install/robotica_movel/share/robotica_movel/package.dsv
[16.066s] -- Installing: /home/aula-robotica/ros_ws/install/robotica_movel/share/ament_index/resource_index/packages/robotica_movel
[16.067s] -- Installing: /home/aula-robotica/ros_ws/install/robotica_movel/share/robotica_movel/cmake/robotica_movelConfig.cmake
[16.068s] -- Installing: /home/aula-robotica/ros_ws/install/robotica_movel/share/robotica_movel/cmake/robotica_movelConfig-version.cmake
[16.069s] -- Installing: /home/aula-robotica/ros_ws/install/robotica_movel/share/robotica_movel/package.xml
[16.091s] Invoked command in '/home/aula-robotica/ros_ws/build/robotica_movel' returned '0': CMAKE_PREFIX_PATH=/opt/ros/humble /usr/bin/cmake --install /home/aula-robotica/ros_ws/build/robotica_movel
