[0.009s] Invoking command in '/home/lucas/Projetos/faculdade/roz_prova_1/build/my_robot_bringup': CMAKE_PREFIX_PATH=/home/lucas/Projetos/faculdade/roz_prova_1/install/my_robot_description:/home/lucas/Projetos/faculdade/roz_prova_1/install/gazebo_msgs:/home/lucas/Projetos/faculdade/roz_prova_1/install/gazebo_dev:/home/lucas/Projetos/faculdade/roz_prova_1/install/my_robot_bringup:/home/lucas/Projetos/faculdade/roz_prova_1/src/install/my_robot_description:/opt/ros/jazzy/opt/gz_sim_vendor:/opt/ros/jazzy/opt/gz_sensors_vendor:/opt/ros/jazzy/opt/gz_physics_vendor:/opt/ros/jazzy/opt/sdformat_vendor:/opt/ros/jazzy/opt/gz_gui_vendor:/opt/ros/jazzy/opt/gz_transport_vendor:/opt/ros/jazzy/opt/gz_rendering_vendor:/opt/ros/jazzy/opt/gz_plugin_vendor:/opt/ros/jazzy/opt/gz_fuel_tools_vendor:/opt/ros/jazzy/opt/gz_msgs_vendor:/opt/ros/jazzy/opt/gz_common_vendor:/opt/ros/jazzy/opt/gz_math_vendor:/opt/ros/jazzy/opt/gz_utils_vendor:/opt/ros/jazzy/opt/gz_tools_vendor:/opt/ros/jazzy/opt/gz_ogre_next_vendor:/opt/ros/jazzy/opt/gz_dartsim_vendor:/opt/ros/jazzy/opt/gz_cmake_vendor:/opt/ros/jazzy DEBUGINFOD_URLS=https://debuginfod.ubuntu.com /usr/bin/cmake /home/lucas/Projetos/faculdade/roz_prova_1/src/my_robot_bringup -DCMAKE_INSTALL_PREFIX=/home/lucas/Projetos/faculdade/roz_prova_1/install/my_robot_bringup
[0.070s] -- The C compiler identification is GNU 13.3.0
[0.151s] -- The CXX compiler identification is GNU 13.3.0
[0.169s] -- Detecting C compiler ABI info
[0.265s] -- Detecting C compiler ABI info - done
[0.275s] -- Check for working C compiler: /usr/bin/cc - skipped
[0.275s] -- Detecting C compile features
[0.276s] -- Detecting C compile features - done
[0.286s] -- Detecting CXX compiler ABI info
[0.397s] -- Detecting CXX compiler ABI info - done
[0.409s] -- Check for working CXX compiler: /usr/bin/c++ - skipped
[0.409s] -- Detecting CXX compile features
[0.410s] -- Detecting CXX compile features - done
[0.414s] -- Found ament_cmake: 2.5.6 (/opt/ros/jazzy/share/ament_cmake/cmake)
[0.587s] -- Found Python3: /usr/bin/python3 (found version "3.12.3") found components: Interpreter 
[0.731s] -- Found ament_lint_auto: 0.17.5 (/opt/ros/jazzy/share/ament_lint_auto/cmake)
[0.857s] -- Added test 'lint_cmake' to check CMake code style
[0.859s] -- Added test 'xmllint' to check XML markup files
[0.862s] -- Configuring done (0.8s)
[0.866s] -- Generating done (0.0s)
[0.867s] -- Build files have been written to: /home/lucas/Projetos/faculdade/roz_prova_1/build/my_robot_bringup
[0.872s] Invoked command in '/home/lucas/Projetos/faculdade/roz_prova_1/build/my_robot_bringup' returned '0': CMAKE_PREFIX_PATH=/home/lucas/Projetos/faculdade/roz_prova_1/install/my_robot_description:/home/lucas/Projetos/faculdade/roz_prova_1/install/gazebo_msgs:/home/lucas/Projetos/faculdade/roz_prova_1/install/gazebo_dev:/home/lucas/Projetos/faculdade/roz_prova_1/install/my_robot_bringup:/home/lucas/Projetos/faculdade/roz_prova_1/src/install/my_robot_description:/opt/ros/jazzy/opt/gz_sim_vendor:/opt/ros/jazzy/opt/gz_sensors_vendor:/opt/ros/jazzy/opt/gz_physics_vendor:/opt/ros/jazzy/opt/sdformat_vendor:/opt/ros/jazzy/opt/gz_gui_vendor:/opt/ros/jazzy/opt/gz_transport_vendor:/opt/ros/jazzy/opt/gz_rendering_vendor:/opt/ros/jazzy/opt/gz_plugin_vendor:/opt/ros/jazzy/opt/gz_fuel_tools_vendor:/opt/ros/jazzy/opt/gz_msgs_vendor:/opt/ros/jazzy/opt/gz_common_vendor:/opt/ros/jazzy/opt/gz_math_vendor:/opt/ros/jazzy/opt/gz_utils_vendor:/opt/ros/jazzy/opt/gz_tools_vendor:/opt/ros/jazzy/opt/gz_ogre_next_vendor:/opt/ros/jazzy/opt/gz_dartsim_vendor:/opt/ros/jazzy/opt/gz_cmake_vendor:/opt/ros/jazzy DEBUGINFOD_URLS=https://debuginfod.ubuntu.com /usr/bin/cmake /home/lucas/Projetos/faculdade/roz_prova_1/src/my_robot_bringup -DCMAKE_INSTALL_PREFIX=/home/lucas/Projetos/faculdade/roz_prova_1/install/my_robot_bringup
[0.873s] Invoking command in '/home/lucas/Projetos/faculdade/roz_prova_1/build/my_robot_bringup': CMAKE_PREFIX_PATH=/home/lucas/Projetos/faculdade/roz_prova_1/install/my_robot_description:/home/lucas/Projetos/faculdade/roz_prova_1/install/gazebo_msgs:/home/lucas/Projetos/faculdade/roz_prova_1/install/gazebo_dev:/home/lucas/Projetos/faculdade/roz_prova_1/install/my_robot_bringup:/home/lucas/Projetos/faculdade/roz_prova_1/src/install/my_robot_description:/opt/ros/jazzy/opt/gz_sim_vendor:/opt/ros/jazzy/opt/gz_sensors_vendor:/opt/ros/jazzy/opt/gz_physics_vendor:/opt/ros/jazzy/opt/sdformat_vendor:/opt/ros/jazzy/opt/gz_gui_vendor:/opt/ros/jazzy/opt/gz_transport_vendor:/opt/ros/jazzy/opt/gz_rendering_vendor:/opt/ros/jazzy/opt/gz_plugin_vendor:/opt/ros/jazzy/opt/gz_fuel_tools_vendor:/opt/ros/jazzy/opt/gz_msgs_vendor:/opt/ros/jazzy/opt/gz_common_vendor:/opt/ros/jazzy/opt/gz_math_vendor:/opt/ros/jazzy/opt/gz_utils_vendor:/opt/ros/jazzy/opt/gz_tools_vendor:/opt/ros/jazzy/opt/gz_ogre_next_vendor:/opt/ros/jazzy/opt/gz_dartsim_vendor:/opt/ros/jazzy/opt/gz_cmake_vendor:/opt/ros/jazzy DEBUGINFOD_URLS=https://debuginfod.ubuntu.com /usr/bin/cmake --build /home/lucas/Projetos/faculdade/roz_prova_1/build/my_robot_bringup -- -j8 -l8
[0.911s] Invoked command in '/home/lucas/Projetos/faculdade/roz_prova_1/build/my_robot_bringup' returned '0': CMAKE_PREFIX_PATH=/home/lucas/Projetos/faculdade/roz_prova_1/install/my_robot_description:/home/lucas/Projetos/faculdade/roz_prova_1/install/gazebo_msgs:/home/lucas/Projetos/faculdade/roz_prova_1/install/gazebo_dev:/home/lucas/Projetos/faculdade/roz_prova_1/install/my_robot_bringup:/home/lucas/Projetos/faculdade/roz_prova_1/src/install/my_robot_description:/opt/ros/jazzy/opt/gz_sim_vendor:/opt/ros/jazzy/opt/gz_sensors_vendor:/opt/ros/jazzy/opt/gz_physics_vendor:/opt/ros/jazzy/opt/sdformat_vendor:/opt/ros/jazzy/opt/gz_gui_vendor:/opt/ros/jazzy/opt/gz_transport_vendor:/opt/ros/jazzy/opt/gz_rendering_vendor:/opt/ros/jazzy/opt/gz_plugin_vendor:/opt/ros/jazzy/opt/gz_fuel_tools_vendor:/opt/ros/jazzy/opt/gz_msgs_vendor:/opt/ros/jazzy/opt/gz_common_vendor:/opt/ros/jazzy/opt/gz_math_vendor:/opt/ros/jazzy/opt/gz_utils_vendor:/opt/ros/jazzy/opt/gz_tools_vendor:/opt/ros/jazzy/opt/gz_ogre_next_vendor:/opt/ros/jazzy/opt/gz_dartsim_vendor:/opt/ros/jazzy/opt/gz_cmake_vendor:/opt/ros/jazzy DEBUGINFOD_URLS=https://debuginfod.ubuntu.com /usr/bin/cmake --build /home/lucas/Projetos/faculdade/roz_prova_1/build/my_robot_bringup -- -j8 -l8
[0.912s] Invoking command in '/home/lucas/Projetos/faculdade/roz_prova_1/build/my_robot_bringup': CMAKE_PREFIX_PATH=/home/lucas/Projetos/faculdade/roz_prova_1/install/my_robot_description:/home/lucas/Projetos/faculdade/roz_prova_1/install/gazebo_msgs:/home/lucas/Projetos/faculdade/roz_prova_1/install/gazebo_dev:/home/lucas/Projetos/faculdade/roz_prova_1/install/my_robot_bringup:/home/lucas/Projetos/faculdade/roz_prova_1/src/install/my_robot_description:/opt/ros/jazzy/opt/gz_sim_vendor:/opt/ros/jazzy/opt/gz_sensors_vendor:/opt/ros/jazzy/opt/gz_physics_vendor:/opt/ros/jazzy/opt/sdformat_vendor:/opt/ros/jazzy/opt/gz_gui_vendor:/opt/ros/jazzy/opt/gz_transport_vendor:/opt/ros/jazzy/opt/gz_rendering_vendor:/opt/ros/jazzy/opt/gz_plugin_vendor:/opt/ros/jazzy/opt/gz_fuel_tools_vendor:/opt/ros/jazzy/opt/gz_msgs_vendor:/opt/ros/jazzy/opt/gz_common_vendor:/opt/ros/jazzy/opt/gz_math_vendor:/opt/ros/jazzy/opt/gz_utils_vendor:/opt/ros/jazzy/opt/gz_tools_vendor:/opt/ros/jazzy/opt/gz_ogre_next_vendor:/opt/ros/jazzy/opt/gz_dartsim_vendor:/opt/ros/jazzy/opt/gz_cmake_vendor:/opt/ros/jazzy DEBUGINFOD_URLS=https://debuginfod.ubuntu.com /usr/bin/cmake --install /home/lucas/Projetos/faculdade/roz_prova_1/build/my_robot_bringup
[0.920s] -- Install configuration: ""
[0.920s] -- Up-to-date: /home/lucas/Projetos/faculdade/roz_prova_1/install/my_robot_bringup/share/my_robot_bringup//launch
[0.921s] -- Installing: /home/lucas/Projetos/faculdade/roz_prova_1/install/my_robot_bringup/share/my_robot_bringup//launch/my_robot_gazebo.launch.xml
[0.921s] -- Up-to-date: /home/lucas/Projetos/faculdade/roz_prova_1/install/my_robot_bringup/share/my_robot_bringup//rviz
[0.921s] -- Installing: /home/lucas/Projetos/faculdade/roz_prova_1/install/my_robot_bringup/share/my_robot_bringup//rviz/urdf_config.rviz
[0.921s] -- Up-to-date: /home/lucas/Projetos/faculdade/roz_prova_1/install/my_robot_bringup/share/my_robot_bringup//worlds
[0.921s] -- Installing: /home/lucas/Projetos/faculdade/roz_prova_1/install/my_robot_bringup/share/my_robot_bringup//worlds/test_world.world
[0.921s] -- Installing: /home/lucas/Projetos/faculdade/roz_prova_1/install/my_robot_bringup/share/ament_index/resource_index/package_run_dependencies/my_robot_bringup
[0.922s] -- Installing: /home/lucas/Projetos/faculdade/roz_prova_1/install/my_robot_bringup/share/ament_index/resource_index/parent_prefix_path/my_robot_bringup
[0.922s] -- Installing: /home/lucas/Projetos/faculdade/roz_prova_1/install/my_robot_bringup/share/my_robot_bringup/environment/ament_prefix_path.sh
[0.922s] -- Installing: /home/lucas/Projetos/faculdade/roz_prova_1/install/my_robot_bringup/share/my_robot_bringup/environment/ament_prefix_path.dsv
[0.922s] -- Installing: /home/lucas/Projetos/faculdade/roz_prova_1/install/my_robot_bringup/share/my_robot_bringup/environment/path.sh
[0.922s] -- Installing: /home/lucas/Projetos/faculdade/roz_prova_1/install/my_robot_bringup/share/my_robot_bringup/environment/path.dsv
[0.922s] -- Installing: /home/lucas/Projetos/faculdade/roz_prova_1/install/my_robot_bringup/share/my_robot_bringup/local_setup.bash
[0.922s] -- Installing: /home/lucas/Projetos/faculdade/roz_prova_1/install/my_robot_bringup/share/my_robot_bringup/local_setup.sh
[0.923s] -- Installing: /home/lucas/Projetos/faculdade/roz_prova_1/install/my_robot_bringup/share/my_robot_bringup/local_setup.zsh
[0.923s] -- Installing: /home/lucas/Projetos/faculdade/roz_prova_1/install/my_robot_bringup/share/my_robot_bringup/local_setup.dsv
[0.923s] -- Installing: /home/lucas/Projetos/faculdade/roz_prova_1/install/my_robot_bringup/share/my_robot_bringup/package.dsv
[0.923s] -- Installing: /home/lucas/Projetos/faculdade/roz_prova_1/install/my_robot_bringup/share/ament_index/resource_index/packages/my_robot_bringup
[0.923s] -- Installing: /home/lucas/Projetos/faculdade/roz_prova_1/install/my_robot_bringup/share/my_robot_bringup/cmake/my_robot_bringupConfig.cmake
[0.923s] -- Installing: /home/lucas/Projetos/faculdade/roz_prova_1/install/my_robot_bringup/share/my_robot_bringup/cmake/my_robot_bringupConfig-version.cmake
[0.923s] -- Installing: /home/lucas/Projetos/faculdade/roz_prova_1/install/my_robot_bringup/share/my_robot_bringup/package.xml
[0.924s] Invoked command in '/home/lucas/Projetos/faculdade/roz_prova_1/build/my_robot_bringup' returned '0': CMAKE_PREFIX_PATH=/home/lucas/Projetos/faculdade/roz_prova_1/install/my_robot_description:/home/lucas/Projetos/faculdade/roz_prova_1/install/gazebo_msgs:/home/lucas/Projetos/faculdade/roz_prova_1/install/gazebo_dev:/home/lucas/Projetos/faculdade/roz_prova_1/install/my_robot_bringup:/home/lucas/Projetos/faculdade/roz_prova_1/src/install/my_robot_description:/opt/ros/jazzy/opt/gz_sim_vendor:/opt/ros/jazzy/opt/gz_sensors_vendor:/opt/ros/jazzy/opt/gz_physics_vendor:/opt/ros/jazzy/opt/sdformat_vendor:/opt/ros/jazzy/opt/gz_gui_vendor:/opt/ros/jazzy/opt/gz_transport_vendor:/opt/ros/jazzy/opt/gz_rendering_vendor:/opt/ros/jazzy/opt/gz_plugin_vendor:/opt/ros/jazzy/opt/gz_fuel_tools_vendor:/opt/ros/jazzy/opt/gz_msgs_vendor:/opt/ros/jazzy/opt/gz_common_vendor:/opt/ros/jazzy/opt/gz_math_vendor:/opt/ros/jazzy/opt/gz_utils_vendor:/opt/ros/jazzy/opt/gz_tools_vendor:/opt/ros/jazzy/opt/gz_ogre_next_vendor:/opt/ros/jazzy/opt/gz_dartsim_vendor:/opt/ros/jazzy/opt/gz_cmake_vendor:/opt/ros/jazzy DEBUGINFOD_URLS=https://debuginfod.ubuntu.com /usr/bin/cmake --install /home/lucas/Projetos/faculdade/roz_prova_1/build/my_robot_bringup
