[0.011s] Invoking command in '/home/lucas/Projetos/faculdade/roz_prova_1/build/my_robot_description': CMAKE_PREFIX_PATH=${CMAKE_PREFIX_PATH}:/opt/ros/jazzy DEBUGINFOD_URLS=https://debuginfod.ubuntu.com /usr/bin/cmake --build /home/lucas/Projetos/faculdade/roz_prova_1/build/my_robot_description -- -j8 -l8
[0.034s] -- Found ament_cmake: 2.5.6 (/opt/ros/jazzy/share/ament_cmake/cmake)
[0.278s] -- Found ament_lint_auto: 0.17.5 (/opt/ros/jazzy/share/ament_lint_auto/cmake)
[0.398s] -- Added test 'lint_cmake' to check CMake code style
[0.399s] -- Added test 'xmllint' to check XML markup files
[0.400s] -- Configuring done (0.4s)
[0.403s] -- Generating done (0.0s)
[0.405s] -- Build files have been written to: /home/lucas/Projetos/faculdade/roz_prova_1/build/my_robot_description
[0.428s] Invoked command in '/home/lucas/Projetos/faculdade/roz_prova_1/build/my_robot_description' returned '0': CMAKE_PREFIX_PATH=${CMAKE_PREFIX_PATH}:/opt/ros/jazzy DEBUGINFOD_URLS=https://debuginfod.ubuntu.com /usr/bin/cmake --build /home/lucas/Projetos/faculdade/roz_prova_1/build/my_robot_description -- -j8 -l8
[0.440s] Invoking command in '/home/lucas/Projetos/faculdade/roz_prova_1/build/my_robot_description': CMAKE_PREFIX_PATH=${CMAKE_PREFIX_PATH}:/opt/ros/jazzy DEBUGINFOD_URLS=https://debuginfod.ubuntu.com /usr/bin/cmake --install /home/lucas/Projetos/faculdade/roz_prova_1/build/my_robot_description
[0.448s] -- Install configuration: ""
[0.448s] -- Up-to-date: /home/lucas/Projetos/faculdade/roz_prova_1/install/my_robot_description/share/my_robot_description/urdf
[0.448s] -- Installing: /home/lucas/Projetos/faculdade/roz_prova_1/install/my_robot_description/share/my_robot_description/urdf/mobile_base.xacro
[0.449s] -- Installing: /home/lucas/Projetos/faculdade/roz_prova_1/install/my_robot_description/share/my_robot_description/urdf/my_robot.urdf.xacro
[0.449s] -- Installing: /home/lucas/Projetos/faculdade/roz_prova_1/install/my_robot_description/share/my_robot_description/urdf/lidar.xacro
[0.449s] -- Installing: /home/lucas/Projetos/faculdade/roz_prova_1/install/my_robot_description/share/my_robot_description/urdf/mobile_base_gazebo.xacro
[0.449s] -- Installing: /home/lucas/Projetos/faculdade/roz_prova_1/install/my_robot_description/share/my_robot_description/urdf/common_properties.xacro
[0.449s] -- Up-to-date: /home/lucas/Projetos/faculdade/roz_prova_1/install/my_robot_description/share/my_robot_description/launch
[0.449s] -- Installing: /home/lucas/Projetos/faculdade/roz_prova_1/install/my_robot_description/share/my_robot_description/launch/display.launch.xml
[0.449s] -- Up-to-date: /home/lucas/Projetos/faculdade/roz_prova_1/install/my_robot_description/share/my_robot_description/rviz
[0.449s] -- Installing: /home/lucas/Projetos/faculdade/roz_prova_1/install/my_robot_description/share/my_robot_description/rviz/urdf_config.rviz
[0.449s] -- Installing: /home/lucas/Projetos/faculdade/roz_prova_1/install/my_robot_description/share/ament_index/resource_index/package_run_dependencies/my_robot_description
[0.450s] -- Installing: /home/lucas/Projetos/faculdade/roz_prova_1/install/my_robot_description/share/ament_index/resource_index/parent_prefix_path/my_robot_description
[0.450s] -- Installing: /home/lucas/Projetos/faculdade/roz_prova_1/install/my_robot_description/share/my_robot_description/environment/ament_prefix_path.sh
[0.450s] -- Installing: /home/lucas/Projetos/faculdade/roz_prova_1/install/my_robot_description/share/my_robot_description/environment/ament_prefix_path.dsv
[0.450s] -- Installing: /home/lucas/Projetos/faculdade/roz_prova_1/install/my_robot_description/share/my_robot_description/environment/path.sh
[0.450s] -- Installing: /home/lucas/Projetos/faculdade/roz_prova_1/install/my_robot_description/share/my_robot_description/environment/path.dsv
[0.450s] -- Installing: /home/lucas/Projetos/faculdade/roz_prova_1/install/my_robot_description/share/my_robot_description/local_setup.bash
[0.450s] -- Installing: /home/lucas/Projetos/faculdade/roz_prova_1/install/my_robot_description/share/my_robot_description/local_setup.sh
[0.450s] -- Installing: /home/lucas/Projetos/faculdade/roz_prova_1/install/my_robot_description/share/my_robot_description/local_setup.zsh
[0.451s] -- Installing: /home/lucas/Projetos/faculdade/roz_prova_1/install/my_robot_description/share/my_robot_description/local_setup.dsv
[0.451s] -- Installing: /home/lucas/Projetos/faculdade/roz_prova_1/install/my_robot_description/share/my_robot_description/package.dsv
[0.451s] -- Installing: /home/lucas/Projetos/faculdade/roz_prova_1/install/my_robot_description/share/ament_index/resource_index/packages/my_robot_description
[0.451s] -- Installing: /home/lucas/Projetos/faculdade/roz_prova_1/install/my_robot_description/share/my_robot_description/cmake/my_robot_descriptionConfig.cmake
[0.451s] -- Installing: /home/lucas/Projetos/faculdade/roz_prova_1/install/my_robot_description/share/my_robot_description/cmake/my_robot_descriptionConfig-version.cmake
[0.451s] -- Installing: /home/lucas/Projetos/faculdade/roz_prova_1/install/my_robot_description/share/my_robot_description/package.xml
[0.453s] Invoked command in '/home/lucas/Projetos/faculdade/roz_prova_1/build/my_robot_description' returned '0': CMAKE_PREFIX_PATH=${CMAKE_PREFIX_PATH}:/opt/ros/jazzy DEBUGINFOD_URLS=https://debuginfod.ubuntu.com /usr/bin/cmake --install /home/lucas/Projetos/faculdade/roz_prova_1/build/my_robot_description
