-- Install configuration: ""
-- Up-to-date: /home/aula-robotica/ros_ws/install/andino_gz_classic/share/andino_gz_classic//launch
-- Up-to-date: /home/aula-robotica/ros_ws/install/andino_gz_classic/share/andino_gz_classic//launch/andino_one_robot.launch.py
-- Up-to-date: /home/aula-robotica/ros_ws/install/andino_gz_classic/share/andino_gz_classic//launch/spawn_robot.launch.py
-- Up-to-date: /home/aula-robotica/ros_ws/install/andino_gz_classic/share/andino_gz_classic//rviz
-- Up-to-date: /home/aula-robotica/ros_ws/install/andino_gz_classic/share/andino_gz_classic//rviz/andino_gz_classic.rviz
-- Up-to-date: /home/aula-robotica/ros_ws/install/andino_gz_classic/share/andino_gz_classic//urdf
-- Up-to-date: /home/aula-robotica/ros_ws/install/andino_gz_classic/share/andino_gz_classic//urdf/include
-- Up-to-date: /home/aula-robotica/ros_ws/install/andino_gz_classic/share/andino_gz_classic//urdf/include/andino_materials.xacro
-- Up-to-date: /home/aula-robotica/ros_ws/install/andino_gz_classic/share/andino_gz_classic//urdf/andino_gz_classic.xacro
-- Up-to-date: /home/aula-robotica/ros_ws/install/andino_gz_classic/share/andino_gz_classic//worlds
-- Up-to-date: /home/aula-robotica/ros_ws/install/andino_gz_classic/share/andino_gz_classic//worlds/empty.world
-- Up-to-date: /home/aula-robotica/ros_ws/install/andino_gz_classic/share/andino_gz_classic/environment/andino_gz_classic.sh
-- Up-to-date: /home/aula-robotica/ros_ws/install/andino_gz_classic/share/andino_gz_classic/environment/andino_gz_classic.dsv
-- Up-to-date: /home/aula-robotica/ros_ws/install/andino_gz_classic/share/ament_index/resource_index/package_run_dependencies/andino_gz_classic
-- Up-to-date: /home/aula-robotica/ros_ws/install/andino_gz_classic/share/ament_index/resource_index/parent_prefix_path/andino_gz_classic
-- Up-to-date: /home/aula-robotica/ros_ws/install/andino_gz_classic/share/andino_gz_classic/environment/ament_prefix_path.sh
-- Up-to-date: /home/aula-robotica/ros_ws/install/andino_gz_classic/share/andino_gz_classic/environment/ament_prefix_path.dsv
-- Up-to-date: /home/aula-robotica/ros_ws/install/andino_gz_classic/share/andino_gz_classic/environment/path.sh
-- Up-to-date: /home/aula-robotica/ros_ws/install/andino_gz_classic/share/andino_gz_classic/environment/path.dsv
-- Up-to-date: /home/aula-robotica/ros_ws/install/andino_gz_classic/share/andino_gz_classic/local_setup.bash
-- Up-to-date: /home/aula-robotica/ros_ws/install/andino_gz_classic/share/andino_gz_classic/local_setup.sh
-- Up-to-date: /home/aula-robotica/ros_ws/install/andino_gz_classic/share/andino_gz_classic/local_setup.zsh
-- Up-to-date: /home/aula-robotica/ros_ws/install/andino_gz_classic/share/andino_gz_classic/local_setup.dsv
-- Installing: /home/aula-robotica/ros_ws/install/andino_gz_classic/share/andino_gz_classic/package.dsv
-- Up-to-date: /home/aula-robotica/ros_ws/install/andino_gz_classic/share/ament_index/resource_index/packages/andino_gz_classic
-- Up-to-date: /home/aula-robotica/ros_ws/install/andino_gz_classic/share/andino_gz_classic/cmake/andino_gz_classicConfig.cmake
-- Up-to-date: /home/aula-robotica/ros_ws/install/andino_gz_classic/share/andino_gz_classic/cmake/andino_gz_classicConfig-version.cmake
-- Up-to-date: /home/aula-robotica/ros_ws/install/andino_gz_classic/share/andino_gz_classic/package.xml
