[0.114s] Invoking command in '/home/aula-robotica/ros_ws/build/andino_gz_classic': CMAKE_PREFIX_PATH=/home/aula-robotica/ros_ws/install/andino_control:/home/aula-robotica/ros_ws/install/andino_description:/home/aula-robotica/ros_ws/install/andino_base:/home/aula-robotica/ros_ws/install/turtlebot3_simulations:/home/aula-robotica/ros_ws/install/turtlebot3_gazebo:/home/aula-robotica/ros_ws/install/turtlebot3_fake_node:/home/aula-robotica/ros_ws/install/turtle_controller:/home/aula-robotica/ros_ws/install/robotica_movel:/home/aula-robotica/ros_ws/install/keyboard:/home/aula-robotica/ros_ws/install/keyboard_msgs:/home/aula-robotica/ros_ws/install/andino_slam:/home/aula-robotica/ros_ws/install/andino_navigation:/home/aula-robotica/ros_ws/install/andino_hardware:/home/aula-robotica/ros_ws/install/andino_apps:/home/aula-robotica/ros_ws/install/andino_gz_classic:/home/aula-robotica/ros_ws/install/andino_firmware:/home/aula-robotica/ros_ws/install/andino_bringup:/opt/ros/humble LD_LIBRARY_PATH=/home/aula-robotica/ros_ws/install/andino_base/lib:/home/aula-robotica/ros_ws/install/turtle_controller/lib:/home/aula-robotica/ros_ws/install/keyboard_msgs/lib:/usr/lib/x86_64-linux-gnu/gazebo-11/plugins:/opt/ros/humble/opt/rviz_ogre_vendor/lib:/opt/ros/humble/lib/x86_64-linux-gnu:/opt/ros/humble/lib:/usr/share/gazebo/../../lib/x86_64-linux-gnu/gazebo-11/plugins /usr/bin/cmake --build /home/aula-robotica/ros_ws/build/andino_gz_classic -- -j4 -l4
[0.197s] Invoked command in '/home/aula-robotica/ros_ws/build/andino_gz_classic' returned '0': CMAKE_PREFIX_PATH=/home/aula-robotica/ros_ws/install/andino_control:/home/aula-robotica/ros_ws/install/andino_description:/home/aula-robotica/ros_ws/install/andino_base:/home/aula-robotica/ros_ws/install/turtlebot3_simulations:/home/aula-robotica/ros_ws/install/turtlebot3_gazebo:/home/aula-robotica/ros_ws/install/turtlebot3_fake_node:/home/aula-robotica/ros_ws/install/turtle_controller:/home/aula-robotica/ros_ws/install/robotica_movel:/home/aula-robotica/ros_ws/install/keyboard:/home/aula-robotica/ros_ws/install/keyboard_msgs:/home/aula-robotica/ros_ws/install/andino_slam:/home/aula-robotica/ros_ws/install/andino_navigation:/home/aula-robotica/ros_ws/install/andino_hardware:/home/aula-robotica/ros_ws/install/andino_apps:/home/aula-robotica/ros_ws/install/andino_gz_classic:/home/aula-robotica/ros_ws/install/andino_firmware:/home/aula-robotica/ros_ws/install/andino_bringup:/opt/ros/humble LD_LIBRARY_PATH=/home/aula-robotica/ros_ws/install/andino_base/lib:/home/aula-robotica/ros_ws/install/turtle_controller/lib:/home/aula-robotica/ros_ws/install/keyboard_msgs/lib:/usr/lib/x86_64-linux-gnu/gazebo-11/plugins:/opt/ros/humble/opt/rviz_ogre_vendor/lib:/opt/ros/humble/lib/x86_64-linux-gnu:/opt/ros/humble/lib:/usr/share/gazebo/../../lib/x86_64-linux-gnu/gazebo-11/plugins /usr/bin/cmake --build /home/aula-robotica/ros_ws/build/andino_gz_classic -- -j4 -l4
[0.213s] Invoking command in '/home/aula-robotica/ros_ws/build/andino_gz_classic': CMAKE_PREFIX_PATH=/home/aula-robotica/ros_ws/install/andino_control:/home/aula-robotica/ros_ws/install/andino_description:/home/aula-robotica/ros_ws/install/andino_base:/home/aula-robotica/ros_ws/install/turtlebot3_simulations:/home/aula-robotica/ros_ws/install/turtlebot3_gazebo:/home/aula-robotica/ros_ws/install/turtlebot3_fake_node:/home/aula-robotica/ros_ws/install/turtle_controller:/home/aula-robotica/ros_ws/install/robotica_movel:/home/aula-robotica/ros_ws/install/keyboard:/home/aula-robotica/ros_ws/install/keyboard_msgs:/home/aula-robotica/ros_ws/install/andino_slam:/home/aula-robotica/ros_ws/install/andino_navigation:/home/aula-robotica/ros_ws/install/andino_hardware:/home/aula-robotica/ros_ws/install/andino_apps:/home/aula-robotica/ros_ws/install/andino_gz_classic:/home/aula-robotica/ros_ws/install/andino_firmware:/home/aula-robotica/ros_ws/install/andino_bringup:/opt/ros/humble LD_LIBRARY_PATH=/home/aula-robotica/ros_ws/install/andino_base/lib:/home/aula-robotica/ros_ws/install/turtle_controller/lib:/home/aula-robotica/ros_ws/install/keyboard_msgs/lib:/usr/lib/x86_64-linux-gnu/gazebo-11/plugins:/opt/ros/humble/opt/rviz_ogre_vendor/lib:/opt/ros/humble/lib/x86_64-linux-gnu:/opt/ros/humble/lib:/usr/share/gazebo/../../lib/x86_64-linux-gnu/gazebo-11/plugins /usr/bin/cmake --install /home/aula-robotica/ros_ws/build/andino_gz_classic
[0.236s] -- Install configuration: ""
[0.236s] -- Up-to-date: /home/aula-robotica/ros_ws/install/andino_gz_classic/share/andino_gz_classic//launch
[0.243s] -- Up-to-date: /home/aula-robotica/ros_ws/install/andino_gz_classic/share/andino_gz_classic//launch/andino_one_robot.launch.py
[0.243s] -- Up-to-date: /home/aula-robotica/ros_ws/install/andino_gz_classic/share/andino_gz_classic//launch/spawn_robot.launch.py
[0.243s] -- Up-to-date: /home/aula-robotica/ros_ws/install/andino_gz_classic/share/andino_gz_classic//rviz
[0.261s] -- Up-to-date: /home/aula-robotica/ros_ws/install/andino_gz_classic/share/andino_gz_classic//rviz/andino_gz_classic.rviz
[0.262s] -- Up-to-date: /home/aula-robotica/ros_ws/install/andino_gz_classic/share/andino_gz_classic//urdf
[0.264s] -- Up-to-date: /home/aula-robotica/ros_ws/install/andino_gz_classic/share/andino_gz_classic//urdf/include
[0.289s] -- Up-to-date: /home/aula-robotica/ros_ws/install/andino_gz_classic/share/andino_gz_classic//urdf/include/andino_materials.xacro
[0.289s] -- Up-to-date: /home/aula-robotica/ros_ws/install/andino_gz_classic/share/andino_gz_classic//urdf/andino_gz_classic.xacro
[0.289s] -- Up-to-date: /home/aula-robotica/ros_ws/install/andino_gz_classic/share/andino_gz_classic//worlds
[0.289s] -- Up-to-date: /home/aula-robotica/ros_ws/install/andino_gz_classic/share/andino_gz_classic//worlds/empty.world
[0.289s] -- Up-to-date: /home/aula-robotica/ros_ws/install/andino_gz_classic/share/andino_gz_classic/environment/andino_gz_classic.sh
[0.289s] -- Up-to-date: /home/aula-robotica/ros_ws/install/andino_gz_classic/share/andino_gz_classic/environment/andino_gz_classic.dsv
[0.289s] -- Up-to-date: /home/aula-robotica/ros_ws/install/andino_gz_classic/share/ament_index/resource_index/package_run_dependencies/andino_gz_classic
[0.289s] -- Up-to-date: /home/aula-robotica/ros_ws/install/andino_gz_classic/share/ament_index/resource_index/parent_prefix_path/andino_gz_classic
[0.289s] -- Up-to-date: /home/aula-robotica/ros_ws/install/andino_gz_classic/share/andino_gz_classic/environment/ament_prefix_path.sh
[0.289s] -- Up-to-date: /home/aula-robotica/ros_ws/install/andino_gz_classic/share/andino_gz_classic/environment/ament_prefix_path.dsv
[0.289s] -- Up-to-date: /home/aula-robotica/ros_ws/install/andino_gz_classic/share/andino_gz_classic/environment/path.sh
[0.290s] -- Up-to-date: /home/aula-robotica/ros_ws/install/andino_gz_classic/share/andino_gz_classic/environment/path.dsv
[0.290s] -- Up-to-date: /home/aula-robotica/ros_ws/install/andino_gz_classic/share/andino_gz_classic/local_setup.bash
[0.290s] -- Up-to-date: /home/aula-robotica/ros_ws/install/andino_gz_classic/share/andino_gz_classic/local_setup.sh
[0.290s] -- Up-to-date: /home/aula-robotica/ros_ws/install/andino_gz_classic/share/andino_gz_classic/local_setup.zsh
[0.290s] -- Up-to-date: /home/aula-robotica/ros_ws/install/andino_gz_classic/share/andino_gz_classic/local_setup.dsv
[0.290s] -- Installing: /home/aula-robotica/ros_ws/install/andino_gz_classic/share/andino_gz_classic/package.dsv
[0.290s] -- Up-to-date: /home/aula-robotica/ros_ws/install/andino_gz_classic/share/ament_index/resource_index/packages/andino_gz_classic
[0.290s] -- Up-to-date: /home/aula-robotica/ros_ws/install/andino_gz_classic/share/andino_gz_classic/cmake/andino_gz_classicConfig.cmake
[0.290s] -- Up-to-date: /home/aula-robotica/ros_ws/install/andino_gz_classic/share/andino_gz_classic/cmake/andino_gz_classicConfig-version.cmake
[0.290s] -- Up-to-date: /home/aula-robotica/ros_ws/install/andino_gz_classic/share/andino_gz_classic/package.xml
[0.337s] Invoked command in '/home/aula-robotica/ros_ws/build/andino_gz_classic' returned '0': CMAKE_PREFIX_PATH=/home/aula-robotica/ros_ws/install/andino_control:/home/aula-robotica/ros_ws/install/andino_description:/home/aula-robotica/ros_ws/install/andino_base:/home/aula-robotica/ros_ws/install/turtlebot3_simulations:/home/aula-robotica/ros_ws/install/turtlebot3_gazebo:/home/aula-robotica/ros_ws/install/turtlebot3_fake_node:/home/aula-robotica/ros_ws/install/turtle_controller:/home/aula-robotica/ros_ws/install/robotica_movel:/home/aula-robotica/ros_ws/install/keyboard:/home/aula-robotica/ros_ws/install/keyboard_msgs:/home/aula-robotica/ros_ws/install/andino_slam:/home/aula-robotica/ros_ws/install/andino_navigation:/home/aula-robotica/ros_ws/install/andino_hardware:/home/aula-robotica/ros_ws/install/andino_apps:/home/aula-robotica/ros_ws/install/andino_gz_classic:/home/aula-robotica/ros_ws/install/andino_firmware:/home/aula-robotica/ros_ws/install/andino_bringup:/opt/ros/humble LD_LIBRARY_PATH=/home/aula-robotica/ros_ws/install/andino_base/lib:/home/aula-robotica/ros_ws/install/turtle_controller/lib:/home/aula-robotica/ros_ws/install/keyboard_msgs/lib:/usr/lib/x86_64-linux-gnu/gazebo-11/plugins:/opt/ros/humble/opt/rviz_ogre_vendor/lib:/opt/ros/humble/lib/x86_64-linux-gnu:/opt/ros/humble/lib:/usr/share/gazebo/../../lib/x86_64-linux-gnu/gazebo-11/plugins /usr/bin/cmake --install /home/aula-robotica/ros_ws/build/andino_gz_classic
